[2016.02.17-23.47.12:757][  0]Log file open, 02/17/16 18:47:12
[2016.02.17-23.47.12:757][  0]LogInit:Display: Running engine for game: PracticeVR
[2016.02.17-23.47.12:757][  0]LogPlatformFile: Not using cached read wrapper
[2016.02.17-23.47.12:757][  0]LogInit:Display: RandInit(-1202292342) SRandInit(-1202292340).
[2016.02.17-23.47.12:757][  0]LogTaskGraph: Started task graph with 4 named threads and 7 total threads.
[2016.02.17-23.47.12:757][  0]LogStats: Stats thread started at 0.063019
[2016.02.17-23.47.12:757][  0]LogInit: Version: 4.10.3-2866931+++depot+UE4-Releases+4.10
[2016.02.17-23.47.12:757][  0]LogInit: API Version: 2758231
[2016.02.17-23.47.12:757][  0]LogInit: Compiled (64-bit): Feb 15 2016 08:20:45
[2016.02.17-23.47.12:757][  0]LogInit: Compiled with Visual C++: 19.00.23026.00
[2016.02.17-23.47.12:757][  0]LogInit: Build Configuration: Development
[2016.02.17-23.47.12:757][  0]LogInit: Branch Name: ++depot+UE4-Releases+4.10
[2016.02.17-23.47.12:757][  0]LogInit: Command line:  
[2016.02.17-23.47.12:757][  0]LogInit: Base directory: C:/Program Files (x86)/Epic Games/4.10/Engine/Binaries/Win64/
[2016.02.17-23.47.12:757][  0]LogInit: Rocket: 1
[2016.02.17-23.47.12:762][  0]LogInit: Using libcurl 7.41.0
[2016.02.17-23.47.12:762][  0]LogInit:  - built for x86_64-pc-win32
[2016.02.17-23.47.12:762][  0]LogInit:  - supports SSL with WinSSL
[2016.02.17-23.47.12:762][  0]LogInit:  - other features:
[2016.02.17-23.47.12:762][  0]LogInit:      CURL_VERSION_SSL
[2016.02.17-23.47.12:762][  0]LogInit:      CURL_VERSION_IPV6
[2016.02.17-23.47.12:762][  0]LogInit:      CURL_VERSION_ASYNCHDNS
[2016.02.17-23.47.12:762][  0]LogInit:      CURL_VERSION_LARGEFILE
[2016.02.17-23.47.12:762][  0]LogInit:      CURL_VERSION_IDN
[2016.02.17-23.47.12:763][  0]LogInit:  CurlRequestOptions (configurable via config and command line):
[2016.02.17-23.47.12:763][  0]LogInit:  - bVerifyPeer = true  - Libcurl will verify peer certificate
[2016.02.17-23.47.12:763][  0]LogInit:  - bUseHttpProxy = false  - Libcurl will NOT use HTTP proxy
[2016.02.17-23.47.12:763][  0]LogInit:  - bDontReuseConnections = false  - Libcurl will reuse connections
[2016.02.17-23.47.12:763][  0]LogInit:  - CertBundlePath = nullptr  - Libcurl will use whatever was configured at build time.
[2016.02.17-23.47.12:768][  0]LogInit: Presizing for 0 objects not considered by GC, pre-allocating 0 bytes.
[2016.02.17-23.47.12:773][  0]LogInit: Object subsystem initialized
[2016.02.17-23.47.12:773][  0]LogInit: Selected Device Profile: [Windows]
[2016.02.17-23.47.12:773][  0]LogInit: Applying CVar settings loaded from the selected device profile: [Windows]
[2016.02.17-23.47.12:781][  0]LogInit: Computer: ETC-JINGXUAC
[2016.02.17-23.47.12:781][  0]LogInit: User: jingxuac
[2016.02.17-23.47.12:781][  0]LogInit: CPU Page size=4096, Cores=4
[2016.02.17-23.47.12:781][  0]LogInit: High frequency timer resolution =3.507558 MHz
[2016.02.17-23.47.12:781][  0]LogMemory: Memory total: Physical=15.9GB (16GB approx)
[2016.02.17-23.47.12:781][  0]LogMemory: Platform Memory Stats for Windows
[2016.02.17-23.47.12:781][  0]LogMemory: Process Physical Memory: 57.13 MB used, 57.13 MB peak
[2016.02.17-23.47.12:781][  0]LogMemory: Process Virtual Memory: 60.69 MB used, 60.69 MB peak
[2016.02.17-23.47.12:781][  0]LogMemory: Physical Memory: 6211.09 MB used, 16326.10 MB total
[2016.02.17-23.47.12:781][  0]LogMemory: Virtual Memory: 354.02 MB used, 8388608.00 MB total
[2016.02.17-23.47.12:809][  0]LogTextLocalizationManager: No specific translations for ('en-US') exist, so ('en') translations will be used.
[2016.02.17-23.47.13:180][  0]LogD3D11RHI: Found D3D11 adapter 0: NVIDIA GeForce GTX 745 (Feature Level 11_0)
[2016.02.17-23.47.13:180][  0]LogD3D11RHI: Adapter has 4035MB of dedicated video memory, 0MB of dedicated system memory, and 7907MB of shared system memory, 1 output[s]
[2016.02.17-23.47.13:180][  0]LogD3D11RHI: Chosen D3D11 Adapter Id = 0
[2016.02.17-23.47.13:185][  0]LogD3D11RHI: !Direct3DDevice
[2016.02.17-23.47.13:186][  0]LogRHI: Texture pool is 1361 MB (70% of 1945 MB)
[2016.02.17-23.47.13:196][  0]LogD3D11RHI: Async texture creation enabled
[2016.02.17-23.47.13:209][  0]LogShaderCompilers: Guid format shader working directory is -7 characters bigger than the processId version (../../../../../../Phantasm/GitHub/practicevr/PracticeVR/Intermediate/Shaders/WorkingDirectory/13032/).
[2016.02.17-23.47.13:210][  0]LogShaderCompilers: Cleaned the shader compiler working directory 'C:/Users/jingxuac/AppData/Local/Temp/UnrealShaderWorkingDir/60C80FDA41BCA097FE6F5B81372D2F3E/'.
[2016.02.17-23.47.13:210][  0]LogShaderCompilers:Display: Using Local Shader Compiler.
[2016.02.17-23.47.13:990][  0]LogTemp:Display: Loaded TP AllDesktopTargetPlatform
[2016.02.17-23.47.13:994][  0]LogTemp:Display: Loaded TP WindowsClientTargetPlatform
[2016.02.17-23.47.13:998][  0]LogTemp:Display: Loaded TP WindowsNoEditorTargetPlatform
[2016.02.17-23.47.14:001][  0]LogTemp:Display: Loaded TP WindowsServerTargetPlatform
[2016.02.17-23.47.14:004][  0]LogTemp:Display: Loaded TP WindowsTargetPlatform
[2016.02.17-23.47.14:006][  0]LogTemp:Display: Loaded TP AndroidTargetPlatform
[2016.02.17-23.47.14:008][  0]LogTemp:Display: Loaded TP Android_ASTCTargetPlatform
[2016.02.17-23.47.14:010][  0]LogTemp:Display: Loaded TP Android_ATCTargetPlatform
[2016.02.17-23.47.14:013][  0]LogTemp:Display: Loaded TP Android_DXTTargetPlatform
[2016.02.17-23.47.14:015][  0]LogTemp:Display: Loaded TP Android_ETC1TargetPlatform
[2016.02.17-23.47.14:017][  0]LogTemp:Display: Loaded TP Android_ETC2TargetPlatform
[2016.02.17-23.47.14:021][  0]LogTemp:Display: Loaded TP Android_MultiTargetPlatform
[2016.02.17-23.47.14:021][  0]LogTemp:Display: Loaded TP Android_PVRTCTargetPlatform
[2016.02.17-23.47.14:022][  0]LogTemp:Display: Loaded TP HTML5TargetPlatform
[2016.02.17-23.47.14:037][  0]LogTemp:Display: Loaded TP IOSTargetPlatform
[2016.02.17-23.47.14:039][  0]LogTemp:Display: Loaded TP LinuxNoEditorTargetPlatform
[2016.02.17-23.47.14:041][  0]LogTemp:Display: Loaded TP LinuxServerTargetPlatform
[2016.02.17-23.47.14:043][  0]LogTemp:Display: Loaded TP LinuxTargetPlatform
[2016.02.17-23.47.14:043][  0]LogTargetPlatformManager:Display: Building Assets For Windows
[2016.02.17-23.47.14:099][  0]LogDerivedDataCache:Display: Max Cache Size: 512 MB
[2016.02.17-23.47.14:135][  0]LogDerivedDataCache: Loaded boot cache 0.04s 41MB C:/Users/jingxuac/AppData/Local/UnrealEngine/4.10/DerivedDataCache/Boot.ddc.
[2016.02.17-23.47.14:135][  0]LogDerivedDataCache:Display: Loaded Boot cache: C:/Users/jingxuac/AppData/Local/UnrealEngine/4.10/DerivedDataCache/Boot.ddc
[2016.02.17-23.47.14:135][  0]LogDerivedDataCache: FDerivedDataBackendGraph:  Pak pak cache file ../../../../../../Phantasm/GitHub/practicevr/PracticeVR/DerivedDataCache/DDC.ddp not found, will not use a pak cache.
[2016.02.17-23.47.14:135][  0]LogDerivedDataCache: Unable to find inner node Pak for hierarchical cache Hierarchy.
[2016.02.17-23.47.14:135][  0]LogDerivedDataCache: FDerivedDataBackendGraph:  CompressedPak pak cache file ../../../../../../Phantasm/GitHub/practicevr/PracticeVR/DerivedDataCache/Compressed.ddp not found, will not use a pak cache.
[2016.02.17-23.47.14:135][  0]LogDerivedDataCache: Unable to find inner node CompressedPak for hierarchical cache Hierarchy.
[2016.02.17-23.47.14:179][  0]LogDerivedDataCache:Display: Pak cache opened for reading ../../../Engine/DerivedDataCache/Compressed.ddp.
[2016.02.17-23.47.14:191][  0]LogDerivedDataCache: Using Local data cache path C:/Users/jingxuac/AppData/Local/UnrealEngine/Common/DerivedDataCache: Writable
[2016.02.17-23.47.14:311][  0]LogInit: Selected Device Profile: [Windows]
[2016.02.17-23.47.14:311][  0]LogContentStreaming: Texture pool size is 0.000000MB
[2016.02.17-23.47.14:336][  0]LogMeshUtilities: No automatic mesh reduction module available
[2016.02.17-23.47.14:336][  0]LogMeshUtilities: No automatic mesh merging module available
[2016.02.17-23.47.14:584][  0]LogInit: WinSock: version 1.1 (2.2), MaxSocks=32767, MaxUdp=65467
[2016.02.17-23.47.18:096][  0]UdpMessaging: Initializing bridge on interface 0.0.0.0:0 to multicast group 230.0.0.1:6666.
[2016.02.17-23.47.18:268][  0]LogAssetRegistry: FAssetRegistry took 0.0101 seconds to start up
[2016.02.17-23.47.18:705][  0]SourceControl: Info Source control is disabled
[2016.02.17-23.47.18:914][  0]SourceControl: Info Source control is disabled
[2016.02.17-23.47.18:924][  0]SourceControl: Info Source control is disabled
[2016.02.17-23.47.18:956][  0]SourceControl: Info Source control is disabled
[2016.02.17-23.47.19:515][  0]LogObj: 28633 objects as part of root set at end of initial load.
[2016.02.17-23.47.19:515][  0]LogUObjectAllocator: 6099744 out of 0 bytes used by permanent object pool.
[2016.02.17-23.47.19:790][  0]LogEngine: Initializing Engine...
[2016.02.17-23.47.19:792][  0]OCULUS: Info: 02/17/16 23:47:19: [CAPI] LibOVR module is located at C:\WINDOWS\system32\LibOVRRT64_0_8.dll

[2016.02.17-23.47.19:793][  0]OCULUS: Info: 02/17/16 23:47:19: [IPC] Call Stats for SetInitialState : x1: C2S=30.5056, S2C=19.9569, Runtime=39.6287 (microseconds) C2Ssize=80, S2Csize=81 (bytes)

[2016.02.17-23.47.19:793][  0]OCULUS: Info: 02/17/16 23:47:19: [IPC] Call Stats for IsLatencyTesterAvailable : x1: C2S=6.84237, S2C=5.98707, Runtime=0.285099 (microseconds) C2Ssize=33, S2Csize=18 (bytes)

[2016.02.17-23.47.19:793][  0]OCULUS: Info: 02/17/16 23:47:19: [IPC] Call Stats for Hmd_Create : x1: C2S=7.69766, S2C=34.782, Runtime=3.42118 (microseconds) C2Ssize=19, S2Csize=171 (bytes)

[2016.02.17-23.47.19:793][  0]OCULUS: Info: 02/17/16 23:47:19: [IPC] Call Stats for Hmd_GetHmdInfo : x1: C2S=5.70197, S2C=5.70197, Runtime=2.85099 (microseconds) C2Ssize=23, S2Csize=699 (bytes)

[2016.02.17-23.47.19:794][  0]OCULUS: Info: 02/17/16 23:47:19: [IPC] Call Stats for SetNumberValue : x1: C2S=8.26786, S2C=13.1145, Runtime=1.14039 (microseconds) C2Ssize=55, S2Csize=25 (bytes)

[2016.02.17-23.47.19:794][  0]OCULUS: Info: 02/17/16 23:47:19: [IPC] Call Stats for SetNumberValues : x1: C2S=9.40825, S2C=3.70628, Runtime=3.42118 (microseconds) C2Ssize=81, S2Csize=25 (bytes)

[2016.02.17-23.47.19:794][  0]OCULUS: Info: 02/17/16 23:47:19: [IPC] Call Stats for Hmd_SetEnabledCaps : x1: C2S=17.6761, S2C=2.85099, Runtime=30.2205 (microseconds) C2Ssize=35, S2Csize=33 (bytes)

[2016.02.17-23.47.19:794][  0]OCULUS: Info: 02/17/16 23:47:19: [IPC] Call Stats for Hmd_ConfigureTracking : x1: C2S=21.9526, S2C=2.56589, Runtime=45.9009 (microseconds) C2Ssize=46, S2Csize=25 (bytes)

[2016.02.17-23.47.19:794][  0]OCULUS: Info: 02/17/16 23:47:19: [IPC] Call Stats for Hmd_Release : x1: C2S=6.55727, S2C=1.71059, Runtime=30.7907 (microseconds) C2Ssize=20, S2Csize=25 (bytes)

[2016.02.17-23.47.19:804][  0]LogHMD: Oculus plugin initialized. Version: 4.10.3-2866931+++depot+UE4-Releases+4.10, LibOVR: 0.8.0.0, built Feb 15 2016, 08:21:37
[2016.02.17-23.47.19:920][  0]LogAIModule: Creating AISystem for world NewWorld
[2016.02.17-23.47.19:923][  0]LogInit: XAudio2 using 'Speakers / Headphones (Realtek High Definition Audio)' : 2 channels at 48 kHz using 32 bits per sample (channel mask 0x3)
[2016.02.17-23.47.20:019][  0]LogInit: FAudioDevice initialized.
[2016.02.17-23.47.20:041][  0]LogDerivedDataCache: Saved boot cache 0.02s 41MB C:/Users/jingxuac/AppData/Local/UnrealEngine/4.10/DerivedDataCache/Boot.ddc.
[2016.02.17-23.47.20:044][  0]LogInit: Texture streaming: Enabled
[2016.02.17-23.47.20:067][  0]LogAnalytics: Creating configured Analytics provider AnalyticsET
[2016.02.17-23.47.20:067][  0]LogAnalytics: [UEEditor.Rocket.Release] APIServer = http://et2.epicgames.com/ET2/. AppVersion = 4.10.3-2866931+++depot+UE4-Releases+4.10
[2016.02.17-23.47.20:067][  0]LogAnalytics: [UEEditor.Rocket.Release] SetUserId e366859c4ae60c81309b9a94228fdbbf|36cf517b4d86471bb12e26a25eb81198|89ec8915-a56e-4f95-a252-1da1cb334e28
[2016.02.17-23.47.20:067][  0]LogAnalytics: [UEEditor.Rocket.Release] AnalyticsET::StartSession
[2016.02.17-23.47.20:111][  0]LogInit: Transaction tracking system initialized
[2016.02.17-23.47.20:591][  0]BlueprintLog: New page: Editor Load
[2016.02.17-23.47.21:523][  0]LocalizationService: Info Localization service is disabled
[2016.02.17-23.47.21:963][  0]LogLinker:Warning: Can't find file '/Game/ThirdPersonBP/ThirdPersonOverview'
[2016.02.17-23.47.21:963][  0]LogLinker:Warning: Can't find file '/Game/ThirdPersonBP/ThirdPersonOverview'
[2016.02.17-23.47.21:963][  0]LogUObjectGlobals:Warning: Failed to find object 'Class /Game/ThirdPersonBP/ThirdPersonOverview.ThirdPersonOverview_C'
[2016.02.17-23.47.22:110][  0]LogConsoleResponse:Display: 
[2016.02.17-23.47.23:398][  0]LogCook:Display: Done creating registry. It took  0.00s.
[2016.02.17-23.47.23:897][  0]LogFileCache: Scanning file cache for directory 'C:/Phantasm/GitHub/practicevr/PracticeVR/Content/' took 0.01s
[2016.02.17-23.47.23:916][  0]SourceControl: Info Source control is disabled
[2016.02.17-23.47.23:916][  0]Cmd: MAP LOAD FILE="../../../../../../Phantasm/GitHub/practicevr/PracticeVR/Content/StarterContent/Maps/Minimal_Default.umap" TEMPLATE=0 SHOWPROGRESS=1 FEATURELEVEL=3
[2016.02.17-23.47.23:916][  0]LightingResults: New page: Lighting Build
[2016.02.17-23.47.23:919][  0]MapCheck: New page: Map Check
[2016.02.17-23.47.23:919][  0]LightingResults: New page: Lighting Build
[2016.02.17-23.47.23:929][  0]LogParticles: Destroying 0 GPU particle simulations for FXSystem 0x00000000282BAAC0
[2016.02.17-23.47.24:703][  0]LogAIModule: Creating AISystem for world Minimal_Default
[2016.02.17-23.47.24:763][  0]LogEditorServer: Finished looking for orphan Actors (0.000 secs)
[2016.02.17-23.47.24:763][  0]Cmd: MAP CHECKDEP NOCLEARLOG
[2016.02.17-23.47.24:793][  0]MapCheck: Info Map check complete: 0 Error(s), 0 Warning(s), took 29.775ms to complete.
[2016.02.17-23.47.24:793][  0]LogFileHelpers: Loading map 'Minimal_Default' took 0.877
[2016.02.17-23.47.24:973][  0]LogCollectionManager: Loaded 0 collections in 0.001612 seconds
[2016.02.17-23.47.25:009][  0]LogFileCache: Scanning file cache for directory 'C:/Phantasm/GitHub/practicevr/PracticeVR/Saved/Collections/' took 0.01s
[2016.02.17-23.47.25:009][  0]LogFileCache: Scanning file cache for directory 'C:/Phantasm/GitHub/practicevr/PracticeVR/Content/Developers/jingxuac/Collections/' took 0.01s
[2016.02.17-23.47.25:009][  0]LogFileCache: Scanning file cache for directory 'C:/Phantasm/GitHub/practicevr/PracticeVR/Content/Collections/' took 0.01s
[2016.02.17-23.47.25:009][  0]LogCollectionManager: Rebuilt the GUID cache for 0 collections in 0.000001 seconds
[2016.02.17-23.47.25:015][  0]LogContentBrowser: Native class hierarchy populated in 0.0055 seconds. Added 1893 classes and 338 folders.
[2016.02.17-23.47.25:019][  0]LogContentBrowser: Native class hierarchy updated for 'WidgetCarousel' in 0.0002 seconds. Added 0 classes and 0 folders.
[2016.02.17-23.47.27:481][  0]LogContentBrowser: Native class hierarchy updated for 'AddContentDialog' in 0.0003 seconds. Added 0 classes and 0 folders.
[2016.02.17-23.47.27:539][  0]LogContentBrowser: Native class hierarchy updated for 'SceneOutliner' in 0.0003 seconds. Added 1 classes and 2 folders.
[2016.02.17-23.47.27:732][  0]LogCrashTracker: Crashtracker disabled due to settings.
[2016.02.17-23.47.27:747][  0]LogUObjectGlobals:Warning: Failed to find object 'Class None.'
[2016.02.17-23.47.27:768][  0]LogLoad: Full Startup: 15.32 seconds (BP compile: 0.03 seconds)
[2016.02.17-23.47.27:781][  0]LogOcInput: OculusInput is initialized. Init status 0. Runtime version: 0.8.0.0
[2016.02.17-23.47.27:822][  0]LogContentStreaming: Texture pool size now 1000 MB
[2016.02.17-23.47.27:920][  0]LogRenderer: Reallocating scene render targets to support 884x444 (Frame:2).
[2016.02.17-23.47.35:614][408]Cmd: QUIT_EDITOR
[2016.02.17-23.47.35:720][408]LogExit: Preparing to exit.
[2016.02.17-23.47.36:183][408]LogExit: Editor shut down
[2016.02.17-23.47.36:183][408]LogExit: Transaction tracking system shut down
[2016.02.17-23.47.36:184][408]LogParticles: Destroying 0 GPU particle simulations for FXSystem 0x0000000011FE6E80
[2016.02.17-23.47.36:184][408]LogParticles: Destroying 0 GPU particle simulations for FXSystem 0x0000000022CBB880
[2016.02.17-23.47.36:287][408]LogExit: Object subsystem successfully closed.
[2016.02.17-23.47.36:303][408]LogD3D11RHI: Shutdown
[2016.02.17-23.47.36:303][408]LogD3D11RHI: CleanupD3DDevice
[2016.02.17-23.47.36:335][408]LogD3D11RHI: ~FD3D11DynamicRHI
[2016.02.17-23.47.36:346][408]LogModuleManager: Shutting down and abandoning module CrashTracker (198)
[2016.02.17-23.47.36:346][408]LogModuleManager: Shutting down and abandoning module SceneOutliner (197)
[2016.02.17-23.47.36:346][408]LogModuleManager: Shutting down and abandoning module SuperSearch (196)
[2016.02.17-23.47.36:346][408]LogModuleManager: Shutting down and abandoning module WidgetCarousel (195)
[2016.02.17-23.47.36:346][408]LogModuleManager: Shutting down and abandoning module AddContentDialog (194)
[2016.02.17-23.47.36:346][408]LogModuleManager: Shutting down and abandoning module EditorWidgets (193)
[2016.02.17-23.47.36:346][408]LogModuleManager: Shutting down and abandoning module CollectionManager (192)
[2016.02.17-23.47.36:346][408]LogModuleManager: Shutting down and abandoning module StatsViewer (191)
[2016.02.17-23.47.36:346][408]LogModuleManager: Shutting down and abandoning module FoliageEdit (190)
[2016.02.17-23.47.36:346][408]LogModuleManager: Shutting down and abandoning module LandscapeEditor (189)
[2016.02.17-23.47.36:347][408]LogModuleManager: Shutting down and abandoning module ActorPickerMode (188)
[2016.02.17-23.47.36:347][408]LogModuleManager: Shutting down and abandoning module GeometryMode (187)
[2016.02.17-23.47.36:347][408]LogModuleManager: Shutting down and abandoning module TextureAlignMode (186)
[2016.02.17-23.47.36:347][408]LogModuleManager: Shutting down and abandoning module BspMode (185)
[2016.02.17-23.47.36:347][408]LogModuleManager: Shutting down and abandoning module PlacementMode (184)
[2016.02.17-23.47.36:347][408]LogModuleManager: Shutting down and abandoning module AutomationWorker (183)
[2016.02.17-23.47.36:347][408]LogModuleManager: Shutting down and abandoning module CharacterAI (182)
[2016.02.17-23.47.36:347][408]LogModuleManager: Shutting down and abandoning module SmartSnapping (181)
[2016.02.17-23.47.36:347][408]LogModuleManager: Shutting down and abandoning module ViewportSnapping (180)
[2016.02.17-23.47.36:347][408]LogModuleManager: Shutting down and abandoning module LogVisualizer (179)
[2016.02.17-23.47.36:347][408]LogModuleManager: Shutting down and abandoning module GameProjectGeneration (178)
[2016.02.17-23.47.36:347][408]LogModuleManager: Shutting down and abandoning module IntroTutorials (177)
[2016.02.17-23.47.36:347][408]LogModuleManager: Shutting down and abandoning module EditorLiveStreaming (176)
[2016.02.17-23.47.36:347][408]LogModuleManager: Shutting down and abandoning module IOSPlatformEditor (175)
[2016.02.17-23.47.36:347][408]LogModuleManager: Shutting down and abandoning module HTML5PlatformEditor (174)
[2016.02.17-23.47.36:347][408]LogModuleManager: Shutting down and abandoning module AndroidDeviceDetection (173)
[2016.02.17-23.47.36:752][408]LogModuleManager: Shutting down and abandoning module AndroidPlatformEditor (172)
[2016.02.17-23.47.36:752][408]LogModuleManager: Shutting down and abandoning module IOSRuntimeSettings (171)
[2016.02.17-23.47.36:752][408]LogModuleManager: Shutting down and abandoning module AndroidRuntimeSettings (170)
[2016.02.17-23.47.36:752][408]LogModuleManager: Shutting down and abandoning module MergeActors (169)
[2016.02.17-23.47.36:752][408]LogModuleManager: Shutting down and abandoning module SizeMap (168)
[2016.02.17-23.47.36:752][408]LogModuleManager: Shutting down and abandoning module TreeMap (167)
[2016.02.17-23.47.36:752][408]LogModuleManager: Shutting down and abandoning module ReferenceViewer (166)
[2016.02.17-23.47.36:752][408]LogModuleManager: Shutting down and abandoning module LocalizationService (165)
[2016.02.17-23.47.36:752][408]LogModuleManager: Shutting down and abandoning module LocalizationDashboard (164)
[2016.02.17-23.47.36:752][408]LogModuleManager: Shutting down and abandoning module HardwareTargeting (163)
[2016.02.17-23.47.36:752][408]LogModuleManager: Shutting down and abandoning module DeviceProfileEditor (162)
[2016.02.17-23.47.36:752][408]LogModuleManager: Shutting down and abandoning module UndoHistory (161)
[2016.02.17-23.47.36:752][408]LogModuleManager: Shutting down and abandoning module GameplayTagsEditor (160)
[2016.02.17-23.47.36:752][408]LogModuleManager: Shutting down and abandoning module UserFeedback (159)
[2016.02.17-23.47.36:752][408]LogModuleManager: Shutting down and abandoning module XmlParser (158)
[2016.02.17-23.47.36:752][408]LogModuleManager: Shutting down and abandoning module Blutility (157)
[2016.02.17-23.47.36:752][408]LogModuleManager: Shutting down and abandoning module ProjectTargetPlatformEditor (156)
[2016.02.17-23.47.36:752][408]LogModuleManager: Shutting down and abandoning module ProjectSettingsViewer (155)
[2016.02.17-23.47.36:752][408]LogModuleManager: Shutting down and abandoning module InputBindingEditor (154)
[2016.02.17-23.47.36:752][408]LogModuleManager: Shutting down and abandoning module EditorSettingsViewer (153)
[2016.02.17-23.47.36:752][408]LogModuleManager: Shutting down and abandoning module SettingsEditor (152)
[2016.02.17-23.47.36:752][408]LogModuleManager: Shutting down and abandoning module ProjectLauncher (151)
[2016.02.17-23.47.36:752][408]LogModuleManager: Shutting down and abandoning module SessionFrontend (150)
[2016.02.17-23.47.36:752][408]LogModuleManager: Shutting down and abandoning module ProfilerClient (149)
[2016.02.17-23.47.36:752][408]LogModuleManager: Shutting down and abandoning module TargetDeviceServices (148)
[2016.02.17-23.47.36:752][408]LogModuleManager: Shutting down and abandoning module DeviceManager (147)
[2016.02.17-23.47.36:752][408]LogModuleManager: Shutting down and abandoning module AutomationController (146)
[2016.02.17-23.47.36:752][408]LogModuleManager: Shutting down and abandoning module AutomationWindow (145)
[2016.02.17-23.47.36:752][408]LogModuleManager: Shutting down and abandoning module Layers (144)
[2016.02.17-23.47.36:752][408]LogModuleManager: Shutting down and abandoning module ComponentVisualizers (143)
[2016.02.17-23.47.36:752][408]LogModuleManager: Shutting down and abandoning module DetailCustomizations (142)
[2016.02.17-23.47.36:752][408]LogModuleManager: Shutting down and abandoning module PackagesDialog (141)
[2016.02.17-23.47.36:753][408]LogModuleManager: Shutting down and abandoning module Persona (140)
[2016.02.17-23.47.36:753][408]LogModuleManager: Shutting down and abandoning module Kismet (139)
[2016.02.17-23.47.36:753][408]LogModuleManager: Shutting down and abandoning module GraphEditor (138)
[2016.02.17-23.47.36:753][408]LogModuleManager: Shutting down and abandoning module ClassViewer (137)
[2016.02.17-23.47.36:753][408]LogModuleManager: Shutting down and abandoning module Toolbox (136)
[2016.02.17-23.47.36:753][408]LogModuleManager: Shutting down and abandoning module ModuleUI (135)
[2016.02.17-23.47.36:753][408]LogModuleManager: Shutting down and abandoning module MovieSceneTools (134)
[2016.02.17-23.47.36:753][408]LogModuleManager: Shutting down and abandoning module OutputLog (133)
[2016.02.17-23.47.36:753][408]LogModuleManager: Shutting down and abandoning module GammaUI (132)
[2016.02.17-23.47.36:753][408]LogModuleManager: Shutting down and abandoning module Documentation (131)
[2016.02.17-23.47.36:753][408]LogModuleManager: Shutting down and abandoning module GameLiveStreaming (130)
[2016.02.17-23.47.36:753][408]LogModuleManager: Shutting down and abandoning module StreamingPauseRendering (129)
[2016.02.17-23.47.36:753][408]LogModuleManager: Shutting down and abandoning module AnalyticsET (128)
[2016.02.17-23.47.36:753][408]LogModuleManager: Shutting down and abandoning module Analytics (127)
[2016.02.17-23.47.36:753][408]LogModuleManager: Shutting down and abandoning module AITestSuite (126)
[2016.02.17-23.47.36:753][408]LogModuleManager: Shutting down and abandoning module GameplayDebugger (125)
[2016.02.17-23.47.36:753][408]LogModuleManager: Shutting down and abandoning module AIModule (124)
[2016.02.17-23.47.36:753][408]LogModuleManager: Shutting down and abandoning module ProfilerService (123)
[2016.02.17-23.47.37:002][408]LogModuleManager: Shutting down and abandoning module TaskGraph (122)
[2016.02.17-23.47.37:002][408]LogModuleManager: Shutting down and abandoning module SlateRemote (121)
[2016.02.17-23.47.37:002][408]LogModuleManager: Shutting down and abandoning module SteamVRController (120)
[2016.02.17-23.47.37:002][408]LogModuleManager: Shutting down and abandoning module SteamVR (119)
[2016.02.17-23.47.37:002][408]LogModuleManager: Shutting down and abandoning module ProceduralMeshComponent (118)
[2016.02.17-23.47.37:002][408]LogModuleManager: Shutting down and abandoning module OculusLibrary (117)
[2016.02.17-23.47.37:002][408]LogModuleManager: Shutting down and abandoning module OculusInput (116)
[2016.02.17-23.47.37:002][408]LogModuleManager: Shutting down and abandoning module LeapMotionController (115)
[2016.02.17-23.47.37:015][408]LogModuleManager: Shutting down and abandoning module CustomMeshComponent (114)
[2016.02.17-23.47.37:015][408]LogModuleManager: Shutting down and abandoning module CableComponent (113)
[2016.02.17-23.47.37:015][408]LogModuleManager: Shutting down and abandoning module ArchVisCharacter (112)
[2016.02.17-23.47.37:015][408]LogModuleManager: Shutting down and abandoning module MessagingDebugger (111)
[2016.02.17-23.47.37:015][408]LogModuleManager: Shutting down and abandoning module MediaPlayerEditor (110)
[2016.02.17-23.47.37:015][408]LogModuleManager: Shutting down and abandoning module HTML5Networking (109)
[2016.02.17-23.47.37:015][408]LogModuleManager: Shutting down and abandoning module SpeedTreeImporter (108)
[2016.02.17-23.47.37:015][408]LogModuleManager: Shutting down and abandoning module PluginBrowser (107)
[2016.02.17-23.47.37:015][408]LogModuleManager: Shutting down and abandoning module EpicSurvey (106)
[2016.02.17-23.47.37:015][408]LogModuleManager: Shutting down and abandoning module DesktopPlatform (105)
[2016.02.17-23.47.37:015][408]LogModuleManager: Shutting down and abandoning module VisualStudioSourceCodeAccess (104)
[2016.02.17-23.47.37:015][408]LogModuleManager: Shutting down and abandoning module UObjectPlugin (103)
[2016.02.17-23.47.37:015][408]LogModuleManager: Shutting down and abandoning module SubversionSourceControl (102)
[2016.02.17-23.47.37:015][408]LogModuleManager: Shutting down and abandoning module PerforceSourceControl (101)
[2016.02.17-23.47.37:015][408]LogModuleManager: Shutting down and abandoning module SourceControl (100)
[2016.02.17-23.47.37:015][408]LogModuleManager: Shutting down and abandoning module GitSourceControl (99)
[2016.02.17-23.47.37:015][408]LogModuleManager: Shutting down and abandoning module LightPropagationVolumeEditor (98)
[2016.02.17-23.47.37:015][408]LogModuleManager: Shutting down and abandoning module PaperTiledImporter (97)
[2016.02.17-23.47.37:015][408]LogModuleManager: Shutting down and abandoning module PaperSpriteSheetImporter (96)
[2016.02.17-23.47.37:015][408]LogModuleManager: Shutting down and abandoning module MeshPaint (95)
[2016.02.17-23.47.37:015][408]LogModuleManager: Shutting down and abandoning module SlateReflector (94)
[2016.02.17-23.47.37:015][408]LogModuleManager: Shutting down and abandoning module HotReload (93)
[2016.02.17-23.47.37:015][408]LogModuleManager: Shutting down and abandoning module MainFrame (92)
[2016.02.17-23.47.37:015][408]LogModuleManager: Shutting down and abandoning module LevelEditor (91)
[2016.02.17-23.47.37:016][408]LogModuleManager: Shutting down and abandoning module DirectoryWatcher (90)
[2016.02.17-23.47.37:016][408]LogModuleManager: Shutting down and abandoning module AssetRegistry (89)
[2016.02.17-23.47.37:051][408]LogModuleManager: Shutting down and abandoning module ContentBrowser (88)
[2016.02.17-23.47.37:052][408]LogModuleManager: Shutting down and abandoning module Paper2DEditor (87)
[2016.02.17-23.47.37:052][408]LogModuleManager: Shutting down and abandoning module UdpMessaging (86)
[2016.02.17-23.47.37:152][408]LogModuleManager: Shutting down and abandoning module LightPropagationVolumeRuntime (85)
[2016.02.17-23.47.37:152][408]LogModuleManager: Shutting down and abandoning module Paper2D (84)
[2016.02.17-23.47.37:152][408]LogModuleManager: Shutting down and abandoning module WindowsMoviePlayer (83)
[2016.02.17-23.47.37:155][408]LogModuleManager: Shutting down and abandoning module Media (82)
[2016.02.17-23.47.37:155][408]LogModuleManager: Shutting down and abandoning module WmfMedia (81)
[2016.02.17-23.47.37:156][408]LogModuleManager: Shutting down and abandoning module OnlineBlueprintSupport (80)
[2016.02.17-23.47.37:156][408]LogModuleManager: Shutting down and abandoning module GameplayTasksEditor (79)
[2016.02.17-23.47.37:156][408]LogModuleManager: Shutting down and abandoning module PropertyEditor (78)
[2016.02.17-23.47.37:156][408]LogModuleManager: Shutting down and abandoning module BehaviorTreeEditor (77)
[2016.02.17-23.47.37:156][408]LogModuleManager: Shutting down and abandoning module FunctionalTesting (76)
[2016.02.17-23.47.37:156][408]LogModuleManager: Shutting down and abandoning module CollisionAnalyzer (75)
[2016.02.17-23.47.37:156][408]LogModuleManager: Shutting down and abandoning module WorkspaceMenuStructure (74)
[2016.02.17-23.47.37:156][408]LogModuleManager: Shutting down and abandoning module MessageLog (73)
[2016.02.17-23.47.37:156][408]LogModuleManager: Shutting down and abandoning module Sequencer (72)
[2016.02.17-23.47.37:156][408]LogModuleManager: Shutting down and abandoning module AssetTools (71)
[2016.02.17-23.47.37:156][408]LogModuleManager: Shutting down and abandoning module UMGEditor (70)
[2016.02.17-23.47.37:156][408]LogModuleManager: Shutting down and abandoning module UMG (69)
[2016.02.17-23.47.37:156][408]LogModuleManager: Shutting down and abandoning module Slate (68)
[2016.02.17-23.47.37:156][408]LogModuleManager: Shutting down and abandoning module EditorStyle (67)
[2016.02.17-23.47.37:157][408]LogModuleManager: Shutting down and abandoning module SessionServices (66)
[2016.02.17-23.47.37:157][408]LogModuleManager: Shutting down and abandoning module SourceCodeAccess (65)
[2016.02.17-23.47.37:157][408]LogModuleManager: Shutting down and abandoning module HeadMountedDisplay (64)
[2016.02.17-23.47.37:157][408]LogModuleManager: Shutting down and abandoning module XAudio2 (63)
[2016.02.17-23.47.37:157][408]LogModuleManager: Shutting down and abandoning module Networking (61)
[2016.02.17-23.47.37:157][408]LogModuleManager: Shutting down and abandoning module Core (60)
[2016.02.17-23.47.37:157][408]LogModuleManager: Shutting down and abandoning module KismetCompiler (59)
[2016.02.17-23.47.37:157][408]LogModuleManager: Shutting down and abandoning module PhysXFormats (58)
[2016.02.17-23.47.37:157][408]LogModuleManager: Shutting down and abandoning module MeshUtilities (57)
[2016.02.17-23.47.37:157][408]LogModuleManager: Shutting down and abandoning module DerivedDataCache (56)
[2016.02.17-23.47.37:183][408]LogDerivedDataCache: Shutdown
[2016.02.17-23.47.37:183][408]LogModuleManager: Shutting down and abandoning module ShaderFormatOpenGL (55)
[2016.02.17-23.47.37:183][408]LogModuleManager: Shutting down and abandoning module ShaderFormatD3D (54)
[2016.02.17-23.47.37:183][408]LogModuleManager: Shutting down and abandoning module MetalShaderFormat (53)
[2016.02.17-23.47.37:183][408]LogModuleManager: Shutting down and abandoning module TextureFormatUncompressed (52)
[2016.02.17-23.47.37:183][408]LogModuleManager: Shutting down and abandoning module TextureFormatPVR (51)
[2016.02.17-23.47.37:183][408]LogModuleManager: Shutting down and abandoning module TextureFormatIntelISPCTexComp (50)
[2016.02.17-23.47.37:183][408]LogModuleManager: Shutting down and abandoning module TextureFormatDXT (49)
[2016.02.17-23.47.37:183][408]LogModuleManager: Shutting down and abandoning module ImageWrapper (48)
[2016.02.17-23.47.37:183][408]LogModuleManager: Shutting down and abandoning module TextureFormatASTC (47)
[2016.02.17-23.47.37:183][408]LogModuleManager: Shutting down and abandoning module TextureFormatAndroid (46)
[2016.02.17-23.47.37:183][408]LogModuleManager: Shutting down and abandoning module AudioFormatOpus (45)
[2016.02.17-23.47.37:183][408]LogModuleManager: Shutting down and abandoning module AudioFormatOgg (44)
[2016.02.17-23.47.37:183][408]LogModuleManager: Shutting down and abandoning module AudioFormatADPCM (43)
[2016.02.17-23.47.37:183][408]LogModuleManager: Shutting down and abandoning module LinuxTargetPlatform (42)
[2016.02.17-23.47.37:183][408]LogModuleManager: Shutting down and abandoning module LinuxServerTargetPlatform (41)
[2016.02.17-23.47.37:183][408]LogModuleManager: Shutting down and abandoning module LinuxNoEditorTargetPlatform (40)
[2016.02.17-23.47.37:183][408]LogModuleManager: Shutting down and abandoning module Messaging (39)
[2016.02.17-23.47.37:183][408]LogModuleManager: Shutting down and abandoning module IOSTargetPlatform (38)
[2016.02.17-23.47.37:183][408]LogModuleManager: Shutting down and abandoning module HTML5TargetPlatform (37)
[2016.02.17-23.47.37:183][408]LogModuleManager: Shutting down and abandoning module Android_PVRTCTargetPlatform (36)
[2016.02.17-23.47.37:183][408]LogModuleManager: Shutting down and abandoning module Android_MultiTargetPlatform (35)
[2016.02.17-23.47.37:183][408]LogModuleManager: Shutting down and abandoning module Android_ETC2TargetPlatform (34)
[2016.02.17-23.47.37:183][408]LogModuleManager: Shutting down and abandoning module Android_ETC1TargetPlatform (33)
[2016.02.17-23.47.37:183][408]LogModuleManager: Shutting down and abandoning module Android_DXTTargetPlatform (32)
[2016.02.17-23.47.37:183][408]LogModuleManager: Shutting down and abandoning module Android_ATCTargetPlatform (31)
[2016.02.17-23.47.37:183][408]LogModuleManager: Shutting down and abandoning module Android_ASTCTargetPlatform (30)
[2016.02.17-23.47.37:183][408]LogModuleManager: Shutting down and abandoning module AndroidTargetPlatform (29)
[2016.02.17-23.47.37:183][408]LogModuleManager: Shutting down and abandoning module WindowsTargetPlatform (28)
[2016.02.17-23.47.37:183][408]LogModuleManager: Shutting down and abandoning module WindowsServerTargetPlatform (27)
[2016.02.17-23.47.37:183][408]LogModuleManager: Shutting down and abandoning module WindowsNoEditorTargetPlatform (26)
[2016.02.17-23.47.37:183][408]LogModuleManager: Shutting down and abandoning module WindowsClientTargetPlatform (25)
[2016.02.17-23.47.37:183][408]LogModuleManager: Shutting down and abandoning module AllDesktopTargetPlatform (24)
[2016.02.17-23.47.37:183][408]LogModuleManager: Shutting down and abandoning module TargetPlatform (23)
[2016.02.17-23.47.37:183][408]LogModuleManager: Shutting down and abandoning module InputCore (22)
[2016.02.17-23.47.37:183][408]LogModuleManager: Shutting down and abandoning module Settings (21)
[2016.02.17-23.47.37:183][408]LogModuleManager: Shutting down and abandoning module OnlineSubsystem (19)
[2016.02.17-23.47.37:183][408]LogModuleManager: Shutting down and abandoning module HTTP (18)
[2016.02.17-23.47.39:184][408]LogModuleManager: Shutting down and abandoning module XMPP (17)
[2016.02.17-23.47.39:184][408]LogModuleManager: Shutting down and abandoning module OculusRift (16)
[2016.02.17-23.47.39:184][408]LogHMD: Oculus shutdown.
[2016.02.17-23.47.39:184][408]LogModuleManager: Shutting down and abandoning module ExampleDeviceProfileSelector (15)
[2016.02.17-23.47.39:184][408]LogModuleManager: Shutting down and abandoning module TextureCompressor (14)
[2016.02.17-23.47.39:184][408]LogModuleManager: Shutting down and abandoning module ShaderCore (13)
[2016.02.17-23.47.39:184][408]LogModuleManager: Shutting down and abandoning module Landscape (12)
[2016.02.17-23.47.39:184][408]LogModuleManager: Shutting down and abandoning module SlateRHIRenderer (11)
[2016.02.17-23.47.39:184][408]LogModuleManager: Shutting down and abandoning module OpenGLDrv (10)
[2016.02.17-23.47.39:184][408]LogModuleManager: Shutting down and abandoning module D3D11RHI (9)
[2016.02.17-23.47.39:184][408]LogModuleManager: Shutting down and abandoning module AnimGraphRuntime (8)
[2016.02.17-23.47.39:184][408]LogModuleManager: Shutting down and abandoning module Renderer (7)
[2016.02.17-23.47.39:184][408]LogModuleManager: Shutting down and abandoning module Engine (6)
[2016.02.17-23.47.39:184][408]LogModuleManager: Shutting down and abandoning module CoreUObject (5)
[2016.02.17-23.47.39:184][408]LogModuleManager: Shutting down and abandoning module NetworkFile (4)
[2016.02.17-23.47.39:184][408]LogModuleManager: Shutting down and abandoning module StreamingFile (3)
[2016.02.17-23.47.39:184][408]LogModuleManager: Shutting down and abandoning module SandboxFile (2)
[2016.02.17-23.47.39:184][408]LogModuleManager: Shutting down and abandoning module PakFile (1)
[2016.02.17-23.47.39:185][408]LogExit: Exiting.
[2016.02.17-23.47.39:196][408]Log file closed, 02/17/16 18:47:39
