[2016.02.18-00.39.50:640][  0]Log file open, 02/17/16 19:39:50
[2016.02.18-00.39.50:640][  0]LogInit:Display: Running engine for game: PracticeVR
[2016.02.18-00.39.50:640][  0]LogPlatformFile: Not using cached read wrapper
[2016.02.18-00.39.50:640][  0]LogInit:Display: RandInit(1128327104) SRandInit(1128327106).
[2016.02.18-00.39.50:640][  0]LogTaskGraph: Started task graph with 4 named threads and 7 total threads.
[2016.02.18-00.39.50:640][  0]LogStats: Stats thread started at 0.069265
[2016.02.18-00.39.50:640][  0]LogInit: Version: 4.10.3-2866931+++depot+UE4-Releases+4.10
[2016.02.18-00.39.50:640][  0]LogInit: API Version: 2758231
[2016.02.18-00.39.50:640][  0]LogInit: Compiled (64-bit): Feb 15 2016 08:20:45
[2016.02.18-00.39.50:640][  0]LogInit: Compiled with Visual C++: 19.00.23026.00
[2016.02.18-00.39.50:640][  0]LogInit: Build Configuration: Development
[2016.02.18-00.39.50:640][  0]LogInit: Branch Name: ++depot+UE4-Releases+4.10
[2016.02.18-00.39.50:640][  0]LogInit: Command line:  
[2016.02.18-00.39.50:640][  0]LogInit: Base directory: C:/Program Files (x86)/Epic Games/4.10/Engine/Binaries/Win64/
[2016.02.18-00.39.50:640][  0]LogInit: Rocket: 1
[2016.02.18-00.39.50:646][  0]LogInit: Using libcurl 7.41.0
[2016.02.18-00.39.50:646][  0]LogInit:  - built for x86_64-pc-win32
[2016.02.18-00.39.50:646][  0]LogInit:  - supports SSL with WinSSL
[2016.02.18-00.39.50:646][  0]LogInit:  - other features:
[2016.02.18-00.39.50:646][  0]LogInit:      CURL_VERSION_SSL
[2016.02.18-00.39.50:646][  0]LogInit:      CURL_VERSION_IPV6
[2016.02.18-00.39.50:646][  0]LogInit:      CURL_VERSION_ASYNCHDNS
[2016.02.18-00.39.50:646][  0]LogInit:      CURL_VERSION_LARGEFILE
[2016.02.18-00.39.50:646][  0]LogInit:      CURL_VERSION_IDN
[2016.02.18-00.39.50:646][  0]LogInit:  CurlRequestOptions (configurable via config and command line):
[2016.02.18-00.39.50:646][  0]LogInit:  - bVerifyPeer = true  - Libcurl will verify peer certificate
[2016.02.18-00.39.50:646][  0]LogInit:  - bUseHttpProxy = false  - Libcurl will NOT use HTTP proxy
[2016.02.18-00.39.50:646][  0]LogInit:  - bDontReuseConnections = false  - Libcurl will reuse connections
[2016.02.18-00.39.50:646][  0]LogInit:  - CertBundlePath = nullptr  - Libcurl will use whatever was configured at build time.
[2016.02.18-00.39.50:651][  0]LogInit: Presizing for 0 objects not considered by GC, pre-allocating 0 bytes.
[2016.02.18-00.39.50:656][  0]LogInit: Object subsystem initialized
[2016.02.18-00.39.50:657][  0]LogInit: Selected Device Profile: [Windows]
[2016.02.18-00.39.50:657][  0]LogInit: Applying CVar settings loaded from the selected device profile: [Windows]
[2016.02.18-00.39.50:665][  0]LogInit: Computer: ETC-WIN10-006
[2016.02.18-00.39.50:665][  0]LogInit: User: demo
[2016.02.18-00.39.50:665][  0]LogInit: CPU Page size=4096, Cores=4
[2016.02.18-00.39.50:665][  0]LogInit: High frequency timer resolution =3.507525 MHz
[2016.02.18-00.39.50:666][  0]LogMemory: Memory total: Physical=15.9GB (16GB approx)
[2016.02.18-00.39.50:666][  0]LogMemory: Platform Memory Stats for Windows
[2016.02.18-00.39.50:666][  0]LogMemory: Process Physical Memory: 55.89 MB used, 55.89 MB peak
[2016.02.18-00.39.50:666][  0]LogMemory: Process Virtual Memory: 56.82 MB used, 56.82 MB peak
[2016.02.18-00.39.50:666][  0]LogMemory: Physical Memory: 3562.04 MB used, 16326.10 MB total
[2016.02.18-00.39.50:666][  0]LogMemory: Virtual Memory: 378.68 MB used, 134217728.00 MB total
[2016.02.18-00.39.50:690][  0]LogTextLocalizationManager: No specific translations for ('en-US') exist, so ('en') translations will be used.
[2016.02.18-00.39.50:977][  0]LogD3D11RHI: Found D3D11 adapter 0: NVIDIA GeForce GTX 745 (Feature Level 11_0)
[2016.02.18-00.39.50:977][  0]LogD3D11RHI: Adapter has 4035MB of dedicated video memory, 0MB of dedicated system memory, and 8163MB of shared system memory, 1 output[s]
[2016.02.18-00.39.50:978][  0]LogD3D11RHI: Found D3D11 adapter 1: Microsoft Basic Render Driver (Feature Level 11_0)
[2016.02.18-00.39.50:978][  0]LogD3D11RHI: Adapter has 0MB of dedicated video memory, 0MB of dedicated system memory, and 8163MB of shared system memory, 0 output[s]
[2016.02.18-00.39.50:978][  0]LogD3D11RHI: Chosen D3D11 Adapter Id = 0
[2016.02.18-00.39.50:980][  0]LogD3D11RHI: !Direct3DDevice
[2016.02.18-00.39.50:980][  0]LogRHI: Texture pool is 1361 MB (70% of 1945 MB)
[2016.02.18-00.39.50:992][  0]LogD3D11RHI: Async texture creation enabled
[2016.02.18-00.39.51:002][  0]LogShaderCompilers: Guid format shader working directory is -22 characters bigger than the processId version (../../../../../../Users/demo/Documents/GitHub/practicevr/PracticeVR/Intermediate/Shaders/WorkingDirectory/3104/).
[2016.02.18-00.39.51:003][  0]LogShaderCompilers: Cleaned the shader compiler working directory 'C:/Users/demo/AppData/Local/Temp/UnrealShaderWorkingDir/4CD5D0974995E28686FF72A6FAF7ACE9/'.
[2016.02.18-00.39.51:003][  0]LogShaderCompilers:Display: Using Local Shader Compiler.
[2016.02.18-00.39.51:643][  0]LogTemp:Display: Loaded TP AllDesktopTargetPlatform
[2016.02.18-00.39.51:647][  0]LogTemp:Display: Loaded TP WindowsClientTargetPlatform
[2016.02.18-00.39.51:650][  0]LogTemp:Display: Loaded TP WindowsNoEditorTargetPlatform
[2016.02.18-00.39.51:654][  0]LogTemp:Display: Loaded TP WindowsServerTargetPlatform
[2016.02.18-00.39.51:657][  0]LogTemp:Display: Loaded TP WindowsTargetPlatform
[2016.02.18-00.39.51:659][  0]LogTemp:Display: Loaded TP AndroidTargetPlatform
[2016.02.18-00.39.51:662][  0]LogTemp:Display: Loaded TP Android_ASTCTargetPlatform
[2016.02.18-00.39.51:664][  0]LogTemp:Display: Loaded TP Android_ATCTargetPlatform
[2016.02.18-00.39.51:666][  0]LogTemp:Display: Loaded TP Android_DXTTargetPlatform
[2016.02.18-00.39.51:668][  0]LogTemp:Display: Loaded TP Android_ETC1TargetPlatform
[2016.02.18-00.39.51:670][  0]LogTemp:Display: Loaded TP Android_ETC2TargetPlatform
[2016.02.18-00.39.51:675][  0]LogTemp:Display: Loaded TP Android_MultiTargetPlatform
[2016.02.18-00.39.51:675][  0]LogTemp:Display: Loaded TP Android_PVRTCTargetPlatform
[2016.02.18-00.39.51:675][  0]LogTemp:Display: Loaded TP HTML5TargetPlatform
[2016.02.18-00.39.51:691][  0]LogTemp:Display: Loaded TP IOSTargetPlatform
[2016.02.18-00.39.51:693][  0]LogTemp:Display: Loaded TP LinuxNoEditorTargetPlatform
[2016.02.18-00.39.51:695][  0]LogTemp:Display: Loaded TP LinuxServerTargetPlatform
[2016.02.18-00.39.51:697][  0]LogTemp:Display: Loaded TP LinuxTargetPlatform
[2016.02.18-00.39.51:697][  0]LogTargetPlatformManager:Display: Building Assets For Windows
[2016.02.18-00.39.51:757][  0]LogDerivedDataCache:Display: Max Cache Size: 512 MB
[2016.02.18-00.39.52:021][  0]LogDerivedDataCache: Loaded boot cache 0.26s 41MB C:/Users/demo/AppData/Local/UnrealEngine/4.10/DerivedDataCache/Boot.ddc.
[2016.02.18-00.39.52:021][  0]LogDerivedDataCache:Display: Loaded Boot cache: C:/Users/demo/AppData/Local/UnrealEngine/4.10/DerivedDataCache/Boot.ddc
[2016.02.18-00.39.52:021][  0]LogDerivedDataCache: FDerivedDataBackendGraph:  Pak pak cache file ../../../../../../Users/demo/Documents/GitHub/practicevr/PracticeVR/DerivedDataCache/DDC.ddp not found, will not use a pak cache.
[2016.02.18-00.39.52:021][  0]LogDerivedDataCache: Unable to find inner node Pak for hierarchical cache Hierarchy.
[2016.02.18-00.39.52:021][  0]LogDerivedDataCache: FDerivedDataBackendGraph:  CompressedPak pak cache file ../../../../../../Users/demo/Documents/GitHub/practicevr/PracticeVR/DerivedDataCache/Compressed.ddp not found, will not use a pak cache.
[2016.02.18-00.39.52:021][  0]LogDerivedDataCache: Unable to find inner node CompressedPak for hierarchical cache Hierarchy.
[2016.02.18-00.39.52:106][  0]LogDerivedDataCache:Display: Pak cache opened for reading ../../../Engine/DerivedDataCache/Compressed.ddp.
[2016.02.18-00.39.52:118][  0]LogDerivedDataCache: Using Local data cache path C:/Users/demo/AppData/Local/UnrealEngine/Common/DerivedDataCache: Writable
[2016.02.18-00.39.52:274][  0]LogInit: Selected Device Profile: [Windows]
[2016.02.18-00.39.52:276][  0]LogContentStreaming: Texture pool size is 0.000000MB
[2016.02.18-00.39.52:357][  0]LogMeshUtilities: No automatic mesh reduction module available
[2016.02.18-00.39.52:357][  0]LogMeshUtilities: No automatic mesh merging module available
[2016.02.18-00.39.52:511][  0]LogInit: WinSock: version 1.1 (2.2), MaxSocks=32767, MaxUdp=65467
[2016.02.18-00.39.53:045][  0]UdpMessaging: Initializing bridge on interface 0.0.0.0:0 to multicast group 230.0.0.1:6666.
[2016.02.18-00.39.53:153][  0]LogAssetRegistry: FAssetRegistry took 0.0105 seconds to start up
[2016.02.18-00.39.53:283][  0]SourceControl: Info Source control is disabled
[2016.02.18-00.39.53:756][  0]SourceControl: Info Source control is disabled
[2016.02.18-00.39.53:764][  0]SourceControl: Info Source control is disabled
[2016.02.18-00.39.53:771][  0]SourceControl: Info Source control is disabled
[2016.02.18-00.39.53:935][  0]LogObj: 28633 objects as part of root set at end of initial load.
[2016.02.18-00.39.53:935][  0]LogUObjectAllocator: 6099744 out of 0 bytes used by permanent object pool.
[2016.02.18-00.39.53:980][  0]LogEngine: Initializing Engine...
[2016.02.18-00.39.53:981][  0]LogHMD: Can't find Oculus library dev build: is proper Runtime installed? Version: 0.8.0.0
[2016.02.18-00.39.55:547][  0]LogHMD: SteamVR failed to initialize.  Err: 208
[2016.02.18-00.39.55:637][  0]LogAIModule: Creating AISystem for world NewWorld
[2016.02.18-00.39.55:641][  0]LogInit: XAudio2 using 'LG TV-0 (NVIDIA High Definition Audio)' : 2 channels at 48 kHz using 16 bits per sample (channel mask 0x3)
[2016.02.18-00.39.55:653][  0]LogInit: FAudioDevice initialized.
[2016.02.18-00.39.55:672][  0]LogDerivedDataCache: Saved boot cache 0.02s 41MB C:/Users/demo/AppData/Local/UnrealEngine/4.10/DerivedDataCache/Boot.ddc.
[2016.02.18-00.39.55:676][  0]LogInit: Texture streaming: Enabled
[2016.02.18-00.39.55:680][  0]LogAnalytics: Creating configured Analytics provider AnalyticsET
[2016.02.18-00.39.55:680][  0]LogAnalytics: [UEEditor.Rocket.Release] APIServer = http://et2.epicgames.com/ET2/. AppVersion = 4.10.3-2866931+++depot+UE4-Releases+4.10
[2016.02.18-00.39.55:680][  0]LogAnalytics: [UEEditor.Rocket.Release] SetUserId dace05c344f3165ba6907d8fb994670d|36cf517b4d86471bb12e26a25eb81198|c0875fa7-5c44-4913-af9b-c7a689be2d5a
[2016.02.18-00.39.55:680][  0]LogAnalytics: [UEEditor.Rocket.Release] AnalyticsET::StartSession
[2016.02.18-00.39.55:687][  0]LogInit: Transaction tracking system initialized
[2016.02.18-00.39.55:711][  0]BlueprintLog: New page: Editor Load
[2016.02.18-00.39.55:776][  0]LocalizationService: Info Localization service is disabled
[2016.02.18-00.39.55:833][  0]LogConsoleResponse:Display: 
[2016.02.18-00.39.55:914][  0]LogCook:Display: Done creating registry. It took  0.00s.
[2016.02.18-00.39.55:955][  0]LogFileCache: Scanning file cache for directory 'C:/Users/demo/Documents/GitHub/practicevr/PracticeVR/Content/' took 0.01s
[2016.02.18-00.39.55:955][  0]SourceControl: Info Source control is disabled
[2016.02.18-00.39.55:955][  0]Cmd: MAP LOAD FILE="../../../../../../Users/demo/Documents/GitHub/practicevr/PracticeVR/Content/StarterContent/Maps/Minimal_Default.umap" TEMPLATE=0 SHOWPROGRESS=1 FEATURELEVEL=3
[2016.02.18-00.39.55:955][  0]LightingResults: New page: Lighting Build
[2016.02.18-00.39.55:958][  0]MapCheck: New page: Map Check
[2016.02.18-00.39.55:958][  0]LightingResults: New page: Lighting Build
[2016.02.18-00.39.55:965][  0]LogParticles: Destroying 0 GPU particle simulations for FXSystem 0x0000007494327B00
[2016.02.18-00.39.56:684][  0]LogAIModule: Creating AISystem for world Minimal_Default
[2016.02.18-00.39.56:689][  0]LogEditorServer: Finished looking for orphan Actors (0.000 secs)
[2016.02.18-00.39.56:690][  0]Cmd: MAP CHECKDEP NOCLEARLOG
[2016.02.18-00.39.56:722][  0]MapCheck: Info Map check complete: 0 Error(s), 0 Warning(s), took 32.514ms to complete.
[2016.02.18-00.39.56:722][  0]LogFileHelpers: Loading map 'Minimal_Default' took 0.766
[2016.02.18-00.39.56:839][  0]LogCollectionManager: Loaded 0 collections in 0.001758 seconds
[2016.02.18-00.39.56:876][  0]LogFileCache: Scanning file cache for directory 'C:/Users/demo/Documents/GitHub/practicevr/PracticeVR/Saved/Collections/' took 0.01s
[2016.02.18-00.39.56:876][  0]LogFileCache: Scanning file cache for directory 'C:/Users/demo/Documents/GitHub/practicevr/PracticeVR/Content/Developers/demo/Collections/' took 0.01s
[2016.02.18-00.39.56:876][  0]LogFileCache: Scanning file cache for directory 'C:/Users/demo/Documents/GitHub/practicevr/PracticeVR/Content/Collections/' took 0.01s
[2016.02.18-00.39.56:876][  0]LogCollectionManager: Rebuilt the GUID cache for 0 collections in 0.000001 seconds
[2016.02.18-00.39.56:885][  0]LogContentBrowser: Native class hierarchy populated in 0.0089 seconds. Added 1893 classes and 338 folders.
[2016.02.18-00.39.56:897][  0]LogContentBrowser: Native class hierarchy updated for 'WidgetCarousel' in 0.0005 seconds. Added 0 classes and 0 folders.
[2016.02.18-00.39.57:736][  0]LogContentBrowser: Native class hierarchy updated for 'AddContentDialog' in 0.0003 seconds. Added 0 classes and 0 folders.
[2016.02.18-00.39.57:739][  0]LogContentBrowser: Native class hierarchy updated for 'SceneOutliner' in 0.0002 seconds. Added 1 classes and 2 folders.
[2016.02.18-00.39.57:771][  0]LogCrashTracker: Crashtracker disabled due to settings.
[2016.02.18-00.39.57:775][  0]LogUObjectGlobals:Warning: Failed to find object 'Class None.'
[2016.02.18-00.39.57:798][  0]LogLoad: Full Startup: 7.52 seconds (BP compile: 0.03 seconds)
[2016.02.18-00.39.57:807][  0]LogOcInput: Can't find Oculus library dev build: is proper Runtime installed? Version: 0.8.0.0
[2016.02.18-00.39.57:842][  0]LogContentStreaming: Texture pool size now 400 MB
[2016.02.18-00.39.57:944][  0]LogRenderer: Reallocating scene render targets to support 896x456 (Frame:2).
[2016.02.18-00.39.58:134][  3]LogAssetRegistry: Asset discovery search completed in 4.9876 seconds
[2016.02.18-00.39.58:134][  3]LogCollectionManager: Rebuilt the object cache for 0 collections in 0.000001 seconds (found 0 objects)
[2016.02.18-00.39.58:134][  3]LogCollectionManager: Fixed up redirectors for 0 collections in 0.000016 seconds (updated 0 objects)
[2016.02.18-00.40.08:063][935]LogAIModule: Creating AISystem for world VR_Level
[2016.02.18-00.40.08:083][935]Cmd: MAP LOAD FILE="../../../../../../Users/demo/Documents/GitHub/practicevr/PracticeVR/Content/Levels/VR_Level.umap" TEMPLATE=0 SHOWPROGRESS=1 FEATURELEVEL=3
[2016.02.18-00.40.08:083][935]LightingResults: New page: Lighting Build
[2016.02.18-00.40.08:095][935]LoadErrors: New page: Loading map: VR_Level.umap
[2016.02.18-00.40.08:096][935]MapCheck: New page: Map Check
[2016.02.18-00.40.08:096][935]LightingResults: New page: Lighting Build
[2016.02.18-00.40.08:104][935]LogParticles: Destroying 0 GPU particle simulations for FXSystem 0x0000007481D13560
[2016.02.18-00.40.08:131][935]LogEditorServer: Finished looking for orphan Actors (0.000 secs)
[2016.02.18-00.40.08:151][935]Cmd: MAP CHECKDEP NOCLEARLOG
[2016.02.18-00.40.08:182][935]MapCheck: Info Map check complete: 0 Error(s), 0 Warning(s), took 31.629ms to complete.
[2016.02.18-00.40.08:182][935]LogFileHelpers: Loading map 'VR_Level' took 0.101
[2016.02.18-00.40.45:030][193]LogEditorViewport: Clicking on Actor (LMB): StaticMeshActor (Floor)
[2016.02.18-00.40.51:289][935]LogPlayLevel: PlayLevel: No blueprints needed recompiling
[2016.02.18-00.40.51:289][935]PIE: New page: PIE session: VR_Level (Feb 17, 2016, 2:40:51 PM)
[2016.02.18-00.40.51:289][935]LogPlayLevel: Creating play world package: /Game/Levels/UEDPIE_0_VR_Level
[2016.02.18-00.40.51:291][935]LogPlayLevel: PIE: StaticDuplicateObject took: (0.002095s)
[2016.02.18-00.40.51:292][935]LogAIModule: Creating AISystem for world VR_Level
[2016.02.18-00.40.51:292][935]LogPlayLevel: PIE: World Init took: (0.000841s)
[2016.02.18-00.40.51:292][935]LogPlayLevel: PIE: Created PIE world by copying editor world from /Game/Levels/VR_Level.VR_Level to /Game/Levels/UEDPIE_0_VR_Level.VR_Level (0.003136s)
[2016.02.18-00.40.51:307][935]LogInit: XAudio2 using 'Speakers (USB Audio Device)' : 2 channels at 44.1 kHz using 16 bits per sample (channel mask 0x3)
[2016.02.18-00.40.51:320][935]LogInit: FAudioDevice initialized.
[2016.02.18-00.40.51:363][935]LogWorld: Game class is 'VR_GameMode_C'
[2016.02.18-00.40.51:365][935]LogWorld: Bringing World /Game/Levels/UEDPIE_0_VR_Level.VR_Level up for play (max tick rate 0) at 2016.02.17-19.40.51
[2016.02.18-00.40.51:365][935]LogActor:Warning: GameSession /Game/Levels/UEDPIE_0_VR_Level.VR_Level:PersistentLevel.GameSession_0 has natively added scene component(s), but none of them were set as the actor's RootComponent - picking one arbitrarily
[2016.02.18-00.40.51:365][935]LogActor:Warning: GameNetworkManager /Game/Levels/UEDPIE_0_VR_Level.VR_Level:PersistentLevel.GameNetworkManager_0 has natively added scene component(s), but none of them were set as the actor's RootComponent - picking one arbitrarily
[2016.02.18-00.40.51:365][935]LogWorld: Bringing up level for play took: 0.001397
[2016.02.18-00.40.51:367][935]PIE: Info Play in editor start time for /Game/Levels/UEDPIE_0_VR_Level 1.041
[2016.02.18-00.40.52:129][ 16]LogParticles: Destroying 0 GPU particle simulations for FXSystem 0x000000749F079B20
[2016.02.18-00.40.58:144][728]LogWindowsTextInputMethodSystem:Display: IME system now deactivated.
[2016.02.18-00.40.58:329][729]Cmd: QUIT_EDITOR
[2016.02.18-00.40.58:772][729]LogExit: Preparing to exit.
[2016.02.18-00.40.59:279][729]LogExit: Editor shut down
[2016.02.18-00.40.59:279][729]LogExit: Transaction tracking system shut down
[2016.02.18-00.40.59:281][729]LogParticles: Destroying 0 GPU particle simulations for FXSystem 0x000000749F12C5E0
[2016.02.18-00.40.59:281][729]LogParticles: Destroying 0 GPU particle simulations for FXSystem 0x000000749F8C3880
[2016.02.18-00.40.59:281][729]LogParticles: Destroying 0 GPU particle simulations for FXSystem 0x00000074A74CD080
[2016.02.18-00.40.59:282][729]LogParticles: Destroying 0 GPU particle simulations for FXSystem 0x00000074835728E0
[2016.02.18-00.40.59:396][729]LogExit: Object subsystem successfully closed.
[2016.02.18-00.40.59:415][729]LogD3D11RHI: Shutdown
[2016.02.18-00.40.59:415][729]LogD3D11RHI: CleanupD3DDevice
[2016.02.18-00.40.59:452][729]LogD3D11RHI: ~FD3D11DynamicRHI
[2016.02.18-00.40.59:463][729]LogModuleManager: Shutting down and abandoning module CrashTracker (198)
[2016.02.18-00.40.59:463][729]LogModuleManager: Shutting down and abandoning module SceneOutliner (197)
[2016.02.18-00.40.59:463][729]LogModuleManager: Shutting down and abandoning module SuperSearch (196)
[2016.02.18-00.40.59:464][729]LogModuleManager: Shutting down and abandoning module WidgetCarousel (195)
[2016.02.18-00.40.59:464][729]LogModuleManager: Shutting down and abandoning module AddContentDialog (194)
[2016.02.18-00.40.59:464][729]LogModuleManager: Shutting down and abandoning module EditorWidgets (193)
[2016.02.18-00.40.59:464][729]LogModuleManager: Shutting down and abandoning module CollectionManager (192)
[2016.02.18-00.40.59:464][729]LogModuleManager: Shutting down and abandoning module StatsViewer (191)
[2016.02.18-00.40.59:464][729]LogModuleManager: Shutting down and abandoning module FoliageEdit (190)
[2016.02.18-00.40.59:464][729]LogModuleManager: Shutting down and abandoning module LandscapeEditor (189)
[2016.02.18-00.40.59:464][729]LogModuleManager: Shutting down and abandoning module ActorPickerMode (188)
[2016.02.18-00.40.59:464][729]LogModuleManager: Shutting down and abandoning module GeometryMode (187)
[2016.02.18-00.40.59:464][729]LogModuleManager: Shutting down and abandoning module TextureAlignMode (186)
[2016.02.18-00.40.59:464][729]LogModuleManager: Shutting down and abandoning module BspMode (185)
[2016.02.18-00.40.59:464][729]LogModuleManager: Shutting down and abandoning module PlacementMode (184)
[2016.02.18-00.40.59:464][729]LogModuleManager: Shutting down and abandoning module AutomationWorker (183)
[2016.02.18-00.40.59:464][729]LogModuleManager: Shutting down and abandoning module CharacterAI (182)
[2016.02.18-00.40.59:464][729]LogModuleManager: Shutting down and abandoning module SmartSnapping (181)
[2016.02.18-00.40.59:464][729]LogModuleManager: Shutting down and abandoning module ViewportSnapping (180)
[2016.02.18-00.40.59:464][729]LogModuleManager: Shutting down and abandoning module LogVisualizer (179)
[2016.02.18-00.40.59:465][729]LogModuleManager: Shutting down and abandoning module GameProjectGeneration (178)
[2016.02.18-00.40.59:465][729]LogModuleManager: Shutting down and abandoning module IntroTutorials (177)
[2016.02.18-00.40.59:465][729]LogModuleManager: Shutting down and abandoning module EditorLiveStreaming (176)
[2016.02.18-00.40.59:465][729]LogModuleManager: Shutting down and abandoning module IOSPlatformEditor (175)
[2016.02.18-00.40.59:465][729]LogModuleManager: Shutting down and abandoning module HTML5PlatformEditor (174)
[2016.02.18-00.40.59:465][729]LogModuleManager: Shutting down and abandoning module AndroidDeviceDetection (173)
[2016.02.18-00.40.59:879][729]LogModuleManager: Shutting down and abandoning module AndroidPlatformEditor (172)
[2016.02.18-00.40.59:879][729]LogModuleManager: Shutting down and abandoning module IOSRuntimeSettings (171)
[2016.02.18-00.40.59:879][729]LogModuleManager: Shutting down and abandoning module AndroidRuntimeSettings (170)
[2016.02.18-00.40.59:879][729]LogModuleManager: Shutting down and abandoning module MergeActors (169)
[2016.02.18-00.40.59:879][729]LogModuleManager: Shutting down and abandoning module SizeMap (168)
[2016.02.18-00.40.59:879][729]LogModuleManager: Shutting down and abandoning module TreeMap (167)
[2016.02.18-00.40.59:879][729]LogModuleManager: Shutting down and abandoning module ReferenceViewer (166)
[2016.02.18-00.40.59:879][729]LogModuleManager: Shutting down and abandoning module LocalizationService (165)
[2016.02.18-00.40.59:879][729]LogModuleManager: Shutting down and abandoning module LocalizationDashboard (164)
[2016.02.18-00.40.59:879][729]LogModuleManager: Shutting down and abandoning module HardwareTargeting (163)
[2016.02.18-00.40.59:879][729]LogModuleManager: Shutting down and abandoning module DeviceProfileEditor (162)
[2016.02.18-00.40.59:879][729]LogModuleManager: Shutting down and abandoning module UndoHistory (161)
[2016.02.18-00.40.59:879][729]LogModuleManager: Shutting down and abandoning module GameplayTagsEditor (160)
[2016.02.18-00.40.59:879][729]LogModuleManager: Shutting down and abandoning module UserFeedback (159)
[2016.02.18-00.40.59:879][729]LogModuleManager: Shutting down and abandoning module XmlParser (158)
[2016.02.18-00.40.59:879][729]LogModuleManager: Shutting down and abandoning module Blutility (157)
[2016.02.18-00.40.59:879][729]LogModuleManager: Shutting down and abandoning module ProjectTargetPlatformEditor (156)
[2016.02.18-00.40.59:880][729]LogModuleManager: Shutting down and abandoning module ProjectSettingsViewer (155)
[2016.02.18-00.40.59:880][729]LogModuleManager: Shutting down and abandoning module InputBindingEditor (154)
[2016.02.18-00.40.59:880][729]LogModuleManager: Shutting down and abandoning module EditorSettingsViewer (153)
[2016.02.18-00.40.59:880][729]LogModuleManager: Shutting down and abandoning module SettingsEditor (152)
[2016.02.18-00.40.59:880][729]LogModuleManager: Shutting down and abandoning module ProjectLauncher (151)
[2016.02.18-00.40.59:880][729]LogModuleManager: Shutting down and abandoning module SessionFrontend (150)
[2016.02.18-00.40.59:880][729]LogModuleManager: Shutting down and abandoning module ProfilerClient (149)
[2016.02.18-00.40.59:880][729]LogModuleManager: Shutting down and abandoning module TargetDeviceServices (148)
[2016.02.18-00.40.59:880][729]LogModuleManager: Shutting down and abandoning module DeviceManager (147)
[2016.02.18-00.40.59:880][729]LogModuleManager: Shutting down and abandoning module AutomationController (146)
[2016.02.18-00.40.59:880][729]LogModuleManager: Shutting down and abandoning module AutomationWindow (145)
[2016.02.18-00.40.59:880][729]LogModuleManager: Shutting down and abandoning module Layers (144)
[2016.02.18-00.40.59:880][729]LogModuleManager: Shutting down and abandoning module ComponentVisualizers (143)
[2016.02.18-00.40.59:880][729]LogModuleManager: Shutting down and abandoning module DetailCustomizations (142)
[2016.02.18-00.40.59:880][729]LogModuleManager: Shutting down and abandoning module PackagesDialog (141)
[2016.02.18-00.40.59:880][729]LogModuleManager: Shutting down and abandoning module Persona (140)
[2016.02.18-00.40.59:880][729]LogModuleManager: Shutting down and abandoning module Kismet (139)
[2016.02.18-00.40.59:880][729]LogModuleManager: Shutting down and abandoning module GraphEditor (138)
[2016.02.18-00.40.59:881][729]LogModuleManager: Shutting down and abandoning module ClassViewer (137)
[2016.02.18-00.40.59:881][729]LogModuleManager: Shutting down and abandoning module Toolbox (136)
[2016.02.18-00.40.59:881][729]LogModuleManager: Shutting down and abandoning module ModuleUI (135)
[2016.02.18-00.40.59:881][729]LogModuleManager: Shutting down and abandoning module MovieSceneTools (134)
[2016.02.18-00.40.59:881][729]LogModuleManager: Shutting down and abandoning module OutputLog (133)
[2016.02.18-00.40.59:881][729]LogModuleManager: Shutting down and abandoning module GammaUI (132)
[2016.02.18-00.40.59:881][729]LogModuleManager: Shutting down and abandoning module Documentation (131)
[2016.02.18-00.40.59:881][729]LogModuleManager: Shutting down and abandoning module GameLiveStreaming (130)
[2016.02.18-00.40.59:881][729]LogModuleManager: Shutting down and abandoning module StreamingPauseRendering (129)
[2016.02.18-00.40.59:881][729]LogModuleManager: Shutting down and abandoning module AnalyticsET (128)
[2016.02.18-00.40.59:881][729]LogModuleManager: Shutting down and abandoning module Analytics (127)
[2016.02.18-00.40.59:881][729]LogModuleManager: Shutting down and abandoning module AITestSuite (126)
[2016.02.18-00.40.59:881][729]LogModuleManager: Shutting down and abandoning module GameplayDebugger (125)
[2016.02.18-00.40.59:881][729]LogModuleManager: Shutting down and abandoning module AIModule (124)
[2016.02.18-00.40.59:881][729]LogModuleManager: Shutting down and abandoning module ProfilerService (123)
[2016.02.18-00.41.00:067][729]LogModuleManager: Shutting down and abandoning module TaskGraph (122)
[2016.02.18-00.41.00:067][729]LogModuleManager: Shutting down and abandoning module SlateRemote (121)
[2016.02.18-00.41.00:067][729]LogModuleManager: Shutting down and abandoning module SteamVRController (120)
[2016.02.18-00.41.00:067][729]LogModuleManager: Shutting down and abandoning module SteamVR (119)
[2016.02.18-00.41.00:067][729]LogModuleManager: Shutting down and abandoning module ProceduralMeshComponent (118)
[2016.02.18-00.41.00:067][729]LogModuleManager: Shutting down and abandoning module OculusLibrary (117)
[2016.02.18-00.41.00:067][729]LogModuleManager: Shutting down and abandoning module OculusInput (116)
[2016.02.18-00.41.00:067][729]LogModuleManager: Shutting down and abandoning module LeapMotionController (115)
[2016.02.18-00.41.00:079][729]LogModuleManager: Shutting down and abandoning module CustomMeshComponent (114)
[2016.02.18-00.41.00:079][729]LogModuleManager: Shutting down and abandoning module CableComponent (113)
[2016.02.18-00.41.00:079][729]LogModuleManager: Shutting down and abandoning module ArchVisCharacter (112)
[2016.02.18-00.41.00:079][729]LogModuleManager: Shutting down and abandoning module MessagingDebugger (111)
[2016.02.18-00.41.00:079][729]LogModuleManager: Shutting down and abandoning module MediaPlayerEditor (110)
[2016.02.18-00.41.00:079][729]LogModuleManager: Shutting down and abandoning module HTML5Networking (109)
[2016.02.18-00.41.00:079][729]LogModuleManager: Shutting down and abandoning module SpeedTreeImporter (108)
[2016.02.18-00.41.00:079][729]LogModuleManager: Shutting down and abandoning module PluginBrowser (107)
[2016.02.18-00.41.00:079][729]LogModuleManager: Shutting down and abandoning module EpicSurvey (106)
[2016.02.18-00.41.00:079][729]LogModuleManager: Shutting down and abandoning module DesktopPlatform (105)
[2016.02.18-00.41.00:079][729]LogModuleManager: Shutting down and abandoning module VisualStudioSourceCodeAccess (104)
[2016.02.18-00.41.00:079][729]LogModuleManager: Shutting down and abandoning module UObjectPlugin (103)
[2016.02.18-00.41.00:079][729]LogModuleManager: Shutting down and abandoning module SubversionSourceControl (102)
[2016.02.18-00.41.00:079][729]LogModuleManager: Shutting down and abandoning module PerforceSourceControl (101)
[2016.02.18-00.41.00:079][729]LogModuleManager: Shutting down and abandoning module SourceControl (100)
[2016.02.18-00.41.00:079][729]LogModuleManager: Shutting down and abandoning module GitSourceControl (99)
[2016.02.18-00.41.00:079][729]LogModuleManager: Shutting down and abandoning module LightPropagationVolumeEditor (98)
[2016.02.18-00.41.00:079][729]LogModuleManager: Shutting down and abandoning module PaperTiledImporter (97)
[2016.02.18-00.41.00:079][729]LogModuleManager: Shutting down and abandoning module PaperSpriteSheetImporter (96)
[2016.02.18-00.41.00:079][729]LogModuleManager: Shutting down and abandoning module MeshPaint (95)
[2016.02.18-00.41.00:079][729]LogModuleManager: Shutting down and abandoning module SlateReflector (94)
[2016.02.18-00.41.00:079][729]LogModuleManager: Shutting down and abandoning module HotReload (93)
[2016.02.18-00.41.00:079][729]LogModuleManager: Shutting down and abandoning module MainFrame (92)
[2016.02.18-00.41.00:079][729]LogModuleManager: Shutting down and abandoning module LevelEditor (91)
[2016.02.18-00.41.00:080][729]LogModuleManager: Shutting down and abandoning module DirectoryWatcher (90)
[2016.02.18-00.41.00:080][729]LogModuleManager: Shutting down and abandoning module AssetRegistry (89)
[2016.02.18-00.41.00:164][729]LogModuleManager: Shutting down and abandoning module ContentBrowser (88)
[2016.02.18-00.41.00:165][729]LogModuleManager: Shutting down and abandoning module Paper2DEditor (87)
[2016.02.18-00.41.00:165][729]LogModuleManager: Shutting down and abandoning module UdpMessaging (86)
[2016.02.18-00.41.00:266][729]LogModuleManager: Shutting down and abandoning module LightPropagationVolumeRuntime (85)
[2016.02.18-00.41.00:266][729]LogModuleManager: Shutting down and abandoning module Paper2D (84)
[2016.02.18-00.41.00:266][729]LogModuleManager: Shutting down and abandoning module WindowsMoviePlayer (83)
[2016.02.18-00.41.00:268][729]LogModuleManager: Shutting down and abandoning module Media (82)
[2016.02.18-00.41.00:268][729]LogModuleManager: Shutting down and abandoning module WmfMedia (81)
[2016.02.18-00.41.00:268][729]LogModuleManager: Shutting down and abandoning module OnlineBlueprintSupport (80)
[2016.02.18-00.41.00:268][729]LogModuleManager: Shutting down and abandoning module GameplayTasksEditor (79)
[2016.02.18-00.41.00:268][729]LogModuleManager: Shutting down and abandoning module PropertyEditor (78)
[2016.02.18-00.41.00:268][729]LogModuleManager: Shutting down and abandoning module BehaviorTreeEditor (77)
[2016.02.18-00.41.00:268][729]LogModuleManager: Shutting down and abandoning module FunctionalTesting (76)
[2016.02.18-00.41.00:268][729]LogModuleManager: Shutting down and abandoning module CollisionAnalyzer (75)
[2016.02.18-00.41.00:268][729]LogModuleManager: Shutting down and abandoning module WorkspaceMenuStructure (74)
[2016.02.18-00.41.00:268][729]LogModuleManager: Shutting down and abandoning module MessageLog (73)
[2016.02.18-00.41.00:268][729]LogModuleManager: Shutting down and abandoning module Sequencer (72)
[2016.02.18-00.41.00:268][729]LogModuleManager: Shutting down and abandoning module AssetTools (71)
[2016.02.18-00.41.00:268][729]LogModuleManager: Shutting down and abandoning module UMGEditor (70)
[2016.02.18-00.41.00:268][729]LogModuleManager: Shutting down and abandoning module UMG (69)
[2016.02.18-00.41.00:268][729]LogModuleManager: Shutting down and abandoning module Slate (68)
[2016.02.18-00.41.00:269][729]LogModuleManager: Shutting down and abandoning module EditorStyle (67)
[2016.02.18-00.41.00:270][729]LogModuleManager: Shutting down and abandoning module SessionServices (66)
[2016.02.18-00.41.00:270][729]LogModuleManager: Shutting down and abandoning module SourceCodeAccess (65)
[2016.02.18-00.41.00:270][729]LogModuleManager: Shutting down and abandoning module HeadMountedDisplay (64)
[2016.02.18-00.41.00:270][729]LogModuleManager: Shutting down and abandoning module XAudio2 (63)
[2016.02.18-00.41.00:270][729]LogModuleManager: Shutting down and abandoning module Networking (61)
[2016.02.18-00.41.00:270][729]LogModuleManager: Shutting down and abandoning module Core (60)
[2016.02.18-00.41.00:270][729]LogModuleManager: Shutting down and abandoning module KismetCompiler (59)
[2016.02.18-00.41.00:270][729]LogModuleManager: Shutting down and abandoning module PhysXFormats (58)
[2016.02.18-00.41.00:270][729]LogModuleManager: Shutting down and abandoning module MeshUtilities (57)
[2016.02.18-00.41.00:270][729]LogModuleManager: Shutting down and abandoning module DerivedDataCache (56)
[2016.02.18-00.41.00:706][729]LogDerivedDataCache: Shutdown
[2016.02.18-00.41.00:706][729]LogModuleManager: Shutting down and abandoning module ShaderFormatOpenGL (55)
[2016.02.18-00.41.00:706][729]LogModuleManager: Shutting down and abandoning module ShaderFormatD3D (54)
[2016.02.18-00.41.00:706][729]LogModuleManager: Shutting down and abandoning module MetalShaderFormat (53)
[2016.02.18-00.41.00:706][729]LogModuleManager: Shutting down and abandoning module TextureFormatUncompressed (52)
[2016.02.18-00.41.00:706][729]LogModuleManager: Shutting down and abandoning module TextureFormatPVR (51)
[2016.02.18-00.41.00:706][729]LogModuleManager: Shutting down and abandoning module TextureFormatIntelISPCTexComp (50)
[2016.02.18-00.41.00:706][729]LogModuleManager: Shutting down and abandoning module TextureFormatDXT (49)
[2016.02.18-00.41.00:706][729]LogModuleManager: Shutting down and abandoning module ImageWrapper (48)
[2016.02.18-00.41.00:706][729]LogModuleManager: Shutting down and abandoning module TextureFormatASTC (47)
[2016.02.18-00.41.00:706][729]LogModuleManager: Shutting down and abandoning module TextureFormatAndroid (46)
[2016.02.18-00.41.00:706][729]LogModuleManager: Shutting down and abandoning module AudioFormatOpus (45)
[2016.02.18-00.41.00:706][729]LogModuleManager: Shutting down and abandoning module AudioFormatOgg (44)
[2016.02.18-00.41.00:706][729]LogModuleManager: Shutting down and abandoning module AudioFormatADPCM (43)
[2016.02.18-00.41.00:706][729]LogModuleManager: Shutting down and abandoning module LinuxTargetPlatform (42)
[2016.02.18-00.41.00:706][729]LogModuleManager: Shutting down and abandoning module LinuxServerTargetPlatform (41)
[2016.02.18-00.41.00:706][729]LogModuleManager: Shutting down and abandoning module LinuxNoEditorTargetPlatform (40)
[2016.02.18-00.41.00:706][729]LogModuleManager: Shutting down and abandoning module Messaging (39)
[2016.02.18-00.41.00:706][729]LogModuleManager: Shutting down and abandoning module IOSTargetPlatform (38)
[2016.02.18-00.41.00:706][729]LogModuleManager: Shutting down and abandoning module HTML5TargetPlatform (37)
[2016.02.18-00.41.00:706][729]LogModuleManager: Shutting down and abandoning module Android_PVRTCTargetPlatform (36)
[2016.02.18-00.41.00:706][729]LogModuleManager: Shutting down and abandoning module Android_MultiTargetPlatform (35)
[2016.02.18-00.41.00:706][729]LogModuleManager: Shutting down and abandoning module Android_ETC2TargetPlatform (34)
[2016.02.18-00.41.00:706][729]LogModuleManager: Shutting down and abandoning module Android_ETC1TargetPlatform (33)
[2016.02.18-00.41.00:706][729]LogModuleManager: Shutting down and abandoning module Android_DXTTargetPlatform (32)
[2016.02.18-00.41.00:706][729]LogModuleManager: Shutting down and abandoning module Android_ATCTargetPlatform (31)
[2016.02.18-00.41.00:706][729]LogModuleManager: Shutting down and abandoning module Android_ASTCTargetPlatform (30)
[2016.02.18-00.41.00:706][729]LogModuleManager: Shutting down and abandoning module AndroidTargetPlatform (29)
[2016.02.18-00.41.00:706][729]LogModuleManager: Shutting down and abandoning module WindowsTargetPlatform (28)
[2016.02.18-00.41.00:706][729]LogModuleManager: Shutting down and abandoning module WindowsServerTargetPlatform (27)
[2016.02.18-00.41.00:706][729]LogModuleManager: Shutting down and abandoning module WindowsNoEditorTargetPlatform (26)
[2016.02.18-00.41.00:706][729]LogModuleManager: Shutting down and abandoning module WindowsClientTargetPlatform (25)
[2016.02.18-00.41.00:706][729]LogModuleManager: Shutting down and abandoning module AllDesktopTargetPlatform (24)
[2016.02.18-00.41.00:706][729]LogModuleManager: Shutting down and abandoning module TargetPlatform (23)
[2016.02.18-00.41.00:706][729]LogModuleManager: Shutting down and abandoning module InputCore (22)
[2016.02.18-00.41.00:706][729]LogModuleManager: Shutting down and abandoning module Settings (21)
[2016.02.18-00.41.00:707][729]LogModuleManager: Shutting down and abandoning module OnlineSubsystem (19)
[2016.02.18-00.41.00:707][729]LogModuleManager: Shutting down and abandoning module HTTP (18)
[2016.02.18-00.41.01:708][729]LogModuleManager: Shutting down and abandoning module XMPP (17)
[2016.02.18-00.41.01:708][729]LogModuleManager: Shutting down and abandoning module OculusRift (16)
[2016.02.18-00.41.01:708][729]LogModuleManager: Shutting down and abandoning module ExampleDeviceProfileSelector (15)
[2016.02.18-00.41.01:708][729]LogModuleManager: Shutting down and abandoning module TextureCompressor (14)
[2016.02.18-00.41.01:708][729]LogModuleManager: Shutting down and abandoning module ShaderCore (13)
[2016.02.18-00.41.01:708][729]LogModuleManager: Shutting down and abandoning module Landscape (12)
[2016.02.18-00.41.01:708][729]LogModuleManager: Shutting down and abandoning module SlateRHIRenderer (11)
[2016.02.18-00.41.01:708][729]LogModuleManager: Shutting down and abandoning module OpenGLDrv (10)
[2016.02.18-00.41.01:708][729]LogModuleManager: Shutting down and abandoning module D3D11RHI (9)
[2016.02.18-00.41.01:708][729]LogModuleManager: Shutting down and abandoning module AnimGraphRuntime (8)
[2016.02.18-00.41.01:708][729]LogModuleManager: Shutting down and abandoning module Renderer (7)
[2016.02.18-00.41.01:708][729]LogModuleManager: Shutting down and abandoning module Engine (6)
[2016.02.18-00.41.01:708][729]LogModuleManager: Shutting down and abandoning module CoreUObject (5)
[2016.02.18-00.41.01:708][729]LogModuleManager: Shutting down and abandoning module NetworkFile (4)
[2016.02.18-00.41.01:708][729]LogModuleManager: Shutting down and abandoning module StreamingFile (3)
[2016.02.18-00.41.01:708][729]LogModuleManager: Shutting down and abandoning module SandboxFile (2)
[2016.02.18-00.41.01:709][729]LogModuleManager: Shutting down and abandoning module PakFile (1)
[2016.02.18-00.41.01:710][729]LogExit: Exiting.
[2016.02.18-00.41.01:720][729]Log file closed, 02/17/16 19:41:01
