[2016.02.18-00.41.00:497][  0]Log file open, 02/17/16 19:41:00
[2016.02.18-00.41.00:497][  0]LogInit:Display: Running engine for game: PracticeVR
[2016.02.18-00.41.00:497][  0]LogPlatformFile: Not using cached read wrapper
[2016.02.18-00.41.00:497][  0]LogInit:Display: RandInit(1373305357) SRandInit(1373305358).
[2016.02.18-00.41.00:497][  0]LogTaskGraph: Started task graph with 4 named threads and 7 total threads.
[2016.02.18-00.41.00:497][  0]LogStats: Stats thread started at 0.066246
[2016.02.18-00.41.00:497][  0]LogInit: Version: 4.10.3-2866931+++depot+UE4-Releases+4.10
[2016.02.18-00.41.00:497][  0]LogInit: API Version: 2758231
[2016.02.18-00.41.00:497][  0]LogInit: Compiled (64-bit): Feb 15 2016 08:20:45
[2016.02.18-00.41.00:497][  0]LogInit: Compiled with Visual C++: 19.00.23026.00
[2016.02.18-00.41.00:497][  0]LogInit: Build Configuration: Development
[2016.02.18-00.41.00:497][  0]LogInit: Branch Name: ++depot+UE4-Releases+4.10
[2016.02.18-00.41.00:497][  0]LogInit: Command line:  
[2016.02.18-00.41.00:497][  0]LogInit: Base directory: C:/Program Files (x86)/Epic Games/4.10/Engine/Binaries/Win64/
[2016.02.18-00.41.00:497][  0]LogInit: Rocket: 1
[2016.02.18-00.41.00:503][  0]LogInit: Using libcurl 7.41.0
[2016.02.18-00.41.00:503][  0]LogInit:  - built for x86_64-pc-win32
[2016.02.18-00.41.00:503][  0]LogInit:  - supports SSL with WinSSL
[2016.02.18-00.41.00:503][  0]LogInit:  - other features:
[2016.02.18-00.41.00:503][  0]LogInit:      CURL_VERSION_SSL
[2016.02.18-00.41.00:503][  0]LogInit:      CURL_VERSION_IPV6
[2016.02.18-00.41.00:503][  0]LogInit:      CURL_VERSION_ASYNCHDNS
[2016.02.18-00.41.00:504][  0]LogInit:      CURL_VERSION_LARGEFILE
[2016.02.18-00.41.00:504][  0]LogInit:      CURL_VERSION_IDN
[2016.02.18-00.41.00:504][  0]LogInit:  CurlRequestOptions (configurable via config and command line):
[2016.02.18-00.41.00:504][  0]LogInit:  - bVerifyPeer = true  - Libcurl will verify peer certificate
[2016.02.18-00.41.00:504][  0]LogInit:  - bUseHttpProxy = false  - Libcurl will NOT use HTTP proxy
[2016.02.18-00.41.00:504][  0]LogInit:  - bDontReuseConnections = false  - Libcurl will reuse connections
[2016.02.18-00.41.00:504][  0]LogInit:  - CertBundlePath = nullptr  - Libcurl will use whatever was configured at build time.
[2016.02.18-00.41.00:509][  0]LogInit: Presizing for 0 objects not considered by GC, pre-allocating 0 bytes.
[2016.02.18-00.41.00:513][  0]LogInit: Object subsystem initialized
[2016.02.18-00.41.00:514][  0]LogInit: Selected Device Profile: [Windows]
[2016.02.18-00.41.00:514][  0]LogInit: Applying CVar settings loaded from the selected device profile: [Windows]
[2016.02.18-00.41.00:521][  0]LogInit: Computer: ETC-WIN10-006
[2016.02.18-00.41.00:521][  0]LogInit: User: demo
[2016.02.18-00.41.00:522][  0]LogInit: CPU Page size=4096, Cores=4
[2016.02.18-00.41.00:522][  0]LogInit: High frequency timer resolution =3.507525 MHz
[2016.02.18-00.41.00:522][  0]LogMemory: Memory total: Physical=15.9GB (16GB approx)
[2016.02.18-00.41.00:522][  0]LogMemory: Platform Memory Stats for Windows
[2016.02.18-00.41.00:522][  0]LogMemory: Process Physical Memory: 55.89 MB used, 55.89 MB peak
[2016.02.18-00.41.00:522][  0]LogMemory: Process Virtual Memory: 56.82 MB used, 56.82 MB peak
[2016.02.18-00.41.00:522][  0]LogMemory: Physical Memory: 4219.98 MB used, 16326.10 MB total
[2016.02.18-00.41.00:522][  0]LogMemory: Virtual Memory: 378.68 MB used, 134217728.00 MB total
[2016.02.18-00.41.00:545][  0]LogTextLocalizationManager: No specific translations for ('en-US') exist, so ('en') translations will be used.
[2016.02.18-00.41.00:883][  0]LogD3D11RHI: Found D3D11 adapter 0: NVIDIA GeForce GTX 745 (Feature Level 11_0)
[2016.02.18-00.41.00:883][  0]LogD3D11RHI: Adapter has 4035MB of dedicated video memory, 0MB of dedicated system memory, and 8163MB of shared system memory, 2 output[s]
[2016.02.18-00.41.00:885][  0]LogD3D11RHI: Found D3D11 adapter 1: Microsoft Basic Render Driver (Feature Level 11_0)
[2016.02.18-00.41.00:885][  0]LogD3D11RHI: Adapter has 0MB of dedicated video memory, 0MB of dedicated system memory, and 8163MB of shared system memory, 0 output[s]
[2016.02.18-00.41.00:885][  0]LogD3D11RHI: Chosen D3D11 Adapter Id = 0
[2016.02.18-00.41.00:887][  0]LogD3D11RHI: !Direct3DDevice
[2016.02.18-00.41.00:887][  0]LogRHI: Texture pool is 1361 MB (70% of 1945 MB)
[2016.02.18-00.41.00:899][  0]LogD3D11RHI: Async texture creation enabled
[2016.02.18-00.41.00:909][  0]LogShaderCompilers: Guid format shader working directory is -22 characters bigger than the processId version (../../../../../../Users/demo/Documents/GitHub/practicevr/PracticeVR/Intermediate/Shaders/WorkingDirectory/5352/).
[2016.02.18-00.41.00:909][  0]LogShaderCompilers: Cleaned the shader compiler working directory 'C:/Users/demo/AppData/Local/Temp/UnrealShaderWorkingDir/94F6B8E64D514C3644660E83B5F8DD62/'.
[2016.02.18-00.41.00:909][  0]LogShaderCompilers:Display: Using Local Shader Compiler.
[2016.02.18-00.41.01:502][  0]LogTemp:Display: Loaded TP AllDesktopTargetPlatform
[2016.02.18-00.41.01:506][  0]LogTemp:Display: Loaded TP WindowsClientTargetPlatform
[2016.02.18-00.41.01:509][  0]LogTemp:Display: Loaded TP WindowsNoEditorTargetPlatform
[2016.02.18-00.41.01:513][  0]LogTemp:Display: Loaded TP WindowsServerTargetPlatform
[2016.02.18-00.41.01:516][  0]LogTemp:Display: Loaded TP WindowsTargetPlatform
[2016.02.18-00.41.01:518][  0]LogTemp:Display: Loaded TP AndroidTargetPlatform
[2016.02.18-00.41.01:520][  0]LogTemp:Display: Loaded TP Android_ASTCTargetPlatform
[2016.02.18-00.41.01:522][  0]LogTemp:Display: Loaded TP Android_ATCTargetPlatform
[2016.02.18-00.41.01:525][  0]LogTemp:Display: Loaded TP Android_DXTTargetPlatform
[2016.02.18-00.41.01:527][  0]LogTemp:Display: Loaded TP Android_ETC1TargetPlatform
[2016.02.18-00.41.01:529][  0]LogTemp:Display: Loaded TP Android_ETC2TargetPlatform
[2016.02.18-00.41.01:534][  0]LogTemp:Display: Loaded TP Android_MultiTargetPlatform
[2016.02.18-00.41.01:534][  0]LogTemp:Display: Loaded TP Android_PVRTCTargetPlatform
[2016.02.18-00.41.01:534][  0]LogTemp:Display: Loaded TP HTML5TargetPlatform
[2016.02.18-00.41.01:550][  0]LogTemp:Display: Loaded TP IOSTargetPlatform
[2016.02.18-00.41.01:552][  0]LogTemp:Display: Loaded TP LinuxNoEditorTargetPlatform
[2016.02.18-00.41.01:554][  0]LogTemp:Display: Loaded TP LinuxServerTargetPlatform
[2016.02.18-00.41.01:556][  0]LogTemp:Display: Loaded TP LinuxTargetPlatform
[2016.02.18-00.41.01:556][  0]LogTargetPlatformManager:Display: Building Assets For Windows
[2016.02.18-00.41.01:614][  0]LogDerivedDataCache:Display: Max Cache Size: 512 MB
[2016.02.18-00.41.01:648][  0]LogDerivedDataCache: Loaded boot cache 0.03s 41MB C:/Users/demo/AppData/Local/UnrealEngine/4.10/DerivedDataCache/Boot.ddc.
[2016.02.18-00.41.01:648][  0]LogDerivedDataCache:Display: Loaded Boot cache: C:/Users/demo/AppData/Local/UnrealEngine/4.10/DerivedDataCache/Boot.ddc
[2016.02.18-00.41.01:648][  0]LogDerivedDataCache: FDerivedDataBackendGraph:  Pak pak cache file ../../../../../../Users/demo/Documents/GitHub/practicevr/PracticeVR/DerivedDataCache/DDC.ddp not found, will not use a pak cache.
[2016.02.18-00.41.01:648][  0]LogDerivedDataCache: Unable to find inner node Pak for hierarchical cache Hierarchy.
[2016.02.18-00.41.01:648][  0]LogDerivedDataCache: FDerivedDataBackendGraph:  CompressedPak pak cache file ../../../../../../Users/demo/Documents/GitHub/practicevr/PracticeVR/DerivedDataCache/Compressed.ddp not found, will not use a pak cache.
[2016.02.18-00.41.01:648][  0]LogDerivedDataCache: Unable to find inner node CompressedPak for hierarchical cache Hierarchy.
[2016.02.18-00.41.01:691][  0]LogDerivedDataCache:Display: Pak cache opened for reading ../../../Engine/DerivedDataCache/Compressed.ddp.
[2016.02.18-00.41.01:703][  0]LogDerivedDataCache: Using Local data cache path C:/Users/demo/AppData/Local/UnrealEngine/Common/DerivedDataCache: Writable
[2016.02.18-00.41.01:841][  0]LogInit: Selected Device Profile: [Windows]
[2016.02.18-00.41.01:843][  0]LogContentStreaming: Texture pool size is 0.000000MB
[2016.02.18-00.41.01:924][  0]LogMeshUtilities: No automatic mesh reduction module available
[2016.02.18-00.41.01:924][  0]LogMeshUtilities: No automatic mesh merging module available
[2016.02.18-00.41.02:082][  0]LogInit: WinSock: version 1.1 (2.2), MaxSocks=32767, MaxUdp=65467
[2016.02.18-00.41.02:618][  0]UdpMessaging: Initializing bridge on interface 0.0.0.0:0 to multicast group 230.0.0.1:6666.
[2016.02.18-00.41.02:726][  0]LogAssetRegistry: FAssetRegistry took 0.0108 seconds to start up
[2016.02.18-00.41.02:840][  0]SourceControl: Info Source control is disabled
[2016.02.18-00.41.02:868][  0]SourceControl: Info Source control is disabled
[2016.02.18-00.41.02:876][  0]SourceControl: Info Source control is disabled
[2016.02.18-00.41.02:883][  0]SourceControl: Info Source control is disabled
[2016.02.18-00.41.03:038][  0]LogObj: 28633 objects as part of root set at end of initial load.
[2016.02.18-00.41.03:038][  0]LogUObjectAllocator: 6099744 out of 0 bytes used by permanent object pool.
[2016.02.18-00.41.03:084][  0]LogEngine: Initializing Engine...
[2016.02.18-00.41.03:086][  0]LogHMD: Can't find Oculus library dev build: is proper Runtime installed? Version: 0.8.0.0
[2016.02.18-00.41.05:568][  0]LogHMD: SteamVR initialized.  Driver: lighthouse  Display: LHR-452284F5
[2016.02.18-00.41.05:660][  0]LogAIModule: Creating AISystem for world NewWorld
[2016.02.18-00.41.05:665][  0]LogInit: XAudio2 using 'Speakers (USB Audio Device)' : 2 channels at 44.1 kHz using 16 bits per sample (channel mask 0x3)
[2016.02.18-00.41.05:676][  0]LogInit: FAudioDevice initialized.
[2016.02.18-00.41.05:694][  0]LogDerivedDataCache: Saved boot cache 0.02s 41MB C:/Users/demo/AppData/Local/UnrealEngine/4.10/DerivedDataCache/Boot.ddc.
[2016.02.18-00.41.05:698][  0]LogInit: Texture streaming: Enabled
[2016.02.18-00.41.05:703][  0]LogAnalytics: Creating configured Analytics provider AnalyticsET
[2016.02.18-00.41.05:703][  0]LogAnalytics: [UEEditor.Rocket.Release] APIServer = http://et2.epicgames.com/ET2/. AppVersion = 4.10.3-2866931+++depot+UE4-Releases+4.10
[2016.02.18-00.41.05:703][  0]LogAnalytics: [UEEditor.Rocket.Release] SetUserId dace05c344f3165ba6907d8fb994670d|36cf517b4d86471bb12e26a25eb81198|c0875fa7-5c44-4913-af9b-c7a689be2d5a
[2016.02.18-00.41.05:703][  0]LogAnalytics: [UEEditor.Rocket.Release] AnalyticsET::StartSession
[2016.02.18-00.41.05:710][  0]LogInit: Transaction tracking system initialized
[2016.02.18-00.41.05:733][  0]BlueprintLog: New page: Editor Load
[2016.02.18-00.41.05:798][  0]LocalizationService: Info Localization service is disabled
[2016.02.18-00.41.05:856][  0]LogConsoleResponse:Display: 
[2016.02.18-00.41.05:936][  0]LogCook:Display: Done creating registry. It took  0.00s.
[2016.02.18-00.41.05:983][  0]LogFileCache: Scanning file cache for directory 'C:/Users/demo/Documents/GitHub/practicevr/PracticeVR/Content/' took 0.01s
[2016.02.18-00.41.05:983][  0]SourceControl: Info Source control is disabled
[2016.02.18-00.41.05:983][  0]Cmd: MAP LOAD FILE="../../../../../../Users/demo/Documents/GitHub/practicevr/PracticeVR/Content/StarterContent/Maps/Minimal_Default.umap" TEMPLATE=0 SHOWPROGRESS=1 FEATURELEVEL=3
[2016.02.18-00.41.05:984][  0]LightingResults: New page: Lighting Build
[2016.02.18-00.41.05:986][  0]MapCheck: New page: Map Check
[2016.02.18-00.41.05:986][  0]LightingResults: New page: Lighting Build
[2016.02.18-00.41.05:995][  0]LogParticles: Destroying 0 GPU particle simulations for FXSystem 0x00000005595B7B00
[2016.02.18-00.41.06:234][  0]LogAIModule: Creating AISystem for world Minimal_Default
[2016.02.18-00.41.06:239][  0]LogEditorServer: Finished looking for orphan Actors (0.000 secs)
[2016.02.18-00.41.06:239][  0]Cmd: MAP CHECKDEP NOCLEARLOG
[2016.02.18-00.41.06:271][  0]MapCheck: Info Map check complete: 0 Error(s), 0 Warning(s), took 31.475ms to complete.
[2016.02.18-00.41.06:271][  0]LogFileHelpers: Loading map 'Minimal_Default' took 0.287
[2016.02.18-00.41.06:357][  0]LogCollectionManager: Loaded 0 collections in 0.001994 seconds
[2016.02.18-00.41.06:394][  0]LogFileCache: Scanning file cache for directory 'C:/Users/demo/Documents/GitHub/practicevr/PracticeVR/Saved/Collections/' took 0.01s
[2016.02.18-00.41.06:394][  0]LogFileCache: Scanning file cache for directory 'C:/Users/demo/Documents/GitHub/practicevr/PracticeVR/Content/Developers/demo/Collections/' took 0.01s
[2016.02.18-00.41.06:394][  0]LogFileCache: Scanning file cache for directory 'C:/Users/demo/Documents/GitHub/practicevr/PracticeVR/Content/Collections/' took 0.01s
[2016.02.18-00.41.06:394][  0]LogCollectionManager: Rebuilt the GUID cache for 0 collections in 0.000001 seconds
[2016.02.18-00.41.06:400][  0]LogContentBrowser: Native class hierarchy populated in 0.0055 seconds. Added 1893 classes and 338 folders.
[2016.02.18-00.41.06:406][  0]LogContentBrowser: Native class hierarchy updated for 'WidgetCarousel' in 0.0003 seconds. Added 0 classes and 0 folders.
[2016.02.18-00.41.06:436][  0]LogContentBrowser: Native class hierarchy updated for 'AddContentDialog' in 0.0003 seconds. Added 0 classes and 0 folders.
[2016.02.18-00.41.06:440][  0]LogContentBrowser: Native class hierarchy updated for 'SceneOutliner' in 0.0002 seconds. Added 1 classes and 2 folders.
[2016.02.18-00.41.06:475][  0]LogCrashTracker: Crashtracker disabled due to settings.
[2016.02.18-00.41.06:477][  0]LogUObjectGlobals:Warning: Failed to find object 'Class None.'
[2016.02.18-00.41.06:499][  0]LogLoad: Full Startup: 6.32 seconds (BP compile: 0.03 seconds)
[2016.02.18-00.41.06:510][  0]LogOcInput: Can't find Oculus library dev build: is proper Runtime installed? Version: 0.8.0.0
[2016.02.18-00.41.06:545][  0]LogContentStreaming: Texture pool size now 400 MB
[2016.02.18-00.41.06:653][  0]LogRenderer: Reallocating scene render targets to support 912x468 (Frame:2).
[2016.02.18-00.41.06:786][  2]LogAssetRegistry: Asset discovery search completed in 4.0676 seconds
[2016.02.18-00.41.06:786][  2]LogCollectionManager: Rebuilt the object cache for 0 collections in 0.000010 seconds (found 0 objects)
[2016.02.18-00.41.06:786][  2]LogCollectionManager: Fixed up redirectors for 0 collections in 0.000023 seconds (updated 0 objects)
[2016.02.18-00.41.14:668][942]LogBlueprintUserMessages: Early PlayInEditor Detection: Level '/Game/StarterContent/Maps/Minimal_Default.Minimal_Default:PersistentLevel' has LevelScriptBlueprint '/Game/StarterContent/Maps/Minimal_Default.Minimal_Default:PersistentLevel.Minimal_Default' with GeneratedClass '/Game/StarterContent/Maps/Minimal_Default.Minimal_Default_C' with ClassGeneratedBy '/Game/StarterContent/Maps/Minimal_Default.Minimal_Default:PersistentLevel.Minimal_Default'
[2016.02.18-00.41.14:668][942]LogPlayLevel: PlayLevel: No blueprints needed recompiling
[2016.02.18-00.41.14:668][942]PIE: New page: PIE session: Minimal_Default (Feb 17, 2016, 2:41:14 PM)
[2016.02.18-00.41.14:668][942]LogPlayLevel: Creating play world package: /Game/StarterContent/Maps/UEDPIE_0_Minimal_Default
[2016.02.18-00.41.14:674][942]LogPlayLevel: PIE: StaticDuplicateObject took: (0.006430s)
[2016.02.18-00.41.14:675][942]LogAIModule: Creating AISystem for world Minimal_Default
[2016.02.18-00.41.14:675][942]LogPlayLevel: PIE: World Init took: (0.000655s)
[2016.02.18-00.41.14:675][942]LogPlayLevel: PIE: Created PIE world by copying editor world from /Game/StarterContent/Maps/Minimal_Default.Minimal_Default to /Game/StarterContent/Maps/UEDPIE_0_Minimal_Default.Minimal_Default (0.007249s)
[2016.02.18-00.41.14:696][942]LogInit: XAudio2 using 'Speakers (USB Audio Device)' : 2 channels at 44.1 kHz using 16 bits per sample (channel mask 0x3)
[2016.02.18-00.41.14:700][942]LogInit: FAudioDevice initialized.
[2016.02.18-00.41.14:810][942]LogWorld: Game class is 'GameMode'
[2016.02.18-00.41.14:813][942]LogWorld: Bringing World /Game/StarterContent/Maps/UEDPIE_0_Minimal_Default.Minimal_Default up for play (max tick rate 0) at 2016.02.17-19.41.14
[2016.02.18-00.41.14:813][942]LogActor:Warning: GameSession /Game/StarterContent/Maps/UEDPIE_0_Minimal_Default.Minimal_Default:PersistentLevel.GameSession_0 has natively added scene component(s), but none of them were set as the actor's RootComponent - picking one arbitrarily
[2016.02.18-00.41.14:813][942]LogActor:Warning: GameNetworkManager /Game/StarterContent/Maps/UEDPIE_0_Minimal_Default.Minimal_Default:PersistentLevel.GameNetworkManager_0 has natively added scene component(s), but none of them were set as the actor's RootComponent - picking one arbitrarily
[2016.02.18-00.41.14:814][942]LogWorld: Bringing up level for play took: 0.002790
[2016.02.18-00.41.14:827][942]PIE: Info Play in editor start time for /Game/StarterContent/Maps/UEDPIE_0_Minimal_Default 0.482
[2016.02.18-00.41.14:827][942]LogBlueprintUserMessages: Late PlayInEditor Detection: Level '/Game/StarterContent/Maps/Minimal_Default.Minimal_Default:PersistentLevel' has LevelScriptBlueprint '/Game/StarterContent/Maps/Minimal_Default.Minimal_Default:PersistentLevel.Minimal_Default' with GeneratedClass '/Game/StarterContent/Maps/Minimal_Default.Minimal_Default_C' with ClassGeneratedBy '/Game/StarterContent/Maps/Minimal_Default.Minimal_Default:PersistentLevel.Minimal_Default'
[2016.02.18-00.41.14:857][942]LogRenderer: Reallocating scene render targets to support 1276x656 (Frame:7).
[2016.02.18-00.41.14:878][943]LogRenderer: Reallocating scene render targets to support 3024x1680 (Frame:8).
[2016.02.18-00.41.14:880][944]LogRenderTargetPool:Warning: r.RenderTargetPoolMin exceeded 373/350 MB (ok in editor, bad on fixed memory platform)
[2016.02.18-00.41.18:796][ 24]LogBlueprintUserMessages: Early EndPlayMap Detection: Level '/Game/StarterContent/Maps/Minimal_Default.Minimal_Default:PersistentLevel' has LevelScriptBlueprint '/Game/StarterContent/Maps/Minimal_Default.Minimal_Default:PersistentLevel.Minimal_Default' with GeneratedClass '/Game/StarterContent/Maps/Minimal_Default.Minimal_Default_C' with ClassGeneratedBy '/Game/StarterContent/Maps/Minimal_Default.Minimal_Default:PersistentLevel.Minimal_Default'
[2016.02.18-00.41.18:871][ 24]LogBlueprintUserMessages: Late EndPlayMap Detection: Level '/Game/StarterContent/Maps/Minimal_Default.Minimal_Default:PersistentLevel' has LevelScriptBlueprint '/Game/StarterContent/Maps/Minimal_Default.Minimal_Default:PersistentLevel.Minimal_Default' with GeneratedClass '/Game/StarterContent/Maps/Minimal_Default.Minimal_Default_C' with ClassGeneratedBy '/Game/StarterContent/Maps/Minimal_Default.Minimal_Default:PersistentLevel.Minimal_Default'
[2016.02.18-00.41.18:882][ 24]LogParticles: Destroying 0 GPU particle simulations for FXSystem 0x000000056A899260
[2016.02.18-00.41.22:721][466]LogAIModule: Creating AISystem for world VR_Level
[2016.02.18-00.41.22:738][466]Cmd: MAP LOAD FILE="../../../../../../Users/demo/Documents/GitHub/practicevr/PracticeVR/Content/Levels/VR_Level.umap" TEMPLATE=0 SHOWPROGRESS=1 FEATURELEVEL=3
[2016.02.18-00.41.22:739][466]LightingResults: New page: Lighting Build
[2016.02.18-00.41.22:751][466]LoadErrors: New page: Loading map: VR_Level.umap
[2016.02.18-00.41.22:752][466]MapCheck: New page: Map Check
[2016.02.18-00.41.22:752][466]LightingResults: New page: Lighting Build
[2016.02.18-00.41.22:761][466]LogParticles: Destroying 0 GPU particle simulations for FXSystem 0x000000054EB8F100
[2016.02.18-00.41.22:787][466]LogEditorServer: Finished looking for orphan Actors (0.000 secs)
[2016.02.18-00.41.22:808][466]Cmd: MAP CHECKDEP NOCLEARLOG
[2016.02.18-00.41.22:842][466]MapCheck: Info Map check complete: 0 Error(s), 0 Warning(s), took 33.831ms to complete.
[2016.02.18-00.41.22:842][466]LogFileHelpers: Loading map 'VR_Level' took 0.105
[2016.02.18-00.41.22:869][467]LogRenderTargetPool:Warning: r.RenderTargetPoolMin exceeded 397/350 MB (ok in editor, bad on fixed memory platform)
[2016.02.18-00.41.25:270][752]LogPlayLevel: PlayLevel: No blueprints needed recompiling
[2016.02.18-00.41.25:270][752]PIE: New page: PIE session: VR_Level (Feb 17, 2016, 2:41:25 PM)
[2016.02.18-00.41.25:270][752]LogPlayLevel: Creating play world package: /Game/Levels/UEDPIE_0_VR_Level
[2016.02.18-00.41.25:272][752]LogPlayLevel: PIE: StaticDuplicateObject took: (0.001882s)
[2016.02.18-00.41.25:273][752]LogAIModule: Creating AISystem for world VR_Level
[2016.02.18-00.41.25:273][752]LogPlayLevel: PIE: World Init took: (0.000673s)
[2016.02.18-00.41.25:273][752]LogPlayLevel: PIE: Created PIE world by copying editor world from /Game/Levels/VR_Level.VR_Level to /Game/Levels/UEDPIE_0_VR_Level.VR_Level (0.002713s)
[2016.02.18-00.41.25:289][752]LogInit: XAudio2 using 'Speakers (USB Audio Device)' : 2 channels at 44.1 kHz using 16 bits per sample (channel mask 0x3)
[2016.02.18-00.41.25:293][752]LogInit: FAudioDevice initialized.
[2016.02.18-00.41.25:395][752]LogWorld: Game class is 'VR_GameMode_C'
[2016.02.18-00.41.25:398][752]LogWorld: Bringing World /Game/Levels/UEDPIE_0_VR_Level.VR_Level up for play (max tick rate 0) at 2016.02.17-19.41.25
[2016.02.18-00.41.25:398][752]LogActor:Warning: GameSession /Game/Levels/UEDPIE_0_VR_Level.VR_Level:PersistentLevel.GameSession_1 has natively added scene component(s), but none of them were set as the actor's RootComponent - picking one arbitrarily
[2016.02.18-00.41.25:398][752]LogActor:Warning: GameNetworkManager /Game/Levels/UEDPIE_0_VR_Level.VR_Level:PersistentLevel.GameNetworkManager_1 has natively added scene component(s), but none of them were set as the actor's RootComponent - picking one arbitrarily
[2016.02.18-00.41.25:398][752]LogWorld: Bringing up level for play took: 0.001736
[2016.02.18-00.41.25:415][752]PIE: Info Play in editor start time for /Game/Levels/UEDPIE_0_VR_Level 1.062
[2016.02.18-00.41.25:429][754]LogRenderTargetPool:Warning: r.RenderTargetPoolMin exceeded 448/350 MB (ok in editor, bad on fixed memory platform)
[2016.02.18-00.42.00:642][531]LogParticles: Destroying 0 GPU particle simulations for FXSystem 0x000000056A9AD6C0
[2016.02.18-00.42.01:410][618]LogPlayLevel: PlayLevel: No blueprints needed recompiling
[2016.02.18-00.42.01:410][618]PIE: New page: PIE session: VR_Level (Feb 17, 2016, 2:42:01 PM)
[2016.02.18-00.42.01:410][618]LogPlayLevel: Creating play world package: /Game/Levels/UEDPIE_0_VR_Level
[2016.02.18-00.42.01:412][618]LogPlayLevel: PIE: StaticDuplicateObject took: (0.001634s)
[2016.02.18-00.42.01:413][618]LogAIModule: Creating AISystem for world VR_Level
[2016.02.18-00.42.01:413][618]LogPlayLevel: PIE: World Init took: (0.000861s)
[2016.02.18-00.42.01:413][618]LogPlayLevel: PIE: Created PIE world by copying editor world from /Game/Levels/VR_Level.VR_Level to /Game/Levels/UEDPIE_0_VR_Level.VR_Level (0.002649s)
[2016.02.18-00.42.01:426][618]LogInit: XAudio2 using 'Speakers (USB Audio Device)' : 2 channels at 44.1 kHz using 16 bits per sample (channel mask 0x3)
[2016.02.18-00.42.01:430][618]LogInit: FAudioDevice initialized.
[2016.02.18-00.42.01:522][618]LogWorld: Game class is 'VR_GameMode_C'
[2016.02.18-00.42.01:524][618]LogWorld: Bringing World /Game/Levels/UEDPIE_0_VR_Level.VR_Level up for play (max tick rate 0) at 2016.02.17-19.42.01
[2016.02.18-00.42.01:524][618]LogActor:Warning: GameSession /Game/Levels/UEDPIE_0_VR_Level.VR_Level:PersistentLevel.GameSession_2 has natively added scene component(s), but none of them were set as the actor's RootComponent - picking one arbitrarily
[2016.02.18-00.42.01:524][618]LogActor:Warning: GameNetworkManager /Game/Levels/UEDPIE_0_VR_Level.VR_Level:PersistentLevel.GameNetworkManager_2 has natively added scene component(s), but none of them were set as the actor's RootComponent - picking one arbitrarily
[2016.02.18-00.42.01:524][618]LogWorld: Bringing up level for play took: 0.001423
[2016.02.18-00.42.01:535][618]PIE: Info Play in editor start time for /Game/Levels/UEDPIE_0_VR_Level -0.847
[2016.02.18-00.42.01:549][620]LogRenderTargetPool:Warning: r.RenderTargetPoolMin exceeded 448/350 MB (ok in editor, bad on fixed memory platform)
[2016.02.18-00.42.03:957][668]LogParticles: Destroying 0 GPU particle simulations for FXSystem 0x000000056A68E020
[2016.02.18-00.42.23:690][ 24]LogLinker:Warning: Asset '../../../Engine/Content/ArtTools/RenderToTexture/Macros/RenderToTextureMacros.uasset' has been saved with empty engine version. The asset will be loaded but may be incompatible.
[2016.02.18-00.42.24:016][ 24]LogContentBrowser: Native class hierarchy updated for 'BlueprintGraph' in 0.0006 seconds. Added 107 classes and 0 folders.
[2016.02.18-00.42.57:127][914]Cmd: OBJ SAVEPACKAGE PACKAGE="/Game/BluePrints/VR_Pawn" FILE="../../../../../../Users/demo/Documents/GitHub/practicevr/PracticeVR/Content/BluePrints/VR_Pawn.uasset" SILENT=true
[2016.02.18-00.42.57:177][914]LogSavePackage: Save=43.331123ms
[2016.02.18-00.42.57:177][914]LogSavePackage: Moving '../../../../../../Users/demo/Documents/GitHub/practicevr/PracticeVR/Saved/VR_PawnC030282840DBD6F8AEC9E19028659EAF.tmp' to '../../../../../../Users/demo/Documents/GitHub/practicevr/PracticeVR/Content/BluePrints/VR_Pawn.uasset'
[2016.02.18-00.42.57:181][914]LogSavePackage: Total save time: 53.027418ms
[2016.02.18-00.42.57:181][914]LogSavePackage:Display: Finished SavePackage ../../../../../../Users/demo/Documents/GitHub/practicevr/PracticeVR/Content/BluePrints/VR_Pawn.uasset
[2016.02.18-00.42.58:975][127]BlueprintLog: New page: Pre-Play auto-recompile
[2016.02.18-00.42.58:981][127]LogPlayLevel: [PlayLevel] Compiling VR_Pawn before play...
[2016.02.18-00.42.59:025][127]LogPlayLevel: PlayLevel: Blueprint regeneration took 50 ms (1 blueprints)
[2016.02.18-00.42.59:049][127]PIE: New page: PIE session: VR_Level (Feb 17, 2016, 2:42:59 PM)
[2016.02.18-00.42.59:050][127]LogPlayLevel: Creating play world package: /Game/Levels/UEDPIE_0_VR_Level
[2016.02.18-00.42.59:051][127]LogPlayLevel: PIE: StaticDuplicateObject took: (0.001805s)
[2016.02.18-00.42.59:052][127]LogAIModule: Creating AISystem for world VR_Level
[2016.02.18-00.42.59:052][127]LogPlayLevel: PIE: World Init took: (0.000693s)
[2016.02.18-00.42.59:052][127]LogPlayLevel: PIE: Created PIE world by copying editor world from /Game/Levels/VR_Level.VR_Level to /Game/Levels/UEDPIE_0_VR_Level.VR_Level (0.002727s)
[2016.02.18-00.42.59:078][127]LogInit: XAudio2 using 'Speakers (USB Audio Device)' : 2 channels at 44.1 kHz using 16 bits per sample (channel mask 0x3)
[2016.02.18-00.42.59:082][127]LogInit: FAudioDevice initialized.
[2016.02.18-00.42.59:169][127]LogWorld: Game class is 'VR_GameMode_C'
[2016.02.18-00.42.59:172][127]LogWorld: Bringing World /Game/Levels/UEDPIE_0_VR_Level.VR_Level up for play (max tick rate 0) at 2016.02.17-19.42.59
[2016.02.18-00.42.59:172][127]LogActor:Warning: GameSession /Game/Levels/UEDPIE_0_VR_Level.VR_Level:PersistentLevel.GameSession_3 has natively added scene component(s), but none of them were set as the actor's RootComponent - picking one arbitrarily
[2016.02.18-00.42.59:172][127]LogActor:Warning: GameNetworkManager /Game/Levels/UEDPIE_0_VR_Level.VR_Level:PersistentLevel.GameNetworkManager_3 has natively added scene component(s), but none of them were set as the actor's RootComponent - picking one arbitrarily
[2016.02.18-00.42.59:172][127]LogWorld: Bringing up level for play took: 0.001656
[2016.02.18-00.42.59:177][127]PIE: Info Play in editor start time for /Game/Levels/UEDPIE_0_VR_Level 0.749
[2016.02.18-00.42.59:191][129]LogRenderTargetPool:Warning: r.RenderTargetPoolMin exceeded 370/350 MB (ok in editor, bad on fixed memory platform)
[2016.02.18-00.43.29:706][808]LogRenderTargetPool:Warning: r.RenderTargetPoolMin exceeded 370/350 MB (ok in editor, bad on fixed memory platform)
[2016.02.18-00.43.31:926][858]LogRenderTargetPool:Warning: r.RenderTargetPoolMin exceeded 370/350 MB (ok in editor, bad on fixed memory platform)
[2016.02.18-00.44.55:943][679]LogParticles: Destroying 0 GPU particle simulations for FXSystem 0x000000054D16F7E0
[2016.02.18-00.44.59:318][ 81]LogPlayLevel: PlayLevel: No blueprints needed recompiling
[2016.02.18-00.44.59:318][ 81]PIE: New page: SIE session: VR_Level (Feb 17, 2016, 2:44:59 PM)
[2016.02.18-00.44.59:318][ 81]LogPlayLevel: Creating play world package: /Game/Levels/UEDPIE_0_VR_Level
[2016.02.18-00.44.59:320][ 81]LogPlayLevel: PIE: StaticDuplicateObject took: (0.001479s)
[2016.02.18-00.44.59:320][ 81]LogAIModule: Creating AISystem for world VR_Level
[2016.02.18-00.44.59:320][ 81]LogPlayLevel: PIE: World Init took: (0.000628s)
[2016.02.18-00.44.59:320][ 81]LogPlayLevel: PIE: Created PIE world by copying editor world from /Game/Levels/VR_Level.VR_Level to /Game/Levels/UEDPIE_0_VR_Level.VR_Level (0.002256s)
[2016.02.18-00.44.59:346][ 81]LogInit: XAudio2 using 'Speakers (USB Audio Device)' : 2 channels at 44.1 kHz using 16 bits per sample (channel mask 0x3)
[2016.02.18-00.44.59:350][ 81]LogInit: FAudioDevice initialized.
[2016.02.18-00.44.59:384][ 81]LogWorld: Game class is 'VR_GameMode_C'
[2016.02.18-00.44.59:386][ 81]LogWorld: Bringing World /Game/Levels/UEDPIE_0_VR_Level.VR_Level up for play (max tick rate 0) at 2016.02.17-19.44.59
[2016.02.18-00.44.59:386][ 81]LogActor:Warning: GameSession /Game/Levels/UEDPIE_0_VR_Level.VR_Level:PersistentLevel.GameSession_4 has natively added scene component(s), but none of them were set as the actor's RootComponent - picking one arbitrarily
[2016.02.18-00.44.59:386][ 81]LogActor:Warning: GameNetworkManager /Game/Levels/UEDPIE_0_VR_Level.VR_Level:PersistentLevel.GameNetworkManager_4 has natively added scene component(s), but none of them were set as the actor's RootComponent - picking one arbitrarily
[2016.02.18-00.44.59:386][ 81]LogWorld: Bringing up level for play took: 0.001296
[2016.02.18-00.44.59:387][ 81]PIE: Info Play in editor start time for /Game/Levels/UEDPIE_0_VR_Level 0.874
[2016.02.18-00.45.03:472][563]LogParticles: Destroying 0 GPU particle simulations for FXSystem 0x00000005146D3060
[2016.02.18-00.45.06:907][973]LogPlayLevel: PlayLevel: No blueprints needed recompiling
[2016.02.18-00.45.06:907][973]PIE: New page: PIE session: VR_Level (Feb 17, 2016, 2:45:06 PM)
[2016.02.18-00.45.06:907][973]LogPlayLevel: Creating play world package: /Game/Levels/UEDPIE_0_VR_Level
[2016.02.18-00.45.06:909][973]LogPlayLevel: PIE: StaticDuplicateObject took: (0.001316s)
[2016.02.18-00.45.06:909][973]LogAIModule: Creating AISystem for world VR_Level
[2016.02.18-00.45.06:909][973]LogPlayLevel: PIE: World Init took: (0.000471s)
[2016.02.18-00.45.06:909][973]LogPlayLevel: PIE: Created PIE world by copying editor world from /Game/Levels/VR_Level.VR_Level to /Game/Levels/UEDPIE_0_VR_Level.VR_Level (0.001937s)
[2016.02.18-00.45.06:934][973]LogInit: XAudio2 using 'Speakers (USB Audio Device)' : 2 channels at 44.1 kHz using 16 bits per sample (channel mask 0x3)
[2016.02.18-00.45.06:937][973]LogInit: FAudioDevice initialized.
[2016.02.18-00.45.07:035][973]LogWorld: Game class is 'VR_GameMode_C'
[2016.02.18-00.45.07:037][973]LogWorld: Bringing World /Game/Levels/UEDPIE_0_VR_Level.VR_Level up for play (max tick rate 0) at 2016.02.17-19.45.07
[2016.02.18-00.45.07:037][973]LogActor:Warning: GameSession /Game/Levels/UEDPIE_0_VR_Level.VR_Level:PersistentLevel.GameSession_5 has natively added scene component(s), but none of them were set as the actor's RootComponent - picking one arbitrarily
[2016.02.18-00.45.07:038][973]LogActor:Warning: GameNetworkManager /Game/Levels/UEDPIE_0_VR_Level.VR_Level:PersistentLevel.GameNetworkManager_5 has natively added scene component(s), but none of them were set as the actor's RootComponent - picking one arbitrarily
[2016.02.18-00.45.07:038][973]LogWorld: Bringing up level for play took: 0.001782
[2016.02.18-00.45.07:052][973]PIE: Info Play in editor start time for /Game/Levels/UEDPIE_0_VR_Level 0.537
[2016.02.18-00.45.07:072][975]LogRenderTargetPool:Warning: r.RenderTargetPoolMin exceeded 367/350 MB (ok in editor, bad on fixed memory platform)
[2016.02.18-00.45.13:094][ 98]LogRenderTargetPool:Warning: r.RenderTargetPoolMin exceeded 367/350 MB (ok in editor, bad on fixed memory platform)
[2016.02.18-00.45.38:283][551]LogRenderTargetPool:Warning: r.RenderTargetPoolMin exceeded 367/350 MB (ok in editor, bad on fixed memory platform)
[2016.02.18-00.45.59:955][942]LogParticles: Destroying 0 GPU particle simulations for FXSystem 0x00000005146D2E80
[2016.02.18-00.46.03:131][321]LogPlayLevel: PlayLevel: No blueprints needed recompiling
[2016.02.18-00.46.03:131][321]PIE: New page: PIE session: VR_Level (Feb 17, 2016, 2:46:03 PM)
[2016.02.18-00.46.03:131][321]LogPlayLevel: Creating play world package: /Game/Levels/UEDPIE_0_VR_Level
[2016.02.18-00.46.03:133][321]LogPlayLevel: PIE: StaticDuplicateObject took: (0.001539s)
[2016.02.18-00.46.03:133][321]LogAIModule: Creating AISystem for world VR_Level
[2016.02.18-00.46.03:133][321]LogPlayLevel: PIE: World Init took: (0.000692s)
[2016.02.18-00.46.03:134][321]LogPlayLevel: PIE: Created PIE world by copying editor world from /Game/Levels/VR_Level.VR_Level to /Game/Levels/UEDPIE_0_VR_Level.VR_Level (0.002444s)
[2016.02.18-00.46.03:157][321]LogInit: XAudio2 using 'Speakers (USB Audio Device)' : 2 channels at 44.1 kHz using 16 bits per sample (channel mask 0x3)
[2016.02.18-00.46.03:162][321]LogInit: FAudioDevice initialized.
[2016.02.18-00.46.03:255][321]LogWorld: Game class is 'VR_GameMode_C'
[2016.02.18-00.46.03:257][321]LogWorld: Bringing World /Game/Levels/UEDPIE_0_VR_Level.VR_Level up for play (max tick rate 0) at 2016.02.17-19.46.03
[2016.02.18-00.46.03:257][321]LogActor:Warning: GameSession /Game/Levels/UEDPIE_0_VR_Level.VR_Level:PersistentLevel.GameSession_6 has natively added scene component(s), but none of them were set as the actor's RootComponent - picking one arbitrarily
[2016.02.18-00.46.03:257][321]LogActor:Warning: GameNetworkManager /Game/Levels/UEDPIE_0_VR_Level.VR_Level:PersistentLevel.GameNetworkManager_6 has natively added scene component(s), but none of them were set as the actor's RootComponent - picking one arbitrarily
[2016.02.18-00.46.03:257][321]LogWorld: Bringing up level for play took: 0.001487
[2016.02.18-00.46.03:266][321]PIE: Info Play in editor start time for /Game/Levels/UEDPIE_0_VR_Level 0.734
[2016.02.18-00.46.03:277][323]LogRenderTargetPool:Warning: r.RenderTargetPoolMin exceeded 367/350 MB (ok in editor, bad on fixed memory platform)
[2016.02.18-00.46.06:207][396]LogParticles: Destroying 0 GPU particle simulations for FXSystem 0x00000005146D23E0
[2016.02.18-00.46.25:852][342]LogWindowsTextInputMethodSystem:Display: IME system now deactivated.
[2016.02.18-00.46.26:040][343]Cmd: QUIT_EDITOR
[2016.02.18-00.46.26:543][343]LogExit: Preparing to exit.
[2016.02.18-00.46.26:985][343]LogExit: Editor shut down
[2016.02.18-00.46.26:985][343]LogExit: Transaction tracking system shut down
[2016.02.18-00.46.26:987][343]LogParticles: Destroying 0 GPU particle simulations for FXSystem 0x000000054F516E80
[2016.02.18-00.46.26:988][343]LogParticles: Destroying 0 GPU particle simulations for FXSystem 0x000000054D16C2C0
[2016.02.18-00.46.26:988][343]LogParticles: Destroying 0 GPU particle simulations for FXSystem 0x000000056B2F3880
[2016.02.18-00.46.26:988][343]LogParticles: Destroying 0 GPU particle simulations for FXSystem 0x0000000572FF9E40
[2016.02.18-00.46.26:989][343]LogParticles: Destroying 0 GPU particle simulations for FXSystem 0x000000056B779120
[2016.02.18-00.46.27:124][343]LogExit: Object subsystem successfully closed.
[2016.02.18-00.46.27:142][343]LogD3D11RHI: Shutdown
[2016.02.18-00.46.27:142][343]LogD3D11RHI: CleanupD3DDevice
[2016.02.18-00.46.27:143][343]LogD3D11RHI: ~FD3D11DynamicRHI
[2016.02.18-00.46.27:155][343]LogModuleManager: Shutting down and abandoning module CookingStats (200)
[2016.02.18-00.46.27:155][343]LogModuleManager: Shutting down and abandoning module BlueprintGraph (199)
[2016.02.18-00.46.27:155][343]LogModuleManager: Shutting down and abandoning module CrashTracker (198)
[2016.02.18-00.46.27:155][343]LogModuleManager: Shutting down and abandoning module SceneOutliner (197)
[2016.02.18-00.46.27:155][343]LogModuleManager: Shutting down and abandoning module SuperSearch (196)
[2016.02.18-00.46.27:155][343]LogModuleManager: Shutting down and abandoning module WidgetCarousel (195)
[2016.02.18-00.46.27:155][343]LogModuleManager: Shutting down and abandoning module AddContentDialog (194)
[2016.02.18-00.46.27:156][343]LogModuleManager: Shutting down and abandoning module EditorWidgets (193)
[2016.02.18-00.46.27:156][343]LogModuleManager: Shutting down and abandoning module CollectionManager (192)
[2016.02.18-00.46.27:156][343]LogModuleManager: Shutting down and abandoning module StatsViewer (191)
[2016.02.18-00.46.27:156][343]LogModuleManager: Shutting down and abandoning module FoliageEdit (190)
[2016.02.18-00.46.27:156][343]LogModuleManager: Shutting down and abandoning module LandscapeEditor (189)
[2016.02.18-00.46.27:156][343]LogModuleManager: Shutting down and abandoning module ActorPickerMode (188)
[2016.02.18-00.46.27:156][343]LogModuleManager: Shutting down and abandoning module GeometryMode (187)
[2016.02.18-00.46.27:156][343]LogModuleManager: Shutting down and abandoning module TextureAlignMode (186)
[2016.02.18-00.46.27:156][343]LogModuleManager: Shutting down and abandoning module BspMode (185)
[2016.02.18-00.46.27:156][343]LogModuleManager: Shutting down and abandoning module PlacementMode (184)
[2016.02.18-00.46.27:156][343]LogModuleManager: Shutting down and abandoning module AutomationWorker (183)
[2016.02.18-00.46.27:156][343]LogModuleManager: Shutting down and abandoning module CharacterAI (182)
[2016.02.18-00.46.27:156][343]LogModuleManager: Shutting down and abandoning module SmartSnapping (181)
[2016.02.18-00.46.27:156][343]LogModuleManager: Shutting down and abandoning module ViewportSnapping (180)
[2016.02.18-00.46.27:156][343]LogModuleManager: Shutting down and abandoning module LogVisualizer (179)
[2016.02.18-00.46.27:156][343]LogModuleManager: Shutting down and abandoning module GameProjectGeneration (178)
[2016.02.18-00.46.27:156][343]LogModuleManager: Shutting down and abandoning module IntroTutorials (177)
[2016.02.18-00.46.27:156][343]LogModuleManager: Shutting down and abandoning module EditorLiveStreaming (176)
[2016.02.18-00.46.27:156][343]LogModuleManager: Shutting down and abandoning module IOSPlatformEditor (175)
[2016.02.18-00.46.27:156][343]LogModuleManager: Shutting down and abandoning module HTML5PlatformEditor (174)
[2016.02.18-00.46.27:157][343]LogModuleManager: Shutting down and abandoning module AndroidDeviceDetection (173)
[2016.02.18-00.46.28:118][343]LogModuleManager: Shutting down and abandoning module AndroidPlatformEditor (172)
[2016.02.18-00.46.28:118][343]LogModuleManager: Shutting down and abandoning module IOSRuntimeSettings (171)
[2016.02.18-00.46.28:118][343]LogModuleManager: Shutting down and abandoning module AndroidRuntimeSettings (170)
[2016.02.18-00.46.28:118][343]LogModuleManager: Shutting down and abandoning module MergeActors (169)
[2016.02.18-00.46.28:118][343]LogModuleManager: Shutting down and abandoning module SizeMap (168)
[2016.02.18-00.46.28:118][343]LogModuleManager: Shutting down and abandoning module TreeMap (167)
[2016.02.18-00.46.28:118][343]LogModuleManager: Shutting down and abandoning module ReferenceViewer (166)
[2016.02.18-00.46.28:118][343]LogModuleManager: Shutting down and abandoning module LocalizationService (165)
[2016.02.18-00.46.28:118][343]LogModuleManager: Shutting down and abandoning module LocalizationDashboard (164)
[2016.02.18-00.46.28:118][343]LogModuleManager: Shutting down and abandoning module HardwareTargeting (163)
[2016.02.18-00.46.28:118][343]LogModuleManager: Shutting down and abandoning module DeviceProfileEditor (162)
[2016.02.18-00.46.28:118][343]LogModuleManager: Shutting down and abandoning module UndoHistory (161)
[2016.02.18-00.46.28:118][343]LogModuleManager: Shutting down and abandoning module GameplayTagsEditor (160)
[2016.02.18-00.46.28:118][343]LogModuleManager: Shutting down and abandoning module UserFeedback (159)
[2016.02.18-00.46.28:118][343]LogModuleManager: Shutting down and abandoning module XmlParser (158)
[2016.02.18-00.46.28:118][343]LogModuleManager: Shutting down and abandoning module Blutility (157)
[2016.02.18-00.46.28:118][343]LogModuleManager: Shutting down and abandoning module ProjectTargetPlatformEditor (156)
[2016.02.18-00.46.28:118][343]LogModuleManager: Shutting down and abandoning module ProjectSettingsViewer (155)
[2016.02.18-00.46.28:118][343]LogModuleManager: Shutting down and abandoning module InputBindingEditor (154)
[2016.02.18-00.46.28:118][343]LogModuleManager: Shutting down and abandoning module EditorSettingsViewer (153)
[2016.02.18-00.46.28:118][343]LogModuleManager: Shutting down and abandoning module SettingsEditor (152)
[2016.02.18-00.46.28:118][343]LogModuleManager: Shutting down and abandoning module ProjectLauncher (151)
[2016.02.18-00.46.28:118][343]LogModuleManager: Shutting down and abandoning module SessionFrontend (150)
[2016.02.18-00.46.28:118][343]LogModuleManager: Shutting down and abandoning module ProfilerClient (149)
[2016.02.18-00.46.28:118][343]LogModuleManager: Shutting down and abandoning module TargetDeviceServices (148)
[2016.02.18-00.46.28:118][343]LogModuleManager: Shutting down and abandoning module DeviceManager (147)
[2016.02.18-00.46.28:118][343]LogModuleManager: Shutting down and abandoning module AutomationController (146)
[2016.02.18-00.46.28:118][343]LogModuleManager: Shutting down and abandoning module AutomationWindow (145)
[2016.02.18-00.46.28:118][343]LogModuleManager: Shutting down and abandoning module Layers (144)
[2016.02.18-00.46.28:118][343]LogModuleManager: Shutting down and abandoning module ComponentVisualizers (143)
[2016.02.18-00.46.28:118][343]LogModuleManager: Shutting down and abandoning module DetailCustomizations (142)
[2016.02.18-00.46.28:118][343]LogModuleManager: Shutting down and abandoning module PackagesDialog (141)
[2016.02.18-00.46.28:118][343]LogModuleManager: Shutting down and abandoning module Persona (140)
[2016.02.18-00.46.28:118][343]LogModuleManager: Shutting down and abandoning module Kismet (139)
[2016.02.18-00.46.28:118][343]LogModuleManager: Shutting down and abandoning module GraphEditor (138)
[2016.02.18-00.46.28:118][343]LogModuleManager: Shutting down and abandoning module ClassViewer (137)
[2016.02.18-00.46.28:118][343]LogModuleManager: Shutting down and abandoning module Toolbox (136)
[2016.02.18-00.46.28:118][343]LogModuleManager: Shutting down and abandoning module ModuleUI (135)
[2016.02.18-00.46.28:118][343]LogModuleManager: Shutting down and abandoning module MovieSceneTools (134)
[2016.02.18-00.46.28:118][343]LogModuleManager: Shutting down and abandoning module OutputLog (133)
[2016.02.18-00.46.28:118][343]LogModuleManager: Shutting down and abandoning module GammaUI (132)
[2016.02.18-00.46.28:118][343]LogModuleManager: Shutting down and abandoning module Documentation (131)
[2016.02.18-00.46.28:119][343]LogModuleManager: Shutting down and abandoning module GameLiveStreaming (130)
[2016.02.18-00.46.28:119][343]LogModuleManager: Shutting down and abandoning module StreamingPauseRendering (129)
[2016.02.18-00.46.28:119][343]LogModuleManager: Shutting down and abandoning module AnalyticsET (128)
[2016.02.18-00.46.28:119][343]LogModuleManager: Shutting down and abandoning module Analytics (127)
[2016.02.18-00.46.28:119][343]LogModuleManager: Shutting down and abandoning module AITestSuite (126)
[2016.02.18-00.46.28:119][343]LogModuleManager: Shutting down and abandoning module GameplayDebugger (125)
[2016.02.18-00.46.28:119][343]LogModuleManager: Shutting down and abandoning module AIModule (124)
[2016.02.18-00.46.28:119][343]LogModuleManager: Shutting down and abandoning module ProfilerService (123)
[2016.02.18-00.46.28:327][343]LogModuleManager: Shutting down and abandoning module TaskGraph (122)
[2016.02.18-00.46.28:327][343]LogModuleManager: Shutting down and abandoning module SlateRemote (121)
[2016.02.18-00.46.28:327][343]LogModuleManager: Shutting down and abandoning module SteamVRController (120)
[2016.02.18-00.46.28:327][343]LogModuleManager: Shutting down and abandoning module SteamVR (119)
[2016.02.18-00.46.28:327][343]LogModuleManager: Shutting down and abandoning module ProceduralMeshComponent (118)
[2016.02.18-00.46.28:327][343]LogModuleManager: Shutting down and abandoning module OculusLibrary (117)
[2016.02.18-00.46.28:327][343]LogModuleManager: Shutting down and abandoning module OculusInput (116)
[2016.02.18-00.46.28:327][343]LogModuleManager: Shutting down and abandoning module LeapMotionController (115)
[2016.02.18-00.46.28:336][343]LogModuleManager: Shutting down and abandoning module CustomMeshComponent (114)
[2016.02.18-00.46.28:336][343]LogModuleManager: Shutting down and abandoning module CableComponent (113)
[2016.02.18-00.46.28:336][343]LogModuleManager: Shutting down and abandoning module ArchVisCharacter (112)
[2016.02.18-00.46.28:336][343]LogModuleManager: Shutting down and abandoning module MessagingDebugger (111)
[2016.02.18-00.46.28:336][343]LogModuleManager: Shutting down and abandoning module MediaPlayerEditor (110)
[2016.02.18-00.46.28:336][343]LogModuleManager: Shutting down and abandoning module HTML5Networking (109)
[2016.02.18-00.46.28:336][343]LogModuleManager: Shutting down and abandoning module SpeedTreeImporter (108)
[2016.02.18-00.46.28:336][343]LogModuleManager: Shutting down and abandoning module PluginBrowser (107)
[2016.02.18-00.46.28:336][343]LogModuleManager: Shutting down and abandoning module EpicSurvey (106)
[2016.02.18-00.46.28:336][343]LogModuleManager: Shutting down and abandoning module DesktopPlatform (105)
[2016.02.18-00.46.28:336][343]LogModuleManager: Shutting down and abandoning module VisualStudioSourceCodeAccess (104)
[2016.02.18-00.46.28:336][343]LogModuleManager: Shutting down and abandoning module UObjectPlugin (103)
[2016.02.18-00.46.28:336][343]LogModuleManager: Shutting down and abandoning module SubversionSourceControl (102)
[2016.02.18-00.46.28:336][343]LogModuleManager: Shutting down and abandoning module PerforceSourceControl (101)
[2016.02.18-00.46.28:336][343]LogModuleManager: Shutting down and abandoning module SourceControl (100)
[2016.02.18-00.46.28:336][343]LogModuleManager: Shutting down and abandoning module GitSourceControl (99)
[2016.02.18-00.46.28:336][343]LogModuleManager: Shutting down and abandoning module LightPropagationVolumeEditor (98)
[2016.02.18-00.46.28:336][343]LogModuleManager: Shutting down and abandoning module PaperTiledImporter (97)
[2016.02.18-00.46.28:336][343]LogModuleManager: Shutting down and abandoning module PaperSpriteSheetImporter (96)
[2016.02.18-00.46.28:336][343]LogModuleManager: Shutting down and abandoning module MeshPaint (95)
[2016.02.18-00.46.28:336][343]LogModuleManager: Shutting down and abandoning module SlateReflector (94)
[2016.02.18-00.46.28:336][343]LogModuleManager: Shutting down and abandoning module HotReload (93)
[2016.02.18-00.46.28:336][343]LogModuleManager: Shutting down and abandoning module MainFrame (92)
[2016.02.18-00.46.28:336][343]LogModuleManager: Shutting down and abandoning module LevelEditor (91)
[2016.02.18-00.46.28:337][343]LogModuleManager: Shutting down and abandoning module DirectoryWatcher (90)
[2016.02.18-00.46.28:339][343]LogModuleManager: Shutting down and abandoning module AssetRegistry (89)
[2016.02.18-00.46.28:482][343]LogModuleManager: Shutting down and abandoning module ContentBrowser (88)
[2016.02.18-00.46.28:482][343]LogModuleManager: Shutting down and abandoning module Paper2DEditor (87)
[2016.02.18-00.46.28:482][343]LogModuleManager: Shutting down and abandoning module UdpMessaging (86)
[2016.02.18-00.46.28:584][343]LogModuleManager: Shutting down and abandoning module LightPropagationVolumeRuntime (85)
[2016.02.18-00.46.28:584][343]LogModuleManager: Shutting down and abandoning module Paper2D (84)
[2016.02.18-00.46.28:584][343]LogModuleManager: Shutting down and abandoning module WindowsMoviePlayer (83)
[2016.02.18-00.46.28:586][343]LogModuleManager: Shutting down and abandoning module Media (82)
[2016.02.18-00.46.28:586][343]LogModuleManager: Shutting down and abandoning module WmfMedia (81)
[2016.02.18-00.46.28:586][343]LogModuleManager: Shutting down and abandoning module OnlineBlueprintSupport (80)
[2016.02.18-00.46.28:586][343]LogModuleManager: Shutting down and abandoning module GameplayTasksEditor (79)
[2016.02.18-00.46.28:586][343]LogModuleManager: Shutting down and abandoning module PropertyEditor (78)
[2016.02.18-00.46.28:586][343]LogModuleManager: Shutting down and abandoning module BehaviorTreeEditor (77)
[2016.02.18-00.46.28:586][343]LogModuleManager: Shutting down and abandoning module FunctionalTesting (76)
[2016.02.18-00.46.28:586][343]LogModuleManager: Shutting down and abandoning module CollisionAnalyzer (75)
[2016.02.18-00.46.28:586][343]LogModuleManager: Shutting down and abandoning module WorkspaceMenuStructure (74)
[2016.02.18-00.46.28:586][343]LogModuleManager: Shutting down and abandoning module MessageLog (73)
[2016.02.18-00.46.28:586][343]LogModuleManager: Shutting down and abandoning module Sequencer (72)
[2016.02.18-00.46.28:586][343]LogModuleManager: Shutting down and abandoning module AssetTools (71)
[2016.02.18-00.46.28:586][343]LogModuleManager: Shutting down and abandoning module UMGEditor (70)
[2016.02.18-00.46.28:586][343]LogModuleManager: Shutting down and abandoning module UMG (69)
[2016.02.18-00.46.28:586][343]LogModuleManager: Shutting down and abandoning module Slate (68)
[2016.02.18-00.46.28:586][343]LogModuleManager: Shutting down and abandoning module EditorStyle (67)
[2016.02.18-00.46.28:587][343]LogModuleManager: Shutting down and abandoning module SessionServices (66)
[2016.02.18-00.46.28:587][343]LogModuleManager: Shutting down and abandoning module SourceCodeAccess (65)
[2016.02.18-00.46.28:587][343]LogModuleManager: Shutting down and abandoning module HeadMountedDisplay (64)
[2016.02.18-00.46.28:587][343]LogModuleManager: Shutting down and abandoning module XAudio2 (63)
[2016.02.18-00.46.28:587][343]LogModuleManager: Shutting down and abandoning module Networking (61)
[2016.02.18-00.46.28:587][343]LogModuleManager: Shutting down and abandoning module Core (60)
[2016.02.18-00.46.28:587][343]LogModuleManager: Shutting down and abandoning module KismetCompiler (59)
[2016.02.18-00.46.28:587][343]LogModuleManager: Shutting down and abandoning module PhysXFormats (58)
[2016.02.18-00.46.28:587][343]LogModuleManager: Shutting down and abandoning module MeshUtilities (57)
[2016.02.18-00.46.28:587][343]LogModuleManager: Shutting down and abandoning module DerivedDataCache (56)
[2016.02.18-00.46.28:617][343]LogDerivedDataCache: Shutdown
[2016.02.18-00.46.28:617][343]LogModuleManager: Shutting down and abandoning module ShaderFormatOpenGL (55)
[2016.02.18-00.46.28:617][343]LogModuleManager: Shutting down and abandoning module ShaderFormatD3D (54)
[2016.02.18-00.46.28:617][343]LogModuleManager: Shutting down and abandoning module MetalShaderFormat (53)
[2016.02.18-00.46.28:617][343]LogModuleManager: Shutting down and abandoning module TextureFormatUncompressed (52)
[2016.02.18-00.46.28:617][343]LogModuleManager: Shutting down and abandoning module TextureFormatPVR (51)
[2016.02.18-00.46.28:617][343]LogModuleManager: Shutting down and abandoning module TextureFormatIntelISPCTexComp (50)
[2016.02.18-00.46.28:617][343]LogModuleManager: Shutting down and abandoning module TextureFormatDXT (49)
[2016.02.18-00.46.28:617][343]LogModuleManager: Shutting down and abandoning module ImageWrapper (48)
[2016.02.18-00.46.28:617][343]LogModuleManager: Shutting down and abandoning module TextureFormatASTC (47)
[2016.02.18-00.46.28:617][343]LogModuleManager: Shutting down and abandoning module TextureFormatAndroid (46)
[2016.02.18-00.46.28:617][343]LogModuleManager: Shutting down and abandoning module AudioFormatOpus (45)
[2016.02.18-00.46.28:617][343]LogModuleManager: Shutting down and abandoning module AudioFormatOgg (44)
[2016.02.18-00.46.28:617][343]LogModuleManager: Shutting down and abandoning module AudioFormatADPCM (43)
[2016.02.18-00.46.28:617][343]LogModuleManager: Shutting down and abandoning module LinuxTargetPlatform (42)
[2016.02.18-00.46.28:617][343]LogModuleManager: Shutting down and abandoning module LinuxServerTargetPlatform (41)
[2016.02.18-00.46.28:617][343]LogModuleManager: Shutting down and abandoning module LinuxNoEditorTargetPlatform (40)
[2016.02.18-00.46.28:617][343]LogModuleManager: Shutting down and abandoning module Messaging (39)
[2016.02.18-00.46.28:617][343]LogModuleManager: Shutting down and abandoning module IOSTargetPlatform (38)
[2016.02.18-00.46.28:617][343]LogModuleManager: Shutting down and abandoning module HTML5TargetPlatform (37)
[2016.02.18-00.46.28:617][343]LogModuleManager: Shutting down and abandoning module Android_PVRTCTargetPlatform (36)
[2016.02.18-00.46.28:617][343]LogModuleManager: Shutting down and abandoning module Android_MultiTargetPlatform (35)
[2016.02.18-00.46.28:617][343]LogModuleManager: Shutting down and abandoning module Android_ETC2TargetPlatform (34)
[2016.02.18-00.46.28:617][343]LogModuleManager: Shutting down and abandoning module Android_ETC1TargetPlatform (33)
[2016.02.18-00.46.28:617][343]LogModuleManager: Shutting down and abandoning module Android_DXTTargetPlatform (32)
[2016.02.18-00.46.28:617][343]LogModuleManager: Shutting down and abandoning module Android_ATCTargetPlatform (31)
[2016.02.18-00.46.28:617][343]LogModuleManager: Shutting down and abandoning module Android_ASTCTargetPlatform (30)
[2016.02.18-00.46.28:617][343]LogModuleManager: Shutting down and abandoning module AndroidTargetPlatform (29)
[2016.02.18-00.46.28:617][343]LogModuleManager: Shutting down and abandoning module WindowsTargetPlatform (28)
[2016.02.18-00.46.28:617][343]LogModuleManager: Shutting down and abandoning module WindowsServerTargetPlatform (27)
[2016.02.18-00.46.28:617][343]LogModuleManager: Shutting down and abandoning module WindowsNoEditorTargetPlatform (26)
[2016.02.18-00.46.28:617][343]LogModuleManager: Shutting down and abandoning module WindowsClientTargetPlatform (25)
[2016.02.18-00.46.28:617][343]LogModuleManager: Shutting down and abandoning module AllDesktopTargetPlatform (24)
[2016.02.18-00.46.28:617][343]LogModuleManager: Shutting down and abandoning module TargetPlatform (23)
[2016.02.18-00.46.28:617][343]LogModuleManager: Shutting down and abandoning module InputCore (22)
[2016.02.18-00.46.28:617][343]LogModuleManager: Shutting down and abandoning module Settings (21)
[2016.02.18-00.46.28:617][343]LogModuleManager: Shutting down and abandoning module OnlineSubsystem (19)
[2016.02.18-00.46.28:617][343]LogModuleManager: Shutting down and abandoning module HTTP (18)
[2016.02.18-00.46.29:620][343]LogModuleManager: Shutting down and abandoning module XMPP (17)
[2016.02.18-00.46.29:620][343]LogModuleManager: Shutting down and abandoning module OculusRift (16)
[2016.02.18-00.46.29:620][343]LogModuleManager: Shutting down and abandoning module ExampleDeviceProfileSelector (15)
[2016.02.18-00.46.29:620][343]LogModuleManager: Shutting down and abandoning module TextureCompressor (14)
[2016.02.18-00.46.29:620][343]LogModuleManager: Shutting down and abandoning module ShaderCore (13)
[2016.02.18-00.46.29:620][343]LogModuleManager: Shutting down and abandoning module Landscape (12)
[2016.02.18-00.46.29:620][343]LogModuleManager: Shutting down and abandoning module SlateRHIRenderer (11)
[2016.02.18-00.46.29:621][343]LogModuleManager: Shutting down and abandoning module OpenGLDrv (10)
[2016.02.18-00.46.29:621][343]LogModuleManager: Shutting down and abandoning module D3D11RHI (9)
[2016.02.18-00.46.29:621][343]LogModuleManager: Shutting down and abandoning module AnimGraphRuntime (8)
[2016.02.18-00.46.29:621][343]LogModuleManager: Shutting down and abandoning module Renderer (7)
[2016.02.18-00.46.29:621][343]LogModuleManager: Shutting down and abandoning module Engine (6)
[2016.02.18-00.46.29:621][343]LogModuleManager: Shutting down and abandoning module CoreUObject (5)
[2016.02.18-00.46.29:621][343]LogModuleManager: Shutting down and abandoning module NetworkFile (4)
[2016.02.18-00.46.29:621][343]LogModuleManager: Shutting down and abandoning module StreamingFile (3)
[2016.02.18-00.46.29:621][343]LogModuleManager: Shutting down and abandoning module SandboxFile (2)
[2016.02.18-00.46.29:621][343]LogModuleManager: Shutting down and abandoning module PakFile (1)
[2016.02.18-00.46.29:622][343]LogExit: Exiting.
[2016.02.18-00.46.29:632][343]Log file closed, 02/17/16 19:46:29
