[2016.02.17-22.46.14:930][  0]Log file open, 02/17/16 17:46:14
[2016.02.17-22.46.14:930][  0]LogInit:Display: Running engine for game: PracticeVR
[2016.02.17-22.46.14:930][  0]LogPlatformFile: Not using cached read wrapper
[2016.02.17-22.46.14:930][  0]LogInit:Display: RandInit(-1302532434) SRandInit(-1302532433).
[2016.02.17-22.46.14:930][  0]LogTaskGraph: Started task graph with 4 named threads and 7 total threads.
[2016.02.17-22.46.14:930][  0]LogStats: Stats thread started at 0.069774
[2016.02.17-22.46.14:930][  0]LogInit: Version: 4.10.2-2818068+++depot+UE4-Releases+4.10
[2016.02.17-22.46.14:930][  0]LogInit: API Version: 2758231
[2016.02.17-22.46.14:930][  0]LogInit: Compiled (64-bit): Jan  6 2016 17:36:42
[2016.02.17-22.46.14:930][  0]LogInit: Compiled with Visual C++: 19.00.23026.00
[2016.02.17-22.46.14:930][  0]LogInit: Build Configuration: Development
[2016.02.17-22.46.14:930][  0]LogInit: Branch Name: ++depot+UE4-Releases+4.10
[2016.02.17-22.46.14:930][  0]LogInit: Command line:  
[2016.02.17-22.46.14:930][  0]LogInit: Base directory: C:/Program Files (x86)/Epic Games/4.10/Engine/Binaries/Win64/
[2016.02.17-22.46.14:930][  0]LogInit: Rocket: 1
[2016.02.17-22.46.14:936][  0]LogInit: Using libcurl 7.41.0
[2016.02.17-22.46.14:936][  0]LogInit:  - built for x86_64-pc-win32
[2016.02.17-22.46.14:936][  0]LogInit:  - supports SSL with WinSSL
[2016.02.17-22.46.14:936][  0]LogInit:  - other features:
[2016.02.17-22.46.14:936][  0]LogInit:      CURL_VERSION_SSL
[2016.02.17-22.46.14:936][  0]LogInit:      CURL_VERSION_IPV6
[2016.02.17-22.46.14:936][  0]LogInit:      CURL_VERSION_ASYNCHDNS
[2016.02.17-22.46.14:936][  0]LogInit:      CURL_VERSION_LARGEFILE
[2016.02.17-22.46.14:936][  0]LogInit:      CURL_VERSION_IDN
[2016.02.17-22.46.14:936][  0]LogInit:  CurlRequestOptions (configurable via config and command line):
[2016.02.17-22.46.14:936][  0]LogInit:  - bVerifyPeer = true  - Libcurl will verify peer certificate
[2016.02.17-22.46.14:936][  0]LogInit:  - bUseHttpProxy = false  - Libcurl will NOT use HTTP proxy
[2016.02.17-22.46.14:936][  0]LogInit:  - bDontReuseConnections = false  - Libcurl will reuse connections
[2016.02.17-22.46.14:936][  0]LogInit:  - CertBundlePath = nullptr  - Libcurl will use whatever was configured at build time.
[2016.02.17-22.46.14:941][  0]LogInit: Presizing for 0 objects not considered by GC, pre-allocating 0 bytes.
[2016.02.17-22.46.14:946][  0]LogInit: Object subsystem initialized
[2016.02.17-22.46.14:947][  0]LogInit: Selected Device Profile: [Windows]
[2016.02.17-22.46.14:947][  0]LogInit: Applying CVar settings loaded from the selected device profile: [Windows]
[2016.02.17-22.46.14:956][  0]LogInit: Computer: ETC-WIN10-006
[2016.02.17-22.46.14:956][  0]LogInit: User: demo
[2016.02.17-22.46.14:956][  0]LogInit: CPU Page size=4096, Cores=4
[2016.02.17-22.46.14:956][  0]LogInit: High frequency timer resolution =3.507525 MHz
[2016.02.17-22.46.14:956][  0]LogMemory: Memory total: Physical=15.9GB (16GB approx)
[2016.02.17-22.46.14:956][  0]LogMemory: Platform Memory Stats for Windows
[2016.02.17-22.46.14:956][  0]LogMemory: Process Physical Memory: 55.80 MB used, 55.80 MB peak
[2016.02.17-22.46.14:956][  0]LogMemory: Process Virtual Memory: 56.84 MB used, 56.84 MB peak
[2016.02.17-22.46.14:956][  0]LogMemory: Physical Memory: 4181.43 MB used, 16326.10 MB total
[2016.02.17-22.46.14:956][  0]LogMemory: Virtual Memory: 379.68 MB used, 134217728.00 MB total
[2016.02.17-22.46.14:980][  0]LogTextLocalizationManager: No specific translations for ('en-US') exist, so ('en') translations will be used.
[2016.02.17-22.46.15:334][  0]LogD3D11RHI: Found D3D11 adapter 0: NVIDIA GeForce GTX 745 (Feature Level 11_0)
[2016.02.17-22.46.15:334][  0]LogD3D11RHI: Adapter has 4035MB of dedicated video memory, 0MB of dedicated system memory, and 8163MB of shared system memory, 2 output[s]
[2016.02.17-22.46.15:335][  0]LogD3D11RHI: Found D3D11 adapter 1: Microsoft Basic Render Driver (Feature Level 11_0)
[2016.02.17-22.46.15:335][  0]LogD3D11RHI: Adapter has 0MB of dedicated video memory, 0MB of dedicated system memory, and 8163MB of shared system memory, 0 output[s]
[2016.02.17-22.46.15:335][  0]LogD3D11RHI: Chosen D3D11 Adapter Id = 0
[2016.02.17-22.46.15:338][  0]LogD3D11RHI: !Direct3DDevice
[2016.02.17-22.46.15:338][  0]LogRHI: Texture pool is 1361 MB (70% of 1945 MB)
[2016.02.17-22.46.15:352][  0]LogD3D11RHI: Async texture creation enabled
[2016.02.17-22.46.15:367][  0]LogShaderCompilers: Guid format shader working directory is -22 characters bigger than the processId version (../../../../../../Users/demo/Documents/GitHub/practicevr/PracticeVR/Intermediate/Shaders/WorkingDirectory/5640/).
[2016.02.17-22.46.15:367][  0]LogShaderCompilers: Cleaned the shader compiler working directory 'C:/Users/demo/AppData/Local/Temp/UnrealShaderWorkingDir/B2DBF1184600ED8213A1F8800D61F21A/'.
[2016.02.17-22.46.15:367][  0]LogShaderCompilers:Display: Using Local Shader Compiler.
[2016.02.17-22.46.15:940][  0]LogTemp:Display: Loaded TP AllDesktopTargetPlatform
[2016.02.17-22.46.15:944][  0]LogTemp:Display: Loaded TP WindowsClientTargetPlatform
[2016.02.17-22.46.15:947][  0]LogTemp:Display: Loaded TP WindowsNoEditorTargetPlatform
[2016.02.17-22.46.15:951][  0]LogTemp:Display: Loaded TP WindowsServerTargetPlatform
[2016.02.17-22.46.15:955][  0]LogTemp:Display: Loaded TP WindowsTargetPlatform
[2016.02.17-22.46.15:957][  0]LogTemp:Display: Loaded TP AndroidTargetPlatform
[2016.02.17-22.46.15:959][  0]LogTemp:Display: Loaded TP Android_ASTCTargetPlatform
[2016.02.17-22.46.15:962][  0]LogTemp:Display: Loaded TP Android_ATCTargetPlatform
[2016.02.17-22.46.15:964][  0]LogTemp:Display: Loaded TP Android_DXTTargetPlatform
[2016.02.17-22.46.15:967][  0]LogTemp:Display: Loaded TP Android_ETC1TargetPlatform
[2016.02.17-22.46.15:969][  0]LogTemp:Display: Loaded TP Android_ETC2TargetPlatform
[2016.02.17-22.46.15:974][  0]LogTemp:Display: Loaded TP Android_MultiTargetPlatform
[2016.02.17-22.46.15:974][  0]LogTemp:Display: Loaded TP Android_PVRTCTargetPlatform
[2016.02.17-22.46.15:974][  0]LogTemp:Display: Loaded TP HTML5TargetPlatform
[2016.02.17-22.46.15:991][  0]LogTemp:Display: Loaded TP IOSTargetPlatform
[2016.02.17-22.46.15:992][  0]LogTemp:Display: Loaded TP LinuxNoEditorTargetPlatform
[2016.02.17-22.46.15:995][  0]LogTemp:Display: Loaded TP LinuxServerTargetPlatform
[2016.02.17-22.46.15:997][  0]LogTemp:Display: Loaded TP LinuxTargetPlatform
[2016.02.17-22.46.15:997][  0]LogTargetPlatformManager:Display: Building Assets For Windows
[2016.02.17-22.46.16:058][  0]LogDerivedDataCache:Display: Max Cache Size: 512 MB
[2016.02.17-22.46.16:094][  0]LogDerivedDataCache: Loaded boot cache 0.04s 41MB C:/Users/demo/AppData/Local/UnrealEngine/4.10/DerivedDataCache/Boot.ddc.
[2016.02.17-22.46.16:094][  0]LogDerivedDataCache:Display: Loaded Boot cache: C:/Users/demo/AppData/Local/UnrealEngine/4.10/DerivedDataCache/Boot.ddc
[2016.02.17-22.46.16:094][  0]LogDerivedDataCache: FDerivedDataBackendGraph:  Pak pak cache file ../../../../../../Users/demo/Documents/GitHub/practicevr/PracticeVR/DerivedDataCache/DDC.ddp not found, will not use a pak cache.
[2016.02.17-22.46.16:094][  0]LogDerivedDataCache: Unable to find inner node Pak for hierarchical cache Hierarchy.
[2016.02.17-22.46.16:094][  0]LogDerivedDataCache: FDerivedDataBackendGraph:  CompressedPak pak cache file ../../../../../../Users/demo/Documents/GitHub/practicevr/PracticeVR/DerivedDataCache/Compressed.ddp not found, will not use a pak cache.
[2016.02.17-22.46.16:094][  0]LogDerivedDataCache: Unable to find inner node CompressedPak for hierarchical cache Hierarchy.
[2016.02.17-22.46.16:139][  0]LogDerivedDataCache:Display: Pak cache opened for reading ../../../Engine/DerivedDataCache/Compressed.ddp.
[2016.02.17-22.46.16:151][  0]LogDerivedDataCache: Using Local data cache path C:/Users/demo/AppData/Local/UnrealEngine/Common/DerivedDataCache: Writable
[2016.02.17-22.46.16:299][  0]LogInit: Selected Device Profile: [Windows]
[2016.02.17-22.46.16:301][  0]LogContentStreaming: Texture pool size is 0.000000MB
[2016.02.17-22.46.16:385][  0]LogMeshUtilities: No automatic mesh reduction module available
[2016.02.17-22.46.16:385][  0]LogMeshUtilities: No automatic mesh merging module available
[2016.02.17-22.46.16:552][  0]LogInit: WinSock: version 1.1 (2.2), MaxSocks=32767, MaxUdp=65467
[2016.02.17-22.46.17:105][  0]UdpMessaging: Initializing bridge on interface 0.0.0.0:0 to multicast group 230.0.0.1:6666.
[2016.02.17-22.46.17:195][  0]LogAssetRegistry: FAssetRegistry took 0.0106 seconds to start up
[2016.02.17-22.46.17:331][  0]SourceControl: Info Source control is disabled
[2016.02.17-22.46.17:360][  0]SourceControl: Info Source control is disabled
[2016.02.17-22.46.17:368][  0]SourceControl: Info Source control is disabled
[2016.02.17-22.46.17:375][  0]SourceControl: Info Source control is disabled
[2016.02.17-22.46.17:547][  0]LogObj: 28633 objects as part of root set at end of initial load.
[2016.02.17-22.46.17:547][  0]LogUObjectAllocator: 6099744 out of 0 bytes used by permanent object pool.
[2016.02.17-22.46.17:594][  0]LogEngine: Initializing Engine...
[2016.02.17-22.46.17:596][  0]LogHMD: Can't find Oculus library dev build: is proper Runtime installed? Version: 0.8.0.0
[2016.02.17-22.46.19:016][  0]LogHMD: SteamVR initialized.  Driver: lighthouse  Display: LHR-452284F5
[2016.02.17-22.46.19:119][  0]LogAIModule: Creating AISystem for world NewWorld
[2016.02.17-22.46.19:124][  0]LogInit: XAudio2 using 'Speakers (USB Audio Device)' : 2 channels at 44.1 kHz using 16 bits per sample (channel mask 0x3)
[2016.02.17-22.46.19:134][  0]LogInit: FAudioDevice initialized.
[2016.02.17-22.46.19:152][  0]LogDerivedDataCache: Saved boot cache 0.02s 41MB C:/Users/demo/AppData/Local/UnrealEngine/4.10/DerivedDataCache/Boot.ddc.
[2016.02.17-22.46.19:156][  0]LogInit: Texture streaming: Enabled
[2016.02.17-22.46.19:162][  0]LogAnalytics: Creating configured Analytics provider AnalyticsET
[2016.02.17-22.46.19:162][  0]LogAnalytics: [UEEditor.Rocket.Release] APIServer = http://et2.epicgames.com/ET2/. AppVersion = 4.10.2-2818068+++depot+UE4-Releases+4.10
[2016.02.17-22.46.19:162][  0]LogAnalytics: [UEEditor.Rocket.Release] SetUserId dace05c344f3165ba6907d8fb994670d|36cf517b4d86471bb12e26a25eb81198|c0875fa7-5c44-4913-af9b-c7a689be2d5a
[2016.02.17-22.46.19:162][  0]LogAnalytics: [UEEditor.Rocket.Release] AnalyticsET::StartSession
[2016.02.17-22.46.19:168][  0]LogInit: Transaction tracking system initialized
[2016.02.17-22.46.19:191][  0]BlueprintLog: New page: Editor Load
[2016.02.17-22.46.19:253][  0]LocalizationService: Info Localization service is disabled
[2016.02.17-22.46.19:310][  0]LogConsoleResponse:Display: 
[2016.02.17-22.46.19:389][  0]LogCook:Display: Done creating registry. It took  0.00s.
[2016.02.17-22.46.19:434][  0]LogFileCache: Scanning file cache for directory 'C:/Users/demo/Documents/GitHub/practicevr/PracticeVR/Content/' took 0.01s
[2016.02.17-22.46.19:434][  0]SourceControl: Info Source control is disabled
[2016.02.17-22.46.19:434][  0]Cmd: MAP LOAD FILE="../../../../../../Users/demo/Documents/GitHub/practicevr/PracticeVR/Content/StarterContent/Maps/Minimal_Default.umap" TEMPLATE=0 SHOWPROGRESS=1 FEATURELEVEL=3
[2016.02.17-22.46.19:434][  0]LightingResults: New page: Lighting Build
[2016.02.17-22.46.19:436][  0]MapCheck: New page: Map Check
[2016.02.17-22.46.19:436][  0]LightingResults: New page: Lighting Build
[2016.02.17-22.46.19:445][  0]LogParticles: Destroying 0 GPU particle simulations for FXSystem 0x00000084E2353B00
[2016.02.17-22.46.19:690][  0]LogAIModule: Creating AISystem for world Minimal_Default
[2016.02.17-22.46.19:696][  0]LogEditorServer: Finished looking for orphan Actors (0.000 secs)
[2016.02.17-22.46.19:696][  0]Cmd: MAP CHECKDEP NOCLEARLOG
[2016.02.17-22.46.19:731][  0]MapCheck: Info Map check complete: 0 Error(s), 0 Warning(s), took 35.163ms to complete.
[2016.02.17-22.46.19:731][  0]LogFileHelpers: Loading map 'Minimal_Default' took 0.298
[2016.02.17-22.46.19:817][  0]LogCollectionManager: Loaded 0 collections in 0.001560 seconds
[2016.02.17-22.46.19:855][  0]LogFileCache: Scanning file cache for directory 'C:/Users/demo/Documents/GitHub/practicevr/PracticeVR/Saved/Collections/' took 0.01s
[2016.02.17-22.46.19:855][  0]LogFileCache: Scanning file cache for directory 'C:/Users/demo/Documents/GitHub/practicevr/PracticeVR/Content/Developers/demo/Collections/' took 0.01s
[2016.02.17-22.46.19:855][  0]LogFileCache: Scanning file cache for directory 'C:/Users/demo/Documents/GitHub/practicevr/PracticeVR/Content/Collections/' took 0.01s
[2016.02.17-22.46.19:855][  0]LogCollectionManager: Rebuilt the GUID cache for 0 collections in 0.000002 seconds
[2016.02.17-22.46.19:862][  0]LogContentBrowser: Native class hierarchy populated in 0.0071 seconds. Added 1893 classes and 338 folders.
[2016.02.17-22.46.19:868][  0]LogContentBrowser: Native class hierarchy updated for 'WidgetCarousel' in 0.0002 seconds. Added 0 classes and 0 folders.
[2016.02.17-22.46.19:901][  0]LogContentBrowser: Native class hierarchy updated for 'AddContentDialog' in 0.0003 seconds. Added 0 classes and 0 folders.
[2016.02.17-22.46.19:904][  0]LogContentBrowser: Native class hierarchy updated for 'SceneOutliner' in 0.0002 seconds. Added 1 classes and 2 folders.
[2016.02.17-22.46.19:941][  0]LogCrashTracker: Crashtracker disabled due to settings.
[2016.02.17-22.46.19:944][  0]LogUObjectGlobals:Warning: Failed to find object 'Class None.'
[2016.02.17-22.46.19:966][  0]LogLoad: Full Startup: 5.36 seconds (BP compile: 0.03 seconds)
[2016.02.17-22.46.19:977][  0]LogOcInput: Can't find Oculus library dev build: is proper Runtime installed? Version: 0.8.0.0
[2016.02.17-22.46.20:024][  0]LogContentStreaming: Texture pool size now 1000 MB
[2016.02.17-22.46.20:145][  2]LogRenderer: Reallocating scene render targets to support 860x416 (Frame:2).
[2016.02.17-22.46.20:206][  2]LogAssetRegistry: Asset discovery search completed in 3.0213 seconds
[2016.02.17-22.46.20:206][  2]LogCollectionManager: Rebuilt the object cache for 0 collections in 0.000001 seconds (found 0 objects)
[2016.02.17-22.46.20:206][  2]LogCollectionManager: Fixed up redirectors for 0 collections in 0.000015 seconds (updated 0 objects)
[2016.02.17-22.46.22:028][ 95]LogRenderer: Reallocating scene render targets to support 1208x572 (Frame:98).
[2016.02.17-22.46.26:206][330]LogBlueprintUserMessages: Early PlayInEditor Detection: Level '/Game/StarterContent/Maps/Minimal_Default.Minimal_Default:PersistentLevel' has LevelScriptBlueprint '/Game/StarterContent/Maps/Minimal_Default.Minimal_Default:PersistentLevel.Minimal_Default' with GeneratedClass '/Game/StarterContent/Maps/Minimal_Default.Minimal_Default_C' with ClassGeneratedBy '/Game/StarterContent/Maps/Minimal_Default.Minimal_Default:PersistentLevel.Minimal_Default'
[2016.02.17-22.46.26:206][330]LogPlayLevel: PlayLevel: No blueprints needed recompiling
[2016.02.17-22.46.26:207][330]PIE: New page: PIE session: Minimal_Default (Feb 17, 2016, 12:46:26 PM)
[2016.02.17-22.46.26:207][330]LogPlayLevel: Creating play world package: /Game/StarterContent/Maps/UEDPIE_0_Minimal_Default
[2016.02.17-22.46.26:213][330]LogPlayLevel: PIE: StaticDuplicateObject took: (0.006333s)
[2016.02.17-22.46.26:214][330]LogAIModule: Creating AISystem for world Minimal_Default
[2016.02.17-22.46.26:214][330]LogPlayLevel: PIE: World Init took: (0.000783s)
[2016.02.17-22.46.26:214][330]LogPlayLevel: PIE: Created PIE world by copying editor world from /Game/StarterContent/Maps/Minimal_Default.Minimal_Default to /Game/StarterContent/Maps/UEDPIE_0_Minimal_Default.Minimal_Default (0.007357s)
[2016.02.17-22.46.26:234][330]LogInit: XAudio2 using 'Speakers (USB Audio Device)' : 2 channels at 44.1 kHz using 16 bits per sample (channel mask 0x3)
[2016.02.17-22.46.26:238][330]LogInit: FAudioDevice initialized.
[2016.02.17-22.46.26:347][330]LogWorld: Game class is 'GameMode'
[2016.02.17-22.46.26:351][330]LogWorld: Bringing World /Game/StarterContent/Maps/UEDPIE_0_Minimal_Default.Minimal_Default up for play (max tick rate 0) at 2016.02.17-17.46.26
[2016.02.17-22.46.26:351][330]LogActor:Warning: GameSession /Game/StarterContent/Maps/UEDPIE_0_Minimal_Default.Minimal_Default:PersistentLevel.GameSession_0 has natively added scene component(s), but none of them were set as the actor's RootComponent - picking one arbitrarily
[2016.02.17-22.46.26:351][330]LogActor:Warning: GameNetworkManager /Game/StarterContent/Maps/UEDPIE_0_Minimal_Default.Minimal_Default:PersistentLevel.GameNetworkManager_0 has natively added scene component(s), but none of them were set as the actor's RootComponent - picking one arbitrarily
[2016.02.17-22.46.26:351][330]LogWorld: Bringing up level for play took: 0.002803
[2016.02.17-22.46.26:366][330]PIE: Info Play in editor start time for /Game/StarterContent/Maps/UEDPIE_0_Minimal_Default 0.213
[2016.02.17-22.46.26:366][330]LogBlueprintUserMessages: Late PlayInEditor Detection: Level '/Game/StarterContent/Maps/Minimal_Default.Minimal_Default:PersistentLevel' has LevelScriptBlueprint '/Game/StarterContent/Maps/Minimal_Default.Minimal_Default:PersistentLevel.Minimal_Default' with GeneratedClass '/Game/StarterContent/Maps/Minimal_Default.Minimal_Default_C' with ClassGeneratedBy '/Game/StarterContent/Maps/Minimal_Default.Minimal_Default:PersistentLevel.Minimal_Default'
[2016.02.17-22.46.26:406][330]LogRenderer: Reallocating scene render targets to support 1208x584 (Frame:314).
[2016.02.17-22.46.26:426][331]LogRenderer: Reallocating scene render targets to support 3024x1680 (Frame:315).
[2016.02.17-22.46.26:430][332]LogRenderTargetPool:Warning: r.RenderTargetPoolMin exceeded 630/400 MB (ok in editor, bad on fixed memory platform)
[2016.02.17-22.48.26:333][867]LogBlueprintUserMessages: Early EndPlayMap Detection: Level '/Game/StarterContent/Maps/Minimal_Default.Minimal_Default:PersistentLevel' has LevelScriptBlueprint '/Game/StarterContent/Maps/Minimal_Default.Minimal_Default:PersistentLevel.Minimal_Default' with GeneratedClass '/Game/StarterContent/Maps/Minimal_Default.Minimal_Default_C' with ClassGeneratedBy '/Game/StarterContent/Maps/Minimal_Default.Minimal_Default:PersistentLevel.Minimal_Default'
[2016.02.17-22.48.26:350][867]LogRenderTargetPool:Warning: r.RenderTargetPoolMin exceeded 708/400 MB (ok in editor, bad on fixed memory platform)
[2016.02.17-22.48.26:374][867]LogBlueprintUserMessages: Late EndPlayMap Detection: Level '/Game/StarterContent/Maps/Minimal_Default.Minimal_Default:PersistentLevel' has LevelScriptBlueprint '/Game/StarterContent/Maps/Minimal_Default.Minimal_Default:PersistentLevel.Minimal_Default' with GeneratedClass '/Game/StarterContent/Maps/Minimal_Default.Minimal_Default_C' with ClassGeneratedBy '/Game/StarterContent/Maps/Minimal_Default.Minimal_Default:PersistentLevel.Minimal_Default'
[2016.02.17-22.48.26:387][867]LogParticles: Destroying 0 GPU particle simulations for FXSystem 0x00000084EE80AC00
[2016.02.17-22.48.28:878][ 34]LogBlueprintUserMessages: Early PlayInEditor Detection: Level '/Game/StarterContent/Maps/Minimal_Default.Minimal_Default:PersistentLevel' has LevelScriptBlueprint '/Game/StarterContent/Maps/Minimal_Default.Minimal_Default:PersistentLevel.Minimal_Default' with GeneratedClass '/Game/StarterContent/Maps/Minimal_Default.Minimal_Default_C' with ClassGeneratedBy '/Game/StarterContent/Maps/Minimal_Default.Minimal_Default:PersistentLevel.Minimal_Default'
[2016.02.17-22.48.28:878][ 34]LogPlayLevel: PlayLevel: No blueprints needed recompiling
[2016.02.17-22.48.28:878][ 34]PIE: New page: PIE session: Minimal_Default (Feb 17, 2016, 12:48:28 PM)
[2016.02.17-22.48.28:878][ 34]LogPlayLevel: Creating play world package: /Game/StarterContent/Maps/UEDPIE_0_Minimal_Default
[2016.02.17-22.48.28:884][ 34]LogPlayLevel: PIE: StaticDuplicateObject took: (0.006109s)
[2016.02.17-22.48.28:885][ 34]LogAIModule: Creating AISystem for world Minimal_Default
[2016.02.17-22.48.28:885][ 34]LogPlayLevel: PIE: World Init took: (0.000670s)
[2016.02.17-22.48.28:885][ 34]LogPlayLevel: PIE: Created PIE world by copying editor world from /Game/StarterContent/Maps/Minimal_Default.Minimal_Default to /Game/StarterContent/Maps/UEDPIE_0_Minimal_Default.Minimal_Default (0.006974s)
[2016.02.17-22.48.28:899][ 34]LogInit: XAudio2 using 'Speakers (USB Audio Device)' : 2 channels at 44.1 kHz using 16 bits per sample (channel mask 0x3)
[2016.02.17-22.48.28:903][ 34]LogInit: FAudioDevice initialized.
[2016.02.17-22.48.29:002][ 34]LogWorld: Game class is 'GameMode'
[2016.02.17-22.48.29:005][ 34]LogWorld: Bringing World /Game/StarterContent/Maps/UEDPIE_0_Minimal_Default.Minimal_Default up for play (max tick rate 0) at 2016.02.17-17.48.29
[2016.02.17-22.48.29:005][ 34]LogActor:Warning: GameSession /Game/StarterContent/Maps/UEDPIE_0_Minimal_Default.Minimal_Default:PersistentLevel.GameSession_1 has natively added scene component(s), but none of them were set as the actor's RootComponent - picking one arbitrarily
[2016.02.17-22.48.29:005][ 34]LogActor:Warning: GameNetworkManager /Game/StarterContent/Maps/UEDPIE_0_Minimal_Default.Minimal_Default:PersistentLevel.GameNetworkManager_1 has natively added scene component(s), but none of them were set as the actor's RootComponent - picking one arbitrarily
[2016.02.17-22.48.29:005][ 34]LogWorld: Bringing up level for play took: 0.002501
[2016.02.17-22.48.29:019][ 34]PIE: Info Play in editor start time for /Game/StarterContent/Maps/UEDPIE_0_Minimal_Default 0.864
[2016.02.17-22.48.29:019][ 34]LogBlueprintUserMessages: Late PlayInEditor Detection: Level '/Game/StarterContent/Maps/Minimal_Default.Minimal_Default:PersistentLevel' has LevelScriptBlueprint '/Game/StarterContent/Maps/Minimal_Default.Minimal_Default:PersistentLevel.Minimal_Default' with GeneratedClass '/Game/StarterContent/Maps/Minimal_Default.Minimal_Default_C' with ClassGeneratedBy '/Game/StarterContent/Maps/Minimal_Default.Minimal_Default:PersistentLevel.Minimal_Default'
[2016.02.17-22.48.29:081][ 36]LogRenderTargetPool:Warning: r.RenderTargetPoolMin exceeded 878/400 MB (ok in editor, bad on fixed memory platform)
[2016.02.17-22.48.42:389][261]Set new viewmode: Wireframe
[2016.02.17-22.48.43:306][299]Set new viewmode: Wireframe
[2016.02.17-22.48.44:040][332]LogBlueprintUserMessages: Early EndPlayMap Detection: Level '/Game/StarterContent/Maps/Minimal_Default.Minimal_Default:PersistentLevel' has LevelScriptBlueprint '/Game/StarterContent/Maps/Minimal_Default.Minimal_Default:PersistentLevel.Minimal_Default' with GeneratedClass '/Game/StarterContent/Maps/Minimal_Default.Minimal_Default_C' with ClassGeneratedBy '/Game/StarterContent/Maps/Minimal_Default.Minimal_Default:PersistentLevel.Minimal_Default'
[2016.02.17-22.48.44:091][332]LogBlueprintUserMessages: Late EndPlayMap Detection: Level '/Game/StarterContent/Maps/Minimal_Default.Minimal_Default:PersistentLevel' has LevelScriptBlueprint '/Game/StarterContent/Maps/Minimal_Default.Minimal_Default:PersistentLevel.Minimal_Default' with GeneratedClass '/Game/StarterContent/Maps/Minimal_Default.Minimal_Default_C' with ClassGeneratedBy '/Game/StarterContent/Maps/Minimal_Default.Minimal_Default:PersistentLevel.Minimal_Default'
[2016.02.17-22.48.44:111][333]LogParticles: Destroying 0 GPU particle simulations for FXSystem 0x00000084D2DDEFC0
[2016.02.17-22.48.46:850][521]LogBlueprintUserMessages: Early PlayInEditor Detection: Level '/Game/StarterContent/Maps/Minimal_Default.Minimal_Default:PersistentLevel' has LevelScriptBlueprint '/Game/StarterContent/Maps/Minimal_Default.Minimal_Default:PersistentLevel.Minimal_Default' with GeneratedClass '/Game/StarterContent/Maps/Minimal_Default.Minimal_Default_C' with ClassGeneratedBy '/Game/StarterContent/Maps/Minimal_Default.Minimal_Default:PersistentLevel.Minimal_Default'
[2016.02.17-22.48.46:850][521]LogPlayLevel: PlayLevel: No blueprints needed recompiling
[2016.02.17-22.48.46:850][521]PIE: New page: PIE session: Minimal_Default (Feb 17, 2016, 12:48:46 PM)
[2016.02.17-22.48.46:850][521]LogPlayLevel: Creating play world package: /Game/StarterContent/Maps/UEDPIE_0_Minimal_Default
[2016.02.17-22.48.46:855][521]LogPlayLevel: PIE: StaticDuplicateObject took: (0.005340s)
[2016.02.17-22.48.46:856][521]LogAIModule: Creating AISystem for world Minimal_Default
[2016.02.17-22.48.46:856][521]LogPlayLevel: PIE: World Init took: (0.000630s)
[2016.02.17-22.48.46:856][521]LogPlayLevel: PIE: Created PIE world by copying editor world from /Game/StarterContent/Maps/Minimal_Default.Minimal_Default to /Game/StarterContent/Maps/UEDPIE_0_Minimal_Default.Minimal_Default (0.006188s)
[2016.02.17-22.48.46:870][521]LogInit: XAudio2 using 'Speakers (USB Audio Device)' : 2 channels at 44.1 kHz using 16 bits per sample (channel mask 0x3)
[2016.02.17-22.48.46:874][521]LogInit: FAudioDevice initialized.
[2016.02.17-22.48.46:970][521]LogWorld: Game class is 'GameMode'
[2016.02.17-22.48.46:972][521]LogWorld: Bringing World /Game/StarterContent/Maps/UEDPIE_0_Minimal_Default.Minimal_Default up for play (max tick rate 0) at 2016.02.17-17.48.46
[2016.02.17-22.48.46:972][521]LogActor:Warning: GameSession /Game/StarterContent/Maps/UEDPIE_0_Minimal_Default.Minimal_Default:PersistentLevel.GameSession_2 has natively added scene component(s), but none of them were set as the actor's RootComponent - picking one arbitrarily
[2016.02.17-22.48.46:973][521]LogActor:Warning: GameNetworkManager /Game/StarterContent/Maps/UEDPIE_0_Minimal_Default.Minimal_Default:PersistentLevel.GameNetworkManager_2 has natively added scene component(s), but none of them were set as the actor's RootComponent - picking one arbitrarily
[2016.02.17-22.48.46:973][521]LogWorld: Bringing up level for play took: 0.002255
[2016.02.17-22.48.46:987][521]PIE: Info Play in editor start time for /Game/StarterContent/Maps/UEDPIE_0_Minimal_Default 0.831
[2016.02.17-22.48.46:987][521]LogBlueprintUserMessages: Late PlayInEditor Detection: Level '/Game/StarterContent/Maps/Minimal_Default.Minimal_Default:PersistentLevel' has LevelScriptBlueprint '/Game/StarterContent/Maps/Minimal_Default.Minimal_Default:PersistentLevel.Minimal_Default' with GeneratedClass '/Game/StarterContent/Maps/Minimal_Default.Minimal_Default_C' with ClassGeneratedBy '/Game/StarterContent/Maps/Minimal_Default.Minimal_Default:PersistentLevel.Minimal_Default'
[2016.02.17-22.48.47:050][523]LogRenderTargetPool:Warning: r.RenderTargetPoolMin exceeded 912/400 MB (ok in editor, bad on fixed memory platform)
[2016.02.17-22.49.21:093][ 61]LogBlueprintUserMessages: Early EndPlayMap Detection: Level '/Game/StarterContent/Maps/Minimal_Default.Minimal_Default:PersistentLevel' has LevelScriptBlueprint '/Game/StarterContent/Maps/Minimal_Default.Minimal_Default:PersistentLevel.Minimal_Default' with GeneratedClass '/Game/StarterContent/Maps/Minimal_Default.Minimal_Default_C' with ClassGeneratedBy '/Game/StarterContent/Maps/Minimal_Default.Minimal_Default:PersistentLevel.Minimal_Default'
[2016.02.17-22.49.21:193][ 61]LogBlueprintUserMessages: Late EndPlayMap Detection: Level '/Game/StarterContent/Maps/Minimal_Default.Minimal_Default:PersistentLevel' has LevelScriptBlueprint '/Game/StarterContent/Maps/Minimal_Default.Minimal_Default:PersistentLevel.Minimal_Default' with GeneratedClass '/Game/StarterContent/Maps/Minimal_Default.Minimal_Default_C' with ClassGeneratedBy '/Game/StarterContent/Maps/Minimal_Default.Minimal_Default:PersistentLevel.Minimal_Default'
[2016.02.17-22.49.21:214][ 62]LogParticles: Destroying 0 GPU particle simulations for FXSystem 0x00000084D3424540
[2016.02.17-22.49.24:981][323]LogRenderTargetPool:Warning: r.RenderTargetPoolMin exceeded 834/400 MB (ok in editor, bad on fixed memory platform)
[2016.02.17-22.49.25:201][341]LogRenderTargetPool:Warning: r.RenderTargetPoolMin exceeded 834/400 MB (ok in editor, bad on fixed memory platform)
[2016.02.17-22.49.26:210][411]LogRenderTargetPool:Warning: r.RenderTargetPoolMin exceeded 834/400 MB (ok in editor, bad on fixed memory platform)
[2016.02.17-22.49.26:341][414]LogTexture:Display: Building textures: HQ_Lightmap0_1 (AutoDXT)
[2016.02.17-22.49.26:344][414]LogTexture:Display: Building textures: HQ_Lightmap1_2 (AutoDXT)
[2016.02.17-22.49.26:353][414]LogAIModule: Creating AISystem for world VR_Level
[2016.02.17-22.49.26:369][414]Cmd: MAP LOAD FILE="../../../../../../Users/demo/Documents/GitHub/practicevr/PracticeVR/Content/Levels/VR_Level.umap" TEMPLATE=0 SHOWPROGRESS=1 FEATURELEVEL=3
[2016.02.17-22.49.26:369][414]LightingResults: New page: Lighting Build
[2016.02.17-22.49.26:381][414]LoadErrors: New page: Loading map: VR_Level.umap
[2016.02.17-22.49.26:381][414]MapCheck: New page: Map Check
[2016.02.17-22.49.26:381][414]LightingResults: New page: Lighting Build
[2016.02.17-22.49.26:391][414]LogParticles: Destroying 0 GPU particle simulations for FXSystem 0x00000084D2ACF6A0
[2016.02.17-22.49.26:417][414]LogEditorServer: Finished looking for orphan Actors (0.000 secs)
[2016.02.17-22.49.26:436][414]Cmd: MAP CHECKDEP NOCLEARLOG
[2016.02.17-22.49.26:473][414]MapCheck: Info Map check complete: 0 Error(s), 0 Warning(s), took 36.9ms to complete.
[2016.02.17-22.49.26:473][414]LogFileHelpers: Loading map 'VR_Level' took 0.105
[2016.02.17-22.49.31:739][799]LogPlayLevel: PlayLevel: No blueprints needed recompiling
[2016.02.17-22.49.31:739][799]PIE: New page: PIE session: VR_Level (Feb 17, 2016, 12:49:31 PM)
[2016.02.17-22.49.31:739][799]LogPlayLevel: Creating play world package: /Game/Levels/UEDPIE_0_VR_Level
[2016.02.17-22.49.31:741][799]LogPlayLevel: PIE: StaticDuplicateObject took: (0.001504s)
[2016.02.17-22.49.31:741][799]LogAIModule: Creating AISystem for world VR_Level
[2016.02.17-22.49.31:742][799]LogPlayLevel: PIE: World Init took: (0.000880s)
[2016.02.17-22.49.31:742][799]LogPlayLevel: PIE: Created PIE world by copying editor world from /Game/Levels/VR_Level.VR_Level to /Game/Levels/UEDPIE_0_VR_Level.VR_Level (0.002638s)
[2016.02.17-22.49.31:756][799]LogInit: XAudio2 using 'Speakers (USB Audio Device)' : 2 channels at 44.1 kHz using 16 bits per sample (channel mask 0x3)
[2016.02.17-22.49.31:761][799]LogInit: FAudioDevice initialized.
[2016.02.17-22.49.31:858][799]LogWorld: Game class is 'VR_GameMode_C'
[2016.02.17-22.49.31:860][799]LogWorld: Bringing World /Game/Levels/UEDPIE_0_VR_Level.VR_Level up for play (max tick rate 0) at 2016.02.17-17.49.31
[2016.02.17-22.49.31:860][799]LogActor:Warning: GameSession /Game/Levels/UEDPIE_0_VR_Level.VR_Level:PersistentLevel.GameSession_3 has natively added scene component(s), but none of them were set as the actor's RootComponent - picking one arbitrarily
[2016.02.17-22.49.31:860][799]LogActor:Warning: GameNetworkManager /Game/Levels/UEDPIE_0_VR_Level.VR_Level:PersistentLevel.GameNetworkManager_3 has natively added scene component(s), but none of them were set as the actor's RootComponent - picking one arbitrarily
[2016.02.17-22.49.31:860][799]LogWorld: Bringing up level for play took: 0.001331
[2016.02.17-22.49.31:873][799]PIE: Info Play in editor start time for /Game/Levels/UEDPIE_0_VR_Level -0.284
[2016.02.17-22.49.31:892][801]LogRenderTargetPool:Warning: r.RenderTargetPoolMin exceeded 869/400 MB (ok in editor, bad on fixed memory platform)
[2016.02.17-22.50.20:643][654]LogParticles: Destroying 0 GPU particle simulations for FXSystem 0x00000084D2F33380
[2016.02.17-22.50.33:834][652]LogRenderTargetPool:Warning: r.RenderTargetPoolMin exceeded 774/400 MB (ok in editor, bad on fixed memory platform)
[2016.02.17-22.50.36:799][878]LogRenderTargetPool:Warning: r.RenderTargetPoolMin exceeded 774/400 MB (ok in editor, bad on fixed memory platform)
[2016.02.17-22.50.40:804][181]LogRenderTargetPool:Warning: r.RenderTargetPoolMin exceeded 774/400 MB (ok in editor, bad on fixed memory platform)
[2016.02.17-22.50.42:531][261]LogRenderTargetPool:Warning: r.RenderTargetPoolMin exceeded 793/400 MB (ok in editor, bad on fixed memory platform)
[2016.02.17-22.50.42:704][264]LogLinker:Warning: Asset '../../../Engine/Content/ArtTools/RenderToTexture/Macros/RenderToTextureMacros.uasset' has been saved with empty engine version. The asset will be loaded but may be incompatible.
[2016.02.17-22.50.43:031][264]LogContentBrowser: Native class hierarchy updated for 'BlueprintGraph' in 0.0010 seconds. Added 107 classes and 0 folders.
[2016.02.17-22.50.49:604][559]LogRenderTargetPool:Warning: r.RenderTargetPoolMin exceeded 774/400 MB (ok in editor, bad on fixed memory platform)
[2016.02.17-22.50.57:496][850]LogRenderTargetPool:Warning: r.RenderTargetPoolMin exceeded 774/400 MB (ok in editor, bad on fixed memory platform)
[2016.02.17-22.50.58:475][902]LogPlayLevel: PlayLevel: No blueprints needed recompiling
[2016.02.17-22.50.58:475][902]PIE: New page: PIE session: VR_Level (Feb 17, 2016, 12:50:58 PM)
[2016.02.17-22.50.58:475][902]LogPlayLevel: Creating play world package: /Game/Levels/UEDPIE_0_VR_Level
[2016.02.17-22.50.58:476][902]LogPlayLevel: PIE: StaticDuplicateObject took: (0.001542s)
[2016.02.17-22.50.58:477][902]LogAIModule: Creating AISystem for world VR_Level
[2016.02.17-22.50.58:477][902]LogPlayLevel: PIE: World Init took: (0.000616s)
[2016.02.17-22.50.58:477][902]LogPlayLevel: PIE: Created PIE world by copying editor world from /Game/Levels/VR_Level.VR_Level to /Game/Levels/UEDPIE_0_VR_Level.VR_Level (0.002351s)
[2016.02.17-22.50.58:509][902]LogInit: XAudio2 using 'Speakers (USB Audio Device)' : 2 channels at 44.1 kHz using 16 bits per sample (channel mask 0x3)
[2016.02.17-22.50.58:513][902]LogInit: FAudioDevice initialized.
[2016.02.17-22.50.58:611][902]LogWorld: Game class is 'VR_GameMode_C'
[2016.02.17-22.50.58:613][902]LogWorld: Bringing World /Game/Levels/UEDPIE_0_VR_Level.VR_Level up for play (max tick rate 0) at 2016.02.17-17.50.58
[2016.02.17-22.50.58:613][902]LogActor:Warning: GameSession /Game/Levels/UEDPIE_0_VR_Level.VR_Level:PersistentLevel.GameSession_4 has natively added scene component(s), but none of them were set as the actor's RootComponent - picking one arbitrarily
[2016.02.17-22.50.58:613][902]LogActor:Warning: GameNetworkManager /Game/Levels/UEDPIE_0_VR_Level.VR_Level:PersistentLevel.GameNetworkManager_4 has natively added scene component(s), but none of them were set as the actor's RootComponent - picking one arbitrarily
[2016.02.17-22.50.58:613][902]LogWorld: Bringing up level for play took: 0.001435
[2016.02.17-22.50.58:633][902]PIE: Info Play in editor start time for /Game/Levels/UEDPIE_0_VR_Level 0.472
[2016.02.17-22.50.58:657][904]LogRenderTargetPool:Warning: r.RenderTargetPoolMin exceeded 869/400 MB (ok in editor, bad on fixed memory platform)
[2016.02.17-22.51.37:267][536]LogParticles: Destroying 0 GPU particle simulations for FXSystem 0x00000084DCBEEB60
[2016.02.17-22.51.41:333][777]LogRenderTargetPool:Warning: r.RenderTargetPoolMin exceeded 774/400 MB (ok in editor, bad on fixed memory platform)
[2016.02.17-22.51.43:060][880]LogRenderTargetPool:Warning: r.RenderTargetPoolMin exceeded 774/400 MB (ok in editor, bad on fixed memory platform)
[2016.02.17-22.51.46:329][994]LogRenderTargetPool:Warning: r.RenderTargetPoolMin exceeded 794/400 MB (ok in editor, bad on fixed memory platform)
[2016.02.17-22.52.14:717][933]LogRenderTargetPool:Warning: r.RenderTargetPoolMin exceeded 794/400 MB (ok in editor, bad on fixed memory platform)
[2016.02.17-22.52.20:921][117]LogRenderTargetPool:Warning: r.RenderTargetPoolMin exceeded 794/400 MB (ok in editor, bad on fixed memory platform)
[2016.02.17-22.52.28:971][436]LogRenderTargetPool:Warning: r.RenderTargetPoolMin exceeded 794/400 MB (ok in editor, bad on fixed memory platform)
[2016.02.17-22.52.30:732][484]LogRenderTargetPool:Warning: r.RenderTargetPoolMin exceeded 794/400 MB (ok in editor, bad on fixed memory platform)
[2016.02.17-22.52.47:611][ 74]Cmd: OBJ SAVEPACKAGE PACKAGE="/Game/BluePrints/VR_Pawn" FILE="../../../../../../Users/demo/Documents/GitHub/practicevr/PracticeVR/Content/BluePrints/VR_Pawn.uasset" SILENT=true
[2016.02.17-22.52.47:639][ 74]LogSavePackage: Save=18.797585ms
[2016.02.17-22.52.47:639][ 74]LogSavePackage: Moving '../../../../../../Users/demo/Documents/GitHub/practicevr/PracticeVR/Saved/VR_Pawn3CD2E4A3423468E17538FCB7D86586A6.tmp' to '../../../../../../Users/demo/Documents/GitHub/practicevr/PracticeVR/Content/BluePrints/VR_Pawn.uasset'
[2016.02.17-22.52.47:642][ 74]LogSavePackage: Total save time: 28.397802ms
[2016.02.17-22.52.47:642][ 74]LogSavePackage:Display: Finished SavePackage ../../../../../../Users/demo/Documents/GitHub/practicevr/PracticeVR/Content/BluePrints/VR_Pawn.uasset
[2016.02.17-22.52.47:654][ 75]LogRenderTargetPool:Warning: r.RenderTargetPoolMin exceeded 794/400 MB (ok in editor, bad on fixed memory platform)
[2016.02.17-22.52.49:040][133]LogRenderTargetPool:Warning: r.RenderTargetPoolMin exceeded 774/400 MB (ok in editor, bad on fixed memory platform)
[2016.02.17-22.52.51:122][282]BlueprintLog: New page: Pre-Play auto-recompile
[2016.02.17-22.52.51:122][282]LogPlayLevel: [PlayLevel] Compiling VR_Pawn before play...
[2016.02.17-22.52.51:232][282]LogPlayLevel: PlayLevel: Blueprint regeneration took 110 ms (1 blueprints)
[2016.02.17-22.52.51:260][282]PIE: New page: PIE session: VR_Level (Feb 17, 2016, 12:52:51 PM)
[2016.02.17-22.52.51:260][282]LogPlayLevel: Creating play world package: /Game/Levels/UEDPIE_0_VR_Level
[2016.02.17-22.52.51:262][282]LogPlayLevel: PIE: StaticDuplicateObject took: (0.001521s)
[2016.02.17-22.52.51:262][282]LogAIModule: Creating AISystem for world VR_Level
[2016.02.17-22.52.51:262][282]LogPlayLevel: PIE: World Init took: (0.000642s)
[2016.02.17-22.52.51:262][282]LogPlayLevel: PIE: Created PIE world by copying editor world from /Game/Levels/VR_Level.VR_Level to /Game/Levels/UEDPIE_0_VR_Level.VR_Level (0.002346s)
[2016.02.17-22.52.51:285][282]LogInit: XAudio2 using 'Speakers (USB Audio Device)' : 2 channels at 44.1 kHz using 16 bits per sample (channel mask 0x3)
[2016.02.17-22.52.51:290][282]LogInit: FAudioDevice initialized.
[2016.02.17-22.52.51:382][282]LogWorld: Game class is 'VR_GameMode_C'
[2016.02.17-22.52.51:384][282]LogWorld: Bringing World /Game/Levels/UEDPIE_0_VR_Level.VR_Level up for play (max tick rate 0) at 2016.02.17-17.52.51
[2016.02.17-22.52.51:384][282]LogActor:Warning: GameSession /Game/Levels/UEDPIE_0_VR_Level.VR_Level:PersistentLevel.GameSession_5 has natively added scene component(s), but none of them were set as the actor's RootComponent - picking one arbitrarily
[2016.02.17-22.52.51:384][282]LogActor:Warning: GameNetworkManager /Game/Levels/UEDPIE_0_VR_Level.VR_Level:PersistentLevel.GameNetworkManager_5 has natively added scene component(s), but none of them were set as the actor's RootComponent - picking one arbitrarily
[2016.02.17-22.52.51:385][282]LogWorld: Bringing up level for play took: 0.001278
[2016.02.17-22.52.51:396][282]PIE: Info Play in editor start time for /Game/Levels/UEDPIE_0_VR_Level 1.231
[2016.02.17-22.52.51:410][284]LogRenderTargetPool:Warning: r.RenderTargetPoolMin exceeded 713/400 MB (ok in editor, bad on fixed memory platform)
[2016.02.17-22.52.53:851][329]LogParticles: Destroying 0 GPU particle simulations for FXSystem 0x00000084A0942DE0
[2016.02.17-22.52.58:165][637]LogWindowsTextInputMethodSystem:Display: IME system now deactivated.
[2016.02.17-22.52.58:344][638]Cmd: QUIT_EDITOR
[2016.02.17-22.52.58:814][638]LogExit: Preparing to exit.
[2016.02.17-22.52.59:343][638]LogExit: Editor shut down
[2016.02.17-22.52.59:343][638]LogExit: Transaction tracking system shut down
[2016.02.17-22.52.59:345][638]LogParticles: Destroying 0 GPU particle simulations for FXSystem 0x00000084EE80B6A0
[2016.02.17-22.52.59:345][638]LogParticles: Destroying 0 GPU particle simulations for FXSystem 0x00000084EE453920
[2016.02.17-22.52.59:346][638]LogParticles: Destroying 0 GPU particle simulations for FXSystem 0x00000084EE2F0400
[2016.02.17-22.52.59:346][638]LogParticles: Destroying 0 GPU particle simulations for FXSystem 0x00000084EEFDB880
[2016.02.17-22.52.59:349][638]LogParticles: Destroying 0 GPU particle simulations for FXSystem 0x00000084A133FBA0
[2016.02.17-22.52.59:349][638]LogParticles: Destroying 0 GPU particle simulations for FXSystem 0x00000084A12CCEA0
[2016.02.17-22.52.59:485][638]LogExit: Object subsystem successfully closed.
[2016.02.17-22.52.59:501][638]LogD3D11RHI: Shutdown
[2016.02.17-22.52.59:501][638]LogD3D11RHI: CleanupD3DDevice
[2016.02.17-22.52.59:502][638]LogD3D11RHI: ~FD3D11DynamicRHI
[2016.02.17-22.52.59:512][638]LogModuleManager: Shutting down and abandoning module CookingStats (200)
[2016.02.17-22.52.59:512][638]LogModuleManager: Shutting down and abandoning module BlueprintGraph (199)
[2016.02.17-22.52.59:512][638]LogModuleManager: Shutting down and abandoning module CrashTracker (198)
[2016.02.17-22.52.59:512][638]LogModuleManager: Shutting down and abandoning module SceneOutliner (197)
[2016.02.17-22.52.59:512][638]LogModuleManager: Shutting down and abandoning module SuperSearch (196)
[2016.02.17-22.52.59:512][638]LogModuleManager: Shutting down and abandoning module WidgetCarousel (195)
[2016.02.17-22.52.59:512][638]LogModuleManager: Shutting down and abandoning module AddContentDialog (194)
[2016.02.17-22.52.59:512][638]LogModuleManager: Shutting down and abandoning module EditorWidgets (193)
[2016.02.17-22.52.59:512][638]LogModuleManager: Shutting down and abandoning module CollectionManager (192)
[2016.02.17-22.52.59:513][638]LogModuleManager: Shutting down and abandoning module StatsViewer (191)
[2016.02.17-22.52.59:513][638]LogModuleManager: Shutting down and abandoning module FoliageEdit (190)
[2016.02.17-22.52.59:513][638]LogModuleManager: Shutting down and abandoning module LandscapeEditor (189)
[2016.02.17-22.52.59:513][638]LogModuleManager: Shutting down and abandoning module ActorPickerMode (188)
[2016.02.17-22.52.59:513][638]LogModuleManager: Shutting down and abandoning module GeometryMode (187)
[2016.02.17-22.52.59:513][638]LogModuleManager: Shutting down and abandoning module TextureAlignMode (186)
[2016.02.17-22.52.59:513][638]LogModuleManager: Shutting down and abandoning module BspMode (185)
[2016.02.17-22.52.59:513][638]LogModuleManager: Shutting down and abandoning module PlacementMode (184)
[2016.02.17-22.52.59:513][638]LogModuleManager: Shutting down and abandoning module AutomationWorker (183)
[2016.02.17-22.52.59:513][638]LogModuleManager: Shutting down and abandoning module CharacterAI (182)
[2016.02.17-22.52.59:513][638]LogModuleManager: Shutting down and abandoning module SmartSnapping (181)
[2016.02.17-22.52.59:513][638]LogModuleManager: Shutting down and abandoning module ViewportSnapping (180)
[2016.02.17-22.52.59:513][638]LogModuleManager: Shutting down and abandoning module LogVisualizer (179)
[2016.02.17-22.52.59:513][638]LogModuleManager: Shutting down and abandoning module GameProjectGeneration (178)
[2016.02.17-22.52.59:513][638]LogModuleManager: Shutting down and abandoning module IntroTutorials (177)
[2016.02.17-22.52.59:513][638]LogModuleManager: Shutting down and abandoning module EditorLiveStreaming (176)
[2016.02.17-22.52.59:513][638]LogModuleManager: Shutting down and abandoning module IOSPlatformEditor (175)
[2016.02.17-22.52.59:513][638]LogModuleManager: Shutting down and abandoning module HTML5PlatformEditor (174)
[2016.02.17-22.52.59:513][638]LogModuleManager: Shutting down and abandoning module AndroidDeviceDetection (173)
[2016.02.17-22.53.00:393][638]LogModuleManager: Shutting down and abandoning module AndroidPlatformEditor (172)
[2016.02.17-22.53.00:393][638]LogModuleManager: Shutting down and abandoning module IOSRuntimeSettings (171)
[2016.02.17-22.53.00:393][638]LogModuleManager: Shutting down and abandoning module AndroidRuntimeSettings (170)
[2016.02.17-22.53.00:393][638]LogModuleManager: Shutting down and abandoning module MergeActors (169)
[2016.02.17-22.53.00:393][638]LogModuleManager: Shutting down and abandoning module SizeMap (168)
[2016.02.17-22.53.00:393][638]LogModuleManager: Shutting down and abandoning module TreeMap (167)
[2016.02.17-22.53.00:393][638]LogModuleManager: Shutting down and abandoning module ReferenceViewer (166)
[2016.02.17-22.53.00:393][638]LogModuleManager: Shutting down and abandoning module LocalizationService (165)
[2016.02.17-22.53.00:393][638]LogModuleManager: Shutting down and abandoning module LocalizationDashboard (164)
[2016.02.17-22.53.00:393][638]LogModuleManager: Shutting down and abandoning module HardwareTargeting (163)
[2016.02.17-22.53.00:393][638]LogModuleManager: Shutting down and abandoning module DeviceProfileEditor (162)
[2016.02.17-22.53.00:393][638]LogModuleManager: Shutting down and abandoning module UndoHistory (161)
[2016.02.17-22.53.00:393][638]LogModuleManager: Shutting down and abandoning module GameplayTagsEditor (160)
[2016.02.17-22.53.00:393][638]LogModuleManager: Shutting down and abandoning module UserFeedback (159)
[2016.02.17-22.53.00:393][638]LogModuleManager: Shutting down and abandoning module XmlParser (158)
[2016.02.17-22.53.00:393][638]LogModuleManager: Shutting down and abandoning module Blutility (157)
[2016.02.17-22.53.00:393][638]LogModuleManager: Shutting down and abandoning module ProjectTargetPlatformEditor (156)
[2016.02.17-22.53.00:393][638]LogModuleManager: Shutting down and abandoning module ProjectSettingsViewer (155)
[2016.02.17-22.53.00:393][638]LogModuleManager: Shutting down and abandoning module InputBindingEditor (154)
[2016.02.17-22.53.00:393][638]LogModuleManager: Shutting down and abandoning module EditorSettingsViewer (153)
[2016.02.17-22.53.00:393][638]LogModuleManager: Shutting down and abandoning module SettingsEditor (152)
[2016.02.17-22.53.00:393][638]LogModuleManager: Shutting down and abandoning module ProjectLauncher (151)
[2016.02.17-22.53.00:393][638]LogModuleManager: Shutting down and abandoning module SessionFrontend (150)
[2016.02.17-22.53.00:393][638]LogModuleManager: Shutting down and abandoning module ProfilerClient (149)
[2016.02.17-22.53.00:393][638]LogModuleManager: Shutting down and abandoning module TargetDeviceServices (148)
[2016.02.17-22.53.00:393][638]LogModuleManager: Shutting down and abandoning module DeviceManager (147)
[2016.02.17-22.53.00:393][638]LogModuleManager: Shutting down and abandoning module AutomationController (146)
[2016.02.17-22.53.00:394][638]LogModuleManager: Shutting down and abandoning module AutomationWindow (145)
[2016.02.17-22.53.00:394][638]LogModuleManager: Shutting down and abandoning module Layers (144)
[2016.02.17-22.53.00:394][638]LogModuleManager: Shutting down and abandoning module ComponentVisualizers (143)
[2016.02.17-22.53.00:394][638]LogModuleManager: Shutting down and abandoning module DetailCustomizations (142)
[2016.02.17-22.53.00:394][638]LogModuleManager: Shutting down and abandoning module PackagesDialog (141)
[2016.02.17-22.53.00:394][638]LogModuleManager: Shutting down and abandoning module Persona (140)
[2016.02.17-22.53.00:394][638]LogModuleManager: Shutting down and abandoning module Kismet (139)
[2016.02.17-22.53.00:394][638]LogModuleManager: Shutting down and abandoning module GraphEditor (138)
[2016.02.17-22.53.00:394][638]LogModuleManager: Shutting down and abandoning module ClassViewer (137)
[2016.02.17-22.53.00:394][638]LogModuleManager: Shutting down and abandoning module Toolbox (136)
[2016.02.17-22.53.00:394][638]LogModuleManager: Shutting down and abandoning module ModuleUI (135)
[2016.02.17-22.53.00:394][638]LogModuleManager: Shutting down and abandoning module MovieSceneTools (134)
[2016.02.17-22.53.00:394][638]LogModuleManager: Shutting down and abandoning module OutputLog (133)
[2016.02.17-22.53.00:394][638]LogModuleManager: Shutting down and abandoning module GammaUI (132)
[2016.02.17-22.53.00:394][638]LogModuleManager: Shutting down and abandoning module Documentation (131)
[2016.02.17-22.53.00:394][638]LogModuleManager: Shutting down and abandoning module GameLiveStreaming (130)
[2016.02.17-22.53.00:394][638]LogModuleManager: Shutting down and abandoning module StreamingPauseRendering (129)
[2016.02.17-22.53.00:394][638]LogModuleManager: Shutting down and abandoning module AnalyticsET (128)
[2016.02.17-22.53.00:394][638]LogModuleManager: Shutting down and abandoning module Analytics (127)
[2016.02.17-22.53.00:394][638]LogModuleManager: Shutting down and abandoning module AITestSuite (126)
[2016.02.17-22.53.00:394][638]LogModuleManager: Shutting down and abandoning module GameplayDebugger (125)
[2016.02.17-22.53.00:394][638]LogModuleManager: Shutting down and abandoning module AIModule (124)
[2016.02.17-22.53.00:394][638]LogModuleManager: Shutting down and abandoning module ProfilerService (123)
[2016.02.17-22.53.00:418][638]LogModuleManager: Shutting down and abandoning module TaskGraph (122)
[2016.02.17-22.53.00:418][638]LogModuleManager: Shutting down and abandoning module SlateRemote (121)
[2016.02.17-22.53.00:418][638]LogModuleManager: Shutting down and abandoning module SteamVRController (120)
[2016.02.17-22.53.00:418][638]LogModuleManager: Shutting down and abandoning module SteamVR (119)
[2016.02.17-22.53.00:418][638]LogModuleManager: Shutting down and abandoning module ProceduralMeshComponent (118)
[2016.02.17-22.53.00:418][638]LogModuleManager: Shutting down and abandoning module OculusLibrary (117)
[2016.02.17-22.53.00:418][638]LogModuleManager: Shutting down and abandoning module OculusInput (116)
[2016.02.17-22.53.00:418][638]LogModuleManager: Shutting down and abandoning module LeapMotionController (115)
[2016.02.17-22.53.00:427][638]LogModuleManager: Shutting down and abandoning module CustomMeshComponent (114)
[2016.02.17-22.53.00:427][638]LogModuleManager: Shutting down and abandoning module CableComponent (113)
[2016.02.17-22.53.00:427][638]LogModuleManager: Shutting down and abandoning module ArchVisCharacter (112)
[2016.02.17-22.53.00:427][638]LogModuleManager: Shutting down and abandoning module MessagingDebugger (111)
[2016.02.17-22.53.00:427][638]LogModuleManager: Shutting down and abandoning module MediaPlayerEditor (110)
[2016.02.17-22.53.00:427][638]LogModuleManager: Shutting down and abandoning module HTML5Networking (109)
[2016.02.17-22.53.00:427][638]LogModuleManager: Shutting down and abandoning module SpeedTreeImporter (108)
[2016.02.17-22.53.00:427][638]LogModuleManager: Shutting down and abandoning module PluginBrowser (107)
[2016.02.17-22.53.00:427][638]LogModuleManager: Shutting down and abandoning module EpicSurvey (106)
[2016.02.17-22.53.00:427][638]LogModuleManager: Shutting down and abandoning module DesktopPlatform (105)
[2016.02.17-22.53.00:427][638]LogModuleManager: Shutting down and abandoning module VisualStudioSourceCodeAccess (104)
[2016.02.17-22.53.00:427][638]LogModuleManager: Shutting down and abandoning module UObjectPlugin (103)
[2016.02.17-22.53.00:427][638]LogModuleManager: Shutting down and abandoning module SubversionSourceControl (102)
[2016.02.17-22.53.00:427][638]LogModuleManager: Shutting down and abandoning module PerforceSourceControl (101)
[2016.02.17-22.53.00:427][638]LogModuleManager: Shutting down and abandoning module SourceControl (100)
[2016.02.17-22.53.00:427][638]LogModuleManager: Shutting down and abandoning module GitSourceControl (99)
[2016.02.17-22.53.00:427][638]LogModuleManager: Shutting down and abandoning module LightPropagationVolumeEditor (98)
[2016.02.17-22.53.00:427][638]LogModuleManager: Shutting down and abandoning module PaperTiledImporter (97)
[2016.02.17-22.53.00:427][638]LogModuleManager: Shutting down and abandoning module PaperSpriteSheetImporter (96)
[2016.02.17-22.53.00:427][638]LogModuleManager: Shutting down and abandoning module MeshPaint (95)
[2016.02.17-22.53.00:427][638]LogModuleManager: Shutting down and abandoning module SlateReflector (94)
[2016.02.17-22.53.00:427][638]LogModuleManager: Shutting down and abandoning module HotReload (93)
[2016.02.17-22.53.00:427][638]LogModuleManager: Shutting down and abandoning module MainFrame (92)
[2016.02.17-22.53.00:427][638]LogModuleManager: Shutting down and abandoning module LevelEditor (91)
[2016.02.17-22.53.00:428][638]LogModuleManager: Shutting down and abandoning module DirectoryWatcher (90)
[2016.02.17-22.53.00:429][638]LogModuleManager: Shutting down and abandoning module AssetRegistry (89)
[2016.02.17-22.53.00:531][638]LogModuleManager: Shutting down and abandoning module ContentBrowser (88)
[2016.02.17-22.53.00:531][638]LogModuleManager: Shutting down and abandoning module Paper2DEditor (87)
[2016.02.17-22.53.00:532][638]LogModuleManager: Shutting down and abandoning module UdpMessaging (86)
[2016.02.17-22.53.00:633][638]LogModuleManager: Shutting down and abandoning module LightPropagationVolumeRuntime (85)
[2016.02.17-22.53.00:633][638]LogModuleManager: Shutting down and abandoning module Paper2D (84)
[2016.02.17-22.53.00:633][638]LogModuleManager: Shutting down and abandoning module WindowsMoviePlayer (83)
[2016.02.17-22.53.00:635][638]LogModuleManager: Shutting down and abandoning module Media (82)
[2016.02.17-22.53.00:635][638]LogModuleManager: Shutting down and abandoning module WmfMedia (81)
[2016.02.17-22.53.00:635][638]LogModuleManager: Shutting down and abandoning module OnlineBlueprintSupport (80)
[2016.02.17-22.53.00:635][638]LogModuleManager: Shutting down and abandoning module GameplayTasksEditor (79)
[2016.02.17-22.53.00:635][638]LogModuleManager: Shutting down and abandoning module PropertyEditor (78)
[2016.02.17-22.53.00:635][638]LogModuleManager: Shutting down and abandoning module BehaviorTreeEditor (77)
[2016.02.17-22.53.00:635][638]LogModuleManager: Shutting down and abandoning module FunctionalTesting (76)
[2016.02.17-22.53.00:635][638]LogModuleManager: Shutting down and abandoning module CollisionAnalyzer (75)
[2016.02.17-22.53.00:635][638]LogModuleManager: Shutting down and abandoning module WorkspaceMenuStructure (74)
[2016.02.17-22.53.00:635][638]LogModuleManager: Shutting down and abandoning module MessageLog (73)
[2016.02.17-22.53.00:635][638]LogModuleManager: Shutting down and abandoning module Sequencer (72)
[2016.02.17-22.53.00:635][638]LogModuleManager: Shutting down and abandoning module AssetTools (71)
[2016.02.17-22.53.00:635][638]LogModuleManager: Shutting down and abandoning module UMGEditor (70)
[2016.02.17-22.53.00:635][638]LogModuleManager: Shutting down and abandoning module UMG (69)
[2016.02.17-22.53.00:636][638]LogModuleManager: Shutting down and abandoning module Slate (68)
[2016.02.17-22.53.00:636][638]LogModuleManager: Shutting down and abandoning module EditorStyle (67)
[2016.02.17-22.53.00:637][638]LogModuleManager: Shutting down and abandoning module SessionServices (66)
[2016.02.17-22.53.00:637][638]LogModuleManager: Shutting down and abandoning module SourceCodeAccess (65)
[2016.02.17-22.53.00:637][638]LogModuleManager: Shutting down and abandoning module HeadMountedDisplay (64)
[2016.02.17-22.53.00:637][638]LogModuleManager: Shutting down and abandoning module XAudio2 (63)
[2016.02.17-22.53.00:637][638]LogModuleManager: Shutting down and abandoning module Networking (61)
[2016.02.17-22.53.00:637][638]LogModuleManager: Shutting down and abandoning module Core (60)
[2016.02.17-22.53.00:637][638]LogModuleManager: Shutting down and abandoning module KismetCompiler (59)
[2016.02.17-22.53.00:637][638]LogModuleManager: Shutting down and abandoning module PhysXFormats (58)
[2016.02.17-22.53.00:637][638]LogModuleManager: Shutting down and abandoning module MeshUtilities (57)
[2016.02.17-22.53.00:637][638]LogModuleManager: Shutting down and abandoning module DerivedDataCache (56)
[2016.02.17-22.53.00:695][638]LogDerivedDataCache: Shutdown
[2016.02.17-22.53.00:695][638]LogModuleManager: Shutting down and abandoning module ShaderFormatOpenGL (55)
[2016.02.17-22.53.00:695][638]LogModuleManager: Shutting down and abandoning module ShaderFormatD3D (54)
[2016.02.17-22.53.00:695][638]LogModuleManager: Shutting down and abandoning module MetalShaderFormat (53)
[2016.02.17-22.53.00:695][638]LogModuleManager: Shutting down and abandoning module TextureFormatUncompressed (52)
[2016.02.17-22.53.00:695][638]LogModuleManager: Shutting down and abandoning module TextureFormatPVR (51)
[2016.02.17-22.53.00:695][638]LogModuleManager: Shutting down and abandoning module TextureFormatIntelISPCTexComp (50)
[2016.02.17-22.53.00:695][638]LogModuleManager: Shutting down and abandoning module TextureFormatDXT (49)
[2016.02.17-22.53.00:695][638]LogModuleManager: Shutting down and abandoning module ImageWrapper (48)
[2016.02.17-22.53.00:695][638]LogModuleManager: Shutting down and abandoning module TextureFormatASTC (47)
[2016.02.17-22.53.00:695][638]LogModuleManager: Shutting down and abandoning module TextureFormatAndroid (46)
[2016.02.17-22.53.00:695][638]LogModuleManager: Shutting down and abandoning module AudioFormatOpus (45)
[2016.02.17-22.53.00:695][638]LogModuleManager: Shutting down and abandoning module AudioFormatOgg (44)
[2016.02.17-22.53.00:695][638]LogModuleManager: Shutting down and abandoning module AudioFormatADPCM (43)
[2016.02.17-22.53.00:695][638]LogModuleManager: Shutting down and abandoning module LinuxTargetPlatform (42)
[2016.02.17-22.53.00:695][638]LogModuleManager: Shutting down and abandoning module LinuxServerTargetPlatform (41)
[2016.02.17-22.53.00:695][638]LogModuleManager: Shutting down and abandoning module LinuxNoEditorTargetPlatform (40)
[2016.02.17-22.53.00:695][638]LogModuleManager: Shutting down and abandoning module Messaging (39)
[2016.02.17-22.53.00:695][638]LogModuleManager: Shutting down and abandoning module IOSTargetPlatform (38)
[2016.02.17-22.53.00:695][638]LogModuleManager: Shutting down and abandoning module HTML5TargetPlatform (37)
[2016.02.17-22.53.00:695][638]LogModuleManager: Shutting down and abandoning module Android_PVRTCTargetPlatform (36)
[2016.02.17-22.53.00:695][638]LogModuleManager: Shutting down and abandoning module Android_MultiTargetPlatform (35)
[2016.02.17-22.53.00:695][638]LogModuleManager: Shutting down and abandoning module Android_ETC2TargetPlatform (34)
[2016.02.17-22.53.00:695][638]LogModuleManager: Shutting down and abandoning module Android_ETC1TargetPlatform (33)
[2016.02.17-22.53.00:695][638]LogModuleManager: Shutting down and abandoning module Android_DXTTargetPlatform (32)
[2016.02.17-22.53.00:695][638]LogModuleManager: Shutting down and abandoning module Android_ATCTargetPlatform (31)
[2016.02.17-22.53.00:695][638]LogModuleManager: Shutting down and abandoning module Android_ASTCTargetPlatform (30)
[2016.02.17-22.53.00:695][638]LogModuleManager: Shutting down and abandoning module AndroidTargetPlatform (29)
[2016.02.17-22.53.00:695][638]LogModuleManager: Shutting down and abandoning module WindowsTargetPlatform (28)
[2016.02.17-22.53.00:695][638]LogModuleManager: Shutting down and abandoning module WindowsServerTargetPlatform (27)
[2016.02.17-22.53.00:695][638]LogModuleManager: Shutting down and abandoning module WindowsNoEditorTargetPlatform (26)
[2016.02.17-22.53.00:695][638]LogModuleManager: Shutting down and abandoning module WindowsClientTargetPlatform (25)
[2016.02.17-22.53.00:695][638]LogModuleManager: Shutting down and abandoning module AllDesktopTargetPlatform (24)
[2016.02.17-22.53.00:695][638]LogModuleManager: Shutting down and abandoning module TargetPlatform (23)
[2016.02.17-22.53.00:695][638]LogModuleManager: Shutting down and abandoning module InputCore (22)
[2016.02.17-22.53.00:695][638]LogModuleManager: Shutting down and abandoning module Settings (21)
[2016.02.17-22.53.00:695][638]LogModuleManager: Shutting down and abandoning module OnlineSubsystem (19)
[2016.02.17-22.53.00:695][638]LogModuleManager: Shutting down and abandoning module HTTP (18)
[2016.02.17-22.53.02:698][638]LogModuleManager: Shutting down and abandoning module XMPP (17)
[2016.02.17-22.53.02:698][638]LogModuleManager: Shutting down and abandoning module OculusRift (16)
[2016.02.17-22.53.02:698][638]LogModuleManager: Shutting down and abandoning module ExampleDeviceProfileSelector (15)
[2016.02.17-22.53.02:698][638]LogModuleManager: Shutting down and abandoning module TextureCompressor (14)
[2016.02.17-22.53.02:698][638]LogModuleManager: Shutting down and abandoning module ShaderCore (13)
[2016.02.17-22.53.02:698][638]LogModuleManager: Shutting down and abandoning module Landscape (12)
[2016.02.17-22.53.02:698][638]LogModuleManager: Shutting down and abandoning module SlateRHIRenderer (11)
[2016.02.17-22.53.02:699][638]LogModuleManager: Shutting down and abandoning module OpenGLDrv (10)
[2016.02.17-22.53.02:699][638]LogModuleManager: Shutting down and abandoning module D3D11RHI (9)
[2016.02.17-22.53.02:699][638]LogModuleManager: Shutting down and abandoning module AnimGraphRuntime (8)
[2016.02.17-22.53.02:699][638]LogModuleManager: Shutting down and abandoning module Renderer (7)
[2016.02.17-22.53.02:699][638]LogModuleManager: Shutting down and abandoning module Engine (6)
[2016.02.17-22.53.02:699][638]LogModuleManager: Shutting down and abandoning module CoreUObject (5)
[2016.02.17-22.53.02:699][638]LogModuleManager: Shutting down and abandoning module NetworkFile (4)
[2016.02.17-22.53.02:699][638]LogModuleManager: Shutting down and abandoning module StreamingFile (3)
[2016.02.17-22.53.02:699][638]LogModuleManager: Shutting down and abandoning module SandboxFile (2)
[2016.02.17-22.53.02:699][638]LogModuleManager: Shutting down and abandoning module PakFile (1)
[2016.02.17-22.53.02:700][638]LogExit: Exiting.
[2016.02.17-22.53.02:710][638]Log file closed, 02/17/16 17:53:02
