[2016.02.17-22.32.36:671][  0]Log file open, 02/17/16 17:32:36
[2016.02.17-22.32.36:671][  0]LogInit:Display: Running engine for game: PracticeVR
[2016.02.17-22.32.36:671][  0]LogPlatformFile: Not using cached read wrapper
[2016.02.17-22.32.36:671][  0]LogInit:Display: RandInit(122361134) SRandInit(122361135).
[2016.02.17-22.32.36:671][  0]LogTaskGraph: Started task graph with 4 named threads and 7 total threads.
[2016.02.17-22.32.36:671][  0]LogStats: Stats thread started at 0.071912
[2016.02.17-22.32.36:671][  0]LogInit: Version: 4.10.2-2818068+++depot+UE4-Releases+4.10
[2016.02.17-22.32.36:671][  0]LogInit: API Version: 2758231
[2016.02.17-22.32.36:671][  0]LogInit: Compiled (64-bit): Jan  6 2016 17:36:42
[2016.02.17-22.32.36:671][  0]LogInit: Compiled with Visual C++: 19.00.23026.00
[2016.02.17-22.32.36:671][  0]LogInit: Build Configuration: Development
[2016.02.17-22.32.36:671][  0]LogInit: Branch Name: ++depot+UE4-Releases+4.10
[2016.02.17-22.32.36:671][  0]LogInit: Command line:  
[2016.02.17-22.32.36:671][  0]LogInit: Base directory: C:/Program Files (x86)/Epic Games/4.10/Engine/Binaries/Win64/
[2016.02.17-22.32.36:671][  0]LogInit: Rocket: 1
[2016.02.17-22.32.36:678][  0]LogInit: Using libcurl 7.41.0
[2016.02.17-22.32.36:678][  0]LogInit:  - built for x86_64-pc-win32
[2016.02.17-22.32.36:678][  0]LogInit:  - supports SSL with WinSSL
[2016.02.17-22.32.36:678][  0]LogInit:  - other features:
[2016.02.17-22.32.36:678][  0]LogInit:      CURL_VERSION_SSL
[2016.02.17-22.32.36:678][  0]LogInit:      CURL_VERSION_IPV6
[2016.02.17-22.32.36:678][  0]LogInit:      CURL_VERSION_ASYNCHDNS
[2016.02.17-22.32.36:678][  0]LogInit:      CURL_VERSION_LARGEFILE
[2016.02.17-22.32.36:678][  0]LogInit:      CURL_VERSION_IDN
[2016.02.17-22.32.36:678][  0]LogInit:  CurlRequestOptions (configurable via config and command line):
[2016.02.17-22.32.36:679][  0]LogInit:  - bVerifyPeer = true  - Libcurl will verify peer certificate
[2016.02.17-22.32.36:679][  0]LogInit:  - bUseHttpProxy = false  - Libcurl will NOT use HTTP proxy
[2016.02.17-22.32.36:679][  0]LogInit:  - bDontReuseConnections = false  - Libcurl will reuse connections
[2016.02.17-22.32.36:679][  0]LogInit:  - CertBundlePath = nullptr  - Libcurl will use whatever was configured at build time.
[2016.02.17-22.32.36:684][  0]LogInit: Presizing for 0 objects not considered by GC, pre-allocating 0 bytes.
[2016.02.17-22.32.36:689][  0]LogInit: Object subsystem initialized
[2016.02.17-22.32.36:690][  0]LogInit: Selected Device Profile: [Windows]
[2016.02.17-22.32.36:690][  0]LogInit: Applying CVar settings loaded from the selected device profile: [Windows]
[2016.02.17-22.32.36:697][  0]LogInit: Computer: ETC-WIN10-006
[2016.02.17-22.32.36:697][  0]LogInit: User: demo
[2016.02.17-22.32.36:697][  0]LogInit: CPU Page size=4096, Cores=4
[2016.02.17-22.32.36:697][  0]LogInit: High frequency timer resolution =3.507525 MHz
[2016.02.17-22.32.36:697][  0]LogMemory: Memory total: Physical=15.9GB (16GB approx)
[2016.02.17-22.32.36:697][  0]LogMemory: Platform Memory Stats for Windows
[2016.02.17-22.32.36:697][  0]LogMemory: Process Physical Memory: 55.83 MB used, 55.83 MB peak
[2016.02.17-22.32.36:697][  0]LogMemory: Process Virtual Memory: 56.83 MB used, 56.83 MB peak
[2016.02.17-22.32.36:697][  0]LogMemory: Physical Memory: 3887.16 MB used, 16326.10 MB total
[2016.02.17-22.32.36:697][  0]LogMemory: Virtual Memory: 379.68 MB used, 134217728.00 MB total
[2016.02.17-22.32.36:724][  0]LogTextLocalizationManager: No specific translations for ('en-US') exist, so ('en') translations will be used.
[2016.02.17-22.32.37:090][  0]LogD3D11RHI: Found D3D11 adapter 0: NVIDIA GeForce GTX 745 (Feature Level 11_0)
[2016.02.17-22.32.37:090][  0]LogD3D11RHI: Adapter has 4035MB of dedicated video memory, 0MB of dedicated system memory, and 8163MB of shared system memory, 2 output[s]
[2016.02.17-22.32.37:091][  0]LogD3D11RHI: Found D3D11 adapter 1: Microsoft Basic Render Driver (Feature Level 11_0)
[2016.02.17-22.32.37:091][  0]LogD3D11RHI: Adapter has 0MB of dedicated video memory, 0MB of dedicated system memory, and 8163MB of shared system memory, 0 output[s]
[2016.02.17-22.32.37:091][  0]LogD3D11RHI: Chosen D3D11 Adapter Id = 0
[2016.02.17-22.32.37:095][  0]LogD3D11RHI: !Direct3DDevice
[2016.02.17-22.32.37:095][  0]LogRHI: Texture pool is 1361 MB (70% of 1945 MB)
[2016.02.17-22.32.37:108][  0]LogD3D11RHI: Async texture creation enabled
[2016.02.17-22.32.37:124][  0]LogShaderCompilers: Guid format shader working directory is -22 characters bigger than the processId version (../../../../../../Users/demo/Documents/GitHub/practicevr/PracticeVR/Intermediate/Shaders/WorkingDirectory/5480/).
[2016.02.17-22.32.37:124][  0]LogShaderCompilers: Cleaned the shader compiler working directory 'C:/Users/demo/AppData/Local/Temp/UnrealShaderWorkingDir/BE09BFCD4ABA84FA4A095C87FF5E5324/'.
[2016.02.17-22.32.37:124][  0]LogShaderCompilers:Display: Using Local Shader Compiler.
[2016.02.17-22.32.37:765][  0]LogTemp:Display: Loaded TP AllDesktopTargetPlatform
[2016.02.17-22.32.37:769][  0]LogTemp:Display: Loaded TP WindowsClientTargetPlatform
[2016.02.17-22.32.37:773][  0]LogTemp:Display: Loaded TP WindowsNoEditorTargetPlatform
[2016.02.17-22.32.37:777][  0]LogTemp:Display: Loaded TP WindowsServerTargetPlatform
[2016.02.17-22.32.37:783][  0]LogTemp:Display: Loaded TP WindowsTargetPlatform
[2016.02.17-22.32.37:786][  0]LogTemp:Display: Loaded TP AndroidTargetPlatform
[2016.02.17-22.32.37:788][  0]LogTemp:Display: Loaded TP Android_ASTCTargetPlatform
[2016.02.17-22.32.37:791][  0]LogTemp:Display: Loaded TP Android_ATCTargetPlatform
[2016.02.17-22.32.37:794][  0]LogTemp:Display: Loaded TP Android_DXTTargetPlatform
[2016.02.17-22.32.37:796][  0]LogTemp:Display: Loaded TP Android_ETC1TargetPlatform
[2016.02.17-22.32.37:799][  0]LogTemp:Display: Loaded TP Android_ETC2TargetPlatform
[2016.02.17-22.32.37:804][  0]LogTemp:Display: Loaded TP Android_MultiTargetPlatform
[2016.02.17-22.32.37:804][  0]LogTemp:Display: Loaded TP Android_PVRTCTargetPlatform
[2016.02.17-22.32.37:804][  0]LogTemp:Display: Loaded TP HTML5TargetPlatform
[2016.02.17-22.32.37:823][  0]LogTemp:Display: Loaded TP IOSTargetPlatform
[2016.02.17-22.32.37:825][  0]LogTemp:Display: Loaded TP LinuxNoEditorTargetPlatform
[2016.02.17-22.32.37:827][  0]LogTemp:Display: Loaded TP LinuxServerTargetPlatform
[2016.02.17-22.32.37:829][  0]LogTemp:Display: Loaded TP LinuxTargetPlatform
[2016.02.17-22.32.37:829][  0]LogTargetPlatformManager:Display: Building Assets For Windows
[2016.02.17-22.32.37:891][  0]LogDerivedDataCache:Display: Max Cache Size: 512 MB
[2016.02.17-22.32.37:926][  0]LogDerivedDataCache: Loaded boot cache 0.04s 41MB C:/Users/demo/AppData/Local/UnrealEngine/4.10/DerivedDataCache/Boot.ddc.
[2016.02.17-22.32.37:926][  0]LogDerivedDataCache:Display: Loaded Boot cache: C:/Users/demo/AppData/Local/UnrealEngine/4.10/DerivedDataCache/Boot.ddc
[2016.02.17-22.32.37:927][  0]LogDerivedDataCache: FDerivedDataBackendGraph:  Pak pak cache file ../../../../../../Users/demo/Documents/GitHub/practicevr/PracticeVR/DerivedDataCache/DDC.ddp not found, will not use a pak cache.
[2016.02.17-22.32.37:927][  0]LogDerivedDataCache: Unable to find inner node Pak for hierarchical cache Hierarchy.
[2016.02.17-22.32.37:927][  0]LogDerivedDataCache: FDerivedDataBackendGraph:  CompressedPak pak cache file ../../../../../../Users/demo/Documents/GitHub/practicevr/PracticeVR/DerivedDataCache/Compressed.ddp not found, will not use a pak cache.
[2016.02.17-22.32.37:927][  0]LogDerivedDataCache: Unable to find inner node CompressedPak for hierarchical cache Hierarchy.
[2016.02.17-22.32.37:983][  0]LogDerivedDataCache:Display: Pak cache opened for reading ../../../Engine/DerivedDataCache/Compressed.ddp.
[2016.02.17-22.32.37:994][  0]LogDerivedDataCache: Using Local data cache path C:/Users/demo/AppData/Local/UnrealEngine/Common/DerivedDataCache: Writable
[2016.02.17-22.32.38:150][  0]LogInit: Selected Device Profile: [Windows]
[2016.02.17-22.32.38:152][  0]LogContentStreaming: Texture pool size is 0.000000MB
[2016.02.17-22.32.38:240][  0]LogMeshUtilities: No automatic mesh reduction module available
[2016.02.17-22.32.38:240][  0]LogMeshUtilities: No automatic mesh merging module available
[2016.02.17-22.32.38:417][  0]LogInit: WinSock: version 1.1 (2.2), MaxSocks=32767, MaxUdp=65467
[2016.02.17-22.32.39:056][  0]UdpMessaging: Initializing bridge on interface 0.0.0.0:0 to multicast group 230.0.0.1:6666.
[2016.02.17-22.32.39:148][  0]LogAssetRegistry: FAssetRegistry took 0.0106 seconds to start up
[2016.02.17-22.32.39:291][  0]SourceControl: Info Source control is disabled
[2016.02.17-22.32.39:325][  0]SourceControl: Info Source control is disabled
[2016.02.17-22.32.39:334][  0]SourceControl: Info Source control is disabled
[2016.02.17-22.32.39:341][  0]SourceControl: Info Source control is disabled
[2016.02.17-22.32.39:533][  0]LogObj: 28633 objects as part of root set at end of initial load.
[2016.02.17-22.32.39:533][  0]LogUObjectAllocator: 6099744 out of 0 bytes used by permanent object pool.
[2016.02.17-22.32.39:580][  0]LogEngine: Initializing Engine...
[2016.02.17-22.32.39:582][  0]LogHMD: Can't find Oculus library dev build: is proper Runtime installed? Version: 0.8.0.0
[2016.02.17-22.32.39:590][  0]LogHMD: SteamVR initialized.  Driver: lighthouse  Display: LHR-452284F5
[2016.02.17-22.32.39:692][  0]LogAIModule: Creating AISystem for world NewWorld
[2016.02.17-22.32.39:698][  0]LogInit: XAudio2 using 'Speakers (USB Audio Device)' : 2 channels at 44.1 kHz using 16 bits per sample (channel mask 0x3)
[2016.02.17-22.32.39:704][  0]LogInit: FAudioDevice initialized.
[2016.02.17-22.32.39:723][  0]LogDerivedDataCache: Saved boot cache 0.02s 41MB C:/Users/demo/AppData/Local/UnrealEngine/4.10/DerivedDataCache/Boot.ddc.
[2016.02.17-22.32.39:727][  0]LogInit: Texture streaming: Enabled
[2016.02.17-22.32.39:732][  0]LogAnalytics: Creating configured Analytics provider AnalyticsET
[2016.02.17-22.32.39:732][  0]LogAnalytics: [UEEditor.Rocket.Release] APIServer = http://et2.epicgames.com/ET2/. AppVersion = 4.10.2-2818068+++depot+UE4-Releases+4.10
[2016.02.17-22.32.39:732][  0]LogAnalytics: [UEEditor.Rocket.Release] SetUserId dace05c344f3165ba6907d8fb994670d|36cf517b4d86471bb12e26a25eb81198|c0875fa7-5c44-4913-af9b-c7a689be2d5a
[2016.02.17-22.32.39:732][  0]LogAnalytics: [UEEditor.Rocket.Release] AnalyticsET::StartSession
[2016.02.17-22.32.39:740][  0]LogInit: Transaction tracking system initialized
[2016.02.17-22.32.39:764][  0]BlueprintLog: New page: Editor Load
[2016.02.17-22.32.39:832][  0]LocalizationService: Info Localization service is disabled
[2016.02.17-22.32.39:895][  0]LogConsoleResponse:Display: 
[2016.02.17-22.32.39:980][  0]LogCook:Display: Done creating registry. It took  0.00s.
[2016.02.17-22.32.40:029][  0]LogFileCache: Scanning file cache for directory 'C:/Users/demo/Documents/GitHub/practicevr/PracticeVR/Content/' took 0.01s
[2016.02.17-22.32.40:029][  0]SourceControl: Info Source control is disabled
[2016.02.17-22.32.40:029][  0]Cmd: MAP LOAD FILE="../../../../../../Users/demo/Documents/GitHub/practicevr/PracticeVR/Content/StarterContent/Maps/Minimal_Default.umap" TEMPLATE=0 SHOWPROGRESS=1 FEATURELEVEL=3
[2016.02.17-22.32.40:029][  0]LightingResults: New page: Lighting Build
[2016.02.17-22.32.40:031][  0]MapCheck: New page: Map Check
[2016.02.17-22.32.40:031][  0]LightingResults: New page: Lighting Build
[2016.02.17-22.32.40:041][  0]LogParticles: Destroying 0 GPU particle simulations for FXSystem 0x0000008BF94AFB00
[2016.02.17-22.32.40:302][  0]LogAIModule: Creating AISystem for world Minimal_Default
[2016.02.17-22.32.40:306][  0]LogEditorServer: Finished looking for orphan Actors (0.000 secs)
[2016.02.17-22.32.40:307][  0]Cmd: MAP CHECKDEP NOCLEARLOG
[2016.02.17-22.32.40:342][  0]MapCheck: Info Map check complete: 0 Error(s), 0 Warning(s), took 34.773ms to complete.
[2016.02.17-22.32.40:342][  0]LogFileHelpers: Loading map 'Minimal_Default' took 0.313
[2016.02.17-22.32.40:442][  0]LogCollectionManager: Loaded 0 collections in 0.002675 seconds
[2016.02.17-22.32.40:480][  0]LogFileCache: Scanning file cache for directory 'C:/Users/demo/Documents/GitHub/practicevr/PracticeVR/Saved/Collections/' took 0.01s
[2016.02.17-22.32.40:480][  0]LogFileCache: Scanning file cache for directory 'C:/Users/demo/Documents/GitHub/practicevr/PracticeVR/Content/Developers/demo/Collections/' took 0.01s
[2016.02.17-22.32.40:480][  0]LogFileCache: Scanning file cache for directory 'C:/Users/demo/Documents/GitHub/practicevr/PracticeVR/Content/Collections/' took 0.01s
[2016.02.17-22.32.40:480][  0]LogCollectionManager: Rebuilt the GUID cache for 0 collections in 0.000001 seconds
[2016.02.17-22.32.40:487][  0]LogContentBrowser: Native class hierarchy populated in 0.0063 seconds. Added 1893 classes and 338 folders.
[2016.02.17-22.32.40:492][  0]LogContentBrowser: Native class hierarchy updated for 'WidgetCarousel' in 0.0002 seconds. Added 0 classes and 0 folders.
[2016.02.17-22.32.40:525][  0]LogContentBrowser: Native class hierarchy updated for 'AddContentDialog' in 0.0004 seconds. Added 0 classes and 0 folders.
[2016.02.17-22.32.40:529][  0]LogContentBrowser: Native class hierarchy updated for 'SceneOutliner' in 0.0003 seconds. Added 1 classes and 2 folders.
[2016.02.17-22.32.40:570][  0]LogCrashTracker: Crashtracker disabled due to settings.
[2016.02.17-22.32.40:572][  0]LogUObjectGlobals:Warning: Failed to find object 'Class None.'
[2016.02.17-22.32.40:913][  0]LogLoad: Full Startup: 4.60 seconds (BP compile: 0.03 seconds)
[2016.02.17-22.32.40:982][  0]LogOcInput: Can't find Oculus library dev build: is proper Runtime installed? Version: 0.8.0.0
[2016.02.17-22.32.41:085][  0]LogContentStreaming: Texture pool size now 1000 MB
[2016.02.17-22.32.41:319][  0]LogRenderer: Reallocating scene render targets to support 1208x572 (Frame:2).
[2016.02.17-22.32.41:455][  2]LogAssetRegistry: Asset discovery search completed in 2.3172 seconds
[2016.02.17-22.32.41:455][  2]LogCollectionManager: Rebuilt the object cache for 0 collections in 0.000000 seconds (found 0 objects)
[2016.02.17-22.32.41:455][  2]LogCollectionManager: Fixed up redirectors for 0 collections in 0.000015 seconds (updated 0 objects)
[2016.02.17-22.32.49:068][375]LogAIModule: Creating AISystem for world VR_Level
[2016.02.17-22.32.49:092][375]Cmd: MAP LOAD FILE="../../../../../../Users/demo/Documents/GitHub/practicevr/PracticeVR/Content/Levels/VR_Level.umap" TEMPLATE=0 SHOWPROGRESS=1 FEATURELEVEL=3
[2016.02.17-22.32.49:092][375]LightingResults: New page: Lighting Build
[2016.02.17-22.32.49:104][375]LoadErrors: New page: Loading map: VR_Level.umap
[2016.02.17-22.32.49:105][375]MapCheck: New page: Map Check
[2016.02.17-22.32.49:105][375]LightingResults: New page: Lighting Build
[2016.02.17-22.32.49:115][375]LogParticles: Destroying 0 GPU particle simulations for FXSystem 0x0000008BE91F72E0
[2016.02.17-22.32.49:142][375]LogEditorServer: Finished looking for orphan Actors (0.000 secs)
[2016.02.17-22.32.49:162][375]Cmd: MAP CHECKDEP NOCLEARLOG
[2016.02.17-22.32.49:204][375]MapCheck: Info Map check complete: 0 Error(s), 0 Warning(s), took 41.735ms to complete.
[2016.02.17-22.32.49:204][375]LogFileHelpers: Loading map 'VR_Level' took 0.113
[2016.02.17-22.32.51:973][595]LogPlayLevel: PlayLevel: No blueprints needed recompiling
[2016.02.17-22.32.51:973][595]PIE: New page: PIE session: VR_Level (Feb 17, 2016, 12:32:51 PM)
[2016.02.17-22.32.51:973][595]LogPlayLevel: Creating play world package: /Game/Levels/UEDPIE_0_VR_Level
[2016.02.17-22.32.51:975][595]LogPlayLevel: PIE: StaticDuplicateObject took: (0.001375s)
[2016.02.17-22.32.51:975][595]LogAIModule: Creating AISystem for world VR_Level
[2016.02.17-22.32.51:975][595]LogPlayLevel: PIE: World Init took: (0.000657s)
[2016.02.17-22.32.51:976][595]LogPlayLevel: PIE: Created PIE world by copying editor world from /Game/Levels/VR_Level.VR_Level to /Game/Levels/UEDPIE_0_VR_Level.VR_Level (0.002223s)
[2016.02.17-22.32.51:989][595]LogInit: XAudio2 using 'Speakers (USB Audio Device)' : 2 channels at 44.1 kHz using 16 bits per sample (channel mask 0x3)
[2016.02.17-22.32.51:993][595]LogInit: FAudioDevice initialized.
[2016