[2016.02.17-22.38.26:079][  0]Log file open, 02/17/16 17:38:26
[2016.02.17-22.38.26:079][  0]LogInit:Display: Running engine for game: PracticeVR
[2016.02.17-22.38.26:079][  0]LogPlatformFile: Not using cached read wrapper
[2016.02.17-22.38.26:079][  0]LogInit:Display: RandInit(1347918226) SRandInit(1347918227).
[2016.02.17-22.38.26:079][  0]LogTaskGraph: Started task graph with 4 named threads and 7 total threads.
[2016.02.17-22.38.26:079][  0]LogStats: Stats thread started at 0.068323
[2016.02.17-22.38.26:079][  0]LogInit: Version: 4.10.2-2818068+++depot+UE4-Releases+4.10
[2016.02.17-22.38.26:079][  0]LogInit: API Version: 2758231
[2016.02.17-22.38.26:080][  0]LogInit: Compiled (64-bit): Jan  6 2016 17:36:42
[2016.02.17-22.38.26:080][  0]LogInit: Compiled with Visual C++: 19.00.23026.00
[2016.02.17-22.38.26:080][  0]LogInit: Build Configuration: Development
[2016.02.17-22.38.26:080][  0]LogInit: Branch Name: ++depot+UE4-Releases+4.10
[2016.02.17-22.38.26:080][  0]LogInit: Command line:  
[2016.02.17-22.38.26:080][  0]LogInit: Base directory: C:/Program Files (x86)/Epic Games/4.10/Engine/Binaries/Win64/
[2016.02.17-22.38.26:080][  0]LogInit: Rocket: 1
[2016.02.17-22.38.26:085][  0]LogInit: Using libcurl 7.41.0
[2016.02.17-22.38.26:085][  0]LogInit:  - built for x86_64-pc-win32
[2016.02.17-22.38.26:085][  0]LogInit:  - supports SSL with WinSSL
[2016.02.17-22.38.26:085][  0]LogInit:  - other features:
[2016.02.17-22.38.26:085][  0]LogInit:      CURL_VERSION_SSL
[2016.02.17-22.38.26:085][  0]LogInit:      CURL_VERSION_IPV6
[2016.02.17-22.38.26:085][  0]LogInit:      CURL_VERSION_ASYNCHDNS
[2016.02.17-22.38.26:085][  0]LogInit:      CURL_VERSION_LARGEFILE
[2016.02.17-22.38.26:085][  0]LogInit:      CURL_VERSION_IDN
[2016.02.17-22.38.26:085][  0]LogInit:  CurlRequestOptions (configurable via config and command line):
[2016.02.17-22.38.26:085][  0]LogInit:  - bVerifyPeer = true  - Libcurl will verify peer certificate
[2016.02.17-22.38.26:085][  0]LogInit:  - bUseHttpProxy = false  - Libcurl will NOT use HTTP proxy
[2016.02.17-22.38.26:085][  0]LogInit:  - bDontReuseConnections = false  - Libcurl will reuse connections
[2016.02.17-22.38.26:085][  0]LogInit:  - CertBundlePath = nullptr  - Libcurl will use whatever was configured at build time.
[2016.02.17-22.38.26:090][  0]LogInit: Presizing for 0 objects not considered by GC, pre-allocating 0 bytes.
[2016.02.17-22.38.26:095][  0]LogInit: Object subsystem initialized
[2016.02.17-22.38.26:096][  0]LogInit: Selected Device Profile: [Windows]
[2016.02.17-22.38.26:096][  0]LogInit: Applying CVar settings loaded from the selected device profile: [Windows]
[2016.02.17-22.38.26:103][  0]LogInit: Computer: ETC-WIN10-006
[2016.02.17-22.38.26:103][  0]LogInit: User: demo
[2016.02.17-22.38.26:103][  0]LogInit: CPU Page size=4096, Cores=4
[2016.02.17-22.38.26:103][  0]LogInit: High frequency timer resolution =3.507525 MHz
[2016.02.17-22.38.26:103][  0]LogMemory: Memory total: Physical=15.9GB (16GB approx)
[2016.02.17-22.38.26:103][  0]LogMemory: Platform Memory Stats for Windows
[2016.02.17-22.38.26:103][  0]LogMemory: Process Physical Memory: 55.83 MB used, 55.83 MB peak
[2016.02.17-22.38.26:103][  0]LogMemory: Process Virtual Memory: 56.84 MB used, 56.84 MB peak
[2016.02.17-22.38.26:103][  0]LogMemory: Physical Memory: 3702.41 MB used, 16326.10 MB total
[2016.02.17-22.38.26:103][  0]LogMemory: Virtual Memory: 379.68 MB used, 134217728.00 MB total
[2016.02.17-22.38.26:127][  0]LogTextLocalizationManager: No specific translations for ('en-US') exist, so ('en') translations will be used.
[2016.02.17-22.38.26:424][  0]LogD3D11RHI: Found D3D11 adapter 0: NVIDIA GeForce GTX 745 (Feature Level 11_0)
[2016.02.17-22.38.26:424][  0]LogD3D11RHI: Adapter has 4035MB of dedicated video memory, 0MB of dedicated system memory, and 8163MB of shared system memory, 2 output[s]
[2016.02.17-22.38.26:425][  0]LogD3D11RHI: Found D3D11 adapter 1: Microsoft Basic Render Driver (Feature Level 11_0)
[2016.02.17-22.38.26:425][  0]LogD3D11RHI: Adapter has 0MB of dedicated video memory, 0MB of dedicated system memory, and 8163MB of shared system memory, 0 output[s]
[2016.02.17-22.38.26:425][  0]LogD3D11RHI: Chosen D3D11 Adapter Id = 0
[2016.02.17-22.38.26:428][  0]LogD3D11RHI: !Direct3DDevice
[2016.02.17-22.38.26:428][  0]LogRHI: Texture pool is 1361 MB (70% of 1945 MB)
[2016.02.17-22.38.26:440][  0]LogD3D11RHI: Async texture creation enabled
[2016.02.17-22.38.26:450][  0]LogShaderCompilers: Guid format shader working directory is -21 characters bigger than the processId version (../../../../../../Users/demo/Documents/GitHub/practicevr/PracticeVR/Intermediate/Shaders/WorkingDirectory/664/).
[2016.02.17-22.38.26:450][  0]LogShaderCompilers: Cleaned the shader compiler working directory 'C:/Users/demo/AppData/Local/Temp/UnrealShaderWorkingDir/505707FB44D6D448780E259311B8B823/'.
[2016.02.17-22.38.26:450][  0]LogShaderCompilers:Display: Using Local Shader Compiler.
[2016.02.17-22.38.27:025][  0]LogTemp:Display: Loaded TP AllDesktopTargetPlatform
[2016.02.17-22.38.27:029][  0]LogTemp:Display: Loaded TP WindowsClientTargetPlatform
[2016.02.17-22.38.27:033][  0]LogTemp:Display: Loaded TP WindowsNoEditorTargetPlatform
[2016.02.17-22.38.27:036][  0]LogTemp:Display: Loaded TP WindowsServerTargetPlatform
[2016.02.17-22.38.27:040][  0]LogTemp:Display: Loaded TP WindowsTargetPlatform
[2016.02.17-22.38.27:042][  0]LogTemp:Display: Loaded TP AndroidTargetPlatform
[2016.02.17-22.38.27:044][  0]LogTemp:Display: Loaded TP Android_ASTCTargetPlatform
[2016.02.17-22.38.27:046][  0]LogTemp:Display: Loaded TP Android_ATCTargetPlatform
[2016.02.17-22.38.27:049][  0]LogTemp:Display: Loaded TP Android_DXTTargetPlatform
[2016.02.17-22.38.27:051][  0]LogTemp:Display: Loaded TP Android_ETC1TargetPlatform
[2016.02.17-22.38.27:055][  0]LogTemp:Display: Loaded TP Android_ETC2TargetPlatform
[2016.02.17-22.38.27:060][  0]LogTemp:Display: Loaded TP Android_MultiTargetPlatform
[2016.02.17-22.38.27:060][  0]LogTemp:Display: Loaded TP Android_PVRTCTargetPlatform
[2016.02.17-22.38.27:060][  0]LogTemp:Display: Loaded TP HTML5TargetPlatform
[2016.02.17-22.38.27:077][  0]LogTemp:Display: Loaded TP IOSTargetPlatform
[2016.02.17-22.38.27:079][  0]LogTemp:Display: Loaded TP LinuxNoEditorTargetPlatform
[2016.02.17-22.38.27:081][  0]LogTemp:Display: Loaded TP LinuxServerTargetPlatform
[2016.02.17-22.38.27:084][  0]LogTemp:Display: Loaded TP LinuxTargetPlatform
[2016.02.17-22.38.27:084][  0]LogTargetPlatformManager:Display: Building Assets For Windows
[2016.02.17-22.38.27:145][  0]LogDerivedDataCache:Display: Max Cache Size: 512 MB
[2016.02.17-22.38.27:186][  0]LogDerivedDataCache: Loaded boot cache 0.04s 41MB C:/Users/demo/AppData/Local/UnrealEngine/4.10/DerivedDataCache/Boot.ddc.
[2016.02.17-22.38.27:186][  0]LogDerivedDataCache:Display: Loaded Boot cache: C:/Users/demo/AppData/Local/UnrealEngine/4.10/DerivedDataCache/Boot.ddc
[2016.02.17-22.38.27:186][  0]LogDerivedDataCache: FDerivedDataBackendGraph:  Pak pak cache file ../../../../../../Users/demo/Documents/GitHub/practicevr/PracticeVR/DerivedDataCache/DDC.ddp not found, will not use a pak cache.
[2016.02.17-22.38.27:186][  0]LogDerivedDataCache: Unable to find inner node Pak for hierarchical cache Hierarchy.
[2016.02.17-22.38.27:186][  0]LogDerivedDataCache: FDerivedDataBackendGraph:  CompressedPak pak cache file ../../../../../../Users/demo/Documents/GitHub/practicevr/PracticeVR/DerivedDataCache/Compressed.ddp not found, will not use a pak cache.
[2016.02.17-22.38.27:186][  0]LogDerivedDataCache: Unable to find inner node CompressedPak for hierarchical cache Hierarchy.
[2016.02.17-22.38.27:229][  0]LogDerivedDataCache:Display: Pak cache opened for reading ../../../Engine/DerivedDataCache/Compressed.ddp.
[2016.02.17-22.38.27:241][  0]LogDerivedDataCache: Using Local data cache path C:/Users/demo/AppData/Local/UnrealEngine/Common/DerivedDataCache: Writable
[2016.02.17-22.38.27:378][  0]LogInit: Selected Device Profile: [Windows]
[2016.02.17-22.38.27:380][  0]LogContentStreaming: Texture pool size is 0.000000MB
[2016.02.17-22.38.27:462][  0]LogMeshUtilities: No automatic mesh reduction module available
[2016.02.17-22.38.27:462][  0]LogMeshUtilities: No automatic mesh merging module available
[2016.02.17-22.38.27:623][  0]LogInit: WinSock: version 1.1 (2.2), MaxSocks=32767, MaxUdp=65467
[2016.02.17-22.38.28:188][  0]UdpMessaging: Initializing bridge on interface 0.0.0.0:0 to multicast group 230.0.0.1:6666.
[2016.02.17-22.38.28:278][  0]LogAssetRegistry: FAssetRegistry took 0.0108 seconds to start up
[2016.02.17-22.38.28:401][  0]SourceControl: Info Source control is disabled
[2016.02.17-22.38.28:429][  0]SourceControl: Info Source control is disabled
[2016.02.17-22.38.28:439][  0]SourceControl: Info Source control is disabled
[2016.02.17-22.38.28:446][  0]SourceControl: Info Source control is disabled
[2016.02.17-22.38.28:609][  0]LogObj: 28633 objects as part of root set at end of initial load.
[2016.02.17-22.38.28:609][  0]LogUObjectAllocator: 6099744 out of 0 bytes used by permanent object pool.
[2016.02.17-22.38.28:654][  0]LogEngine: Initializing Engine...
[2016.02.17-22.38.28:656][  0]LogHMD: Can't find Oculus library dev build: is proper Runtime installed? Version: 0.8.0.0
[2016.02.17-22.38.30:086][  0]LogHMD: SteamVR initialized.  Driver: lighthouse  Display: LHR-452284F5
[2016.02.17-22.38.30:179][  0]LogAIModule: Creating AISystem for world NewWorld
[2016.02.17-22.38.30:184][  0]LogInit: XAudio2 using 'Speakers (USB Audio Device)' : 2 channels at 44.1 kHz using 16 bits per sample (channel mask 0x3)
[2016.02.17-22.38.30:195][  0]LogInit: FAudioDevice initialized.
[2016.02.17-22.38.30:212][  0]LogDerivedDataCache: Saved boot cache 0.02s 41MB C:/Users/demo/AppData/Local/UnrealEngine/4.10/DerivedDataCache/Boot.ddc.
[2016.02.17-22.38.30:216][  0]LogInit: Texture streaming: Enabled
[2016.02.17-22.38.30:222][  0]LogAnalytics: Creating configured Analytics provider AnalyticsET
[2016.02.17-22.38.30:222][  0]LogAnalytics: [UEEditor.Rocket.Release] APIServer = http://et2.epicgames.com/ET2/. AppVersion = 4.10.2-2818068+++depot+UE4-Releases+4.10
[2016.02.17-22.38.30:222][  0]LogAnalytics: [UEEditor.Rocket.Release] SetUserId dace05c344f3165ba6907d8fb994670d|36cf517b4d86471bb12e26a25eb81198|c0875fa7-5c44-4913-af9b-c7a689be2d5a
[2016.02.17-22.38.30:222][  0]LogAnalytics: [UEEditor.Rocket.Release] AnalyticsET::StartSession
[2016.02.17-22.38.30:229][  0]LogInit: Transaction tracking system initialized
[2016.02.17-22.38.30:250][  0]BlueprintLog: New page: Editor Load
[2016.02.17-22.38.30:312][  0]LocalizationService: Info Localization service is disabled
[2016.02.17-22.38.30:367][  0]LogConsoleResponse:Display: 
[2016.02.17-22.38.30:450][  0]LogCook:Display: Done creating registry. It took  0.00s.
[2016.02.17-22.38.30:494][  0]LogFileCache: Scanning file cache for directory 'C:/Users/demo/Documents/GitHub/practicevr/PracticeVR/Content/' took 0.01s
[2016.02.17-22.38.30:494][  0]SourceControl: Info Source control is disabled
[2016.02.17-22.38.30:494][  0]Cmd: MAP LOAD FILE="../../../../../../Users/demo/Documents/GitHub/practicevr/PracticeVR/Content/StarterContent/Maps/Minimal_Default.umap" TEMPLATE=0 SHOWPROGRESS=1 FEATURELEVEL=3
[2016.02.17-22.38.30:495][  0]LightingResults: New page: Lighting Build
[2016.02.17-22.38.30:497][  0]MapCheck: New page: Map Check
[2016.02.17-22.38.30:497][  0]LightingResults: New page: Lighting Build
[2016.02.17-22.38.30:507][  0]LogParticles: Destroying 0 GPU particle simulations for FXSystem 0x0000005367567B00
[2016.02.17-22.38.30:747][  0]LogAIModule: Creating AISystem for world Minimal_Default
[2016.02.17-22.38.30:752][  0]LogEditorServer: Finished looking for orphan Actors (0.000 secs)
[2016.02.17-22.38.30:752][  0]Cmd: MAP CHECKDEP NOCLEARLOG
[2016.02.17-22.38.30:783][  0]MapCheck: Info Map check complete: 0 Error(s), 0 Warning(s), took 31.532ms to complete.
[2016.02.17-22.38.30:783][  0]LogFileHelpers: Loading map 'Minimal_Default' took 0.290
[2016.02.17-22.38.30:878][  0]LogCollectionManager: Loaded 0 collections in 0.001710 seconds
[2016.02.17-22.38.30:916][  0]LogFileCache: Scanning file cache for directory 'C:/Users/demo/Documents/GitHub/practicevr/PracticeVR/Saved/Collections/' took 0.01s
[2016.02.17-22.38.30:916][  0]LogFileCache: Scanning file cache for directory 'C:/Users/demo/Documents/GitHub/practicevr/PracticeVR/Content/Developers/demo/Collections/' took 0.01s
[2016.02.17-22.38.30:916][  0]LogFileCache: Scanning file cache for directory 'C:/Users/demo/Documents/GitHub/practicevr/PracticeVR/Content/Collections/' took 0.01s
[2016.02.17-22.38.30:916][  0]LogCollectionManager: Rebuilt the GUID cache for 0 collections in 0.000001 seconds
[2016.02.17-22.38.30:922][  0]LogContentBrowser: Native class hierarchy populated in 0.0058 seconds. Added 1893 classes and 338 folders.
[2016.02.17-22.38.30:927][  0]LogContentBrowser: Native class hierarchy updated for 'WidgetCarousel' in 0.0002 seconds. Added 0 classes and 0 folders.
[2016.02.17-22.38.30:957][  0]LogContentBrowser: Native class hierarchy updated for 'AddContentDialog' in 0.0003 seconds. Added 0 classes and 0 folders.
[2016.02.17-22.38.30:961][  0]LogContentBrowser: Native class hierarchy updated for 'SceneOutliner' in 0.0002 seconds. Added 1 classes and 2 folders.
[2016.02.17-22.38.30:996][  0]LogCrashTracker: Crashtracker disabled due to settings.
[2016.02.17-22.38.30:999][  0]LogUObjectGlobals:Warning: Failed to find object 'Class None.'
[2016.02.17-22.38.31:409][  0]LogLoad: Full Startup: 5.67 seconds (BP compile: 0.03 seconds)
[2016.02.17-22.38.31:420][  0]LogOcInput: Can't find Oculus library dev build: is proper Runtime installed? Version: 0.8.0.0
[2016.02.17-22.38.31:528][  0]LogContentStreaming: Texture pool size now 1000 MB
[2016.02.17-22.38.31:730][  0]LogRenderer: Reallocating scene render targets to support 1208x572 (Frame:2).
[2016.02.17-22.38.31:866][  2]LogAssetRegistry: Asset discovery search completed in 3.5989 seconds
[2016.02.17-22.38.31:866][  2]LogCollectionManager: Rebuilt the object cache for 0 collections in 0.000001 seconds (found 0 objects)
[2016.02.17-22.38.31:866][  2]LogCollectionManager: Fixed up redirectors for 0 collections in 0.000019 seconds (updated 0 objects)
[2016.02.17-22.38.43:092][550]LogBlueprintUserMessages: Early PlayInEditor Detection: Level '/Game/StarterContent/Maps/Minimal_Default.Minimal_Default:PersistentLevel' has LevelScriptBlueprint '/Game/StarterContent/Maps/Minimal_Default.Minimal_Default:PersistentLevel.Minimal_Default' with GeneratedClass '/Game/StarterContent/Maps/Minimal_Default.Minimal_Default_C' with ClassGeneratedBy '/Game/StarterContent/Maps/Minimal_Default.Minimal_Default:PersistentLevel.Minimal_Default'
[2016.02.17-22.38.43:092][550]LogPlayLevel: PlayLevel: No blueprints needed recompiling
[2016.02.17-22.38.43:092][550]PIE: New page: PIE session: Minimal_Default (Feb 17, 2016, 12:38:43 PM)
[2016.02.17-22.38.43:092][550]LogPlayLevel: Creating play world package: /Game/StarterContent/Maps/UEDPIE_0_Minimal_Default
[2016.02.17-22.38.43:098][550]LogPlayLevel: PIE: StaticDuplicateObject took: (0.006017s)
[2016.02.17-22.38.43:099][550]LogAIModule: Creating AISystem for world Minimal_Default
[2016.02.17-22.38.43:099][550]LogPlayLevel: PIE: World Init took: (0.000785s)
[2016.02.17-22.38.43:099][550]LogPlayLevel: PIE: Created PIE world by copying editor world from /Game/StarterContent/Maps/Minimal_Default.Minimal_Default to /Game/StarterContent/Maps/UEDPIE_0_Minimal_Default.Minimal_Default (0.007000s)
[2016.02.17-22.38.43:119][550]LogInit: XAudio2 using 'Speakers (USB Audio Device)' : 2 channels at 44.1 kHz using 16 bits per sample (channel mask 0x3)
[2016.02.17-22.38.43:124][550]LogInit: FAudioDevice initialized.
[2016.02.17-22.38.43:232][550]LogWorld: Game class is 'GameMode'
[2016.02.17-22.38.43:235][550]LogWorld: Bringing World /Game/StarterContent/Maps/UEDPIE_0_Minimal_Default.Minimal_Default up for play (max tick rate 0) at 2016.02.17-17.38.43
[2016.02.17-22.38.43:235][550]LogActor:Warning: GameSession /Game/StarterContent/Maps/UEDPIE_0_Minimal_Default.Minimal_Default:PersistentLevel.GameSession_0 has natively added scene component(s), but none of them were set as the actor's RootComponent - picking one arbitrarily
[2016.02.17-22.38.43:235][550]LogActor:Warning: GameNetworkManager /Game/StarterContent/Maps/UEDPIE_0_Minimal_Default.Minimal_Default:PersistentLevel.GameNetworkManager_0 has natively added scene component(s), but none of them were set as the actor's RootComponent - picking one arbitrarily
[2016.02.17-22.38.43:235][550]LogWorld: Bringing up level for play took: 0.002359
[2016.02.17-22.38.43:246][550]PIE: Info Play in editor start time for /Game/StarterContent/Maps/UEDPIE_0_Minimal_Default 1.103
[2016.02.17-22.38.43:247][550]LogBlueprintUserMessages: Late PlayInEditor Detection: Level '/Game/StarterContent/Maps/Minimal_Default.Minimal_Default:PersistentLevel' has LevelScriptBlueprint '/Game/StarterContent/Maps/Minimal_Default.Minimal_Default:PersistentLevel.Minimal_Default' with GeneratedClass '/Game/StarterContent/Maps/Minimal_Default.Minimal_Default_C' with ClassGeneratedBy '/Game/StarterContent/Maps/Minimal_Default.Minimal_Default:PersistentLevel.Minimal_Default'
[2016.02.17-22.38.43:287][550]LogRenderer: Reallocating scene render targets to support 1692x804 (Frame:546).
[2016.02.17-22.38.43:307][551]LogRenderer: Reallocating scene render targets to support 3024x1680 (Frame:547).
[2016.02.17-22.38.43:325][552]LogRenderTargetPool:Warning: r.RenderTargetPoolMin exceeded 635/400 MB (ok in editor, bad on fixed memory platform)
[2016.02.17-22.40.27:867][869]LogBlueprintUserMessages: Early EndPlayMap Detection: Level '/Game/StarterContent/Maps/Minimal_Default.Minimal_Default:PersistentLevel' has LevelScriptBlueprint '/Game/StarterContent/Maps/Minimal_Default.Minimal_Default:PersistentLevel.Minimal_Default' with GeneratedClass '/Game/StarterContent/Maps/Minimal_Default.Minimal_Default_C' with ClassGeneratedBy '/Game/StarterContent/Maps/Minimal_Default.Minimal_Default:PersistentLevel.Minimal_Default'
[2016.02.17-22.40.27:961][869]LogBlueprintUserMessages: Late EndPlayMap Detection: Level '/Game/StarterContent/Maps/Minimal_Default.Minimal_Default:PersistentLevel' has LevelScriptBlueprint '/Game/StarterContent/Maps/Minimal_Default.Minimal_Default:PersistentLevel.Minimal_Default' with GeneratedClass '/Game/StarterContent/Maps/Minimal_Default.Minimal_Default_C' with ClassGeneratedBy '/Game/StarterContent/Maps/Minimal_Default.Minimal_Default:PersistentLevel.Minimal_Default'
[2016.02.17-22.40.27:974][869]LogParticles: Destroying 0 GPU particle simulations for FXSystem 0x000000536F98ADE0
[2016.02.17-22.40.36:892][224]LogRenderTargetPool:Warning: r.RenderTargetPoolMin exceeded 807/400 MB (ok in editor, bad on fixed memory platform)
[2016.02.17-22.40.37:023][225]LogAIModule: Creating AISystem for world VR_Level
[2016.02.17-22.40.37:040][225]Cmd: MAP LOAD FILE="../../../../../../Users/demo/Documents/GitHub/practicevr/PracticeVR/Content/Levels/VR_Level.umap" TEMPLATE=0 SHOWPROGRESS=1 FEATURELEVEL=3
[2016.02.17-22.40.37:040][225]LightingResults: New page: Lighting Build
[2016.02.17-22.40.37:051][225]LoadErrors: New page: Loading map: VR_Level.umap
[2016.02.17-22.40.37:051][225]MapCheck: New page: Map Check
[2016.02.17-22.40.37:051][225]LightingResults: New page: Lighting Build
[2016.02.17-22.40.37:063][225]LogParticles: Destroying 0 GPU particle simulations for FXSystem 0x00000053571AF560
[2016.02.17-22.40.37:088][225]LogEditorServer: Finished looking for orphan Actors (0.000 secs)
[2016.02.17-22.40.37:107][225]Cmd: MAP CHECKDEP NOCLEARLOG
[2016.02.17-22.40.37:141][225]MapCheck: Info Map check complete: 0 Error(s), 0 Warning(s), took 34.002ms to complete.
[2016.02.17-22.40.37:141][225]LogFileHelpers: Loading map 'VR_Level' took 0.103
[2016.02.17-22.40.37:217][228]LogRenderTargetPool:Warning: r.RenderTargetPoolMin exceeded 785/400 MB (ok in editor, bad on fixed memory platform)
[2016.02.17-22.40.42:931][709]LogPlayLevel: PlayLevel: No blueprints needed recompiling
[2016.02.17-22.40.42:931][709]PIE: New page: PIE session: VR_Level (Feb 17, 2016, 12:40:42 PM)
[2016.02.17-22.40.42:931][709]LogPlayLevel: Creating play world package: /Game/Levels/UEDPIE_0_VR_Level
[2016.02.17-22.40.42:933][709]LogPlayLevel: PIE: StaticDuplicateObject took: (0.001586s)
[2016.02.17-22.40.42:933][709]LogAIModule: Creating AISystem for world VR_Level
[2016.02.17-22.40.42:933][709]LogPlayLevel: PIE: World Init took: (0.000695s)
[2016.02.17-22.40.42:933][709]LogPlayLevel: PIE: Created PIE world by copying editor world from /Game/Levels/VR_Level.VR_Level to /Game/Levels/UEDPIE_0_VR_Level.VR_Level (0.002557s)
[2016.02.17-22.40.42:947][709]LogInit: XAudio2 using 'Speakers (USB Audio Device)' : 2 channels at 44.1 kHz using 16 bits per sample (channel mask 0x3)
[2016.02.17-22.40.42:951][709]LogInit: FAudioDevice initialized.
[2016.02.17-22.40.43:044][709]LogWorld: Game class is 'VR_GameMode_C'
[2016.02.17-22.40.43:046][709]LogWorld: Bringing World /Game/Levels/UEDPIE_0_VR_Level.VR_Level up for play (max tick rate 0) at 2016.02.17-17.40.43
[2016.02.17-22.40.43:046][709]LogActor:Warning: GameSession /Game/Levels/UEDPIE_0_VR_Level.VR_Level:PersistentLevel.GameSession_1 has natively added scene component(s), but none of them were set as the actor's RootComponent - picking one arbitrarily
[2016.02.17-22.40.43:046][709]LogActor:Warning: GameNetworkManager /Game/Levels/UEDPIE_0_VR_Level.VR_Level:PersistentLevel.GameNetworkManager_1 has natively added scene component(s), but none of them were set as the actor's RootComponent - picking one arbitrarily
[2016.02.17-22.40.43:046][709]LogWorld: Bringing up level for play took: 0.001312
[2016.02.17-22.40.43:059][709]PIE: Info Play in editor start time for /Game/Levels/UEDPIE_0_VR_Level 0.912
[2016.02.17-22.40.43:108][711]LogRenderTargetPool:Warning: r.RenderTargetPoolMin exceeded 841/400 MB (ok in editor, bad on fixed memory platform)
[2016.02.17-22.41.30:481][514]LogParticles: Destroying 0 GPU particle simulations for FXSystem 0x0000005377F0C680
[2016.02.17-22.41.34:560][707]LogPlayLevel: PlayLevel: No blueprints needed recompiling
[2016.02.17-22.41.34:560][707]PIE: New page: PIE session: VR_Level (Feb 17, 2016, 12:41:34 PM)
[2016.02.17-22.41.34:560][707]LogPlayLevel: Creating play world package: /Game/Levels/UEDPIE_0_VR_Level
[2016.02.17-22.41.34:561][707]LogPlayLevel: PIE: StaticDuplicateObject took: (0.001380s)
[2016.02.17-22.41.34:562][707]LogAIModule: Creating AISystem for world VR_Level
[2016.02.17-22.41.34:562][707]LogPlayLevel: PIE: World Init took: (0.000697s)
[2016.02.17-22.41.34:562][707]LogPlayLevel: PIE: Created PIE world by copying editor world from /Game/Levels/VR_Level.VR_Level to /Game/Levels/UEDPIE_0_VR_Level.VR_Level (0.002253s)
[2016.02.17-22.41.34:577][707]LogInit: XAudio2 using 'Speakers (USB Audio Device)' : 2 channels at 44.1 kHz using 16 bits per sample (channel mask 0x3)
[2016.02.17-22.41.34:581][707]LogInit: FAudioDevice initialized.
[2016.02.17-22.41.34:673][707]LogWorld: Game class is 'VR_GameMode_C'
[2016.02.17-22.41.34:675][707]LogWorld: Bringing World /Game/Levels/UEDPIE_0_VR_Level.VR_Level up for play (max tick rate 0) at 2016.02.17-17.41.34
[2016.02.17-22.41.34:675][707]LogActor:Warning: GameSession /Game/Levels/UEDPIE_0_VR_Level.VR_Level:PersistentLevel.GameSession_2 has natively added scene component(s), but none of them were set as the actor's RootComponent - picking one arbitrarily
[2016.02.17-22.41.34:675][707]LogActor:Warning: GameNetworkManager /Game/Levels/UEDPIE_0_VR_Level.VR_Level:PersistentLevel.GameNetworkManager_2 has natively added scene component(s), but none of them were set as the actor's RootComponent - picking one arbitrarily
[2016.02.17-22.41.34:675][707]LogWorld: Bringing up level for play took: 0.001263
[2016.02.17-22.41.34:687][707]PIE: Info Play in editor start time for /Game/Levels/UEDPIE_0_VR_Level 0.539
[2016.02.17-22.41.34:710][709]LogRenderTargetPool:Warning: r.RenderTargetPoolMin exceeded 869/400 MB (ok in editor, bad on fixed memory platform)
[2016.02.17-22.41.40:809][810]LogParticles: Destroying 0 GPU particle simulations for FXSystem 0x00000053729954E0
[2016.02.17-22.41.44:718][ 97]LogPlayLevel: PlayLevel: No blueprints needed recompiling
[2016.02.17-22.41.44:719][ 97]PIE: New page: PIE session: VR_Level (Feb 17, 2016, 12:41:44 PM)
[2016.02.17-22.41.44:719][ 97]LogPlayLevel: Creating play world package: /Game/Levels/UEDPIE_0_VR_Level
[2016.02.17-22.41.44:720][ 97]LogPlayLevel: PIE: StaticDuplicateObject took: (0.001212s)
[2016.02.17-22.41.44:720][ 97]LogAIModule: Creating AISystem for world VR_Level
[2016.02.17-22.41.44:721][ 97]LogPlayLevel: PIE: World Init took: (0.000695s)
[2016.02.17-22.41.44:721][ 97]LogPlayLevel: PIE: Created PIE world by copying editor world from /Game/Levels/VR_Level.VR_Level to /Game/Levels/UEDPIE_0_VR_Level.VR_Level (0.002085s)
[2016.02.17-22.41.44:736][ 97]LogInit: XAudio2 using 'Speakers (USB Audio Device)' : 2 channels at 44.1 kHz using 16 bits per sample (channel mask 0x3)
[2016.02.17-22.41.44:741][ 97]LogInit: FAudioDevice initialized.
[2016.02.17-22.41.44:829][ 97]LogWorld: Game class is 'VR_GameMode_C'
[2016.02.17-22.41.44:831][ 97]LogWorld: Bringing World /Game/Levels/UEDPIE_0_VR_Level.VR_Level up for play (max tick rate 0) at 2016.02.17-17.41.44
[2016.02.17-22.41.44:831][ 97]LogActor:Warning: GameSession /Game/Levels/UEDPIE_0_VR_Level.VR_Level:PersistentLevel.GameSession_3 has natively added scene component(s), but none of them were set as the actor's RootComponent - picking one arbitrarily
[2016.02.17-22.41.44:832][ 97]LogActor:Warning: GameNetworkManager /Game/Levels/UEDPIE_0_VR_Level.VR_Level:PersistentLevel.GameNetworkManager_3 has natively added scene component(s), but none of them were set as the actor's RootComponent - picking one arbitrarily
[2016.02.17-22.41.44:832][ 97]LogWorld: Bringing up level for play took: 0.001373
[2016.02.17-22.41.44:844][ 97]PIE: Info Play in editor start time for /Game/Levels/UEDPIE_0_VR_Level 0.696
[2016.02.17-22.41.44:867][ 99]LogRenderTargetPool:Warning: r.RenderTargetPoolMin exceeded 869/400 MB (ok in editor, bad on fixed memory platform)
[2016.02.17-22.42.55:806][261]LogParticles: Destroying 0 GPU particle simulations for FXSystem 0x0000005372AF8E00
[2016.02.17-22.43.13:712][491]LogRenderTargetPool:Warning: r.RenderTargetPoolMin exceeded 775/400 MB (ok in editor, bad on fixed memory platform)
[2016.02.17-22.43.14:432][530]LogRenderTargetPool:Warning: r.RenderTargetPoolMin exceeded 775/400 MB (ok in editor, bad on fixed memory platform)
[2016.02.17-22.43.15:165][569]LogRenderTargetPool:Warning: r.RenderTargetPoolMin exceeded 775/400 MB (ok in editor, bad on fixed memory platform)
[2016.02.17-22.43.17:112][717]LogRenderTargetPool:Warning: r.RenderTargetPoolMin exceeded 775/400 MB (ok in editor, bad on fixed memory platform)
[2016.02.17-22.43.26:306][593]LogPlayLevel: PlayLevel: No blueprints needed recompiling
[2016.02.17-22.43.26:306][593]PIE: New page: PIE session: VR_Level (Feb 17, 2016, 12:43:26 PM)
[2016.02.17-22.43.26:306][593]LogPlayLevel: Creating play world package: /Game/Levels/UEDPIE_0_VR_Level
[2016.02.17-22.43.26:307][593]LogPlayLevel: PIE: StaticDuplicateObject took: (0.001512s)
[2016.02.17-22.43.26:308][593]LogAIModule: Creating AISystem for world VR_Level
[2016.02.17-22.43.26:308][593]LogPlayLevel: PIE: World Init took: (0.000660s)
[2016.02.17-22.43.26:308][593]LogPlayLevel: PIE: Created PIE world by copying editor world from /Game/Levels/VR_Level.VR_Level to /Game/Levels/UEDPIE_0_VR_Level.VR_Level (0.002341s)
[2016.02.17-22.43.26:323][593]LogInit: XAudio2 using 'Speakers (USB Audio Device)' : 2 channels at 44.1 kHz using 16 bits per sample (channel mask 0x3)
[2016.02.17-22.43.26:327][593]LogInit: FAudioDevice initialized.
[2016.02.17-22.43.26:424][593]LogWorld: Game class is 'VR_GameMode_C'
[2016.02.17-22.43.26:426][593]LogWorld: Bringing World /Game/Levels/UEDPIE_0_VR_Level.VR_Level up for play (max tick rate 0) at 2016.02.17-17.43.26
[2016.02.17-22.43.26:426][593]LogActor:Warning: GameSession /Game/Levels/UEDPIE_0_VR_Level.VR_Level:PersistentLevel.GameSession_4 has natively added scene component(s), but none of them were set as the actor's RootComponent - picking one arbitrarily
[2016.02.17-22.43.26:426][593]LogActor:Warning: GameNetworkManager /Game/Levels/UEDPIE_0_VR_Level.VR_Level:PersistentLevel.GameNetworkManager_4 has natively added scene component(s), but none of them were set as the actor's RootComponent - picking one arbitrarily
[2016.02.17-22.43.26:426][593]LogWorld: Bringing up level for play took: 0.001744
[2016.02.17-22.43.26:438][593]PIE: Info Play in editor start time for /Game/Levels/UEDPIE_0_VR_Level 0.288
[2016.02.17-22.43.26:469][595]LogRenderTargetPool:Warning: r.RenderTargetPoolMin exceeded 869/400 MB (ok in editor, bad on fixed memory platform)
[2016.02.17-22.43.32:989][702]LogParticles: Destroying 0 GPU particle simulations for FXSystem 0x00000053612D2480
[2016.02.17-22.43.36:325][977]MapCheck: New page: Map Check
[2016.02.17-22.43.36:340][977]Cmd: MAP REBUILD ALLVISIBLE
[2016.02.17-22.43.36:341][977]LogEditorServer: Rebuildmap Clear paths rebuilt
[2016.02.17-22.43.36:382][977]MapCheck:Warning: Warning WorldSettings_1 Hierarchical LOD System is disabled or no HLOD level settings available, unable to build LOD actors. 
[2016.02.17-22.43.36:382][977]LogStats:          STAT_HLOD_BuildClusters -  9.354 ms
[2016.02.17-22.43.36:382][977]LightingResults: New page: Lighting Build - Feb 17, 2016, 12:43:36 PM
[2016.02.17-22.43.37:553][977]LogStaticLightingSystem:Warning: No importance volume found, so the scene bounding box was used.  You can optimize your scene's quality and lighting build times by adding importance volumes.
[2016.02.17-22.43.37:553][977]LogStaticLightingSystem: Running Lightmass w/ ImmediateImport mode ENABLED
[2016.02.17-22.43.37:553][977]LogStaticLightingSystem: Running Lightmass w/ ImmediateProcess mode ENABLED
[2016.02.17-22.43.37:553][977]LogStaticLightingSystem: Running Lightmass w/ Sorting mode ENABLED
[2016.02.17-22.43.37:553][977]LogStaticLightingSystem: Running Lightmass w/ Mapping paddings ENABLED
[2016.02.17-22.43.37:553][977]LogStaticLightingSystem: Running Lightmass w/ Mapping debug paddings DISABLED
[2016.02.17-22.43.37:643][977]LogEditorBuildUtils: Build time 0:00:01
[2016.02.17-22.43.37:738][979]LogRenderTargetPool:Warning: r.RenderTargetPoolMin exceeded 775/400 MB (ok in editor, bad on fixed memory platform)
[2016.02.17-22.43.38:599][  4]Job is a success!
[2016.02.17-22.43.38:722][  5]LogTexture:Display: Building textures: HQ_Lightmap1_1 (AutoDXT)
[2016.02.17-22.43.38:728][  5]LogTexture:Display: Building textures: LQ_Lightmap_0_2 (DXT1)
[2016.02.17-22.43.38:728][  5]LogTexture:Display: Building textures: HQ_Lightmap0_2 (AutoDXT)
[2016.02.17-22.43.38:729][  5]LogTexture:Display: Building textures: LQ_Lightmap_1_1 (DXT1)
[2016.02.17-22.43.38:743][  5]LogTexture:Display: Building textures: ShadowMapTexture2D_1 (G8)
[2016.02.17-22.43.38:746][  5]LogTexture:Display: Building textures: ShadowMapTexture2D_2 (G8)
[2016.02.17-22.43.38:765][  5]Lightmass on ETC-WIN10-006: 672 ms total, 85 ms importing, 0 ms setup, 268 ms photons, 303 ms processing, 0 ms extra exporting [2/2 mappings]. Threads: 1.96 sec total, 138 ms processing.
[2016.02.17-22.43.38:781][  5]LogStaticLightingSystem: Illumination: 2.34 sec (31 ms encoding lightmaps)
[2016.02.17-22.43.38:781][  5]LogStaticLightingSystem: Lightmap texture memory:  0.1 MB (0.1 MB streaming, 0.0 MB non-streaming), 4 textures
[2016.02.17-22.43.38:781][  5]LogStaticLightingSystem: Shadowmap texture memory: 0.0 MB (0.0 MB streaming, 0.0 MB non-streaming), 2 textures
[2016.02.17-22.43.39:564][  6]Cmd: MAP CHECK NOTIFYRESULTS
[2016.02.17-22.43.39:564][  6]MapCheck: New page: VR_Level - Feb 17, 2016, 12:43:39 PM
[2016.02.17-22.43.39:599][  6]MapCheck: Info Map check complete: 0 Error(s), 0 Warning(s), took 34.508ms to complete.
[2016.02.17-22.43.46:242][299]LogPlayLevel: PlayLevel: No blueprints needed recompiling
[2016.02.17-22.43.46:242][299]PIE: New page: PIE session: VR_Level (Feb 17, 2016, 12:43:46 PM)
[2016.02.17-22.43.46:242][299]LogPlayLevel: Creating play world package: /Game/Levels/UEDPIE_0_VR_Level
[2016.02.17-22.43.46:244][299]LogPlayLevel: PIE: StaticDuplicateObject took: (0.001225s)
[2016.02.17-22.43.46:244][299]LogAIModule: Creating AISystem for world VR_Level
[2016.02.17-22.43.46:244][299]LogPlayLevel: PIE: World Init took: (0.000734s)
[2016.02.17-22.43.46:244][299]LogPlayLevel: PIE: Created PIE world by copying editor world from /Game/Levels/VR_Level.VR_Level to /Game/Levels/UEDPIE_0_VR_Level.VR_Level (0.002140s)
[2016.02.17-22.43.46:257][299]LogInit: XAudio2 using 'Speakers (USB Audio Device)' : 2 channels at 44.1 kHz using 16 bits per sample (channel mask 0x3)
[2016.02.17-22.43.46:261][299]LogInit: FAudioDevice initialized.
[2016.02.17-22.43.46:357][299]LogWorld: Game class is 'VR_GameMode_C'
[2016.02.17-22.43.46:359][299]LogWorld: Bringing World /Game/Levels/UEDPIE_0_VR_Level.VR_Level up for play (max tick rate 0) at 2016.02.17-17.43.46
[2016.02.17-22.43.46:359][299]LogActor:Warning: GameSession /Game/Levels/UEDPIE_0_VR_Level.VR_Level:PersistentLevel.GameSession_5 has natively added scene component(s), but none of them were set as the actor's RootComponent - picking one arbitrarily
[2016.02.17-22.43.46:359][299]LogActor:Warning: GameNetworkManager /Game/Levels/UEDPIE_0_VR_Level.VR_Level:PersistentLevel.GameNetworkManager_5 has natively added scene component(s), but none of them were set as the actor's RootComponent - picking one arbitrarily
[2016.02.17-22.43.46:359][299]LogWorld: Bringing up level for play took: 0.001294
[2016.02.17-22.43.46:370][299]PIE: Info Play in editor start time for /Game/Levels/UEDPIE_0_VR_Level 0.22
[2016.02.17-22.43.46:386][301]LogRenderTargetPool:Warning: r.RenderTargetPoolMin exceeded 869/400 MB (ok in editor, bad on fixed memory platform)
[2016.02.17-22.44.08:176][667]LogParticles: Destroying 0 GPU particle simulations for FXSystem 0x000000530719C720
[2016.02.17-22.44.18:311][148]LogRenderTargetPool:Warning: r.RenderTargetPoolMin exceeded 775/400 MB (ok in editor, bad on fixed memory platform)
[2016.02.17-22.44.24:636][593]LogRenderTargetPool:Warning: r.RenderTargetPoolMin exceeded 775/400 MB (ok in editor, bad on fixed memory platform)
[2016.02.17-22.44.34:836][ 15]LogRenderTargetPool:Warning: r.RenderTargetPoolMin exceeded 775/400 MB (ok in editor, bad on fixed memory platform)
[2016.02.17-22.44.55:060][849]LogRenderTargetPool:Warning: r.RenderTargetPoolMin exceeded 775/400 MB (ok in editor, bad on fixed memory platform)
[2016.02.17-22.44.58:090][ 40]LogRenderTargetPool:Warning: r.RenderTargetPoolMin exceeded 775/400 MB (ok in editor, bad on fixed memory platform)
[2016.02.17-22.45.00:080][128]LogRenderTargetPool:Warning: r.RenderTargetPoolMin exceeded 775/400 MB (ok in editor, bad on fixed memory platform)
[2016.02.17-22.45.04:688][350]LogRenderTargetPool:Warning: r.RenderTargetPoolMin exceeded 775/400 MB (ok in editor, bad on fixed memory platform)
[2016.02.17-22.45.11:367][477]Cmd: OBJ SAVEPACKAGE PACKAGE="/Game/Levels/VR_Level" FILE="../../../../../../Users/demo/Documents/GitHub/practicevr/PracticeVR/Content/Levels/VR_Level.umap" SILENT=true AUTOSAVING=false KEEPDIRTY=false
[2016.02.17-22.45.11:404][477]LogSavePackage: Save=20.279257ms
[2016.02.17-22.45.11:404][477]LogSavePackage: Moving '../../../../../../Users/demo/Documents/GitHub/practicevr/PracticeVR/Saved/VR_Level309106D64C0E177B303726BB43E07330.tmp' to '../../../../../../Users/demo/Documents/GitHub/practicevr/PracticeVR/Content/Levels/VR_Level.umap'
[2016.02.17-22.45.11:407][477]LogSavePackage: Total save time: 28.604787ms
[2016.02.17-22.45.11:407][477]LogSavePackage:Display: Finished SavePackage ../../../../../../Users/demo/Documents/GitHub/practicevr/PracticeVR/Content/Levels/VR_Level.umap
[2016.02.17-22.45.11:425][477]LogFileHelpers: Saving map 'VR_Level' took 0.094
[2016.02.17-22.45.11:486][477]LogWindowsTextInputMethodSystem:Display: IME system now deactivated.
[2016.02.17-22.45.11:669][478]Cmd: QUIT_EDITOR
[2016.02.17-22.45.11:884][478]LogExit: Preparing to exit.
[2016.02.17-22.45.12:345][478]LogExit: Editor shut down
[2016.02.17-22.45.12:345][478]LogExit: Transaction tracking system shut down
[2016.02.17-22.45.12:346][478]LogParticles: Destroying 0 GPU particle simulations for FXSystem 0x0000005357781EE0
[2016.02.17-22.45.12:347][478]LogParticles: Destroying 0 GPU particle simulations for FXSystem 0x000000536F787880
[2016.02.17-22.45.12:449][478]LogExit: Object subsystem successfully closed.
[2016.02.17-22.45.12:459][478]LogD3D11RHI: Shutdown
[2016.02.17-22.45.12:459][478]LogD3D11RHI: CleanupD3DDevice
[2016.02.17-22.45.12:460][478]LogD3D11RHI: ~FD3D11DynamicRHI
[2016.02.17-22.45.12:470][478]LogModuleManager: Shutting down and abandoning module CookingStats (200)
[2016.02.17-22.45.12:470][478]LogModuleManager: Shutting down and abandoning module ExternalImagePicker (199)
[2016.02.17-22.45.12:470][478]LogModuleManager: Shutting down and abandoning module CrashTracker (198)
[2016.02.17-22.45.12:470][478]LogModuleManager: Shutting down and abandoning module SceneOutliner (197)
[2016.02.17-22.45.12:471][478]LogModuleManager: Shutting down and abandoning module SuperSearch (196)
[2016.02.17-22.45.12:471][478]LogModuleManager: Shutting down and abandoning module WidgetCarousel (195)
[2016.02.17-22.45.12:471][478]LogModuleManager: Shutting down and abandoning module AddContentDialog (194)
[2016.02.17-22.45.12:472][478]LogModuleManager: Shutting down and abandoning module EditorWidgets (193)
[2016.02.17-22.45.12:472][478]LogModuleManager: Shutting down and abandoning module CollectionManager (192)
[2016.02.17-22.45.12:472][478]LogModuleManager: Shutting down and abandoning module StatsViewer (191)
[2016.02.17-22.45.12:472][478]LogModuleManager: Shutting down and abandoning module FoliageEdit (190)
[2016.02.17-22.45.12:472][478]LogModuleManager: Shutting down and abandoning module LandscapeEditor (189)
[2016.02.17-22.45.12:472][478]LogModuleManager: Shutting down and abandoning module ActorPickerMode (188)
[2016.02.17-22.45.12:472][478]LogModuleManager: Shutting down and abandoning module GeometryMode (187)
[2016.02.17-22.45.12:472][478]LogModuleManager: Shutting down and abandoning module TextureAlignMode (186)
[2016.02.17-22.45.12:472][478]LogModuleManager: Shutting down and abandoning module BspMode (185)
[2016.02.17-22.45.12:472][478]LogModuleManager: Shutting down and abandoning module PlacementMode (184)
[2016.02.17-22.45.12:472][478]LogModuleManager: Shutting down and abandoning module AutomationWorker (183)
[2016.02.17-22.45.12:472][478]LogModuleManager: Shutting down and abandoning module CharacterAI (182)
[2016.02.17-22.45.12:472][478]LogModuleManager: Shutting down and abandoning module SmartSnapping (181)
[2016.02.17-22.45.12:472][478]LogModuleManager: Shutting down and abandoning module ViewportSnapping (180)
[2016.02.17-22.45.12:472][478]LogModuleManager: Shutting down and abandoning module LogVisualizer (179)
[2016.02.17-22.45.12:472][478]LogModuleManager: Shutting down and abandoning module GameProjectGeneration (178)
[2016.02.17-22.45.12:472][478]LogModuleManager: Shutting down and abandoning module IntroTutorials (177)
[2016.02.17-22.45.12:472][478]LogModuleManager: Shutting down and abandoning module EditorLiveStreaming (176)
[2016.02.17-22.45.12:472][478]LogModuleManager: Shutting down and abandoning module IOSPlatformEditor (175)
[2016.02.17-22.45.12:472][478]LogModuleManager: Shutting down and abandoning module HTML5PlatformEditor (174)
[2016.02.17-22.45.12:472][478]LogModuleManager: Shutting down and abandoning module AndroidDeviceDetection (173)
[2016.02.17-22.45.13:460][478]LogModuleManager: Shutting down and abandoning module AndroidPlatformEditor (172)
[2016.02.17-22.45.13:460][478]LogModuleManager: Shutting down and abandoning module IOSRuntimeSettings (171)
[2016.02.17-22.45.13:460][478]LogModuleManager: Shutting down and abandoning module AndroidRuntimeSettings (170)
[2016.02.17-22.45.13:460][478]LogModuleManager: Shutting down and abandoning module MergeActors (169)
[2016.02.17-22.45.13:460][478]LogModuleManager: Shutting down and abandoning module SizeMap (168)
[2016.02.17-22.45.13:460][478]LogModuleManager: Shutting down and abandoning module TreeMap (167)
[2016.02.17-22.45.13:460][478]LogModuleManager: Shutting down and abandoning module ReferenceViewer (166)
[2016.02.17-22.45.13:460][478]LogModuleManager: Shutting down and abandoning module LocalizationService (165)
[2016.02.17-22.45.13:460][478]LogModuleManager: Shutting down and abandoning module LocalizationDashboard (164)
[2016.02.17-22.45.13:460][478]LogModuleManager: Shutting down and abandoning module HardwareTargeting (163)
[2016.02.17-22.45.13:460][478]LogModuleManager: Shutting down and abandoning module DeviceProfileEditor (162)
[2016.02.17-22.45.13:460][478]LogModuleManager: Shutting down and abandoning module UndoHistory (161)
[2016.02.17-22.45.13:460][478]LogModuleManager: Shutting down and abandoning module GameplayTagsEditor (160)
[2016.02.17-22.45.13:460][478]LogModuleManager: Shutting down and abandoning module UserFeedback (159)
[2016.02.17-22.45.13:460][478]LogModuleManager: Shutting down and abandoning module XmlParser (158)
[2016.02.17-22.45.13:460][478]LogModuleManager: Shutting down and abandoning module Blutility (157)
[2016.02.17-22.45.13:460][478]LogModuleManager: Shutting down and abandoning module ProjectTargetPlatformEditor (156)
[2016.02.17-22.45.13:460][478]LogModuleManager: Shutting down and abandoning module ProjectSettingsViewer (155)
[2016.02.17-22.45.13:460][478]LogModuleManager: Shutting down and abandoning module InputBindingEditor (154)
[2016.02.17-22.45.13:460][478]LogModuleManager: Shutting down and abandoning module EditorSettingsViewer (153)
[2016.02.17-22.45.13:460][478]LogModuleManager: Shutting down and abandoning module SettingsEditor (152)
[2016.02.17-22.45.13:460][478]LogModuleManager: Shutting down and abandoning module ProjectLauncher (151)
[2016.02.17-22.45.13:460][478]LogModuleManager: Shutting down and abandoning module SessionFrontend (150)
[2016.02.17-22.45.13:460][478]LogModuleManager: Shutting down and abandoning module ProfilerClient (149)
[2016.02.17-22.45.13:460][478]LogModuleManager: Shutting down and abandoning module TargetDeviceServices (148)
[2016.02.17-22.45.13:460][478]LogModuleManager: Shutting down and abandoning module DeviceManager (147)
[2016.02.17-22.45.13:460][478]LogModuleManager: Shutting down and abandoning module AutomationController (146)
[2016.02.17-22.45.13:460][478]LogModuleManager: Shutting down and abandoning module AutomationWindow (145)
[2016.02.17-22.45.13:460][478]LogModuleManager: Shutting down and abandoning module Layers (144)
[2016.02.17-22.45.13:461][478]LogModuleManager: Shutting down and abandoning module ComponentVisualizers (143)
[2016.02.17-22.45.13:461][478]LogModuleManager: Shutting down and abandoning module DetailCustomizations (142)
[2016.02.17-22.45.13:461][478]LogModuleManager: Shutting down and abandoning module PackagesDialog (141)
[2016.02.17-22.45.13:461][478]LogModuleManager: Shutting down and abandoning module Persona (140)
[2016.02.17-22.45.13:461][478]LogModuleManager: Shutting down and abandoning module Kismet (139)
[2016.02.17-22.45.13:461][478]LogModuleManager: Shutting down and abandoning module GraphEditor (138)
[2016.02.17-22.45.13:461][478]LogModuleManager: Shutting down and abandoning module ClassViewer (137)
[2016.02.17-22.45.13:461][478]LogModuleManager: Shutting down and abandoning module Toolbox (136)
[2016.02.17-22.45.13:461][478]LogModuleManager: Shutting down and abandoning module ModuleUI (135)
[2016.02.17-22.45.13:461][478]LogModuleManager: Shutting down and abandoning module MovieSceneTools (134)
[2016.02.17-22.45.13:461][478]LogModuleManager: Shutting down and abandoning module OutputLog (133)
[2016.02.17-22.45.13:461][478]LogModuleManager: Shutting down and abandoning module GammaUI (132)
[2016.02.17-22.45.13:461][478]LogModuleManager: Shutting down and abandoning module Documentation (131)
[2016.02.17-22.45.13:461][478]LogModuleManager: Shutting down and abandoning module GameLiveStreaming (130)
[2016.02.17-22.45.13:461][478]LogModuleManager: Shutting down and abandoning module StreamingPauseRendering (129)
[2016.02.17-22.45.13:461][478]LogModuleManager: Shutting down and abandoning module AnalyticsET (128)
[2016.02.17-22.45.13:461][478]LogModuleManager: Shutting down and abandoning module Analytics (127)
[2016.02.17-22.45.13:461][478]LogModuleManager: Shutting down and abandoning module AITestSuite (126)
[2016.02.17-22.45.13:461][478]LogModuleManager: Shutting down and abandoning module GameplayDebugger (125)
[2016.02.17-22.45.13:461][478]LogModuleManager: Shutting down and abandoning module AIModule (124)
[2016.02.17-22.45.13:461][478]LogModuleManager: Shutting down and abandoning module ProfilerService (123)
[2016.02.17-22.45.13:543][478]LogModuleManager: Shutting down and abandoning module TaskGraph (122)
[2016.02.17-22.45.13:543][478]LogModuleManager: Shutting down and abandoning module SlateRemote (121)
[2016.02.17-22.45.13:543][478]LogModuleManager: Shutting down and abandoning module SteamVRController (120)
[2016.02.17-22.45.13:543][478]LogModuleManager: Shutting down and abandoning module SteamVR (119)
[2016.02.17-22.45.13:543][478]LogModuleManager: Shutting down and abandoning module ProceduralMeshComponent (118)
[2016.02.17-22.45.13:543][478]LogModuleManager: Shutting down and abandoning module OculusLibrary (117)
[2016.02.17-22.45.13:543][478]LogModuleManager: Shutting down and abandoning module OculusInput (116)
[2016.02.17-22.45.13:543][478]LogModuleManager: Shutting down and abandoning module LeapMotionController (115)
[2016.02.17-22.45.13:553][478]LogModuleManager: Shutting down and abandoning module CustomMeshComponent (114)
[2016.02.17-22.45.13:553][478]LogModuleManager: Shutting down and abandoning module CableComponent (113)
[2016.02.17-22.45.13:553][478]LogModuleManager: Shutting down and abandoning module ArchVisCharacter (112)
[2016.02.17-22.45.13:553][478]LogModuleManager: Shutting down and abandoning module MessagingDebugger (111)
[2016.02.17-22.45.13:553][478]LogModuleManager: Shutting down and abandoning module MediaPlayerEditor (110)
[2016.02.17-22.45.13:553][478]LogModuleManager: Shutting down and abandoning module HTML5Networking (109)
[2016.02.17-22.45.13:553][478]LogModuleManager: Shutting down and abandoning module SpeedTreeImporter (108)
[2016.02.17-22.45.13:553][478]LogModuleManager: Shutting down and abandoning module PluginBrowser (107)
[2016.02.17-22.45.13:553][478]LogModuleManager: Shutting down and abandoning module EpicSurvey (106)
[2016.02.17-22.45.13:553][478]LogModuleManager: Shutting down and abandoning module DesktopPlatform (105)
[2016.02.17-22.45.13:553][478]LogModuleManager: Shutting down and abandoning module VisualStudioSourceCodeAccess (104)
[2016.02.17-22.45.13:553][478]LogModuleManager: Shutting down and abandoning module UObjectPlugin (103)
[2016.02.17-22.45.13:553][478]LogModuleManager: Shutting down and abandoning module SubversionSourceControl (102)
[2016.02.17-22.45.13:553][478]LogModuleManager: Shutting down and abandoning module PerforceSourceControl (101)
[2016.02.17-22.45.13:553][478]LogModuleManager: Shutting down and abandoning module SourceControl (100)
[2016.02.17-22.45.13:553][478]LogModuleManager: Shutting down and abandoning module GitSourceControl (99)
[2016.02.17-22.45.13:553][478]LogModuleManager: Shutting down and abandoning module LightPropagationVolumeEditor (98)
[2016.02.17-22.45.13:553][478]LogModuleManager: Shutting down and abandoning module PaperTiledImporter (97)
[2016.02.17-22.45.13:553][478]LogModuleManager: Shutting down and abandoning module PaperSpriteSheetImporter (96)
[2016.02.17-22.45.13:553][478]LogModuleManager: Shutting down and abandoning module MeshPaint (95)
[2016.02.17-22.45.13:553][478]LogModuleManager: Shutting down and abandoning module SlateReflector (94)
[2016.02.17-22.45.13:553][478]LogModuleManager: Shutting down and abandoning module HotReload (93)
[2016.02.17-22.45.13:553][478]LogModuleManager: Shutting down and abandoning module MainFrame (92)
[2016.02.17-22.45.13:553][478]LogModuleManager: Shutting down and abandoning module LevelEditor (91)
[2016.02.17-22.45.13:554][478]LogModuleManager: Shutting down and abandoning module DirectoryWatcher (90)
[2016.02.17-22.45.13:555][478]LogModuleManager: Shutting down and abandoning module AssetRegistry (89)
[2016.02.17-22.45.13:621][478]LogModuleManager: Shutting down and abandoning module ContentBrowser (88)
[2016.02.17-22.45.13:622][478]LogModuleManager: Shutting down and abandoning module Paper2DEditor (87)
[2016.02.17-22.45.13:622][478]LogModuleManager: Shutting down and abandoning module UdpMessaging (86)
[2016.02.17-22.45.13:724][478]LogModuleManager: Shutting down and abandoning module LightPropagationVolumeRuntime (85)
[2016.02.17-22.45.13:724][478]LogModuleManager: Shutting down and abandoning module Paper2D (84)
[2016.02.17-22.45.13:724][478]LogModuleManager: Shutting down and abandoning module WindowsMoviePlayer (83)
[2016.02.17-22.45.13:726][478]LogModuleManager: Shutting down and abandoning module Media (82)
[2016.02.17-22.45.13:726][478]LogModuleManager: Shutting down and abandoning module WmfMedia (81)
[2016.02.17-22.45.13:726][478]LogModuleManager: Shutting down and abandoning module OnlineBlueprintSupport (80)
[2016.02.17-22.45.13:726][478]LogModuleManager: Shutting down and abandoning module GameplayTasksEditor (79)
[2016.02.17-22.45.13:726][478]LogModuleManager: Shutting down and abandoning module PropertyEditor (78)
[2016.02.17-22.45.13:726][478]LogModuleManager: Shutting down and abandoning module BehaviorTreeEditor (77)
[2016.02.17-22.45.13:726][478]LogModuleManager: Shutting down and abandoning module FunctionalTesting (76)
[2016.02.17-22.45.13:726][478]LogModuleManager: Shutting down and abandoning module CollisionAnalyzer (75)
[2016.02.17-22.45.13:726][478]LogModuleManager: Shutting down and abandoning module WorkspaceMenuStructure (74)
[2016.02.17-22.45.13:726][478]LogModuleManager: Shutting down and abandoning module MessageLog (73)
[2016.02.17-22.45.13:726][478]LogModuleManager: Shutting down and abandoning module Sequencer (72)
[2016.02.17-22.45.13:726][478]LogModuleManager: Shutting down and abandoning module AssetTools (71)
[2016.02.17-22.45.13:726][478]LogModuleManager: Shutting down and abandoning module UMGEditor (70)
[2016.02.17-22.45.13:726][478]LogModuleManager: Shutting down and abandoning module UMG (69)
[2016.02.17-22.45.13:726][478]LogModuleManager: Shutting down and abandoning module Slate (68)
[2016.02.17-22.45.13:726][478]LogModuleManager: Shutting down and abandoning module EditorStyle (67)
[2016.02.17-22.45.13:728][478]LogModuleManager: Shutting down and abandoning module SessionServices (66)
[2016.02.17-22.45.13:728][478]LogModuleManager: Shutting down and abandoning module SourceCodeAccess (65)
[2016.02.17-22.45.13:728][478]LogModuleManager: Shutting down and abandoning module HeadMountedDisplay (64)
[2016.02.17-22.45.13:728][478]LogModuleManager: Shutting down and abandoning module XAudio2 (63)
[2016.02.17-22.45.13:728][478]LogModuleManager: Shutting down and abandoning module Networking (61)
[2016.02.17-22.45.13:728][478]LogModuleManager: Shutting down and abandoning module Core (60)
[2016.02.17-22.45.13:728][478]LogModuleManager: Shutting down and abandoning module KismetCompiler (59)
[2016.02.17-22.45.13:728][478]LogModuleManager: Shutting down and abandoning module PhysXFormats (58)
[2016.02.17-22.45.13:728][478]LogModuleManager: Shutting down and abandoning module MeshUtilities (57)
[2016.02.17-22.45.13:728][478]LogModuleManager: Shutting down and abandoning module DerivedDataCache (56)
[2016.02.17-22.45.13:760][478]LogDerivedDataCache: Shutdown
[2016.02.17-22.45.13:760][478]LogModuleManager: Shutting down and abandoning module ShaderFormatOpenGL (55)
[2016.02.17-22.45.13:760][478]LogModuleManager: Shutting down and abandoning module ShaderFormatD3D (54)
[2016.02.17-22.45.13:760][478]LogModuleManager: Shutting down and abandoning module MetalShaderFormat (53)
[2016.02.17-22.45.13:760][478]LogModuleManager: Shutting down and abandoning module TextureFormatUncompressed (52)
[2016.02.17-22.45.13:760][478]LogModuleManager: Shutting down and abandoning module TextureFormatPVR (51)
[2016.02.17-22.45.13:760][478]LogModuleManager: Shutting down and abandoning module TextureFormatIntelISPCTexComp (50)
[2016.02.17-22.45.13:760][478]LogModuleManager: Shutting down and abandoning module TextureFormatDXT (49)
[2016.02.17-22.45.13:760][478]LogModuleManager: Shutting down and abandoning module ImageWrapper (48)
[2016.02.17-22.45.13:760][478]LogModuleManager: Shutting down and abandoning module TextureFormatASTC (47)
[2016.02.17-22.45.13:760][478]LogModuleManager: Shutting down and abandoning module TextureFormatAndroid (46)
[2016.02.17-22.45.13:760][478]LogModuleManager: Shutting down and abandoning module AudioFormatOpus (45)
[2016.02.17-22.45.13:760][478]LogModuleManager: Shutting down and abandoning module AudioFormatOgg (44)
[2016.02.17-22.45.13:760][478]LogModuleManager: Shutting down and abandoning module AudioFormatADPCM (43)
[2016.02.17-22.45.13:760][478]LogModuleManager: Shutting down and abandoning module LinuxTargetPlatform (42)
[2016.02.17-22.45.13:760][478]LogModuleManager: Shutting down and abandoning module LinuxServerTargetPlatform (41)
[2016.02.17-22.45.13:760][478]LogModuleManager: Shutting down and abandoning module LinuxNoEditorTargetPlatform (40)
[2016.02.17-22.45.13:760][478]LogModuleManager: Shutting down and abandoning module Messaging (39)
[2016.02.17-22.45.13:760][478]LogModuleManager: Shutting down and abandoning module IOSTargetPlatform (38)
[2016.02.17-22.45.13:760][478]LogModuleManager: Shutting down and abandoning module HTML5TargetPlatform (37)
[2016.02.17-22.45.13:760][478]LogModuleManager: Shutting down and abandoning module Android_PVRTCTargetPlatform (36)
[2016.02.17-22.45.13:760][478]LogModuleManager: Shutting down and abandoning module Android_MultiTargetPlatform (35)
[2016.02.17-22.45.13:760][478]LogModuleManager: Shutting down and abandoning module Android_ETC2TargetPlatform (34)
[2016.02.17-22.45.13:760][478]LogModuleManager: Shutting down and abandoning module Android_ETC1TargetPlatform (33)
[2016.02.17-22.45.13:760][478]LogModuleManager: Shutting down and abandoning module Android_DXTTargetPlatform (32)
[2016.02.17-22.45.13:760][478]LogModuleManager: Shutting down and abandoning module Android_ATCTargetPlatform (31)
[2016.02.17-22.45.13:760][478]LogModuleManager: Shutting down and abandoning module Android_ASTCTargetPlatform (30)
[2016.02.17-22.45.13:760][478]LogModuleManager: Shutting down and abandoning module AndroidTargetPlatform (29)
[2016.02.17-22.45.13:760][478]LogModuleManager: Shutting down and abandoning module WindowsTargetPlatform (28)
[2016.02.17-22.45.13:760][478]LogModuleManager: Shutting down and abandoning module WindowsServerTargetPlatform (27)
[2016.02.17-22.45.13:760][478]LogModuleManager: Shutting down and abandoning module WindowsNoEditorTargetPlatform (26)
[2016.02.17-22.45.13:760][478]LogModuleManager: Shutting down and abandoning module WindowsClientTargetPlatform (25)
[2016.02.17-22.45.13:760][478]LogModuleManager: Shutting down and abandoning module AllDesktopTargetPlatform (24)
[2016.02.17-22.45.13:760][478]LogModuleManager: Shutting down and abandoning module TargetPlatform (23)
[2016.02.17-22.45.13:760][478]LogModuleManager: Shutting down and abandoning module InputCore (22)
[2016.02.17-22.45.13:760][478]LogModuleManager: Shutting down and abandoning module Settings (21)
[2016.02.17-22.45.13:760][478]LogModuleManager: Shutting down and abandoning module OnlineSubsystem (19)
[2016.02.17-22.45.13:760][478]LogModuleManager: Shutting down and abandoning module HTTP (18)
[2016.02.17-22.45.14:761][478]LogModuleManager: Shutting down and abandoning module XMPP (17)
[2016.02.17-22.45.14:761][478]LogModuleManager: Shutting down and abandoning module OculusRift (16)
[2016.02.17-22.45.14:761][478]LogModuleManager: Shutting down and abandoning module ExampleDeviceProfileSelector (15)
[2016.02.17-22.45.14:761][478]LogModuleManager: Shutting down and abandoning module TextureCompressor (14)
[2016.02.17-22.45.14:761][478]LogModuleManager: Shutting down and abandoning module ShaderCore (13)
[2016.02.17-22.45.14:761][478]LogModuleManager: Shutting down and abandoning module Landscape (12)
[2016.02.17-22.45.14:761][478]LogModuleManager: Shutting down and abandoning module SlateRHIRenderer (11)
[2016.02.17-22.45.14:761][478]LogModuleManager: Shutting down and abandoning module OpenGLDrv (10)
[2016.02.17-22.45.14:761][478]LogModuleManager: Shutting down and abandoning module D3D11RHI (9)
[2016.02.17-22.45.14:761][478]LogModuleManager: Shutting down and abandoning module AnimGraphRuntime (8)
[2016.02.17-22.45.14:761][478]LogModuleManager: Shutting down and abandoning module Renderer (7)
[2016.02.17-22.45.14:761][478]LogModuleManager: Shutting down and abandoning module Engine (6)
[2016.02.17-22.45.14:761][478]LogModuleManager: Shutting down and abandoning module CoreUObject (5)
[2016.02.17-22.45.14:761][478]LogModuleManager: Shutting down and abandoning module NetworkFile (4)
[2016.02.17-22.45.14:761][478]LogModuleManager: Shutting down and abandoning module StreamingFile (3)
[2016.02.17-22.45.14:761][478]LogModuleManager: Shutting down and abandoning module SandboxFile (2)
[2016.02.17-22.45.14:761][478]LogModuleManager: Shutting down and abandoning module PakFile (1)
[2016.02.17-22.45.14:762][478]LogExit: Exiting.
[2016.02.17-22.45.14:772][478]Log file closed, 02/17/16 17:45:14
