[2016.02.17-22.27.51:287][  0]Log file open, 02/17/16 17:27:51
[2016.02.17-22.27.51:287][  0]LogInit:Display: Running engine for game: PracticeVR
[2016.02.17-22.27.51:287][  0]LogPlatformFile: Not using cached read wrapper
[2016.02.17-22.27.51:287][  0]LogInit:Display: RandInit(-878409466) SRandInit(-878409465).
[2016.02.17-22.27.51:287][  0]LogTaskGraph: Started task graph with 4 named threads and 7 total threads.
[2016.02.17-22.27.51:287][  0]LogStats: Stats thread started at 0.075067
[2016.02.17-22.27.51:287][  0]LogInit: Version: 4.10.2-2818068+++depot+UE4-Releases+4.10
[2016.02.17-22.27.51:287][  0]LogInit: API Version: 2758231
[2016.02.17-22.27.51:287][  0]LogInit: Compiled (64-bit): Jan  6 2016 17:36:42
[2016.02.17-22.27.51:287][  0]LogInit: Compiled with Visual C++: 19.00.23026.00
[2016.02.17-22.27.51:287][  0]LogInit: Build Configuration: Development
[2016.02.17-22.27.51:287][  0]LogInit: Branch Name: ++depot+UE4-Releases+4.10
[2016.02.17-22.27.51:287][  0]LogInit: Command line:  
[2016.02.17-22.27.51:287][  0]LogInit: Base directory: C:/Program Files (x86)/Epic Games/4.10/Engine/Binaries/Win64/
[2016.02.17-22.27.51:287][  0]LogInit: Rocket: 1
[2016.02.17-22.27.51:294][  0]LogInit: Using libcurl 7.41.0
[2016.02.17-22.27.51:294][  0]LogInit:  - built for x86_64-pc-win32
[2016.02.17-22.27.51:294][  0]LogInit:  - supports SSL with WinSSL
[2016.02.17-22.27.51:294][  0]LogInit:  - other features:
[2016.02.17-22.27.51:294][  0]LogInit:      CURL_VERSION_SSL
[2016.02.17-22.27.51:294][  0]LogInit:      CURL_VERSION_IPV6
[2016.02.17-22.27.51:294][  0]LogInit:      CURL_VERSION_ASYNCHDNS
[2016.02.17-22.27.51:294][  0]LogInit:      CURL_VERSION_LARGEFILE
[2016.02.17-22.27.51:294][  0]LogInit:      CURL_VERSION_IDN
[2016.02.17-22.27.51:294][  0]LogInit:  CurlRequestOptions (configurable via config and command line):
[2016.02.17-22.27.51:294][  0]LogInit:  - bVerifyPeer = true  - Libcurl will verify peer certificate
[2016.02.17-22.27.51:294][  0]LogInit:  - bUseHttpProxy = false  - Libcurl will NOT use HTTP proxy
[2016.02.17-22.27.51:294][  0]LogInit:  - bDontReuseConnections = false  - Libcurl will reuse connections
[2016.02.17-22.27.51:294][  0]LogInit:  - CertBundlePath = nullptr  - Libcurl will use whatever was configured at build time.
[2016.02.17-22.27.51:300][  0]LogInit: Presizing for 0 objects not considered by GC, pre-allocating 0 bytes.
[2016.02.17-22.27.51:305][  0]LogInit: Object subsystem initialized
[2016.02.17-22.27.51:306][  0]LogInit: Selected Device Profile: [Windows]
[2016.02.17-22.27.51:306][  0]LogInit: Applying CVar settings loaded from the selected device profile: [Windows]
[2016.02.17-22.27.51:314][  0]LogInit: Computer: ETC-WIN10-006
[2016.02.17-22.27.51:314][  0]LogInit: User: demo
[2016.02.17-22.27.51:314][  0]LogInit: CPU Page size=4096, Cores=4
[2016.02.17-22.27.51:314][  0]LogInit: High frequency timer resolution =3.507525 MHz
[2016.02.17-22.27.51:314][  0]LogMemory: Memory total: Physical=15.9GB (16GB approx)
[2016.02.17-22.27.51:314][  0]LogMemory: Platform Memory Stats for Windows
[2016.02.17-22.27.51:314][  0]LogMemory: Process Physical Memory: 55.74 MB used, 55.74 MB peak
[2016.02.17-22.27.51:314][  0]LogMemory: Process Virtual Memory: 56.77 MB used, 56.77 MB peak
[2016.02.17-22.27.51:314][  0]LogMemory: Physical Memory: 3772.38 MB used, 16326.10 MB total
[2016.02.17-22.27.51:314][  0]LogMemory: Virtual Memory: 379.68 MB used, 134217728.00 MB total
[2016.02.17-22.27.51:338][  0]LogTextLocalizationManager: No specific translations for ('en-US') exist, so ('en') translations will be used.
[2016.02.17-22.27.51:711][  0]LogD3D11RHI: Found D3D11 adapter 0: NVIDIA GeForce GTX 745 (Feature Level 11_0)
[2016.02.17-22.27.51:711][  0]LogD3D11RHI: Adapter has 4035MB of dedicated video memory, 0MB of dedicated system memory, and 8163MB of shared system memory, 2 output[s]
[2016.02.17-22.27.51:712][  0]LogD3D11RHI: Found D3D11 adapter 1: Microsoft Basic Render Driver (Feature Level 11_0)
[2016.02.17-22.27.51:712][  0]LogD3D11RHI: Adapter has 0MB of dedicated video memory, 0MB of dedicated system memory, and 8163MB of shared system memory, 0 output[s]
[2016.02.17-22.27.51:712][  0]LogD3D11RHI: Chosen D3D11 Adapter Id = 0
[2016.02.17-22.27.51:716][  0]LogD3D11RHI: !Direct3DDevice
[2016.02.17-22.27.51:716][  0]LogRHI: Texture pool is 1361 MB (70% of 1945 MB)
[2016.02.17-22.27.51:727][  0]LogD3D11RHI: Async texture creation enabled
[2016.02.17-22.27.51:737][  0]LogShaderCompilers: Guid format shader working directory is -23 characters bigger than the processId version (../../../../../../Users/demo/Documents/GitHub/practicevr/PracticeVR/Intermediate/Shaders/WorkingDirectory/11304/).
[2016.02.17-22.27.51:737][  0]LogShaderCompilers: Cleaned the shader compiler working directory 'C:/Users/demo/AppData/Local/Temp/UnrealShaderWorkingDir/469919A04C33CDE62FE61BAE7E76A6C6/'.
[2016.02.17-22.27.51:737][  0]LogShaderCompilers:Display: Using Local Shader Compiler.
[2016.02.17-22.27.52:348][  0]LogTemp:Display: Loaded TP AllDesktopTargetPlatform
[2016.02.17-22.27.52:352][  0]LogTemp:Display: Loaded TP WindowsClientTargetPlatform
[2016.02.17-22.27.52:356][  0]LogTemp:Display: Loaded TP WindowsNoEditorTargetPlatform
[2016.02.17-22.27.52:360][  0]LogTemp:Display: Loaded TP WindowsServerTargetPlatform
[2016.02.17-22.27.52:363][  0]LogTemp:Display: Loaded TP WindowsTargetPlatform
[2016.02.17-22.27.52:366][  0]LogTemp:Display: Loaded TP AndroidTargetPlatform
[2016.02.17-22.27.52:368][  0]LogTemp:Display: Loaded TP Android_ASTCTargetPlatform
[2016.02.17-22.27.52:370][  0]LogTemp:Display: Loaded TP Android_ATCTargetPlatform
[2016.02.17-22.27.52:373][  0]LogTemp:Display: Loaded TP Android_DXTTargetPlatform
[2016.02.17-22.27.52:376][  0]LogTemp:Display: Loaded TP Android_ETC1TargetPlatform
[2016.02.17-22.27.52:379][  0]LogTemp:Display: Loaded TP Android_ETC2TargetPlatform
[2016.02.17-22.27.52:383][  0]LogTemp:Display: Loaded TP Android_MultiTargetPlatform
[2016.02.17-22.27.52:383][  0]LogTemp:Display: Loaded TP Android_PVRTCTargetPlatform
[2016.02.17-22.27.52:384][  0]LogTemp:Display: Loaded TP HTML5TargetPlatform
[2016.02.17-22.27.52:400][  0]LogTemp:Display: Loaded TP IOSTargetPlatform
[2016.02.17-22.27.52:402][  0]LogTemp:Display: Loaded TP LinuxNoEditorTargetPlatform
[2016.02.17-22.27.52:404][  0]LogTemp:Display: Loaded TP LinuxServerTargetPlatform
[2016.02.17-22.27.52:406][  0]LogTemp:Display: Loaded TP LinuxTargetPlatform
[2016.02.17-22.27.52:406][  0]LogTargetPlatformManager:Display: Building Assets For Windows
[2016.02.17-22.27.52:470][  0]LogDerivedDataCache:Display: Max Cache Size: 512 MB
[2016.02.17-22.27.52:506][  0]LogDerivedDataCache: Loaded boot cache 0.04s 41MB C:/Users/demo/AppData/Local/UnrealEngine/4.10/DerivedDataCache/Boot.ddc.
[2016.02.17-22.27.52:506][  0]LogDerivedDataCache:Display: Loaded Boot cache: C:/Users/demo/AppData/Local/UnrealEngine/4.10/DerivedDataCache/Boot.ddc
[2016.02.17-22.27.52:506][  0]LogDerivedDataCache: FDerivedDataBackendGraph:  Pak pak cache file ../../../../../../Users/demo/Documents/GitHub/practicevr/PracticeVR/DerivedDataCache/DDC.ddp not found, will not use a pak cache.
[2016.02.17-22.27.52:506][  0]LogDerivedDataCache: Unable to find inner node Pak for hierarchical cache Hierarchy.
[2016.02.17-22.27.52:506][  0]LogDerivedDataCache: FDerivedDataBackendGraph:  CompressedPak pak cache file ../../../../../../Users/demo/Documents/GitHub/practicevr/PracticeVR/DerivedDataCache/Compressed.ddp not found, will not use a pak cache.
[2016.02.17-22.27.52:506][  0]LogDerivedDataCache: Unable to find inner node CompressedPak for hierarchical cache Hierarchy.
[2016.02.17-22.27.52:550][  0]LogDerivedDataCache:Display: Pak cache opened for reading ../../../Engine/DerivedDataCache/Compressed.ddp.
[2016.02.17-22.27.52:562][  0]LogDerivedDataCache: Using Local data cache path C:/Users/demo/AppData/Local/UnrealEngine/Common/DerivedDataCache: Writable
[2016.02.17-22.27.52:697][  0]LogInit: Selected Device Profile: [Windows]
[2016.02.17-22.27.52:699][  0]LogContentStreaming: Texture pool size is 0.000000MB
[2016.02.17-22.27.52:783][  0]LogMeshUtilities: No automatic mesh reduction module available
[2016.02.17-22.27.52:783][  0]LogMeshUtilities: No automatic mesh merging module available
[2016.02.17-22.27.52:951][  0]LogInit: WinSock: version 1.1 (2.2), MaxSocks=32767, MaxUdp=65467
[2016.02.17-22.27.53:512][  0]UdpMessaging: Initializing bridge on interface 0.0.0.0:0 to multicast group 230.0.0.1:6666.
[2016.02.17-22.27.53:601][  0]LogAssetRegistry: FAssetRegistry took 0.0107 seconds to start up
[2016.02.17-22.27.53:734][  0]SourceControl: Info Source control is disabled
[2016.02.17-22.27.53:763][  0]SourceControl: Info Source control is disabled
[2016.02.17-22.27.53:772][  0]SourceControl: Info Source control is disabled
[2016.02.17-22.27.53:780][  0]SourceControl: Info Source control is disabled
[2016.02.17-22.27.53:944][  0]LogObj: 28633 objects as part of root set at end of initial load.
[2016.02.17-22.27.53:944][  0]LogUObjectAllocator: 6099744 out of 0 bytes used by permanent object pool.
[2016.02.17-22.27.53:990][  0]LogEngine: Initializing Engine...
[2016.02.17-22.27.53:992][  0]LogHMD: Can't find Oculus library dev build: is proper Runtime installed? Version: 0.8.0.0
[2016.02.17-22.27.54:916][  0]LogHMD: SteamVR initialized.  Driver: lighthouse  Display: LHR-452284F5
[2016.02.17-22.27.55:016][  0]LogAIModule: Creating AISystem for world NewWorld
[2016.02.17-22.27.55:022][  0]LogInit: XAudio2 using 'Speakers (USB Audio Device)' : 2 channels at 44.1 kHz using 16 bits per sample (channel mask 0x3)
[2016.02.17-22.27.55:033][  0]LogInit: FAudioDevice initialized.
[2016.02.17-22.27.55:051][  0]LogDerivedDataCache: Saved boot cache 0.02s 41MB C:/Users/demo/AppData/Local/UnrealEngine/4.10/DerivedDataCache/Boot.ddc.
[2016.02.17-22.27.55:055][  0]LogInit: Texture streaming: Enabled
[2016.02.17-22.27.55:059][  0]LogAnalytics: Creating configured Analytics provider AnalyticsET
[2016.02.17-22.27.55:059][  0]LogAnalytics: [UEEditor.Rocket.Release] APIServer = http://et2.epicgames.com/ET2/. AppVersion = 4.10.2-2818068+++depot+UE4-Releases+4.10
[2016.02.17-22.27.55:059][  0]LogAnalytics: [UEEditor.Rocket.Release] SetUserId dace05c344f3165ba6907d8fb994670d|36cf517b4d86471bb12e26a25eb81198|c0875fa7-5c44-4913-af9b-c7a689be2d5a
[2016.02.17-22.27.55:059][  0]LogAnalytics: [UEEditor.Rocket.Release] AnalyticsET::StartSession
[2016.02.17-22.27.55:067][  0]LogInit: Transaction tracking system initialized
[2016.02.17-22.27.55:093][  0]BlueprintLog: New page: Editor Load
[2016.02.17-22.27.55:158][  0]LocalizationService: Info Localization service is disabled
[2016.02.17-22.27.55:220][  0]LogConsoleResponse:Display: 
[2016.02.17-22.27.55:305][  0]LogCook:Display: Done creating registry. It took  0.00s.
[2016.02.17-22.27.55:349][  0]LogFileCache: Scanning file cache for directory 'C:/Users/demo/Documents/GitHub/practicevr/PracticeVR/Content/' took 0.01s
[2016.02.17-22.27.55:349][  0]SourceControl: Info Source control is disabled
[2016.02.17-22.27.55:350][  0]Cmd: MAP LOAD FILE="../../../../../../Users/demo/Documents/GitHub/practicevr/PracticeVR/Content/StarterContent/Maps/Minimal_Default.umap" TEMPLATE=0 SHOWPROGRESS=1 FEATURELEVEL=3
[2016.02.17-22.27.55:350][  0]LightingResults: New page: Lighting Build
[2016.02.17-22.27.55:352][  0]MapCheck: New page: Map Check
[2016.02.17-22.27.55:352][  0]LightingResults: New page: Lighting Build
[2016.02.17-22.27.55:360][  0]LogParticles: Destroying 0 GPU particle simulations for FXSystem 0x000000FF96857B00
[2016.02.17-22.27.55:630][  0]LogAIModule: Creating AISystem for world Minimal_Default
[2016.02.17-22.27.55:635][  0]LogEditorServer: Finished looking for orphan Actors (0.000 secs)
[2016.02.17-22.27.55:635][  0]Cmd: MAP CHECKDEP NOCLEARLOG
[2016.02.17-22.27.55:668][  0]MapCheck: Info Map check complete: 0 Error(s), 0 Warning(s), took 32.586ms to complete.
[2016.02.17-22.27.55:668][  0]LogFileHelpers: Loading map 'Minimal_Default' took 0.318
[2016.02.17-22.27.55:763][  0]LogCollectionManager: Loaded 0 collections in 0.001658 seconds
[2016.02.17-22.27.55:801][  0]LogFileCache: Scanning file cache for directory 'C:/Users/demo/Documents/GitHub/practicevr/PracticeVR/Saved/Collections/' took 0.01s
[2016.02.17-22.27.55:801][  0]LogFileCache: Scanning file cache for directory 'C:/Users/demo/Documents/GitHub/practicevr/PracticeVR/Content/Developers/demo/Collections/' took 0.01s
[2016.02.17-22.27.55:801][  0]LogFileCache: Scanning file cache for directory 'C:/Users/demo/Documents/GitHub/practicevr/PracticeVR/Content/Collections/' took 0.01s
[2016.02.17-22.27.55:801][  0]LogCollectionManager: Rebuilt the GUID cache for 0 collections in 0.000001 seconds
[2016.02.17-22.27.55:807][  0]LogContentBrowser: Native class hierarchy populated in 0.0061 seconds. Added 1893 classes and 338 folders.
[2016.02.17-22.27.55:813][  0]LogContentBrowser: Native class hierarchy updated for 'WidgetCarousel' in 0.0003 seconds. Added 0 classes and 0 folders.
[2016.02.17-22.27.55:847][  0]LogContentBrowser: Native class hierarchy updated for 'AddContentDialog' in 0.0004 seconds. Added 0 classes and 0 folders.
[2016.02.17-22.27.55:851][  0]LogContentBrowser: Native class hierarchy updated for 'SceneOutliner' in 0.0003 seconds. Added 1 classes and 2 folders.
[2016.02.17-22.27.55:890][  0]LogCrashTracker: Crashtracker disabled due to settings.
[2016.02.17-22.27.55:893][  0]LogUObjectGlobals:Warning: Failed to find object 'Class None.'
[2016.02.17-22.27.55:915][  0]LogLoad: Full Startup: 4.97 seconds (BP compile: 0.03 seconds)
[2016.02.17-22.27.55:926][  0]LogOcInput: Can't find Oculus library dev build: is proper Runtime installed? Version: 0.8.0.0
[2016.02.17-22.27.55:973][  0]LogContentStreaming: Texture pool size now 1000 MB
[2016.02.17-22.27.56:109][  0]LogRenderer: Reallocating scene render targets to support 1208x572 (Frame:2).
[2016.02.17-22.27.56:210][  2]LogAssetRegistry: Asset discovery search completed in 2.6195 seconds
[2016.02.17-22.27.56:210][  2]LogCollectionManager: Rebuilt the object cache for 0 collections in 0.000001 seconds (found 0 objects)
[2016.02.17-22.27.56:210][  2]LogCollectionManager: Fixed up redirectors for 0 collections in 0.000015 seconds (updated 0 objects)
[2016.02.17-22.27.59:169][155]LogBlueprintUserMessages: Early PlayInEditor Detection: Level '/Game/StarterContent/Maps/Minimal_Default.Minimal_Default:PersistentLevel' has LevelScriptBlueprint '/Game/StarterContent/Maps/Minimal_Default.Minimal_Default:PersistentLevel.Minimal_Default' with GeneratedClass '/Game/StarterContent/Maps/Minimal_Default.Minimal_Default_C' with ClassGeneratedBy '/Game/StarterContent/Maps/Minimal_Default.Minimal_Default:PersistentLevel.Minimal_Default'
[2016.02.17-22.27.59:169][155]LogPlayLevel: PlayLevel: No blueprints needed recompiling
[2016.02.17-22.27.59:169][155]PIE: New page: PIE session: Minimal_Default (Feb 17, 2016, 12:27:59 PM)
[2016.02.17-22.27.59:169][155]LogPlayLevel: Creating play world package: /Game/StarterContent/Maps/UEDPIE_0_Minimal_Default
[2016.02.17-22.27.59:201][155]LogPlayLevel: PIE: StaticDuplicateObject took: (0.030521s)
[2016.02.17-22.27.59:201][155]LogAIModule: Creating AISystem for world Minimal_Default
[2016.02.17-22.27.59:201][155]LogPlayLevel: PIE: World Init took: (0.000511s)
[2016.02.17-22.27.59:201][155]LogPlayLevel: PIE: Created PIE world by copying editor world from /Game/StarterContent/Maps/Minimal_Default.Minimal_Default to /Game/StarterContent/Maps/UEDPIE_0_Minimal_Default.Minimal_Default (0.031210s)
[2016.02.17-22.27.59:220][155]LogInit: XAudio2 using 'Speakers (USB Audio Device)' : 2 channels at 44.1 kHz using 16 bits per sample (channel mask 0x3)
[2016.02.17-22.27.59:225][155]LogInit: FAudioDevice initialized.
[2016.02.17-22.27.59:339][155]LogWorld: Game class is 'GameMode'
[2016.02.17-22.27.59:342][155]LogWorld: Bringing World /Game/StarterContent/Maps/UEDPIE_0_Minimal_Default.Minimal_Default up for play (max tick rate 0) at 2016.02.17-17.27.59
[2016.02.17-22.27.59:343][155]LogActor:Warning: GameSession /Game/StarterContent/Maps/UEDPIE_0_Minimal_Default.Minimal_Default:PersistentLevel.GameSession_0 has natively added scene component(s), but none of them were set as the actor's RootComponent - picking one arbitrarily
[2016.02.17-22.27.59:343][155]LogActor:Warning: GameNetworkManager /Game/StarterContent/Maps/UEDPIE_0_Minimal_Default.Minimal_Default:PersistentLevel.GameNetworkManager_0 has natively added scene component(s), but none of them were set as the actor's RootComponent - picking one arbitrarily
[2016.02.17-22.27.59:343][155]LogWorld: Bringing up level for play took: 0.003039
[2016.02.17-22.27.59:363][155]PIE: Info Play in editor start time for /Game/StarterContent/Maps/UEDPIE_0_Minimal_Default -0.721
[2016.02.17-22.27.59:363][155]LogBlueprintUserMessages: Late PlayInEditor Detection: Level '/Game/StarterContent/Maps/Minimal_Default.Minimal_Default:PersistentLevel' has LevelScriptBlueprint '/Game/StarterContent/Maps/Minimal_Default.Minimal_Default:PersistentLevel.Minimal_Default' with GeneratedClass '/Game/StarterContent/Maps/Minimal_Default.Minimal_Default_C' with ClassGeneratedBy '/Game/StarterContent/Maps/Minimal_Default.Minimal_Default:PersistentLevel.Minimal_Default'
[2016.02.17-22.27.59:406][155]LogRenderer: Reallocating scene render targets to support 1692x804 (Frame:150).
[2016.02.17-22.27.59:429][156]LogRenderer: Reallocating scene render targets to support 3024x1680 (Frame:151).
[2016.02.17-22.27.59:434][157]LogRenderTargetPool:Warning: r.RenderTargetPoolMin exceeded 635/400 MB (ok in editor, bad on fixed memory platform)
[2016.02.17-22.28.07:850][305]LogBlueprintUserMessages: Early EndPlayMap Detection: Level '/Game/StarterContent/Maps/Minimal_Default.Minimal_Default:PersistentLevel' has LevelScriptBlueprint '/Game/StarterContent/Maps/Minimal_Default.Minimal_Default:PersistentLevel.Minimal_Default' with GeneratedClass '/Game/StarterContent/Maps/Minimal_Default.Minimal_Default_C' with ClassGeneratedBy '/Game/StarterContent/Maps/Minimal_Default.Minimal_Default:PersistentLevel.Minimal_Default'
[2016.02.17-22.28.07:932][305]LogBlueprintUserMessages: Late EndPlayMap Detection: Level '/Game/StarterContent/Maps/Minimal_Default.Minimal_Default:PersistentLevel' has LevelScriptBlueprint '/Game/StarterContent/Maps/Minimal_Default.Minimal_Default:PersistentLevel.Minimal_Default' with GeneratedClass '/Game/StarterContent/Maps/Minimal_Default.Minimal_Default_C' with ClassGeneratedBy '/Game/StarterContent/Maps/Minimal_Default.Minimal_Default:PersistentLevel.Minimal_Default'
[2016.02.17-22.28.07:943][305]LogParticles: Destroying 0 GPU particle simulations for FXSystem 0x000000FFA2846520
[2016.02.17-22.28.10:134][402]LogRenderTargetPool:Warning: r.RenderTargetPoolMin exceeded 807/400 MB (ok in editor, bad on fixed memory platform)
[2016.02.17-22.28.10:302][404]LogTexture:Display: Building textures: HQ_Lightmap0_1 (AutoDXT)
[2016.02.17-22.28.10:305][404]LogTexture:Display: Building textures: HQ_Lightmap1_2 (AutoDXT)
[2016.02.17-22.28.10:306][404]LogTexture:Display: Building textures: LQ_Lightmap_0_1 (DXT1)
[2016.02.17-22.28.10:308][404]LogTexture:Display: Building textures: LQ_Lightmap_1_2 (DXT1)
[2016.02.17-22.28.10:309][404]LogAIModule: Creating AISystem for world VR_Level
[2016.02.17-22.28.10:334][404]Cmd: MAP LOAD FILE="../../../../../../Users/demo/Documents/GitHub/practicevr/PracticeVR/Content/Levels/VR_Level.umap" TEMPLATE=0 SHOWPROGRESS=1 FEATURELEVEL=3
[2016.02.17-22.28.10:334][404]LightingResults: New page: Lighting Build
[2016.02.17-22.28.10:348][404]LoadErrors: New page: Loading map: VR_Level.umap
[2016.02.17-22.28.10:348][404]MapCheck: New page: Map Check
[2016.02.17-22.28.10:348][404]LightingResults: New page: Lighting Build
[2016.02.17-22.28.10:358][404]LogParticles: Destroying 0 GPU particle simulations for FXSystem 0x000000FF8666F2E0
[2016.02.17-22.28.10:383][404]LogEditorServer: Finished looking for orphan Actors (0.000 secs)
[2016.02.17-22.28.10:401][404]Cmd: MAP CHECKDEP NOCLEARLOG
[2016.02.17-22.28.10:434][404]MapCheck: Info Map check complete: 0 Error(s), 0 Warning(s), took 32.812ms to complete.
[2016.02.17-22.28.10:434][404]LogFileHelpers: Loading map 'VR_Level' took 0.102
[2016.02.17-22.28.21:379][559]LogPlayLevel: PlayLevel: No blueprints needed recompiling
[2016.02.17-22.28.21:379][559]PIE: New page: PIE session: VR_Level (Feb 17, 2016, 12:28:21 PM)
[2016.02.17-22.28.21:379][559]LogPlayLevel: Creating play world package: /Game/Levels/UEDPIE_0_VR_Level
[2016.02.17-22.28.21:380][559]LogPlayLevel: PIE: StaticDuplicateObject took: (0.001397s)
[2016.02.17-22.28.21:381][559]LogAIModule: Creating AISystem for world VR_Level
[2016.02.17-22.28.21:381][559]LogPlayLevel: PIE: World Init took: (0.000549s)
[2016.02.17-22.28.21:381][559]LogPlayLevel: PIE: Created PIE world by copying editor world from /Game/Levels/VR_Level.VR_Level to /Game/Levels/UEDPIE_0_VR_Level.VR_Level (0.002093s)
[2016.02.17-22.28.21:397][559]LogInit: XAudio2 using 'Speakers (USB Audio Device)' : 2 channels at 44.1 kHz using 16 bits per sample (channel mask 0x3)
[2016.02.17-22.28.21:401][559]LogInit: FAudioDevice initialized.
[2016.02.17-22.28.21:508][559]LogWorld: Game class is 'VR_GameMode_C'
[2016.02.17-22.28.21:510][559]LogWorld: Bringing World /Game/Levels/UEDPIE_0_VR_Level.VR_Level up for play (max tick rate 0) at 2016.02.17-17.28.21
[2016.02.17-22.28.21:510][559]LogActor:Warning: GameSession /Game/Levels/UEDPIE_0_VR_Level.VR_Level:PersistentLevel.GameSession_1 has natively added scene component(s), but none of them were set as the actor's RootComponent - picking one arbitrarily
[2016.02.17-22.28.21:510][559]LogActor:Warning: GameNetworkManager /Game/Levels/UEDPIE_0_VR_Level.VR_Level:PersistentLevel.GameNetworkManager_1 has natively added scene component(s), but none of them were set as the actor's RootComponent - picking one arbitrarily
[2016.02.17-22.28.21:510][559]LogWorld: Bringing up level for play took: 0.001599
[2016.02.17-22.28.21:524][559]PIE: Info Play in editor start time for /Game/Levels/UEDPIE_0_VR_Level -0.567
[2016.02.17-22.28.21:718][561]LogRenderTargetPool:Warning: r.RenderTargetPoolMin exceeded 841/400 MB (ok in editor, bad on fixed memory platform)
[2016.02.17-22.28.29:862][616]LogParticles: Destroying 0 GPU particle simulations for FXSystem 0x000000FFA22A3EC0
[2016.02.17-22.28.32:059][737]LogPlayLevel: PlayLevel: No blueprints needed recompiling
[2016.02.17-22.28.32:059][737]PIE: New page: PIE session: VR_Level (Feb 17, 2016, 12:28:32 PM)
[2016.02.17-22.28.32:059][737]LogPlayLevel: Creating play world package: /Game/Levels/UEDPIE_0_VR_Level
[2016.02.17-22.28.32:061][737]LogPlayLevel: PIE: StaticDuplicateObject took: (0.001353s)
[2016.02.17-22.28.32:061][737]LogAIModule: Creating AISystem for world VR_Level
[2016.02.17-22.28.32:061][737]LogPlayLevel: PIE: World Init took: (0.000580s)
[2016.02.17-22.28.32:061][737]LogPlayLevel: PIE: Created PIE world by copying editor world from /Game/Levels/VR_Level.VR_Level to /Game/Levels/UEDPIE_0_VR_Level.VR_Level (0.002101s)
[2016.02.17-22.28.32:077][737]LogInit: XAudio2 using 'Speakers (USB Audio Device)' : 2 channels at 44.1 kHz using 16 bits per sample (channel mask 0x3)
[2016.02.17-22.28.32:081][737]LogInit: FAudioDevice initialized.
[2016.02.17-22.28.32:178][737]LogWorld: Game class is 'VR_GameMode_C'
[2016.02.17-22.28.32:180][737]LogWorld: Bringing World /Game/Levels/UEDPIE_0_VR_Level.VR_Level up for play (max tick rate 0) at 2016.02.17-17.28.32
[2016.02.17-22.28.32:180][737]LogActor:Warning: GameSession /Game/Levels/UEDPIE_0_VR_Level.VR_Level:PersistentLevel.GameSession_2 has natively added scene component(s), but none of them were set as the actor's RootComponent - picking one arbitrarily
[2016.02.17-22.28.32:180][737]LogActor:Warning: GameNetworkManager /Game/Levels/UEDPIE_0_VR_Level.VR_Level:PersistentLevel.GameNetworkManager_2 has natively added scene component(s), but none of them were set as the actor's RootComponent - picking one arbitrarily
[2016.02.17-22.28.32:180][737]LogWorld: Bringing up level for play took: 0.001437
[2016.02.17-22.28.32:194][737]PIE: Info Play in editor start time for /Game/Levels/UEDPIE_0_VR_Level 0.099
[2016.02.17-22.28.32:315][739]LogRenderTargetPool:Warning: r.RenderTargetPoolMin exceeded 869/400 MB (ok in editor, bad on fixed memory platform)
[2016.02.17-22.28.40:084][811]LogParticles: Destroying 0 GPU particle simulations for FXSystem 0x000000FFA22A00E0
[2016.02.17-22.30.05:486][595]LogRenderTargetPool:Warning: r.RenderTargetPoolMin exceeded 775/400 MB (ok in editor, bad on fixed memory platform)
[2016.02.17-22.30.44:032][ 88]LogRenderTargetPool:Warning: r.RenderTargetPoolMin exceeded 775/400 MB (ok in editor, bad on fixed memory platform)
[2016.02.17-22.30.46:035][196]LogPlayLevel: PlayLevel: No blueprints needed recompiling
[2016.02.17-22.30.46:035][196]PIE: New page: PIE session: VR_Level (Feb 17, 2016, 12:30:46 PM)
[2016.02.17-22.30.46:035][196]LogPlayLevel: Creating play world package: /Game/Levels/UEDPIE_0_VR_Level
[2016.02.17-22.30.46:037][196]LogPlayLevel: PIE: StaticDuplicateObject took: (0.001958s)
[2016.02.17-22.30.46:038][196]LogAIModule: Creating AISystem for world VR_Level
[2016.02.17-22.30.46:038][196]LogPlayLevel: PIE: World Init took: (0.000787s)
[2016.02.17-22.30.46:038][196]LogPlayLevel: PIE: Created PIE world by copying editor world from /Game/Levels/VR_Level.VR_Level to /Game/Levels/UEDPIE_0_VR_Level.VR_Level (0.002989s)
[2016.02.17-22.30.46:055][196]LogInit: XAudio2 using 'Speakers (USB Audio Device)' : 2 channels at 44.1 kHz using 16 bits per sample (channel mask 0x3)
[2016.02.17-22.30.46:060][196]LogInit: FAudioDevice initialized.
[2016.02.17-22.30.46:124][196]LogWorld: Game class is 'VR_GameMode_C'
[2016.02.17-22.30.46:127][196]LogWorld: Bringing World /Game/Levels/UEDPIE_0_VR_Level.VR_Level up for play (max tick rate 0) at 2016.02.17-17.30.46
[2016.02.17-22.30.46:127][196]LogActor:Warning: GameSession /Game/Levels/UEDPIE_0_VR_Level.VR_Level:PersistentLevel.GameSession_3 has natively added scene component(s), but none of them were set as the actor's RootComponent - picking one arbitrarily
[2016.02.17-22.30.46:127][196]LogActor:Warning: GameNetworkManager /Game/Levels/UEDPIE_0_VR_Level.VR_Level:PersistentLevel.GameNetworkManager_3 has natively added scene component(s), but none of them were set as the actor's RootComponent - picking one arbitrarily
[2016.02.17-22.30.46:127][196]LogWorld: Bringing up level for play took: 0.001554
[2016.02.17-22.30.46:140][196]PIE: Info Play in editor start time for /Game/Levels/UEDPIE_0_VR_Level 0.019
[2016.02.17-22.30.46:150][198]LogWindows:Error: Windows GetLastError: The operation completed successfully. (0)
[2016.02.17-22.30.46:307][198]LogCrashTracker: 


[2016.02.17-22.30.46:307][198]LogWindows:Error: Windows GetLastError: The operation completed successfully. (0)
[2016.02.17-22.30.46:307][198]LogCrashTracker: 


[2016.02.17-22.30.46:307][198]LogWindows:Error: === Critical error: ===
Fatal error: [File:D:\BuildFarm\buildmachine_++depot+UE4-Releases+4.10\Engine\Source\Runtime\RenderCore\Private\RenderingThread.cpp] [Line: 675] 
Rendering thread exception:
Assertion failed: ScreenRadius >= 0.0f [File:D:\BuildFarm\buildmachine_++depot+UE4-Releases+4.10\Engine\Source\Runtime\Renderer\Private\ShadowSetup.cpp] [Line: 1380] 
View.ShadowViewMatrices.ScreenScale nan, OriginalBounds.SphereRadius 86.623695, ShadowViewDistFromBounds 265.138458







[2016.02.17-22.30.46:362][198]LogExit: Executing StaticShutdownAfterError
[2016.02.17-22.30.46:365][198]LogPhysics:Warning: PHYSX: ..\..\PhysX\src\NpScene.cpp (2946) 8 : PxScene::unlockWrite() called without matching call to PxScene::lockWrite(), behaviour will be undefined.
[2016.02.17-22.30.46:365][198]LogPhysics:Warning: PHYSX: ..\..\PhysX\src\NpScene.cpp (2946) 8 : PxScene::unlockWrite() called without matching call to PxScene::lockWrite(), behaviour will be undefined.
[2016.02.17-22.30.46:365][198]LogPhysics:Warning: PHYSX: ..\..\PhysX\src\NpScene.cpp (2946) 8 : PxScene::unlockWrite() called without matching call to PxScene::lockWrite(), behaviour will be undefined.
[2016.02.17-22.30.46:365][198]LogPhysics:Warning: PHYSX: ..\..\PhysX\src\NpScene.cpp (2946) 8 : PxScene::unlockWrite() called without matching call to PxScene::lockWrite(), behaviour will be undefined.
[2016.02.17-22.30.46:365][198]LogWindows: FPlatformMisc::RequestExit(1)
[2016.02.17-22.30.46:365][198]Log file closed, 02/17/16 17:30:46
