[2016.02.17-22.30.49:097][  0]Log file open, 02/17/16 17:30:49
[2016.02.17-22.30.49:097][  0]LogInit:Display: Running engine for game: PracticeVR
[2016.02.17-22.30.49:097][  0]LogPlatformFile: Not using cached read wrapper
[2016.02.17-22.30.49:097][  0]LogInit:Display: RandInit(-254811411) SRandInit(-254811410).
[2016.02.17-22.30.49:097][  0]LogTaskGraph: Started task graph with 4 named threads and 7 total threads.
[2016.02.17-22.30.49:097][  0]LogStats: Stats thread started at 0.077673
[2016.02.17-22.30.49:097][  0]LogInit: Version: 4.10.2-2818068+++depot+UE4-Releases+4.10
[2016.02.17-22.30.49:097][  0]LogInit: API Version: 2758231
[2016.02.17-22.30.49:097][  0]LogInit: Compiled (64-bit): Jan  6 2016 17:36:42
[2016.02.17-22.30.49:097][  0]LogInit: Compiled with Visual C++: 19.00.23026.00
[2016.02.17-22.30.49:097][  0]LogInit: Build Configuration: Development
[2016.02.17-22.30.49:097][  0]LogInit: Branch Name: ++depot+UE4-Releases+4.10
[2016.02.17-22.30.49:097][  0]LogInit: Command line:  
[2016.02.17-22.30.49:097][  0]LogInit: Base directory: C:/Program Files (x86)/Epic Games/4.10/Engine/Binaries/Win64/
[2016.02.17-22.30.49:097][  0]LogInit: Rocket: 1
[2016.02.17-22.30.49:103][  0]LogInit: Using libcurl 7.41.0
[2016.02.17-22.30.49:103][  0]LogInit:  - built for x86_64-pc-win32
[2016.02.17-22.30.49:103][  0]LogInit:  - supports SSL with WinSSL
[2016.02.17-22.30.49:103][  0]LogInit:  - other features:
[2016.02.17-22.30.49:103][  0]LogInit:      CURL_VERSION_SSL
[2016.02.17-22.30.49:103][  0]LogInit:      CURL_VERSION_IPV6
[2016.02.17-22.30.49:103][  0]LogInit:      CURL_VERSION_ASYNCHDNS
[2016.02.17-22.30.49:103][  0]LogInit:      CURL_VERSION_LARGEFILE
[2016.02.17-22.30.49:103][  0]LogInit:      CURL_VERSION_IDN
[2016.02.17-22.30.49:103][  0]LogInit:  CurlRequestOptions (configurable via config and command line):
[2016.02.17-22.30.49:103][  0]LogInit:  - bVerifyPeer = true  - Libcurl will verify peer certificate
[2016.02.17-22.30.49:103][  0]LogInit:  - bUseHttpProxy = false  - Libcurl will NOT use HTTP proxy
[2016.02.17-22.30.49:103][  0]LogInit:  - bDontReuseConnections = false  - Libcurl will reuse connections
[2016.02.17-22.30.49:103][  0]LogInit:  - CertBundlePath = nullptr  - Libcurl will use whatever was configured at build time.
[2016.02.17-22.30.49:109][  0]LogInit: Presizing for 0 objects not considered by GC, pre-allocating 0 bytes.
[2016.02.17-22.30.49:114][  0]LogInit: Object subsystem initialized
[2016.02.17-22.30.49:114][  0]LogInit: Selected Device Profile: [Windows]
[2016.02.17-22.30.49:114][  0]LogInit: Applying CVar settings loaded from the selected device profile: [Windows]
[2016.02.17-22.30.49:122][  0]LogInit: Computer: ETC-WIN10-006
[2016.02.17-22.30.49:122][  0]LogInit: User: demo
[2016.02.17-22.30.49:122][  0]LogInit: CPU Page size=4096, Cores=4
[2016.02.17-22.30.49:122][  0]LogInit: High frequency timer resolution =3.507525 MHz
[2016.02.17-22.30.49:122][  0]LogMemory: Memory total: Physical=15.9GB (16GB approx)
[2016.02.17-22.30.49:122][  0]LogMemory: Platform Memory Stats for Windows
[2016.02.17-22.30.49:122][  0]LogMemory: Process Physical Memory: 55.80 MB used, 55.80 MB peak
[2016.02.17-22.30.49:122][  0]LogMemory: Process Virtual Memory: 56.83 MB used, 56.83 MB peak
[2016.02.17-22.30.49:122][  0]LogMemory: Physical Memory: 3849.89 MB used, 16326.10 MB total
[2016.02.17-22.30.49:122][  0]LogMemory: Virtual Memory: 379.68 MB used, 134217728.00 MB total
[2016.02.17-22.30.49:147][  0]LogTextLocalizationManager: No specific translations for ('en-US') exist, so ('en') translations will be used.
[2016.02.17-22.30.49:499][  0]LogD3D11RHI: Found D3D11 adapter 0: NVIDIA GeForce GTX 745 (Feature Level 11_0)
[2016.02.17-22.30.49:499][  0]LogD3D11RHI: Adapter has 4035MB of dedicated video memory, 0MB of dedicated system memory, and 8163MB of shared system memory, 1 output[s]
[2016.02.17-22.30.49:500][  0]LogD3D11RHI: Found D3D11 adapter 1: Microsoft Basic Render Driver (Feature Level 11_0)
[2016.02.17-22.30.49:500][  0]LogD3D11RHI: Adapter has 0MB of dedicated video memory, 0MB of dedicated system memory, and 8163MB of shared system memory, 0 output[s]
[2016.02.17-22.30.49:500][  0]LogD3D11RHI: Chosen D3D11 Adapter Id = 0
[2016.02.17-22.30.49:504][  0]LogD3D11RHI: !Direct3DDevice
[2016.02.17-22.30.49:504][  0]LogRHI: Texture pool is 1361 MB (70% of 1945 MB)
[2016.02.17-22.30.49:515][  0]LogD3D11RHI: Async texture creation enabled
[2016.02.17-22.30.49:530][  0]LogShaderCompilers: Guid format shader working directory is -23 characters bigger than the processId version (../../../../../../Users/demo/Documents/GitHub/practicevr/PracticeVR/Intermediate/Shaders/WorkingDirectory/12236/).
[2016.02.17-22.30.49:530][  0]LogShaderCompilers: Cleaned the shader compiler working directory 'C:/Users/demo/AppData/Local/Temp/UnrealShaderWorkingDir/8F407455444AC121E61960BD5EDF7177/'.
[2016.02.17-22.30.49:530][  0]LogShaderCompilers:Display: Using Local Shader Compiler.
[2016.02.17-22.30.50:124][  0]LogTemp:Display: Loaded TP AllDesktopTargetPlatform
[2016.02.17-22.30.50:128][  0]LogTemp:Display: Loaded TP WindowsClientTargetPlatform
[2016.02.17-22.30.50:132][  0]LogTemp:Display: Loaded TP WindowsNoEditorTargetPlatform
[2016.02.17-22.30.50:136][  0]LogTemp:Display: Loaded TP WindowsServerTargetPlatform
[2016.02.17-22.30.50:139][  0]LogTemp:Display: Loaded TP WindowsTargetPlatform
[2016.02.17-22.30.50:141][  0]LogTemp:Display: Loaded TP AndroidTargetPlatform
[2016.02.17-22.30.50:144][  0]LogTemp:Display: Loaded TP Android_ASTCTargetPlatform
[2016.02.17-22.30.50:146][  0]LogTemp:Display: Loaded TP Android_ATCTargetPlatform
[2016.02.17-22.30.50:149][  0]LogTemp:Display: Loaded TP Android_DXTTargetPlatform
[2016.02.17-22.30.50:151][  0]LogTemp:Display: Loaded TP Android_ETC1TargetPlatform
[2016.02.17-22.30.50:154][  0]LogTemp:Display: Loaded TP Android_ETC2TargetPlatform
[2016.02.17-22.30.50:160][  0]LogTemp:Display: Loaded TP Android_MultiTargetPlatform
[2016.02.17-22.30.50:160][  0]LogTemp:Display: Loaded TP Android_PVRTCTargetPlatform
[2016.02.17-22.30.50:160][  0]LogTemp:Display: Loaded TP HTML5TargetPlatform
[2016.02.17-22.30.50:177][  0]LogTemp:Display: Loaded TP IOSTargetPlatform
[2016.02.17-22.30.50:180][  0]LogTemp:Display: Loaded TP LinuxNoEditorTargetPlatform
[2016.02.17-22.30.50:182][  0]LogTemp:Display: Loaded TP LinuxServerTargetPlatform
[2016.02.17-22.30.50:184][  0]LogTemp:Display: Loaded TP LinuxTargetPlatform
[2016.02.17-22.30.50:184][  0]LogTargetPlatformManager:Display: Building Assets For Windows
[2016.02.17-22.30.50:246][  0]LogDerivedDataCache:Display: Max Cache Size: 512 MB
[2016.02.17-22.30.50:283][  0]LogDerivedDataCache: Loaded boot cache 0.04s 41MB C:/Users/demo/AppData/Local/UnrealEngine/4.10/DerivedDataCache/Boot.ddc.
[2016.02.17-22.30.50:283][  0]LogDerivedDataCache:Display: Loaded Boot cache: C:/Users/demo/AppData/Local/UnrealEngine/4.10/DerivedDataCache/Boot.ddc
[2016.02.17-22.30.50:283][  0]LogDerivedDataCache: FDerivedDataBackendGraph:  Pak pak cache file ../../../../../../Users/demo/Documents/GitHub/practicevr/PracticeVR/DerivedDataCache/DDC.ddp not found, will not use a pak cache.
[2016.02.17-22.30.50:283][  0]LogDerivedDataCache: Unable to find inner node Pak for hierarchical cache Hierarchy.
[2016.02.17-22.30.50:283][  0]LogDerivedDataCache: FDerivedDataBackendGraph:  CompressedPak pak cache file ../../../../../../Users/demo/Documents/GitHub/practicevr/PracticeVR/DerivedDataCache/Compressed.ddp not found, will not use a pak cache.
[2016.02.17-22.30.50:283][  0]LogDerivedDataCache: Unable to find inner node CompressedPak for hierarchical cache Hierarchy.
[2016.02.17-22.30.50:327][  0]LogDerivedDataCache:Display: Pak cache opened for reading ../../../Engine/DerivedDataCache/Compressed.ddp.
[2016.02.17-22.30.50:339][  0]LogDerivedDataCache: Using Local data cache path C:/Users/demo/AppData/Local/UnrealEngine/Common/DerivedDataCache: Writable
[2016.02.17-22.30.50:472][  0]LogInit: Selected Device Profile: [Windows]
[2016.02.17-22.30.50:474][  0]LogContentStreaming: Texture pool size is 0.000000MB
[2016.02.17-22.30.50:559][  0]LogMeshUtilities: No automatic mesh reduction module available
[2016.02.17-22.30.50:559][  0]LogMeshUtilities: No automatic mesh merging module available
[2016.02.17-22.30.50:722][  0]LogInit: WinSock: version 1.1 (2.2), MaxSocks=32767, MaxUdp=65467
[2016.02.17-22.30.51:271][  0]UdpMessaging: Initializing bridge on interface 0.0.0.0:0 to multicast group 230.0.0.1:6666.
[2016.02.17-22.30.51:361][  0]LogAssetRegistry: FAssetRegistry took 0.0112 seconds to start up
[2016.02.17-22.30.51:486][  0]SourceControl: Info Source control is disabled
[2016.02.17-22.30.51:516][  0]SourceControl: Info Source control is disabled
[2016.02.17-22.30.51:524][  0]SourceControl: Info Source control is disabled
[2016.02.17-22.30.51:531][  0]SourceControl: Info Source control is disabled
[2016.02.17-22.30.51:689][  0]LogObj: 28633 objects as part of root set at end of initial load.
[2016.02.17-22.30.51:689][  0]LogUObjectAllocator: 6099744 out of 0 bytes used by permanent object pool.
[2016.02.17-22.30.51:734][  0]LogEngine: Initializing Engine...
[2016.02.17-22.30.51:736][  0]LogHMD: Can't find Oculus library dev build: is proper Runtime installed? Version: 0.8.0.0
[2016.02.17-22.30.52:441][  0]LogHMD: SteamVR failed to initialize.  Err: 208
[2016.02.17-22.30.52:530][  0]LogAIModule: Creating AISystem for world NewWorld
[2016.02.17-22.30.52:536][  0]LogInit: XAudio2 using 'Speakers (USB Audio Device)' : 2 channels at 44.1 kHz using 16 bits per sample (channel mask 0x3)
[2016.02.17-22.30.52:547][  0]LogInit: FAudioDevice initialized.
[2016.02.17-22.30.52:564][  0]LogDerivedDataCache: Saved boot cache 0.02s 41MB C:/Users/demo/AppData/Local/UnrealEngine/4.10/DerivedDataCache/Boot.ddc.
[2016.02.17-22.30.52:568][  0]LogInit: Texture streaming: Enabled
[2016.02.17-22.30.52:572][  0]LogAnalytics: Creating configured Analytics provider AnalyticsET
[2016.02.17-22.30.52:572][  0]LogAnalytics: [UEEditor.Rocket.Release] APIServer = http://et2.epicgames.com/ET2/. AppVersion = 4.10.2-2818068+++depot+UE4-Releases+4.10
[2016.02.17-22.30.52:572][  0]LogAnalytics: [UEEditor.Rocket.Release] SetUserId dace05c344f3165ba6907d8fb994670d|36cf517b4d86471bb12e26a25eb81198|c0875fa7-5c44-4913-af9b-c7a689be2d5a
[2016.02.17-22.30.52:573][  0]LogAnalytics: [UEEditor.Rocket.Release] AnalyticsET::StartSession
[2016.02.17-22.30.52:578][  0]LogInit: Transaction tracking system initialized
[2016.02.17-22.30.52:599][  0]BlueprintLog: New page: Editor Load
[2016.02.17-22.30.52:661][  0]LocalizationService: Info Localization service is disabled
[2016.02.17-22.30.52:716][  0]LogConsoleResponse:Display: 
[2016.02.17-22.30.52:796][  0]LogCook:Display: Done creating registry. It took  0.00s.
[2016.02.17-22.30.52:836][  0]LogFileCache: Scanning file cache for directory 'C:/Users/demo/Documents/GitHub/practicevr/PracticeVR/Content/' took 0.01s
[2016.02.17-22.30.52:836][  0]SourceControl: Info Source control is disabled
[2016.02.17-22.30.52:836][  0]Cmd: MAP LOAD FILE="../../../../../../Users/demo/Documents/GitHub/practicevr/PracticeVR/Content/StarterContent/Maps/Minimal_Default.umap" TEMPLATE=0 SHOWPROGRESS=1 FEATURELEVEL=3
[2016.02.17-22.30.52:836][  0]LightingResults: New page: Lighting Build
[2016.02.17-22.30.52:839][  0]MapCheck: New page: Map Check
[2016.02.17-22.30.52:839][  0]LightingResults: New page: Lighting Build
[2016.02.17-22.30.52:846][  0]LogParticles: Destroying 0 GPU particle simulations for FXSystem 0x000000EA48553B00
[2016.02.17-22.30.53:094][  0]LogAIModule: Creating AISystem for world Minimal_Default
[2016.02.17-22.30.53:099][  0]LogEditorServer: Finished looking for orphan Actors (0.000 secs)
[2016.02.17-22.30.53:100][  0]Cmd: MAP CHECKDEP NOCLEARLOG
[2016.02.17-22.30.53:132][  0]MapCheck: Info Map check complete: 0 Error(s), 0 Warning(s), took 32.524ms to complete.
[2016.02.17-22.30.53:132][  0]LogFileHelpers: Loading map 'Minimal_Default' took 0.297
[2016.02.17-22.30.53:224][  0]LogCollectionManager: Loaded 0 collections in 0.001599 seconds
[2016.02.17-22.30.53:262][  0]LogFileCache: Scanning file cache for directory 'C:/Users/demo/Documents/GitHub/practicevr/PracticeVR/Saved/Collections/' took 0.01s
[2016.02.17-22.30.53:262][  0]LogFileCache: Scanning file cache for directory 'C:/Users/demo/Documents/GitHub/practicevr/PracticeVR/Content/Developers/demo/Collections/' took 0.01s
[2016.02.17-22.30.53:262][  0]LogFileCache: Scanning file cache for directory 'C:/Users/demo/Documents/GitHub/practicevr/PracticeVR/Content/Collections/' took 0.01s
[2016.02.17-22.30.53:262][  0]LogCollectionManager: Rebuilt the GUID cache for 0 collections in 0.000001 seconds
[2016.02.17-22.30.53:268][  0]LogContentBrowser: Native class hierarchy populated in 0.0059 seconds. Added 1893 classes and 338 folders.
[2016.02.17-22.30.53:273][  0]LogContentBrowser: Native class hierarchy updated for 'WidgetCarousel' in 0.0002 seconds. Added 0 classes and 0 folders.
[2016.02.17-22.30.53:302][  0]LogContentBrowser: Native class hierarchy updated for 'AddContentDialog' in 0.0003 seconds. Added 0 classes and 0 folders.
[2016.02.17-22.30.53:306][  0]LogContentBrowser: Native class hierarchy updated for 'SceneOutliner' in 0.0002 seconds. Added 1 classes and 2 folders.
[2016.02.17-22.30.53:340][  0]LogCrashTracker: Crashtracker disabled due to settings.
[2016.02.17-22.30.53:343][  0]LogUObjectGlobals:Warning: Failed to find object 'Class None.'
[2016.02.17-22.30.53:366][  0]LogLoad: Full Startup: 4.60 seconds (BP compile: 0.03 seconds)
[2016.02.17-22.30.53:376][  0]LogOcInput: Can't find Oculus library dev build: is proper Runtime installed? Version: 0.8.0.0
[2016.02.17-22.30.53:423][  0]LogContentStreaming: Texture pool size now 1000 MB
[2016.02.17-22.30.53:540][  0]LogRenderer: Reallocating scene render targets to support 1208x572 (Frame:2).
[2016.02.17-22.30.53:682][  2]LogAssetRegistry: Asset discovery search completed in 2.3324 seconds
[2016.02.17-22.30.53:682][  2]LogCollectionManager: Rebuilt the object cache for 0 collections in 0.000001 seconds (found 0 objects)
[2016.02.17-22.30.53:682][  2]LogCollectionManager: Fixed up redirectors for 0 collections in 0.000014 seconds (updated 0 objects)
[2016.02.17-22.31.05:617][692]LogAIModule: Creating AISystem for world VR_Level
[2016.02.17-22.31.05:638][692]Cmd: MAP LOAD FILE="../../../../../../Users/demo/Documents/GitHub/practicevr/PracticeVR/Content/Levels/VR_Level.umap" TEMPLATE=0 SHOWPROGRESS=1 FEATURELEVEL=3
[2016.02.17-22.31.05:638][692]LightingResults: New page: Lighting Build
[2016.02.17-22.31.05:650][692]LoadErrors: New page: Loading map: VR_Level.umap
[2016.02.17-22.31.05:651][692]MapCheck: New page: Map Check
[2016.02.17-22.31.05:651][692]LightingResults: New page: Lighting Build
[2016.02.17-22.31.05:661][692]LogParticles: Destroying 0 GPU particle simulations for FXSystem 0x000000EA37FEF240
[2016.02.17-22.31.05:689][692]LogEditorServer: Finished looking for orphan Actors (0.000 secs)
[2016.02.17-22.31.05:709][692]Cmd: MAP CHECKDEP NOCLEARLOG
[2016.02.17-22.31.05:748][692]MapCheck: Info Map check complete: 0 Error(s), 0 Warning(s), took 39.553ms to complete.
[2016.02.17-22.31.05:748][692]LogFileHelpers: Loading map 'VR_Level' took 0.112
[2016.02.17-22.31.11:527][148]LogWindowsTextInputMethodSystem:Display: IME system now deactivated.
[2016.02.17-22.31.11:706][149]Cmd: QUIT_EDITOR
[2016.02.17-22.31.11:831][149]LogExit: Preparing to exit.
[2016.02.17-22.31.12:378][149]LogExit: Editor shut down
[2016.02.17-22.31.12:379][149]LogExit: Transaction tracking system shut down
[2016.02.17-22.31.12:379][149]LogParticles: Destroying 0 GPU particle simulations for FXSystem 0x000000EA539B7880
[2016.02.17-22.31.12:380][149]LogParticles: Destroying 0 GPU particle simulations for FXSystem 0x000000EA53E9E8E0
[2016.02.17-22.31.12:481][149]LogExit: Object subsystem successfully closed.
[2016.02.17-22.31.12:490][149]LogD3D11RHI: Shutdown
[2016.02.17-22.31.12:490][149]LogD3D11RHI: CleanupD3DDevice
[2016.02.17-22.31.12:525][149]LogD3D11RHI: ~FD3D11DynamicRHI
[2016.02.17-22.31.12:535][149]LogModuleManager: Shutting down and abandoning module CrashTracker (198)
[2016.02.17-22.31.12:535][149]LogModuleManager: Shutting down and abandoning module SceneOutliner (197)
[2016.02.17-22.31.12:535][149]LogModuleManager: Shutting down and abandoning module SuperSearch (196)
[2016.02.17-22.31.12:535][149]LogModuleManager: Shutting down and abandoning module WidgetCarousel (195)
[2016.02.17-22.31.12:535][149]LogModuleManager: Shutting down and abandoning module AddContentDialog (194)
[2016.02.17-22.31.12:535][149]LogModuleManager: Shutting down and abandoning module EditorWidgets (193)
[2016.02.17-22.31.12:535][149]LogModuleManager: Shutting down and abandoning module CollectionManager (192)
[2016.02.17-22.31.12:535][149]LogModuleManager: Shutting down and abandoning module StatsViewer (191)
[2016.02.17-22.31.12:535][149]LogModuleManager: Shutting down and abandoning module FoliageEdit (190)
[2016.02.17-22.31.12:535][149]LogModuleManager: Shutting down and abandoning module LandscapeEditor (189)
[2016.02.17-22.31.12:536][149]LogModuleManager: Shutting down and abandoning module ActorPickerMode (188)
[2016.02.17-22.31.12:536][149]LogModuleManager: Shutting down and abandoning module GeometryMode (187)
[2016.02.17-22.31.12:536][149]LogModuleManager: Shutting down and abandoning module TextureAlignMode (186)
[2016.02.17-22.31.12:536][149]LogModuleManager: Shutting down and abandoning module BspMode (185)
[2016.02.17-22.31.12:536][149]LogModuleManager: Shutting down and abandoning module PlacementMode (184)
[2016.02.17-22.31.12:536][149]LogModuleManager: Shutting down and abandoning module AutomationWorker (183)
[2016.02.17-22.31.12:536][149]LogModuleManager: Shutting down and abandoning module CharacterAI (182)
[2016.02.17-22.31.12:536][149]LogModuleManager: Shutting down and abandoning module SmartSnapping (181)
[2016.02.17-22.31.12:536][149]LogModuleManager: Shutting down and abandoning module ViewportSnapping (180)
[2016.02.17-22.31.12:536][149]LogModuleManager: Shutting down and abandoning module LogVisualizer (179)
[2016.02.17-22.31.12:536][149]LogModuleManager: Shutting down and abandoning module GameProjectGeneration (178)
[2016.02.17-22.31.12:536][149]LogModuleManager: Shutting down and abandoning module IntroTutorials (177)
[2016.02.17-22.31.12:536][149]LogModuleManager: Shutting down and abandoning module EditorLiveStreaming (176)
[2016.02.17-22.31.12:536][149]LogModuleManager: Shutting down and abandoning module IOSPlatformEditor (175)
[2016.02.17-22.31.12:536][149]LogModuleManager: Shutting down and abandoning module HTML5PlatformEditor (174)
[2016.02.17-22.31.12:536][149]LogModuleManager: Shutting down and abandoning module AndroidDeviceDetection (173)
[2016.02.17-22.31.12:700][149]LogModuleManager: Shutting down and abandoning module AndroidPlatformEditor (172)
[2016.02.17-22.31.12:700][149]LogModuleManager: Shutting down and abandoning module IOSRuntimeSettings (171)
[2016.02.17-22.31.12:700][149]LogModuleManager: Shutting down and abandoning module AndroidRuntimeSettings (170)
[2016.02.17-22.31.12:700][149]LogModuleManager: Shutting down and abandoning module MergeActors (169)
[2016.02.17-22.31.12:700][149]LogModuleManager: Shutting down and abandoning module SizeMap (168)
[2016.02.17-22.31.12:700][149]LogModuleManager: Shutting down and abandoning module TreeMap (167)
[2016.02.17-22.31.12:700][149]LogModuleManager: Shutting down and abandoning module ReferenceViewer (166)
[2016.02.17-22.31.12:700][149]LogModuleManager: Shutting down and abandoning module LocalizationService (165)
[2016.02.17-22.31.12:700][149]LogModuleManager: Shutting down and abandoning module LocalizationDashboard (164)
[2016.02.17-22.31.12:700][149]LogModuleManager: Shutting down and abandoning module HardwareTargeting (163)
[2016.02.17-22.31.12:700][149]LogModuleManager: Shutting down and abandoning module DeviceProfileEditor (162)
[2016.02.17-22.31.12:700][149]LogModuleManager: Shutting down and abandoning module UndoHistory (161)
[2016.02.17-22.31.12:700][149]LogModuleManager: Shutting down and abandoning module GameplayTagsEditor (160)
[2016.02.17-22.31.12:700][149]LogModuleManager: Shutting down and abandoning module UserFeedback (159)
[2016.02.17-22.31.12:700][149]LogModuleManager: Shutting down and abandoning module XmlParser (158)
[2016.02.17-22.31.12:700][149]LogModuleManager: Shutting down and abandoning module Blutility (157)
[2016.02.17-22.31.12:700][149]LogModuleManager: Shutting down and abandoning module ProjectTargetPlatformEditor (156)
[2016.02.17-22.31.12:700][149]LogModuleManager: Shutting down and abandoning module ProjectSettingsViewer (155)
[2016.02.17-22.31.12:700][149]LogModuleManager: Shutting down and abandoning module InputBindingEditor (154)
[2016.02.17-22.31.12:700][149]LogModuleManager: Shutting down and abandoning module EditorSettingsViewer (153)
[2016.02.17-22.31.12:700][149]LogModuleManager: Shutting down and abandoning module SettingsEditor (152)
[2016.02.17-22.31.12:700][149]LogModuleManager: Shutting down and abandoning module ProjectLauncher (151)
[2016.02.17-22.31.12:700][149]LogModuleManager: Shutting down and abandoning module SessionFrontend (150)
[2016.02.17-22.31.12:700][149]LogModuleManager: Shutting down and abandoning module ProfilerClient (149)
[2016.02.17-22.31.12:700][149]LogModuleManager: Shutting down and abandoning module TargetDeviceServices (148)
[2016.02.17-22.31.12:700][149]LogModuleManager: Shutting down and abandoning module DeviceManager (147)
[2016.02.17-22.31.12:701][149]LogModuleManager: Shutting down and abandoning module AutomationController (146)
[2016.02.17-22.31.12:701][149]LogModuleManager: Shutting down and abandoning module AutomationWindow (145)
[2016.02.17-22.31.12:701][149]LogModuleManager: Shutting down and abandoning module Layers (144)
[2016.02.17-22.31.12:701][149]LogModuleManager: Shutting down and abandoning module ComponentVisualizers (143)
[2016.02.17-22.31.12:701][149]LogModuleManager: Shutting down and abandoning module DetailCustomizations (142)
[2016.02.17-22.31.12:701][149]LogModuleManager: Shutting down and abandoning module PackagesDialog (141)
[2016.02.17-22.31.12:701][149]LogModuleManager: Shutting down and abandoning module Persona (140)
[2016.02.17-22.31.12:701][149]LogModuleManager: Shutting down and abandoning module Kismet (139)
[2016.02.17-22.31.12:701][149]LogModuleManager: Shutting down and abandoning module GraphEditor (138)
[2016.02.17-22.31.12:701][149]LogModuleManager: Shutting down and abandoning module ClassViewer (137)
[2016.02.17-22.31.12:701][149]LogModuleManager: Shutting down and abandoning module Toolbox (136)
[2016.02.17-22.31.12:701][149]LogModuleManager: Shutting down and abandoning module ModuleUI (135)
[2016.02.17-22.31.12:701][149]LogModuleManager: Shutting down and abandoning module MovieSceneTools (134)
[2016.02.17-22.31.12:701][149]LogModuleManager: Shutting down and abandoning module OutputLog (133)
[2016.02.17-22.31.12:701][149]LogModuleManager: Shutting down and abandoning module GammaUI (132)
[2016.02.17-22.31.12:701][149]LogModuleManager: Shutting down and abandoning module Documentation (131)
[2016.02.17-22.31.12:701][149]LogModuleManager: Shutting down and abandoning module GameLiveStreaming (130)
[2016.02.17-22.31.12:701][149]LogModuleManager: Shutting down and abandoning module StreamingPauseRendering (129)
[2016.02.17-22.31.12:701][149]LogModuleManager: Shutting down and abandoning module AnalyticsET (128)
[2016.02.17-22.31.12:701][149]LogModuleManager: Shutting down and abandoning module Analytics (127)
[2016.02.17-22.31.12:701][149]LogModuleManager: Shutting down and abandoning module AITestSuite (126)
[2016.02.17-22.31.12:701][149]LogModuleManager: Shutting down and abandoning module GameplayDebugger (125)
[2016.02.17-22.31.12:701][149]LogModuleManager: Shutting down and abandoning module AIModule (124)
[2016.02.17-22.31.12:701][149]LogModuleManager: Shutting down and abandoning module ProfilerService (123)
[2016.02.17-22.31.12:728][149]LogModuleManager: Shutting down and abandoning module TaskGraph (122)
[2016.02.17-22.31.12:728][149]LogModuleManager: Shutting down and abandoning module SlateRemote (121)
[2016.02.17-22.31.12:728][149]LogModuleManager: Shutting down and abandoning module SteamVRController (120)
[2016.02.17-22.31.12:728][149]LogModuleManager: Shutting down and abandoning module SteamVR (119)
[2016.02.17-22.31.12:728][149]LogModuleManager: Shutting down and abandoning module ProceduralMeshComponent (118)
[2016.02.17-22.31.12:728][149]LogModuleManager: Shutting down and abandoning module OculusLibrary (117)
[2016.02.17-22.31.12:728][149]LogModuleManager: Shutting down and abandoning module OculusInput (116)
[2016.02.17-22.31.12:728][149]LogModuleManager: Shutting down and abandoning module LeapMotionController (115)
[2016.02.17-22.31.12:738][149]LogModuleManager: Shutting down and abandoning module CustomMeshComponent (114)
[2016.02.17-22.31.12:738][149]LogModuleManager: Shutting down and abandoning module CableComponent (113)
[2016.02.17-22.31.12:738][149]LogModuleManager: Shutting down and abandoning module ArchVisCharacter (112)
[2016.02.17-22.31.12:738][149]LogModuleManager: Shutting down and abandoning module MessagingDebugger (111)
[2016.02.17-22.31.12:738][149]LogModuleManager: Shutting down and abandoning module MediaPlayerEditor (110)
[2016.02.17-22.31.12:738][149]LogModuleManager: Shutting down and abandoning module HTML5Networking (109)
[2016.02.17-22.31.12:738][149]LogModuleManager: Shutting down and abandoning module SpeedTreeImporter (108)
[2016.02.17-22.31.12:738][149]LogModuleManager: Shutting down and abandoning module PluginBrowser (107)
[2016.02.17-22.31.12:738][149]LogModuleManager: Shutting down and abandoning module EpicSurvey (106)
[2016.02.17-22.31.12:738][149]LogModuleManager: Shutting down and abandoning module DesktopPlatform (105)
[2016.02.17-22.31.12:738][149]LogModuleManager: Shutting down and abandoning module VisualStudioSourceCodeAccess (104)
[2016.02.17-22.31.12:738][149]LogModuleManager: Shutting down and abandoning module UObjectPlugin (103)
[2016.02.17-22.31.12:738][149]LogModuleManager: Shutting down and abandoning module SubversionSourceControl (102)
[2016.02.17-22.31.12:738][149]LogModuleManager: Shutting down and abandoning module PerforceSourceControl (101)
[2016.02.17-22.31.12:738][149]LogModuleManager: Shutting down and abandoning module SourceControl (100)
[2016.02.17-22.31.12:738][149]LogModuleManager: Shutting down and abandoning module GitSourceControl (99)
[2016.02.17-22.31.12:738][149]LogModuleManager: Shutting down and abandoning module LightPropagationVolumeEditor (98)
[2016.02.17-22.31.12:738][149]LogModuleManager: Shutting down and abandoning module PaperTiledImporter (97)
[2016.02.17-22.31.12:738][149]LogModuleManager: Shutting down and abandoning module PaperSpriteSheetImporter (96)
[2016.02.17-22.31.12:738][149]LogModuleManager: Shutting down and abandoning module MeshPaint (95)
[2016.02.17-22.31.12:738][149]LogModuleManager: Shutting down and abandoning module SlateReflector (94)
[2016.02.17-22.31.12:738][149]LogModuleManager: Shutting down and abandoning module HotReload (93)
[2016.02.17-22.31.12:738][149]LogModuleManager: Shutting down and abandoning module MainFrame (92)
[2016.02.17-22.31.12:738][149]LogModuleManager: Shutting down and abandoning module LevelEditor (91)
[2016.02.17-22.31.12:739][149]LogModuleManager: Shutting down and abandoning module DirectoryWatcher (90)
[2016.02.17-22.31.12:739][149]LogModuleManager: Shutting down and abandoning module AssetRegistry (89)
[2016.02.17-22.31.12:797][149]LogModuleManager: Shutting down and abandoning module ContentBrowser (88)
[2016.02.17-22.31.12:798][149]LogModuleManager: Shutting down and abandoning module Paper2DEditor (87)
[2016.02.17-22.31.12:798][149]LogModuleManager: Shutting down and abandoning module UdpMessaging (86)
[2016.02.17-22.31.12:899][149]LogModuleManager: Shutting down and abandoning module LightPropagationVolumeRuntime (85)
[2016.02.17-22.31.12:899][149]LogModuleManager: Shutting down and abandoning module Paper2D (84)
[2016.02.17-22.31.12:899][149]LogModuleManager: Shutting down and abandoning module WindowsMoviePlayer (83)
[2016.02.17-22.31.12:901][149]LogModuleManager: Shutting down and abandoning module Media (82)
[2016.02.17-22.31.12:901][149]LogModuleManager: Shutting down and abandoning module WmfMedia (81)
[2016.02.17-22.31.12:901][149]LogModuleManager: Shutting down and abandoning module OnlineBlueprintSupport (80)
[2016.02.17-22.31.12:901][149]LogModuleManager: Shutting down and abandoning module GameplayTasksEditor (79)
[2016.02.17-22.31.12:901][149]LogModuleManager: Shutting down and abandoning module PropertyEditor (78)
[2016.02.17-22.31.12:901][149]LogModuleManager: Shutting down and abandoning module BehaviorTreeEditor (77)
[2016.02.17-22.31.12:901][149]LogModuleManager: Shutting down and abandoning module FunctionalTesting (76)
[2016.02.17-22.31.12:901][149]LogModuleManager: Shutting down and abandoning module CollisionAnalyzer (75)
[2016.02.17-22.31.12:901][149]LogModuleManager: Shutting down and abandoning module WorkspaceMenuStructure (74)
[2016.02.17-22.31.12:901][149]LogModuleManager: Shutting down and abandoning module MessageLog (73)
[2016.02.17-22.31.12:901][149]LogModuleManager: Shutting down and abandoning module Sequencer (72)
[2016.02.17-22.31.12:901][149]LogModuleManager: Shutting down and abandoning module AssetTools (71)
[2016.02.17-22.31.12:901][149]LogModuleManager: Shutting down and abandoning module UMGEditor (70)
[2016.02.17-22.31.12:901][149]LogModuleManager: Shutting down and abandoning module UMG (69)
[2016.02.17-22.31.12:901][149]LogModuleManager: Shutting down and abandoning module Slate (68)
[2016.02.17-22.31.12:901][149]LogModuleManager: Shutting down and abandoning module EditorStyle (67)
[2016.02.17-22.31.12:903][149]LogModuleManager: Shutting down and abandoning module SessionServices (66)
[2016.02.17-22.31.12:903][149]LogModuleManager: Shutting down and abandoning module SourceCodeAccess (65)
[2016.02.17-22.31.12:903][149]LogModuleManager: Shutting down and abandoning module HeadMountedDisplay (64)
[2016.02.17-22.31.12:903][149]LogModuleManager: Shutting down and abandoning module XAudio2 (63)
[2016.02.17-22.31.12:903][149]LogModuleManager: Shutting down and abandoning module Networking (61)
[2016.02.17-22.31.12:903][149]LogModuleManager: Shutting down and abandoning module Core (60)
[2016.02.17-22.31.12:903][149]LogModuleManager: Shutting down and abandoning module KismetCompiler (59)
[2016.02.17-22.31.12:903][149]LogModuleManager: Shutting down and abandoning module PhysXFormats (58)
[2016.02.17-22.31.12:903][149]LogModuleManager: Shutting down and abandoning module MeshUtilities (57)
[2016.02.17-22.31.12:903][149]LogModuleManager: Shutting down and abandoning module DerivedDataCache (56)
[2016.02.17-22.31.13:352][149]LogDerivedDataCache: Shutdown
[2016.02.17-22.31.13:352][149]LogModuleManager: Shutting down and abandoning module ShaderFormatOpenGL (55)
[2016.02.17-22.31.13:352][149]LogModuleManager: Shutting down and abandoning module ShaderFormatD3D (54)
[2016.02.17-22.31.13:352][149]LogModuleManager: Shutting down and abandoning module MetalShaderFormat (53)
[2016.02.17-22.31.13:352][149]LogModuleManager: Shutting down and abandoning module TextureFormatUncompressed (52)
[2016.02.17-22.31.13:352][149]LogModuleManager: Shutting down and abandoning module TextureFormatPVR (51)
[2016.02.17-22.31.13:352][149]LogModuleManager: Shutting down and abandoning module TextureFormatIntelISPCTexComp (50)
[2016.02.17-22.31.13:352][149]LogModuleManager: Shutting down and abandoning module TextureFormatDXT (49)
[2016.02.17-22.31.13:352][149]LogModuleManager: Shutting down and abandoning module ImageWrapper (48)
[2016.02.17-22.31.13:352][149]LogModuleManager: Shutting down and abandoning module TextureFormatASTC (47)
[2016.02.17-22.31.13:352][149]LogModuleManager: Shutting down and abandoning module TextureFormatAndroid (46)
[2016.02.17-22.31.13:352][149]LogModuleManager: Shutting down and abandoning module AudioFormatOpus (45)
[2016.02.17-22.31.13:352][149]LogModuleManager: Shutting down and abandoning module AudioFormatOgg (44)
[2016.02.17-22.31.13:352][149]LogModuleManager: Shutting down and abandoning module AudioFormatADPCM (43)
[2016.02.17-22.31.13:352][149]LogModuleManager: Shutting down and abandoning module LinuxTargetPlatform (42)
[2016.02.17-22.31.13:352][149]LogModuleManager: Shutting down and abandoning module LinuxServerTargetPlatform (41)
[2016.02.17-22.31.13:352][149]LogModuleManager: Shutting down and abandoning module LinuxNoEditorTargetPlatform (40)
[2016.02.17-22.31.13:352][149]LogModuleManager: Shutting down and abandoning module Messaging (39)
[2016.02.17-22.31.13:352][149]LogModuleManager: Shutting down and abandoning module IOSTargetPlatform (38)
[2016.02.17-22.31.13:352][149]LogModuleManager: Shutting down and abandoning module HTML5TargetPlatform (37)
[2016.02.17-22.31.13:352][149]LogModuleManager: Shutting down and abandoning module Android_PVRTCTargetPlatform (36)
[2016.02.17-22.31.13:352][149]LogModuleManager: Shutting down and abandoning module Android_MultiTargetPlatform (35)
[2016.02.17-22.31.13:352][149]LogModuleManager: Shutting down and abandoning module Android_ETC2TargetPlatform (34)
[2016.02.17-22.31.13:352][149]LogModuleManager: Shutting down and abandoning module Android_ETC1TargetPlatform (33)
[2016.02.17-22.31.13:352][149]LogModuleManager: Shutting down and abandoning module Android_DXTTargetPlatform (32)
[2016.02.17-22.31.13:352][149]LogModuleManager: Shutting down and abandoning module Android_ATCTargetPlatform (31)
[2016.02.17-22.31.13:352][149]LogModuleManager: Shutting down and abandoning module Android_ASTCTargetPlatform (30)
[2016.02.17-22.31.13:352][149]LogModuleManager: Shutting down and abandoning module AndroidTargetPlatform (29)
[2016.02.17-22.31.13:352][149]LogModuleManager: Shutting down and abandoning module WindowsTargetPlatform (28)
[2016.02.17-22.31.13:352][149]LogModuleManager: Shutting down and abandoning module WindowsServerTargetPlatform (27)
[2016.02.17-22.31.13:352][149]LogModuleManager: Shutting down and abandoning module WindowsNoEditorTargetPlatform (26)
[2016.02.17-22.31.13:352][149]LogModuleManager: Shutting down and abandoning module WindowsClientTargetPlatform (25)
[2016.02.17-22.31.13:352][149]LogModuleManager: Shutting down and abandoning module AllDesktopTargetPlatform (24)
[2016.02.17-22.31.13:352][149]LogModuleManager: Shutting down and abandoning module TargetPlatform (23)
[2016.02.17-22.31.13:352][149]LogModuleManager: Shutting down and abandoning module InputCore (22)
[2016.02.17-22.31.13:352][149]LogModuleManager: Shutting down and abandoning module Settings (21)
[2016.02.17-22.31.13:352][149]LogModuleManager: Shutting down and abandoning module OnlineSubsystem (19)
[2016.02.17-22.31.13:352][149]LogModuleManager: Shutting down and abandoning module HTTP (18)
[2016.02.17-22.31.15:355][149]LogModuleManager: Shutting down and abandoning module XMPP (17)
[2016.02.17-22.31.15:355][149]LogModuleManager: Shutting down and abandoning module OculusRift (16)
[2016.02.17-22.31.15:355][149]LogModuleManager: Shutting down and abandoning module ExampleDeviceProfileSelector (15)
[2016.02.17-22.31.15:355][149]LogModuleManager: Shutting down and abandoning module TextureCompressor (14)
[2016.02.17-22.31.15:355][149]LogModuleManager: Shutting down and abandoning module ShaderCore (13)
[2016.02.17-22.31.15:355][149]LogModuleManager: Shutting down and abandoning module Landscape (12)
[2016.02.17-22.31.15:355][149]LogModuleManager: Shutting down and abandoning module SlateRHIRenderer (11)
[2016.02.17-22.31.15:355][149]LogModuleManager: Shutting down and abandoning module OpenGLDrv (10)
[2016.02.17-22.31.15:355][149]LogModuleManager: Shutting down and abandoning module D3D11RHI (9)
[2016.02.17-22.31.15:355][149]LogModuleManager: Shutting down and abandoning module AnimGraphRuntime (8)
[2016.02.17-22.31.15:355][149]LogModuleManager: Shutting down and abandoning module Renderer (7)
[2016.02.17-22.31.15:355][149]LogModuleManager: Shutting down and abandoning module Engine (6)
[2016.02.17-22.31.15:355][149]LogModuleManager: Shutting down and abandoning module CoreUObject (5)
[2016.02.17-22.31.15:355][149]LogModuleManager: Shutting down and abandoning module NetworkFile (4)
[2016.02.17-22.31.15:355][149]LogModuleManager: Shutting down and abandoning module StreamingFile (3)
[2016.02.17-22.31.15:355][149]LogModuleManager: Shutting down and abandoning module SandboxFile (2)
[2016.02.17-22.31.15:355][149]LogModuleManager: Shutting down and abandoning module PakFile (1)
[2016.02.17-22.31.15:357][149]LogExit: Exiting.
[2016.02.17-22.31.15:358][149]Log file closed, 02/17/16 17:31:15
