[2016.02.18-04.22.23:499][  0]Log file open, 02/17/16 23:22:23
[2016.02.18-04.22.23:499][  0]LogInit:Display: Running engine for game: PracticeVR
[2016.02.18-04.22.23:499][  0]LogPlatformFile: Not using cached read wrapper
[2016.02.18-04.22.23:499][  0]LogInit:Display: RandInit(717396570) SRandInit(717396571).
[2016.02.18-04.22.23:499][  0]LogTaskGraph: Started task graph with 4 named threads and 7 total threads.
[2016.02.18-04.22.23:499][  0]LogStats: Stats thread started at 0.067590
[2016.02.18-04.22.23:499][  0]LogInit: Version: 4.10.3-2866931+++depot+UE4-Releases+4.10
[2016.02.18-04.22.23:499][  0]LogInit: API Version: 2758231
[2016.02.18-04.22.23:499][  0]LogInit: Compiled (64-bit): Feb 15 2016 08:20:45
[2016.02.18-04.22.23:499][  0]LogInit: Compiled with Visual C++: 19.00.23026.00
[2016.02.18-04.22.23:499][  0]LogInit: Build Configuration: Development
[2016.02.18-04.22.23:499][  0]LogInit: Branch Name: ++depot+UE4-Releases+4.10
[2016.02.18-04.22.23:499][  0]LogInit: Command line:  
[2016.02.18-04.22.23:499][  0]LogInit: Base directory: C:/Program Files (x86)/Epic Games/4.10/Engine/Binaries/Win64/
[2016.02.18-04.22.23:499][  0]LogInit: Rocket: 1
[2016.02.18-04.22.23:506][  0]LogInit: Using libcurl 7.41.0
[2016.02.18-04.22.23:506][  0]LogInit:  - built for x86_64-pc-win32
[2016.02.18-04.22.23:506][  0]LogInit:  - supports SSL with WinSSL
[2016.02.18-04.22.23:506][  0]LogInit:  - other features:
[2016.02.18-04.22.23:506][  0]LogInit:      CURL_VERSION_SSL
[2016.02.18-04.22.23:506][  0]LogInit:      CURL_VERSION_IPV6
[2016.02.18-04.22.23:506][  0]LogInit:      CURL_VERSION_ASYNCHDNS
[2016.02.18-04.22.23:506][  0]LogInit:      CURL_VERSION_LARGEFILE
[2016.02.18-04.22.23:506][  0]LogInit:      CURL_VERSION_IDN
[2016.02.18-04.22.23:506][  0]LogInit:  CurlRequestOptions (configurable via config and command line):
[2016.02.18-04.22.23:506][  0]LogInit:  - bVerifyPeer = true  - Libcurl will verify peer certificate
[2016.02.18-04.22.23:506][  0]LogInit:  - bUseHttpProxy = false  - Libcurl will NOT use HTTP proxy
[2016.02.18-04.22.23:506][  0]LogInit:  - bDontReuseConnections = false  - Libcurl will reuse connections
[2016.02.18-04.22.23:506][  0]LogInit:  - CertBundlePath = nullptr  - Libcurl will use whatever was configured at build time.
[2016.02.18-04.22.23:512][  0]LogInit: Presizing for 0 objects not considered by GC, pre-allocating 0 bytes.
[2016.02.18-04.22.23:517][  0]LogInit: Object subsystem initialized
[2016.02.18-04.22.23:518][  0]LogInit: Selected Device Profile: [Windows]
[2016.02.18-04.22.23:518][  0]LogInit: Applying CVar settings loaded from the selected device profile: [Windows]
[2016.02.18-04.22.23:525][  0]LogInit: Computer: ETC-WIN10-006
[2016.02.18-04.22.23:525][  0]LogInit: User: demo
[2016.02.18-04.22.23:525][  0]LogInit: CPU Page size=4096, Cores=4
[2016.02.18-04.22.23:525][  0]LogInit: High frequency timer resolution =3.507525 MHz
[2016.02.18-04.22.23:525][  0]LogMemory: Memory total: Physical=15.9GB (16GB approx)
[2016.02.18-04.22.23:526][  0]LogMemory: Platform Memory Stats for Windows
[2016.02.18-04.22.23:526][  0]LogMemory: Process Physical Memory: 55.91 MB used, 55.91 MB peak
[2016.02.18-04.22.23:526][  0]LogMemory: Process Virtual Memory: 56.76 MB used, 56.76 MB peak
[2016.02.18-04.22.23:526][  0]LogMemory: Physical Memory: 2925.73 MB used, 16326.10 MB total
[2016.02.18-04.22.23:526][  0]LogMemory: Virtual Memory: 378.68 MB used, 134217728.00 MB total
[2016.02.18-04.22.23:550][  0]LogTextLocalizationManager: No specific translations for ('en-US') exist, so ('en') translations will be used.
[2016.02.18-04.22.23:904][  0]LogD3D11RHI: Found D3D11 adapter 0: NVIDIA GeForce GTX 745 (Feature Level 11_0)
[2016.02.18-04.22.23:904][  0]LogD3D11RHI: Adapter has 4035MB of dedicated video memory, 0MB of dedicated system memory, and 8163MB of shared system memory, 2 output[s]
[2016.02.18-04.22.23:905][  0]LogD3D11RHI: Found D3D11 adapter 1: Microsoft Basic Render Driver (Feature Level 11_0)
[2016.02.18-04.22.23:905][  0]LogD3D11RHI: Adapter has 0MB of dedicated video memory, 0MB of dedicated system memory, and 8163MB of shared system memory, 0 output[s]
[2016.02.18-04.22.23:905][  0]LogD3D11RHI: Chosen D3D11 Adapter Id = 0
[2016.02.18-04.22.23:908][  0]LogD3D11RHI: !Direct3DDevice
[2016.02.18-04.22.23:908][  0]LogRHI: Texture pool is 1361 MB (70% of 1945 MB)
[2016.02.18-04.22.23:920][  0]LogD3D11RHI: Async texture creation enabled
[2016.02.18-04.22.23:931][  0]LogShaderCompilers: Guid format shader working directory is -22 characters bigger than the processId version (../../../../../../Users/demo/Documents/GitHub/practicevr/PracticeVR/Intermediate/Shaders/WorkingDirectory/5320/).
[2016.02.18-04.22.23:931][  0]LogShaderCompilers: Cleaned the shader compiler working directory 'C:/Users/demo/AppData/Local/Temp/UnrealShaderWorkingDir/D906D8B440A9D755BE547B87F8BD91C3/'.
[2016.02.18-04.22.23:931][  0]LogShaderCompilers:Display: Using Local Shader Compiler.
[2016.02.18-04.22.24:514][  0]LogTemp:Display: Loaded TP AllDesktopTargetPlatform
[2016.02.18-04.22.24:518][  0]LogTemp:Display: Loaded TP WindowsClientTargetPlatform
[2016.02.18-04.22.24:522][  0]LogTemp:Display: Loaded TP WindowsNoEditorTargetPlatform
[2016.02.18-04.22.24:526][  0]LogTemp:Display: Loaded TP WindowsServerTargetPlatform
[2016.02.18-04.22.24:529][  0]LogTemp:Display: Loaded TP WindowsTargetPlatform
[2016.02.18-04.22.24:532][  0]LogTemp:Display: Loaded TP AndroidTargetPlatform
[2016.02.18-04.22.24:534][  0]LogTemp:Display: Loaded TP Android_ASTCTargetPlatform
[2016.02.18-04.22.24:536][  0]LogTemp:Display: Loaded TP Android_ATCTargetPlatform
[2016.02.18-04.22.24:539][  0]LogTemp:Display: Loaded TP Android_DXTTargetPlatform
[2016.02.18-04.22.24:541][  0]LogTemp:Display: Loaded TP Android_ETC1TargetPlatform
[2016.02.18-04.22.24:543][  0]LogTemp:Display: Loaded TP Android_ETC2TargetPlatform
[2016.02.18-04.22.24:548][  0]LogTemp:Display: Loaded TP Android_MultiTargetPlatform
[2016.02.18-04.22.24:548][  0]LogTemp:Display: Loaded TP Android_PVRTCTargetPlatform
[2016.02.18-04.22.24:549][  0]LogTemp:Display: Loaded TP HTML5TargetPlatform
[2016.02.18-04.22.24:565][  0]LogTemp:Display: Loaded TP IOSTargetPlatform
[2016.02.18-04.22.24:567][  0]LogTemp:Display: Loaded TP LinuxNoEditorTargetPlatform
[2016.02.18-04.22.24:569][  0]LogTemp:Display: Loaded TP LinuxServerTargetPlatform
[2016.02.18-04.22.24:571][  0]LogTemp:Display: Loaded TP LinuxTargetPlatform
[2016.02.18-04.22.24:571][  0]LogTargetPlatformManager:Display: Building Assets For Windows
[2016.02.18-04.22.24:629][  0]LogDerivedDataCache:Display: Max Cache Size: 512 MB
[2016.02.18-04.22.24:665][  0]LogDerivedDataCache: Loaded boot cache 0.04s 41MB C:/Users/demo/AppData/Local/UnrealEngine/4.10/DerivedDataCache/Boot.ddc.
[2016.02.18-04.22.24:665][  0]LogDerivedDataCache:Display: Loaded Boot cache: C:/Users/demo/AppData/Local/UnrealEngine/4.10/DerivedDataCache/Boot.ddc
[2016.02.18-04.22.24:665][  0]LogDerivedDataCache: FDerivedDataBackendGraph:  Pak pak cache file ../../../../../../Users/demo/Documents/GitHub/practicevr/PracticeVR/DerivedDataCache/DDC.ddp not found, will not use a pak cache.
[2016.02.18-04.22.24:665][  0]LogDerivedDataCache: Unable to find inner node Pak for hierarchical cache Hierarchy.
[2016.02.18-04.22.24:665][  0]LogDerivedDataCache: FDerivedDataBackendGraph:  CompressedPak pak cache file ../../../../../../Users/demo/Documents/GitHub/practicevr/PracticeVR/DerivedDataCache/Compressed.ddp not found, will not use a pak cache.
[2016.02.18-04.22.24:665][  0]LogDerivedDataCache: Unable to find inner node CompressedPak for hierarchical cache Hierarchy.
[2016.02.18-04.22.24:708][  0]LogDerivedDataCache:Display: Pak cache opened for reading ../../../Engine/DerivedDataCache/Compressed.ddp.
[2016.02.18-04.22.24:720][  0]LogDerivedDataCache: Using Local data cache path C:/Users/demo/AppData/Local/UnrealEngine/Common/DerivedDataCache: Writable
[2016.02.18-04.22.24:845][  0]LogInit: Selected Device Profile: [Windows]
[2016.02.18-04.22.24:847][  0]LogContentStreaming: Texture pool size is 0.000000MB
[2016.02.18-04.22.24:926][  0]LogMeshUtilities: No automatic mesh reduction module available
[2016.02.18-04.22.24:926][  0]LogMeshUtilities: No automatic mesh merging module available
[2016.02.18-04.22.25:084][  0]LogInit: WinSock: version 1.1 (2.2), MaxSocks=32767, MaxUdp=65467
[2016.02.18-04.22.25:616][  0]UdpMessaging: Initializing bridge on interface 0.0.0.0:0 to multicast group 230.0.0.1:6666.
[2016.02.18-04.22.25:706][  0]LogAssetRegistry: FAssetRegistry took 0.0110 seconds to start up
[2016.02.18-04.22.25:824][  0]SourceControl: Info Source control is disabled
[2016.02.18-04.22.26:337][  0]LogObj: 28633 objects as part of root set at end of initial load.
[2016.02.18-04.22.26:337][  0]LogUObjectAllocator: 6099744 out of 0 bytes used by permanent object pool.
[2016.02.18-04.22.26:403][  0]LogEngine: Initializing Engine...
[2016.02.18-04.22.26:405][  0]LogHMD: Can't find Oculus library dev build: is proper Runtime installed? Version: 0.8.0.0
[2016.02.18-04.22.27:569][  0]LogHMD: SteamVR initialized.  Driver: lighthouse  Display: LHR-452284F5
[2016.02.18-04.22.27:663][  0]LogAIModule: Creating AISystem for world NewWorld
[2016.02.18-04.22.27:668][  0]LogInit: XAudio2 using 'Speakers (USB Audio Device)' : 2 channels at 44.1 kHz using 16 bits per sample (channel mask 0x3)
[2016.02.18-04.22.27:699][  0]LogInit: FAudioDevice initialized.
[2016.02.18-04.22.27:718][  0]LogDerivedDataCache: Saved boot cache 0.02s 41MB C:/Users/demo/AppData/Local/UnrealEngine/4.10/DerivedDataCache/Boot.ddc.
[2016.02.18-04.22.27:722][  0]LogInit: Texture streaming: Enabled
[2016.02.18-04.22.27:727][  0]LogAnalytics: Creating configured Analytics provider AnalyticsET
[2016.02.18-04.22.27:727][  0]LogAnalytics: [UEEditor.Rocket.Release] APIServer = http://et2.epicgames.com/ET2/. AppVersion = 4.10.3-2866931+++depot+UE4-Releases+4.10
[2016.02.18-04.22.27:727][  0]LogAnalytics: [UEEditor.Rocket.Release] SetUserId dace05c344f3165ba6907d8fb994670d|36cf517b4d86471bb12e26a25eb81198|c0875fa7-5c44-4913-af9b-c7a689be2d5a
[2016.02.18-04.22.27:727][  0]LogAnalytics: [UEEditor.Rocket.Release] AnalyticsET::StartSession
[2016.02.18-04.22.27:734][  0]LogInit: Transaction tracking system initialized
[2016.02.18-04.22.27:760][  0]BlueprintLog: New page: Editor Load
[2016.02.18-04.22.27:833][  0]LocalizationService: Info Localization service is disabled
[2016.02.18-04.22.27:889][  0]LogConsoleResponse:Display: 
[2016.02.18-04.22.27:970][  0]LogCook:Display: Done creating registry. It took  0.00s.
[2016.02.18-04.22.28:126][  0]LogFileCache: Scanning file cache for directory 'C:/Users/demo/Documents/GitHub/practicevr/PracticeVR/Content/' took 0.01s
[2016.02.18-04.22.28:126][  0]Cmd: MAP LOAD FILE="../../../../../../Users/demo/Documents/GitHub/practicevr/PracticeVR/Content/StarterContent/Maps/Minimal_Default.umap" TEMPLATE=0 SHOWPROGRESS=1 FEATURELEVEL=3
[2016.02.18-04.22.28:126][  0]LightingResults: New page: Lighting Build
[2016.02.18-04.22.28:128][  0]MapCheck: New page: Map Check
[2016.02.18-04.22.28:128][  0]LightingResults: New page: Lighting Build
[2016.02.18-04.22.28:137][  0]LogParticles: Destroying 0 GPU particle simulations for FXSystem 0x0000006EE784BB00
[2016.02.18-04.22.28:376][  0]LogAIModule: Creating AISystem for world Minimal_Default
[2016.02.18-04.22.28:381][  0]LogEditorServer: Finished looking for orphan Actors (0.000 secs)
[2016.02.18-04.22.28:381][  0]Cmd: MAP CHECKDEP NOCLEARLOG
[2016.02.18-04.22.28:414][  0]MapCheck: Info Map check complete: 0 Error(s), 0 Warning(s), took 32.147ms to complete.
[2016.02.18-04.22.28:414][  0]LogFileHelpers: Loading map 'Minimal_Default' took 0.288
[2016.02.18-04.22.28:513][  0]LogCollectionManager: Loaded 0 collections in 0.001800 seconds
[2016.02.18-04.22.28:554][  0]LogFileCache: Scanning file cache for directory 'C:/Users/demo/Documents/GitHub/practicevr/PracticeVR/Saved/Collections/' took 0.01s
[2016.02.18-04.22.28:554][  0]LogFileCache: Scanning file cache for directory 'C:/Users/demo/Documents/GitHub/practicevr/PracticeVR/Content/Developers/demo/Collections/' took 0.01s
[2016.02.18-04.22.28:554][  0]LogFileCache: Scanning file cache for directory 'C:/Users/demo/Documents/GitHub/practicevr/PracticeVR/Content/Collections/' took 0.01s
[2016.02.18-04.22.28:554][  0]LogCollectionManager: Rebuilt the GUID cache for 0 collections in 0.000002 seconds
[2016.02.18-04.22.28:560][  0]LogContentBrowser: Native class hierarchy populated in 0.0061 seconds. Added 1893 classes and 338 folders.
[2016.02.18-04.22.28:565][  0]LogContentBrowser: Native class hierarchy updated for 'WidgetCarousel' in 0.0002 seconds. Added 0 classes and 0 folders.
[2016.02.18-04.22.28:598][  0]LogContentBrowser: Native class hierarchy updated for 'AddContentDialog' in 0.0003 seconds. Added 0 classes and 0 folders.
[2016.02.18-04.22.28:601][  0]LogContentBrowser: Native class hierarchy updated for 'SceneOutliner' in 0.0003 seconds. Added 1 classes and 2 folders.
[2016.02.18-04.22.28:638][  0]LogCrashTracker: Crashtracker disabled due to settings.
[2016.02.18-04.22.28:640][  0]LogUObjectGlobals:Warning: Failed to find object 'Class None.'
[2016.02.18-04.22.28:663][  0]LogLoad: Full Startup: 5.49 seconds (BP compile: 0.03 seconds)
[2016.02.18-04.22.28:673][  0]LogOcInput: Can't find Oculus library dev build: is proper Runtime installed? Version: 0.8.0.0
[2016.02.18-04.22.28:717][  0]SourceControl: Info On branch master
[2016.02.18-04.22.28:717][  0]SourceControl: Info Your branch is up-to-date with 'origin/master'.
[2016.02.18-04.22.28:717][  0]SourceControl: Info Changes not staged for commit:
[2016.02.18-04.22.28:717][  0]SourceControl: Info   (use "git add <file>..." to update what will be committed)
[2016.02.18-04.22.28:717][  0]SourceControl: Info   (use "git checkout -- <file>..." to discard changes in working directory)
[2016.02.18-04.22.28:717][  0]SourceControl: Info 	modified:   PracticeVR/Saved/Config/Windows/Editor.ini
[2016.02.18-04.22.28:717][  0]SourceControl: Info 	modified:   PracticeVR/Saved/Config/Windows/EditorPerProjectUserSettings.ini
[2016.02.18-04.22.28:717][  0]SourceControl: Info 	modified:   PracticeVR/Saved/Config/Windows/Engine.ini
[2016.02.18-04.22.28:717][  0]SourceControl: Info 	modified:   PracticeVR/Saved/Logs/PracticeVR.log
[2016.02.18-04.22.28:717][  0]SourceControl: Info Untracked files:
[2016.02.18-04.22.28:717][  0]SourceControl: Info   (use "git add <file>..." to include in what will be committed)
[2016.02.18-04.22.28:717][  0]SourceControl: Info 	PracticeVR/Saved/Logs/PracticeVR-backup-2016.02.17-23.22.23.log
[2016.02.18-04.22.28:717][  0]SourceControl: Info no changes added to commit (use "git add" and/or "git commit -a")
[2016.02.18-04.22.28:717][  0]LogContentStreaming: Texture pool size now 400 MB
[2016.02.18-04.22.28:825][  0]LogRenderer: Reallocating scene render targets to support 740x536 (Frame:2).
[2016.02.18-04.22.28:973][  2]LogAssetRegistry: Asset discovery search completed in 3.2788 seconds
[2016.02.18-04.22.28:974][  2]LogCollectionManager: Rebuilt the object cache for 0 collections in 0.000001 seconds (found 0 objects)
[2016.02.18-04.22.28:974][  2]LogCollectionManager: Fixed up redirectors for 0 collections in 0.000015 seconds (updated 0 objects)
[2016.02.18-04.22.57:012][ 12]LogAIModule: Creating AISystem for world VR_Level
[2016.02.18-04.22.57:036][ 12]Cmd: MAP LOAD FILE="../../../../../../Users/demo/Documents/GitHub/practicevr/PracticeVR/Content/Levels/VR_Level.umap" TEMPLATE=0 SHOWPROGRESS=1 FEATURELEVEL=3
[2016.02.18-04.22.57:036][ 12]LightingResults: New page: Lighting Build
[2016.02.18-04.22.57:048][ 12]LoadErrors: New page: Loading map: VR_Level.umap
[2016.02.18-04.22.57:049][ 12]MapCheck: New page: Map Check
[2016.02.18-04.22.57:049][ 12]LightingResults: New page: Lighting Build
[2016.02.18-04.22.57:058][ 12]LogParticles: Destroying 0 GPU particle simulations for FXSystem 0x0000006ED7193740
[2016.02.18-04.22.57:088][ 12]LogEditorServer: Finished looking for orphan Actors (0.000 secs)
[2016.02.18-04.22.57:109][ 12]Cmd: MAP CHECKDEP NOCLEARLOG
[2016.02.18-04.22.57:146][ 12]MapCheck: Info Map check complete: 0 Error(s), 0 Warning(s), took 36.241ms to complete.
[2016.02.18-04.22.57:146][ 12]LogFileHelpers: Loading map 'VR_Level' took 0.111
[2016.02.18-04.23.01:115][481]LogLinker:Warning: Asset '../../../Engine/Content/ArtTools/RenderToTexture/Macros/RenderToTextureMacros.uasset' has been saved with empty engine version. The asset will be loaded but may be incompatible.
[2016.02.18-04.23.01:415][481]LogContentBrowser: Native class hierarchy updated for 'BlueprintGraph' in 0.0005 seconds. Added 107 classes and 0 folders.
[2016.02.18-04.23.23:739][986]LogPlayLevel: PlayLevel: No blueprints needed recompiling
[2016.02.18-04.23.23:739][986]PIE: New page: PIE session: VR_Level (Feb 17, 2016, 6:23:23 PM)
[2016.02.18-04.23.23:739][986]LogPlayLevel: Creating play world package: /Game/Levels/UEDPIE_0_VR_Level
[2016.02.18-04.23.23:741][986]LogPlayLevel: PIE: StaticDuplicateObject took: (0.001740s)
[2016.02.18-04.23.23:741][986]LogAIModule: Creating AISystem for world VR_Level
[2016.02.18-04.23.23:741][986]LogPlayLevel: PIE: World Init took: (0.000620s)
[2016.02.18-04.23.23:742][986]LogPlayLevel: PIE: Created PIE world by copying editor world from /Game/Levels/VR_Level.VR_Level to /Game/Levels/UEDPIE_0_VR_Level.VR_Level (0.002564s)
[2016.02.18-04.23.23:771][986]LogInit: XAudio2 using 'Speakers (USB Audio Device)' : 2 channels at 44.1 kHz using 16 bits per sample (channel mask 0x3)
[2016.02.18-04.23.23:775][986]LogInit: FAudioDevice initialized.
[2016.02.18-04.23.23:896][986]LogWorld: Game class is 'VR_GameMode_C'
[2016.02.18-04.23.23:898][986]LogWorld: Bringing World /Game/Levels/UEDPIE_0_VR_Level.VR_Level up for play (max tick rate 0) at 2016.02.17-23.23.23
[2016.02.18-04.23.23:898][986]LogActor:Warning: GameSession /Game/Levels/UEDPIE_0_VR_Level.VR_Level:PersistentLevel.GameSession_0 has natively added scene component(s), but none of them were set as the actor's RootComponent - picking one arbitrarily
[2016.02.18-04.23.23:898][986]LogActor:Warning: GameNetworkManager /Game/Levels/UEDPIE_0_VR_Level.VR_Level:PersistentLevel.GameNetworkManager_0 has natively added scene component(s), but none of them were set as the actor's RootComponent - picking one arbitrarily
[2016.02.18-04.23.23:898][986]LogWorld: Bringing up level for play took: 0.001664
[2016.02.18-04.23.23:926][986]PIE: Info Play in editor start time for /Game/Levels/UEDPIE_0_VR_Level 1.1
[2016.02.18-04.23.23:929][987]LogRenderer: Reallocating scene render targets to support 3024x1680 (Frame:105).
[2016.02.18-04.23.23:941][988]LogRenderTargetPool:Warning: r.RenderTargetPoolMin exceeded 370/350 MB (ok in editor, bad on fixed memory platform)
[2016.02.18-04.23.36:873][184]LogBlueprintUserMessages: [VR_Pawn_C_1] Hello
[2016.02.18-04.23.37:181][191]LogBlueprintUserMessages: [VR_Pawn_C_1] Hello
[2016.02.18-04.23.37:406][196]LogBlueprintUserMessages: [VR_Pawn_C_1] Hello
[2016.02.18-04.23.37:629][201]LogBlueprintUserMessages: [VR_Pawn_C_1] Hello
[2016.02.18-04.23.37:889][207]LogBlueprintUserMessages: [VR_Pawn_C_1] Hello
[2016.02.18-04.23.38:161][213]LogBlueprintUserMessages: [VR_Pawn_C_1] Hello
[2016.02.18-04.23.38:472][220]LogBlueprintUserMessages: [VR_Pawn_C_1] Hello
[2016.02.18-04.23.38:735][226]LogBlueprintUserMessages: [VR_Pawn_C_1] Hello
[2016.02.18-04.23.38:956][231]LogBlueprintUserMessages: [VR_Pawn_C_1] Hello
[2016.02.18-04.23.39:227][237]LogBlueprintUserMessages: [VR_Pawn_C_1] Hello
[2016.02.18-04.23.41:874][294]LogParticles: Destroying 0 GPU particle simulations for FXSystem 0x0000006E94CEE2A0
[2016.02.18-04.25.52:403][548]Cmd: OBJ SAVEPACKAGE PACKAGE="/Game/BluePrints/VR_Pawn" FILE="../../../../../../Users/demo/Documents/GitHub/practicevr/PracticeVR/Content/BluePrints/VR_Pawn.uasset" SILENT=true
[2016.02.18-04.25.52:518][548]LogSavePackage: Save=101.186165ms
[2016.02.18-04.25.52:518][548]LogSavePackage: Moving '../../../../../../Users/demo/Documents/GitHub/practicevr/PracticeVR/Saved/VR_PawnDE985F624FFDBFA23261719E37C700CC.tmp' to '../../../../../../Users/demo/Documents/GitHub/practicevr/PracticeVR/Content/BluePrints/VR_Pawn.uasset'
[2016.02.18-04.25.52:520][548]LogSavePackage: Total save time: 115.291551ms
[2016.02.18-04.25.52:520][548]LogSavePackage:Display: Finished SavePackage ../../../../../../Users/demo/Documents/GitHub/practicevr/PracticeVR/Content/BluePrints/VR_Pawn.uasset
[2016.02.18-04.25.52:788][580]BlueprintLog: New page: Compile VR_Pawn
[2016.02.18-04.25.52:882][580]BlueprintEditorCompileResults: Info [0209.71] Compile of VR_Pawn successful! [in 93 ms]
[2016.02.18-04.25.59:145][324]LogPlayLevel: PlayLevel: No blueprints needed recompiling
[2016.02.18-04.25.59:146][324]PIE: New page: PIE session: VR_Level (Feb 17, 2016, 6:25:59 PM)
[2016.02.18-04.25.59:146][324]LogPlayLevel: Creating play world package: /Game/Levels/UEDPIE_0_VR_Level
[2016.02.18-04.25.59:148][324]LogPlayLevel: PIE: StaticDuplicateObject took: (0.001993s)
[2016.02.18-04.25.59:148][324]LogAIModule: Creating AISystem for world VR_Level
[2016.02.18-04.25.59:148][324]LogPlayLevel: PIE: World Init took: (0.000750s)
[2016.02.18-04.25.59:149][324]LogPlayLevel: PIE: Created PIE world by copying editor world from /Game/Levels/VR_Level.VR_Level to /Game/Levels/UEDPIE_0_VR_Level.VR_Level (0.002948s)
[2016.02.18-04.25.59:179][324]LogInit: XAudio2 using 'Speakers (USB Audio Device)' : 2 channels at 44.1 kHz using 16 bits per sample (channel mask 0x3)
[2016.02.18-04.25.59:183][324]LogInit: FAudioDevice initialized.
[2016.02.18-04.25.59:288][324]LogWorld: Game class is 'VR_GameMode_C'
[2016.02.18-04.25.59:291][324]LogWorld: Bringing World /Game/Levels/UEDPIE_0_VR_Level.VR_Level up for play (max tick rate 0) at 2016.02.17-23.25.59
[2016.02.18-04.25.59:291][324]LogActor:Warning: GameSession /Game/Levels/UEDPIE_0_VR_Level.VR_Level:PersistentLevel.GameSession_1 has natively added scene component(s), but none of them were set as the actor's RootComponent - picking one arbitrarily
[2016.02.18-04.25.59:291][324]LogActor:Warning: GameNetworkManager /Game/Levels/UEDPIE_0_VR_Level.VR_Level:PersistentLevel.GameNetworkManager_1 has natively added scene component(s), but none of them were set as the actor's RootComponent - picking one arbitrarily
[2016.02.18-04.25.59:291][324]LogWorld: Bringing up level for play took: 0.001639
[2016.02.18-04.25.59:308][324]PIE: Info Play in editor start time for /Game/Levels/UEDPIE_0_VR_Level 0.48
[2016.02.18-04.25.59:325][326]LogRenderTargetPool:Warning: r.RenderTargetPoolMin exceeded 367/350 MB (ok in editor, bad on fixed memory platform)
[2016.02.18-04.26.01:985][383]LogBlueprintUserMessages: [VR_Pawn_C_16] Hello
[2016.02.18-04.26.02:208][388]LogBlueprintUserMessages: [VR_Pawn_C_16] Hello
[2016.02.18-04.26.02:476][394]LogBlueprintUserMessages: [VR_Pawn_C_16] Hello
[2016.02.18-04.26.02:750][400]LogBlueprintUserMessages: [VR_Pawn_C_16] Hello
[2016.02.18-04.26.03:040][407]LogBlueprintUserMessages: [VR_Pawn_C_16] Hello
[2016.02.18-04.26.03:248][412]LogBlueprintUserMessages: [VR_Pawn_C_16] Hello
[2016.02.18-04.26.12:517][622]LogParticles: Destroying 0 GPU particle simulations for FXSystem 0x0000006ED9D6E700
[2016.02.18-04.26.20:208][543]LogRenderTargetPool:Warning: r.RenderTargetPoolMin exceeded 378/350 MB (ok in editor, bad on fixed memory platform)
[2016.02.18-04.28.30:357][ 54]BlueprintLog: New page: Pre-Play auto-recompile
[2016.02.18-04.28.30:370][ 54]LogPlayLevel: [PlayLevel] Compiling VR_Pawn before play...
[2016.02.18-04.28.30:437][ 54]LogPlayLevel: PlayLevel: Blueprint regeneration took 79 ms (1 blueprints)
[2016.02.18-04.28.30:465][ 54]PIE: New page: PIE session: VR_Level (Feb 17, 2016, 6:28:30 PM)
[2016.02.18-04.28.30:465][ 54]LogPlayLevel: Creating play world package: /Game/Levels/UEDPIE_0_VR_Level
[2016.02.18-04.28.30:467][ 54]LogPlayLevel: PIE: StaticDuplicateObject took: (0.001729s)
[2016.02.18-04.28.30:467][ 54]LogAIModule: Creating AISystem for world VR_Level
[2016.02.18-04.28.30:467][ 54]LogPlayLevel: PIE: World Init took: (0.000686s)
[2016.02.18-04.28.30:467][ 54]LogPlayLevel: PIE: Created PIE world by copying editor world from /Game/Levels/VR_Level.VR_Level to /Game/Levels/UEDPIE_0_VR_Level.VR_Level (0.002593s)
[2016.02.18-04.28.30:495][ 54]LogInit: XAudio2 using 'Speakers (USB Audio Device)' : 2 channels at 44.1 kHz using 16 bits per sample (channel mask 0x3)
[2016.02.18-04.28.30:499][ 54]LogInit: FAudioDevice initialized.
[2016.02.18-04.28.30:586][ 54]LogWorld: Game class is 'VR_GameMode_C'
[2016.02.18-04.28.30:588][ 54]LogWorld: Bringing World /Game/Levels/UEDPIE_0_VR_Level.VR_Level up for play (max tick rate 0) at 2016.02.17-23.28.30
[2016.02.18-04.28.30:588][ 54]LogActor:Warning: GameSession /Game/Levels/UEDPIE_0_VR_Level.VR_Level:PersistentLevel.GameSession_2 has natively added scene component(s), but none of them were set as the actor's RootComponent - picking one arbitrarily
[2016.02.18-04.28.30:588][ 54]LogActor:Warning: GameNetworkManager /Game/Levels/UEDPIE_0_VR_Level.VR_Level:PersistentLevel.GameNetworkManager_2 has natively added scene component(s), but none of them were set as the actor's RootComponent - picking one arbitrarily
[2016.02.18-04.28.30:588][ 54]LogWorld: Bringing up level for play took: 0.001512
[2016.02.18-04.28.30:594][ 54]PIE: Info Play in editor start time for /Game/Levels/UEDPIE_0_VR_Level -0.235
[2016.02.18-04.28.30:607][ 56]LogRenderTargetPool:Warning: r.RenderTargetPoolMin exceeded 370/350 MB (ok in editor, bad on fixed memory platform)
[2016.02.18-04.29.08:953][911]LogParticles: Destroying 0 GPU particle simulations for FXSystem 0x0000006E80650D60
[2016.02.18-04.30.52:932][310]Cmd: OBJ SAVEPACKAGE PACKAGE="/Game/BluePrints/VR_Pawn" FILE="../../../../../../Users/demo/Documents/GitHub/practicevr/PracticeVR/Content/BluePrints/VR_Pawn.uasset" SILENT=true
[2016.02.18-04.30.53:039][310]LogSavePackage: Save=99.277695ms
[2016.02.18-04.30.53:039][310]LogSavePackage: Moving '../../../../../../Users/demo/Documents/GitHub/practicevr/PracticeVR/Saved/VR_Pawn0C6CA25D478E0C3590ACEA8EE713C4E9.tmp' to '../../../../../../Users/demo/Documents/GitHub/practicevr/PracticeVR/Content/BluePrints/VR_Pawn.uasset'
[2016.02.18-04.30.53:041][310]LogSavePackage: Total save time: 108.080201ms
[2016.02.18-04.30.53:041][310]LogSavePackage:Display: Finished SavePackage ../../../../../../Users/demo/Documents/GitHub/practicevr/PracticeVR/Content/BluePrints/VR_Pawn.uasset
[2016.02.18-04.30.59:819][120]BlueprintLog: New page: Pre-Play auto-recompile
[2016.02.18-04.30.59:831][120]LogPlayLevel: [PlayLevel] Compiling VR_Pawn before play...
[2016.02.18-04.30.59:898][120]LogPlayLevel: PlayLevel: Blueprint regeneration took 79 ms (1 blueprints)
[2016.02.18-04.30.59:921][120]PIE: New page: PIE session: VR_Level (Feb 17, 2016, 6:30:59 PM)
[2016.02.18-04.30.59:921][120]LogPlayLevel: Creating play world package: /Game/Levels/UEDPIE_0_VR_Level
[2016.02.18-04.30.59:923][120]LogPlayLevel: PIE: StaticDuplicateObject took: (0.001912s)
[2016.02.18-04.30.59:924][120]LogAIModule: Creating AISystem for world VR_Level
[2016.02.18-04.30.59:924][120]LogPlayLevel: PIE: World Init took: (0.000800s)
[2016.02.18-04.30.59:924][120]LogPlayLevel: PIE: Created PIE world by copying editor world from /Game/Levels/VR_Level.VR_Level to /Game/Levels/UEDPIE_0_VR_Level.VR_Level (0.002932s)
[2016.02.18-04.30.59:950][120]LogInit: XAudio2 using 'Speakers (USB Audio Device)' : 2 channels at 44.1 kHz using 16 bits per sample (channel mask 0x3)
[2016.02.18-04.30.59:955][120]LogInit: FAudioDevice initialized.
[2016.02.18-04.31.00:049][120]LogWorld: Game class is 'VR_GameMode_C'
[2016.02.18-04.31.00:051][120]LogWorld: Bringing World /Game/Levels/UEDPIE_0_VR_Level.VR_Level up for play (max tick rate 0) at 2016.02.17-23.31.00
[2016.02.18-04.31.00:051][120]LogActor:Warning: GameSession /Game/Levels/UEDPIE_0_VR_Level.VR_Level:PersistentLevel.GameSession_3 has natively added scene component(s), but none of them were set as the actor's RootComponent - picking one arbitrarily
[2016.02.18-04.31.00:051][120]LogActor:Warning: GameNetworkManager /Game/Levels/UEDPIE_0_VR_Level.VR_Level:PersistentLevel.GameNetworkManager_3 has natively added scene component(s), but none of them were set as the actor's RootComponent - picking one arbitrarily
[2016.02.18-04.31.00:051][120]LogWorld: Bringing up level for play took: 0.001840
[2016.02.18-04.31.00:059][120]PIE: Info Play in editor start time for /Game/Levels/UEDPIE_0_VR_Level 1.227
[2016.02.18-04.31.00:074][122]LogRenderTargetPool:Warning: r.RenderTargetPoolMin exceeded 367/350 MB (ok in editor, bad on fixed memory platform)
[2016.02.18-04.31.39:456][  5]LogRenderTargetPool:Warning: r.RenderTargetPoolMin exceeded 367/350 MB (ok in editor, bad on fixed memory platform)
[2016.02.18-04.31.40:294][ 22]LogParticles: Destroying 0 GPU particle simulations for FXSystem 0x0000006E80651260
[2016.02.18-04.37.34:221][ 23]Cmd: OBJ SAVEPACKAGE PACKAGE="/Game/BluePrints/VR_Pawn" FILE="../../../../../../Users/demo/Documents/GitHub/practicevr/PracticeVR/Content/BluePrints/VR_Pawn.uasset" SILENT=true
[2016.02.18-04.37.34:338][ 23]LogSavePackage: Save=109.570992ms
[2016.02.18-04.37.34:338][ 23]LogSavePackage: Moving '../../../../../../Users/demo/Documents/GitHub/practicevr/PracticeVR/Saved/VR_PawnD57BB7094939CDEA92028691EF1A66DD.tmp' to '../../../../../../Users/demo/Documents/GitHub/practicevr/PracticeVR/Content/BluePrints/VR_Pawn.uasset'
[2016.02.18-04.37.34:340][ 23]LogSavePackage: Total save time: 118.154537ms
[2016.02.18-04.37.34:340][ 23]LogSavePackage:Display: Finished SavePackage ../../../../../../Users/demo/Documents/GitHub/practicevr/PracticeVR/Content/BluePrints/VR_Pawn.uasset
[2016.02.18-04.37.35:014][103]BlueprintLog: New page: Compile VR_Pawn
[2016.02.18-04.37.35:108][103]BlueprintEditorCompileResults: Info [0911.92] Compile of VR_Pawn successful! [in 93 ms]
[2016.02.18-04.37.43:782][138]LogPlayLevel: PlayLevel: No blueprints needed recompiling
[2016.02.18-04.37.43:782][138]PIE: New page: PIE session: VR_Level (Feb 17, 2016, 6:37:43 PM)
[2016.02.18-04.37.43:782][138]LogPlayLevel: Creating play world package: /Game/Levels/UEDPIE_0_VR_Level
[2016.02.18-04.37.43:785][138]LogPlayLevel: PIE: StaticDuplicateObject took: (0.002716s)
[2016.02.18-04.37.43:785][138]LogAIModule: Creating AISystem for world VR_Level
[2016.02.18-04.37.43:786][138]LogPlayLevel: PIE: World Init took: (0.001039s)
[2016.02.18-04.37.43:786][138]LogPlayLevel: PIE: Created PIE world by copying editor world from /Game/Levels/VR_Level.VR_Level to /Game/Levels/UEDPIE_0_VR_Level.VR_Level (0.003934s)
[2016.02.18-04.37.43:813][138]LogInit: XAudio2 using 'Speakers (USB Audio Device)' : 2 channels at 44.1 kHz using 16 bits per sample (channel mask 0x3)
[2016.02.18-04.37.43:818][138]LogInit: FAudioDevice initialized.
[2016.02.18-04.37.43:921][138]LogWorld: Game class is 'VR_GameMode_C'
[2016.02.18-04.37.43:924][138]LogWorld: Bringing World /Game/Levels/UEDPIE_0_VR_Level.VR_Level up for play (max tick rate 0) at 2016.02.17-23.37.43
[2016.02.18-04.37.43:924][138]LogActor:Warning: GameSession /Game/Levels/UEDPIE_0_VR_Level.VR_Level:PersistentLevel.GameSession_4 has natively added scene component(s), but none of them were set as the actor's RootComponent - picking one arbitrarily
[2016.02.18-04.37.43:924][138]LogActor:Warning: GameNetworkManager /Game/Levels/UEDPIE_0_VR_Level.VR_Level:PersistentLevel.GameNetworkManager_4 has natively added scene component(s), but none of them were set as the actor's RootComponent - picking one arbitrarily
[2016.02.18-04.37.43:924][138]LogWorld: Bringing up level for play took: 0.001759
[2016.02.18-04.37.43:947][138]PIE: Info Play in editor start time for /Game/Levels/UEDPIE_0_VR_Level 1.111
[2016.02.18-04.37.43:959][140]LogRenderTargetPool:Warning: r.RenderTargetPoolMin exceeded 367/350 MB (ok in editor, bad on fixed memory platform)
[2016.02.18-04.38.04:023][591]LogRenderTargetPool:Warning: r.RenderTargetPoolMin exceeded 367/350 MB (ok in editor, bad on fixed memory platform)
[2016.02.18-04.38.06:424][645]LogParticles: Destroying 0 GPU particle simulations for FXSystem 0x0000006E94EAAE80
[2016.02.18-04.39.39:951][633]BlueprintLog: New page: Pre-Play auto-recompile
[2016.02.18-04.39.39:964][633]LogPlayLevel: [PlayLevel] Compiling VR_Pawn before play...
[2016.02.18-04.39.40:031][633]LogPlayLevel: PlayLevel: Blueprint regeneration took 80 ms (1 blueprints)
[2016.02.18-04.39.40:060][633]PIE: New page: PIE session: VR_Level (Feb 17, 2016, 6:39:40 PM)
[2016.02.18-04.39.40:060][633]LogPlayLevel: Creating play world package: /Game/Levels/UEDPIE_0_VR_Level
[2016.02.18-04.39.40:062][633]LogPlayLevel: PIE: StaticDuplicateObject took: (0.001823s)
[2016.02.18-04.39.40:062][633]LogAIModule: Creating AISystem for world VR_Level
[2016.02.18-04.39.40:063][633]LogPlayLevel: PIE: World Init took: (0.000787s)
[2016.02.18-04.39.40:063][633]LogPlayLevel: PIE: Created PIE world by copying editor world from /Game/Levels/VR_Level.VR_Level to /Game/Levels/UEDPIE_0_VR_Level.VR_Level (0.002812s)
[2016.02.18-04.39.40:091][633]LogInit: XAudio2 using 'Speakers (USB Audio Device)' : 2 channels at 44.1 kHz using 16 bits per sample (channel mask 0x3)
[2016.02.18-04.39.40:095][633]LogInit: FAudioDevice initialized.
[2016.02.18-04.39.40:180][633]LogWorld: Game class is 'VR_GameMode_C'
[2016.02.18-04.39.40:182][633]LogWorld: Bringing World /Game/Levels/UEDPIE_0_VR_Level.VR_Level up for play (max tick rate 0) at 2016.02.17-23.39.40
[2016.02.18-04.39.40:182][633]LogActor:Warning: GameSession /Game/Levels/UEDPIE_0_VR_Level.VR_Level:PersistentLevel.GameSession_5 has natively added scene component(s), but none of them were set as the actor's RootComponent - picking one arbitrarily
[2016.02.18-04.39.40:182][633]LogActor:Warning: GameNetworkManager /Game/Levels/UEDPIE_0_VR_Level.VR_Level:PersistentLevel.GameNetworkManager_5 has natively added scene component(s), but none of them were set as the actor's RootComponent - picking one arbitrarily
[2016.02.18-04.39.40:182][633]LogWorld: Bringing up level for play took: 0.001562
[2016.02.18-04.39.40:188][633]PIE: Info Play in editor start time for /Game/Levels/UEDPIE_0_VR_Level -0.651
[2016.02.18-04.39.40:201][635]LogRenderTargetPool:Warning: r.RenderTargetPoolMin exceeded 367/350 MB (ok in editor, bad on fixed memory platform)
[2016.02.18-04.39.44:119][723]LogRenderTargetPool:Warning: r.RenderTargetPoolMin exceeded 367/350 MB (ok in editor, bad on fixed memory platform)
[2016.02.18-04.39.55:938][988]LogParticles: Destroying 0 GPU particle simulations for FXSystem 0x0000006F1781DA80
[2016.02.18-04.40.25:677][498]BlueprintLog: New page: Pre-Play auto-recompile
[2016.02.18-04.40.25:689][498]LogPlayLevel: [PlayLevel] Compiling VR_Pawn before play...
[2016.02.18-04.40.25:756][498]LogPlayLevel: PlayLevel: Blueprint regeneration took 79 ms (1 blueprints)
[2016.02.18-04.40.25:791][498]PIE: New page: PIE session: VR_Level (Feb 17, 2016, 6:40:25 PM)
[2016.02.18-04.40.25:791][498]LogPlayLevel: Creating play world package: /Game/Levels/UEDPIE_0_VR_Level
[2016.02.18-04.40.25:794][498]LogPlayLevel: PIE: StaticDuplicateObject took: (0.002939s)
[2016.02.18-04.40.25:794][498]LogAIModule: Creating AISystem for world VR_Level
[2016.02.18-04.40.25:795][498]LogPlayLevel: PIE: World Init took: (0.000926s)
[2016.02.18-04.40.25:795][498]LogPlayLevel: PIE: Created PIE world by copying editor world from /Game/Levels/VR_Level.VR_Level to /Game/Levels/UEDPIE_0_VR_Level.VR_Level (0.004086s)
[2016.02.18-04.40.25:821][498]LogInit: XAudio2 using 'Speakers (USB Audio Device)' : 2 channels at 44.1 kHz using 16 bits per sample (channel mask 0x3)
[2016.02.18-04.40.25:826][498]LogInit: FAudioDevice initialized.
[2016.02.18-04.40.25:911][498]LogWorld: Game class is 'VR_GameMode_C'
[2016.02.18-04.40.25:913][498]LogWorld: Bringing World /Game/Levels/UEDPIE_0_VR_Level.VR_Level up for play (max tick rate 0) at 2016.02.17-23.40.25
[2016.02.18-04.40.25:913][498]LogActor:Warning: GameSession /Game/Levels/UEDPIE_0_VR_Level.VR_Level:PersistentLevel.GameSession_6 has natively added scene component(s), but none of them were set as the actor's RootComponent - picking one arbitrarily
[2016.02.18-04.40.25:913][498]LogActor:Warning: GameNetworkManager /Game/Levels/UEDPIE_0_VR_Level.VR_Level:PersistentLevel.GameNetworkManager_6 has natively added scene component(s), but none of them were set as the actor's RootComponent - picking one arbitrarily
[2016.02.18-04.40.25:914][498]LogWorld: Bringing up level for play took: 0.001902
[2016.02.18-04.40.25:921][498]PIE: Info Play in editor start time for /Game/Levels/UEDPIE_0_VR_Level 1.081
[2016.02.18-04.40.25:932][500]LogRenderTargetPool:Warning: r.RenderTargetPoolMin exceeded 367/350 MB (ok in editor, bad on fixed memory platform)
[2016.02.18-04.40.28:906][567]LogRenderTargetPool:Warning: r.RenderTargetPoolMin exceeded 367/350 MB (ok in editor, bad on fixed memory platform)
[2016.02.18-04.40.35:423][713]LogRenderTargetPool:Warning: r.RenderTargetPoolMin exceeded 367/350 MB (ok in editor, bad on fixed memory platform)
[2016.02.18-04.40.40:367][824]LogRenderTargetPool:Warning: r.RenderTargetPoolMin exceeded 367/350 MB (ok in editor, bad on fixed memory platform)
[2016.02.18-04.40.42:239][865]LogBlueprintUserMessages: [VR_Pawn_C_16] RighthandTouched
[2016.02.18-04.40.44:369][912]LogBlueprintUserMessages: [VR_Pawn_C_16] RighthandTouched
[2016.02.18-04.40.44:773][921]LogRenderTargetPool:Warning: r.RenderTargetPoolMin exceeded 367/350 MB (ok in editor, bad on fixed memory platform)
[2016.02.18-04.40.47:049][972]LogBlueprintUserMessages: [VR_Pawn_C_16] RighthandTouched
[2016.02.18-04.40.49:959][ 37]LogBlueprintUserMessages: [VR_Pawn_C_16] RighthandTouched
[2016.02.18-04.40.51:202][ 65]LogBlueprintUserMessages: [VR_Pawn_C_16] RighthandTouched
[2016.02.18-04.40.52:930][104]LogBlueprintUserMessages: [VR_Pawn_C_16] RighthandTouched
[2016.02.18-04.40.59:819][260]LogRenderTargetPool:Warning: r.RenderTargetPoolMin exceeded 367/350 MB (ok in editor, bad on fixed memory platform)
[2016.02.18-04.41.05:458][385]LogParticles: Destroying 0 GPU particle simulations for FXSystem 0x0000006EE181B9C0
[2016.02.18-04.41.22:220][390]BlueprintLog: New page: Pre-Play auto-recompile
[2016.02.18-04.41.22:232][390]LogPlayLevel: [PlayLevel] Compiling VR_Pawn before play...
[2016.02.18-04.41.22:301][390]LogPlayLevel: PlayLevel: Blueprint regeneration took 81 ms (1 blueprints)
[2016.02.18-04.41.22:332][390]PIE: New page: PIE session: VR_Level (Feb 17, 2016, 6:41:22 PM)
[2016.02.18-04.41.22:332][390]LogPlayLevel: Creating play world package: /Game/Levels/UEDPIE_0_VR_Level
[2016.02.18-04.41.22:334][390]LogPlayLevel: PIE: StaticDuplicateObject took: (0.002267s)
[2016.02.18-04.41.22:335][390]LogAIModule: Creating AISystem for world VR_Level
[2016.02.18-04.41.22:335][390]LogPlayLevel: PIE: World Init took: (0.001013s)
[2016.02.18-04.41.22:336][390]LogPlayLevel: PIE: Created PIE world by copying editor world from /Game/Levels/VR_Level.VR_Level to /Game/Levels/UEDPIE_0_VR_Level.VR_Level (0.003674s)
[2016.02.18-04.41.22:363][390]LogInit: XAudio2 using 'Speakers (USB Audio Device)' : 2 channels at 44.1 kHz using 16 bits per sample (channel mask 0x3)
[2016.02.18-04.41.22:367][390]LogInit: FAudioDevice initialized.
[2016.02.18-04.41.22:452][390]LogWorld: Game class is 'VR_GameMode_C'
[2016.02.18-04.41.22:455][390]LogWorld: Bringing World /Game/Levels/UEDPIE_0_VR_Level.VR_Level up for play (max tick rate 0) at 2016.02.17-23.41.22
[2016.02.18-04.41.22:455][390]LogActor:Warning: GameSession /Game/Levels/UEDPIE_0_VR_Level.VR_Level:PersistentLevel.GameSession_7 has natively added scene component(s), but none of them were set as the actor's RootComponent - picking one arbitrarily
[2016.02.18-04.41.22:455][390]LogActor:Warning: GameNetworkManager /Game/Levels/UEDPIE_0_VR_Level.VR_Level:PersistentLevel.GameNetworkManager_7 has natively added scene component(s), but none of them were set as the actor's RootComponent - picking one arbitrarily
[2016.02.18-04.41.22:455][390]LogWorld: Bringing up level for play took: 0.001567
[2016.02.18-04.41.22:461][390]PIE: Info Play in editor start time for /Game/Levels/UEDPIE_0_VR_Level -0.381
[2016.02.18-04.41.22:475][392]LogRenderTargetPool:Warning: r.RenderTargetPoolMin exceeded 367/350 MB (ok in editor, bad on fixed memory platform)
[2016.02.18-04.41.25:350][456]LogRenderTargetPool:Warning: r.RenderTargetPoolMin exceeded 367/350 MB (ok in editor, bad on fixed memory platform)
[2016.02.18-04.41.29:382][546]LogRenderTargetPool:Warning: r.RenderTargetPoolMin exceeded 367/350 MB (ok in editor, bad on fixed memory platform)
[2016.02.18-04.41.34:737][665]LogParticles: Destroying 0 GPU particle simulations for FXSystem 0x0000006E955AB1A0
[2016.02.18-04.42.31:275][387]Cmd: OBJ SAVEPACKAGE PACKAGE="/Game/BluePrints/VR_Pawn" FILE="../../../../../../Users/demo/Documents/GitHub/practicevr/PracticeVR/Content/BluePrints/VR_Pawn.uasset" SILENT=true
[2016.02.18-04.42.31:385][387]LogSavePackage: Save=104.513298ms
[2016.02.18-04.42.31:385][387]LogSavePackage: Moving '../../../../../../Users/demo/Documents/GitHub/practicevr/PracticeVR/Saved/VR_Pawn8F33DE4449060342ED52389539C7A134.tmp' to '../../../../../../Users/demo/Documents/GitHub/practicevr/PracticeVR/Content/BluePrints/VR_Pawn.uasset'
[2016.02.18-04.42.31:388][387]LogSavePackage: Total save time: 111.590084ms
[2016.02.18-04.42.31:388][387]LogSavePackage:Display: Finished SavePackage ../../../../../../Users/demo/Documents/GitHub/practicevr/PracticeVR/Content/BluePrints/VR_Pawn.uasset
[2016.02.18-04.42.32:724][545]BlueprintLog: New page: Pre-Play auto-recompile
[2016.02.18-04.42.32:737][545]LogPlayLevel: [PlayLevel] Compiling VR_Pawn before play...
[2016.02.18-04.42.32:803][545]LogPlayLevel: PlayLevel: Blueprint regeneration took 78 ms (1 blueprints)
[2016.02.18-04.42.32:827][545]PIE: New page: PIE session: VR_Level (Feb 17, 2016, 6:42:32 PM)
[2016.02.18-04.42.32:827][545]LogPlayLevel: Creating play world package: /Game/Levels/UEDPIE_0_VR_Level
[2016.02.18-04.42.32:829][545]LogPlayLevel: PIE: StaticDuplicateObject took: (0.001700s)
[2016.02.18-04.42.32:830][545]LogAIModule: Creating AISystem for world VR_Level
[2016.02.18-04.42.32:830][545]LogPlayLevel: PIE: World Init took: (0.000889s)
[2016.02.18-04.42.32:830][545]LogPlayLevel: PIE: Created PIE world by copying editor world from /Game/Levels/VR_Level.VR_Level to /Game/Levels/UEDPIE_0_VR_Level.VR_Level (0.002761s)
[2016.02.18-04.42.32:855][545]LogInit: XAudio2 using 'Speakers (USB Audio Device)' : 2 channels at 44.1 kHz using 16 bits per sample (channel mask 0x3)
[2016.02.18-04.42.32:860][545]LogInit: FAudioDevice initialized.
[2016.02.18-04.42.32:945][545]LogWorld: Game class is 'VR_GameMode_C'
[2016.02.18-04.42.32:947][545]LogWorld: Bringing World /Game/Levels/UEDPIE_0_VR_Level.VR_Level up for play (max tick rate 0) at 2016.02.17-23.42.32
[2016.02.18-04.42.32:948][545]LogActor:Warning: GameSession /Game/Levels/UEDPIE_0_VR_Level.VR_Level:PersistentLevel.GameSession_8 has natively added scene component(s), but none of them were set as the actor's RootComponent - picking one arbitrarily
[2016.02.18-04.42.32:948][545]LogActor:Warning: GameNetworkManager /Game/Levels/UEDPIE_0_VR_Level.VR_Level:PersistentLevel.GameNetworkManager_8 has natively added scene component(s), but none of them were set as the actor's RootComponent - picking one arbitrarily
[2016.02.18-04.42.32:948][545]LogWorld: Bringing up level for play took: 0.001670
[2016.02.18-04.42.32:954][545]PIE: Info Play in editor start time for /Game/Levels/UEDPIE_0_VR_Level 0.111
[2016.02.18-04.42.32:970][547]LogRenderTargetPool:Warning: r.RenderTargetPoolMin exceeded 367/350 MB (ok in editor, bad on fixed memory platform)
[2016.02.18-04.42.35:544][604]LogRenderTargetPool:Warning: r.RenderTargetPoolMin exceeded 367/350 MB (ok in editor, bad on fixed memory platform)
[2016.02.18-04.42.47:902][880]LogRenderTargetPool:Warning: r.RenderTargetPoolMin exceeded 367/350 MB (ok in editor, bad on fixed memory platform)
[2016.02.18-04.42.49:199][908]LogParticles: Destroying 0 GPU particle simulations for FXSystem 0x0000006E955CBC40
[2016.02.18-04.43.15:010][969]BlueprintLog: New page: Pre-Play auto-recompile
[2016.02.18-04.43.15:021][969]LogPlayLevel: [PlayLevel] Compiling VR_Pawn before play...
[2016.02.18-04.43.15:088][969]LogPlayLevel: PlayLevel: Blueprint regeneration took 78 ms (1 blueprints)
[2016.02.18-04.43.15:118][969]PIE: New page: PIE session: VR_Level (Feb 17, 2016, 6:43:15 PM)
[2016.02.18-04.43.15:118][969]LogPlayLevel: Creating play world package: /Game/Levels/UEDPIE_0_VR_Level
[2016.02.18-04.43.15:120][969]LogPlayLevel: PIE: StaticDuplicateObject took: (0.001985s)
[2016.02.18-04.43.15:121][969]LogAIModule: Creating AISystem for world VR_Level
[2016.02.18-04.43.15:121][969]LogPlayLevel: PIE: World Init took: (0.000867s)
[2016.02.18-04.43.15:122][969]LogPlayLevel: PIE: Created PIE world by copying editor world from /Game/Levels/VR_Level.VR_Level to /Game/Levels/UEDPIE_0_VR_Level.VR_Level (0.003182s)
[2016.02.18-04.43.15:148][969]LogInit: XAudio2 using 'Speakers (USB Audio Device)' : 2 channels at 44.1 kHz using 16 bits per sample (channel mask 0x3)
[2016.02.18-04.43.15:153][969]LogInit: FAudioDevice initialized.
[2016.02.18-04.43.15:238][969]LogWorld: Game class is 'VR_GameMode_C'
[2016.02.18-04.43.15:240][969]LogWorld: Bringing World /Game/Levels/UEDPIE_0_VR_Level.VR_Level up for play (max tick rate 0) at 2016.02.17-23.43.15
[2016.02.18-04.43.15:240][969]LogActor:Warning: GameSession /Game/Levels/UEDPIE_0_VR_Level.VR_Level:PersistentLevel.GameSession_9 has natively added scene component(s), but none of them were set as the actor's RootComponent - picking one arbitrarily
[2016.02.18-04.43.15:240][969]LogActor:Warning: GameNetworkManager /Game/Levels/UEDPIE_0_VR_Level.VR_Level:PersistentLevel.GameNetworkManager_9 has natively added scene component(s), but none of them were set as the actor's RootComponent - picking one arbitrarily
[2016.02.18-04.43.15:240][969]LogWorld: Bringing up level for play took: 0.001537
[2016.02.18-04.43.15:246][969]PIE: Info Play in editor start time for /Game/Levels/UEDPIE_0_VR_Level 0.402
[2016.02.18-04.43.15:256][971]LogRenderTargetPool:Warning: r.RenderTargetPoolMin exceeded 367/350 MB (ok in editor, bad on fixed memory platform)
[2016.02.18-04.43.18:795][ 48]LogRenderTargetPool:Warning: r.RenderTargetPoolMin exceeded 367/350 MB (ok in editor, bad on fixed memory platform)
[2016.02.18-04.44.09:045][164]LogBlueprintUserMessages: [VR_Pawn_C_16] RighthandTouched
[2016.02.18-04.44.15:188][299]LogParticles: Destroying 0 GPU particle simulations for FXSystem 0x0000006EEA554680
[2016.02.18-04.44.41:523][447]BlueprintLog: New page: Pre-Play auto-recompile
[2016.02.18-04.44.41:534][447]LogPlayLevel: [PlayLevel] Compiling VR_Pawn before play...
[2016.02.18-04.44.41:598][447]LogPlayLevel: PlayLevel: Blueprint regeneration took 74 ms (1 blueprints)
[2016.02.18-04.44.41:627][447]PIE: New page: PIE session: VR_Level (Feb 17, 2016, 6:44:41 PM)
[2016.02.18-04.44.41:627][447]LogPlayLevel: Creating play world package: /Game/Levels/UEDPIE_0_VR_Level
[2016.02.18-04.44.41:629][447]LogPlayLevel: PIE: StaticDuplicateObject took: (0.001812s)
[2016.02.18-04.44.41:630][447]LogAIModule: Creating AISystem for world VR_Level
[2016.02.18-04.44.41:630][447]LogPlayLevel: PIE: World Init took: (0.000590s)
[2016.02.18-04.44.41:630][447]LogPlayLevel: PIE: Created PIE world by copying editor world from /Game/Levels/VR_Level.VR_Level to /Game/Levels/UEDPIE_0_VR_Level.VR_Level (0.002553s)
[2016.02.18-04.44.41:659][447]LogInit: XAudio2 using 'Speakers (USB Audio Device)' : 2 channels at 44.1 kHz using 16 bits per sample (channel mask 0x3)
[2016.02.18-04.44.41:664][447]LogInit: FAudioDevice initialized.
[2016.02.18-04.44.41:745][447]LogWorld: Game class is 'VR_GameMode_C'
[2016.02.18-04.44.41:747][447]LogWorld: Bringing World /Game/Levels/UEDPIE_0_VR_Level.VR_Level up for play (max tick rate 0) at 2016.02.17-23.44.41
[2016.02.18-04.44.41:747][447]LogActor:Warning: GameSession /Game/Levels/UEDPIE_0_VR_Level.VR_Level:PersistentLevel.GameSession_10 has natively added scene component(s), but none of them were set as the actor's RootComponent - picking one arbitrarily
[2016.02.18-04.44.41:748][447]LogActor:Warning: GameNetworkManager /Game/Levels/UEDPIE_0_VR_Level.VR_Level:PersistentLevel.GameNetworkManager_10 has natively added scene component(s), but none of them were set as the actor's RootComponent - picking one arbitrarily
[2016.02.18-04.44.41:748][447]LogWorld: Bringing up level for play took: 0.001666
[2016.02.18-04.44.41:753][447]PIE: Info Play in editor start time for /Game/Levels/UEDPIE_0_VR_Level 0.907
[2016.02.18-04.44.41:760][449]LogRenderTargetPool:Warning: r.RenderTargetPoolMin exceeded 367/350 MB (ok in editor, bad on fixed memory platform)
[2016.02.18-04.44.49:443][623]LogRenderTargetPool:Warning: r.RenderTargetPoolMin exceeded 367/350 MB (ok in editor, bad on fixed memory platform)
[2016.02.18-04.45.03:897][940]LogBlueprintUserMessages: [VR_Pawn_C_16] RighthandTouched
[2016.02.18-04.45.37:912][694]LogBlueprintUserMessages: [VR_Pawn_C_16] RighthandTouched
[2016.02.18-04.46.56:114][435]LogRenderTargetPool:Warning: r.RenderTargetPoolMin exceeded 367/350 MB (ok in editor, bad on fixed memory platform)
[2016.02.18-04.47.01:605][560]LogParticles: Destroying 0 GPU particle simulations for FXSystem 0x0000006E953E0180
[2016.02.18-04.47.04:234][864]Cmd: OBJ SAVEPACKAGE PACKAGE="/Game/BluePrints/VR_Pawn" FILE="../../../../../../Users/demo/Documents/GitHub/practicevr/PracticeVR/Content/BluePrints/VR_Pawn.uasset" SILENT=true
[2016.02.18-04.47.04:341][864]LogSavePackage: Save=99.647186ms
[2016.02.18-04.47.04:341][864]LogSavePackage: Moving '../../../../../../Users/demo/Documents/GitHub/practicevr/PracticeVR/Saved/VR_Pawn1ACFFEB74AD240B4F1E568A81C803515.tmp' to '../../../../../../Users/demo/Documents/GitHub/practicevr/PracticeVR/Content/BluePrints/VR_Pawn.uasset'
[2016.02.18-04.47.04:343][864]LogSavePackage: Total save time: 107.310995ms
[2016.02.18-04.47.04:343][864]LogSavePackage:Display: Finished SavePackage ../../../../../../Users/demo/Documents/GitHub/practicevr/PracticeVR/Content/BluePrints/VR_Pawn.uasset
[2016.02.18-04.47.08:303][329]Cmd: OBJ SAVEPACKAGE PACKAGE="/Game/BluePrints/VR_Pawn" FILE="../../../../../../Users/demo/Documents/GitHub/practicevr/PracticeVR/Content/BluePrints/VR_Pawn.uasset" SILENT=true
[2016.02.18-04.47.08:400][329]LogSavePackage: Save=94.063477ms
[2016.02.18-04.47.08:400][329]LogSavePackage: Moving '../../../../../../Users/demo/Documents/GitHub/practicevr/PracticeVR/Saved/VR_Pawn0B5BFF6D41CA22D65DC530AF99A9A0F4.tmp' to '../../../../../../Users/demo/Documents/GitHub/practicevr/PracticeVR/Content/BluePrints/VR_Pawn.uasset'
[2016.02.18-04.47.08:402][329]LogSavePackage: Total save time: 98.158102ms
[2016.02.18-04.47.08:402][329]LogSavePackage:Display: Finished SavePackage ../../../../../../Users/demo/Documents/GitHub/practicevr/PracticeVR/Content/BluePrints/VR_Pawn.uasset
[2016.02.18-04.47.34:231][697]Cmd: QUIT_EDITOR
[2016.02.18-04.47.34:741][697]LogWindowsTextInputMethodSystem:Display: IME system now deactivated.
[2016.02.18-04.47.34:789][697]LogExit: Preparing to exit.
[2016.02.18-04.47.35:219][697]LogExit: Editor shut down
[2016.02.18-04.47.35:219][697]LogExit: Transaction tracking system shut down
[2016.02.18-04.47.35:221][697]LogParticles: Destroying 0 GPU particle simulations for FXSystem 0x0000006EFBEE1B20
[2016.02.18-04.47.35:221][697]LogParticles: Destroying 0 GPU particle simulations for FXSystem 0x0000006EF6599300
[2016.02.18-04.47.35:221][697]LogParticles: Destroying 0 GPU particle simulations for FXSystem 0x0000006EF37A7880
[2016.02.18-04.47.35:221][697]LogParticles: Destroying 0 GPU particle simulations for FXSystem 0x0000006EF6598220
[2016.02.18-04.47.35:222][697]LogParticles: Destroying 0 GPU particle simulations for FXSystem 0x0000006EF386B740
[2016.02.18-04.47.35:355][697]LogParticles: Destroying 0 GPU particle simulations for FXSystem 0x0000006F12CF62A0
[2016.02.18-04.47.35:355][697]LogExit: Object subsystem successfully closed.
[2016.02.18-04.47.35:370][697]LogD3D11RHI: Shutdown
[2016.02.18-04.47.35:370][697]LogD3D11RHI: CleanupD3DDevice
[2016.02.18-04.47.35:371][697]LogD3D11RHI: ~FD3D11DynamicRHI
[2016.02.18-04.47.35:381][697]LogModuleManager: Shutting down and abandoning module CookingStats (200)
[2016.02.18-04.47.35:381][697]LogModuleManager: Shutting down and abandoning module BlueprintGraph (199)
[2016.02.18-04.47.35:381][697]LogModuleManager: Shutting down and abandoning module CrashTracker (198)
[2016.02.18-04.47.35:381][697]LogModuleManager: Shutting down and abandoning module SceneOutliner (197)
[2016.02.18-04.47.35:381][697]LogModuleManager: Shutting down and abandoning module SuperSearch (196)
[2016.02.18-04.47.35:381][697]LogModuleManager: Shutting down and abandoning module WidgetCarousel (195)
[2016.02.18-04.47.35:381][697]LogModuleManager: Shutting down and abandoning module AddContentDialog (194)
[2016.02.18-04.47.35:382][697]LogModuleManager: Shutting down and abandoning module EditorWidgets (193)
[2016.02.18-04.47.35:382][697]LogModuleManager: Shutting down and abandoning module CollectionManager (192)
[2016.02.18-04.47.35:382][697]LogModuleManager: Shutting down and abandoning module StatsViewer (191)
[2016.02.18-04.47.35:382][697]LogModuleManager: Shutting down and abandoning module FoliageEdit (190)
[2016.02.18-04.47.35:382][697]LogModuleManager: Shutting down and abandoning module LandscapeEditor (189)
[2016.02.18-04.47.35:382][697]LogModuleManager: Shutting down and abandoning module ActorPickerMode (188)
[2016.02.18-04.47.35:382][697]LogModuleManager: Shutting down and abandoning module GeometryMode (187)
[2016.02.18-04.47.35:382][697]LogModuleManager: Shutting down and abandoning module TextureAlignMode (186)
[2016.02.18-04.47.35:382][697]LogModuleManager: Shutting down and abandoning module BspMode (185)
[2016.02.18-04.47.35:382][697]LogModuleManager: Shutting down and abandoning module PlacementMode (184)
[2016.02.18-04.47.35:382][697]LogModuleManager: Shutting down and abandoning module AutomationWorker (183)
[2016.02.18-04.47.35:382][697]LogModuleManager: Shutting down and abandoning module CharacterAI (182)
[2016.02.18-04.47.35:382][697]LogModuleManager: Shutting down and abandoning module SmartSnapping (181)
[2016.02.18-04.47.35:382][697]LogModuleManager: Shutting down and abandoning module ViewportSnapping (180)
[2016.02.18-04.47.35:382][697]LogModuleManager: Shutting down and abandoning module LogVisualizer (179)
[2016.02.18-04.47.35:382][697]LogModuleManager: Shutting down and abandoning module GameProjectGeneration (178)
[2016.02.18-04.47.35:382][697]LogModuleManager: Shutting down and abandoning module IntroTutorials (177)
[2016.02.18-04.47.35:382][697]LogModuleManager: Shutting down and abandoning module EditorLiveStreaming (176)
[2016.02.18-04.47.35:382][697]LogModuleManager: Shutting down and abandoning module IOSPlatformEditor (175)
[2016.02.18-04.47.35:382][697]LogModuleManager: Shutting down and abandoning module HTML5PlatformEditor (174)
[2016.02.18-04.47.35:382][697]LogModuleManager: Shutting down and abandoning module AndroidDeviceDetection (173)
[2016.02.18-04.47.36:295][697]LogModuleManager: Shutting down and abandoning module AndroidPlatformEditor (172)
[2016.02.18-04.47.36:295][697]LogModuleManager: Shutting down and abandoning module IOSRuntimeSettings (171)
[2016.02.18-04.47.36:295][697]LogModuleManager: Shutting down and abandoning module AndroidRuntimeSettings (170)
[2016.02.18-04.47.36:295][697]LogModuleManager: Shutting down and abandoning module MergeActors (169)
[2016.02.18-04.47.36:295][697]LogModuleManager: Shutting down and abandoning module SizeMap (168)
[2016.02.18-04.47.36:295][697]LogModuleManager: Shutting down and abandoning module TreeMap (167)
[2016.02.18-04.47.36:295][697]LogModuleManager: Shutting down and abandoning module ReferenceViewer (166)
[2016.02.18-04.47.36:295][697]LogModuleManager: Shutting down and abandoning module LocalizationService (165)
[2016.02.18-04.47.36:295][697]LogModuleManager: Shutting down and abandoning module LocalizationDashboard (164)
[2016.02.18-04.47.36:295][697]LogModuleManager: Shutting down and abandoning module HardwareTargeting (163)
[2016.02.18-04.47.36:295][697]LogModuleManager: Shutting down and abandoning module DeviceProfileEditor (162)
[2016.02.18-04.47.36:295][697]LogModuleManager: Shutting down and abandoning module UndoHistory (161)
[2016.02.18-04.47.36:295][697]LogModuleManager: Shutting down and abandoning module GameplayTagsEditor (160)
[2016.02.18-04.47.36:295][697]LogModuleManager: Shutting down and abandoning module UserFeedback (159)
[2016.02.18-04.47.36:295][697]LogModuleManager: Shutting down and abandoning module XmlParser (158)
[2016.02.18-04.47.36:295][697]LogModuleManager: Shutting down and abandoning module Blutility (157)
[2016.02.18-04.47.36:295][697]LogModuleManager: Shutting down and abandoning module ProjectTargetPlatformEditor (156)
[2016.02.18-04.47.36:296][697]LogModuleManager: Shutting down and abandoning module ProjectSettingsViewer (155)
[2016.02.18-04.47.36:296][697]LogModuleManager: Shutting down and abandoning module InputBindingEditor (154)
[2016.02.18-04.47.36:296][697]LogModuleManager: Shutting down and abandoning module EditorSettingsViewer (153)
[2016.02.18-04.47.36:296][697]LogModuleManager: Shutting down and abandoning module SettingsEditor (152)
[2016.02.18-04.47.36:296][697]LogModuleManager: Shutting down and abandoning module ProjectLauncher (151)
[2016.02.18-04.47.36:296][697]LogModuleManager: Shutting down and abandoning module SessionFrontend (150)
[2016.02.18-04.47.36:296][697]LogModuleManager: Shutting down and abandoning module ProfilerClient (149)
[2016.02.18-04.47.36:296][697]LogModuleManager: Shutting down and abandoning module TargetDeviceServices (148)
[2016.02.18-04.47.36:296][697]LogModuleManager: Shutting down and abandoning module DeviceManager (147)
[2016.02.18-04.47.36:297][697]LogModuleManager: Shutting down and abandoning module AutomationController (146)
[2016.02.18-04.47.36:297][697]LogModuleManager: Shutting down and abandoning module AutomationWindow (145)
[2016.02.18-04.47.36:297][697]LogModuleManager: Shutting down and abandoning module Layers (144)
[2016.02.18-04.47.36:297][697]LogModuleManager: Shutting down and abandoning module ComponentVisualizers (143)
[2016.02.18-04.47.36:297][697]LogModuleManager: Shutting down and abandoning module DetailCustomizations (142)
[2016.02.18-04.47.36:297][697]LogModuleManager: Shutting down and abandoning module PackagesDialog (141)
[2016.02.18-04.47.36:298][697]LogModuleManager: Shutting down and abandoning module Persona (140)
[2016.02.18-04.47.36:298][697]LogModuleManager: Shutting down and abandoning module Kismet (139)
[2016.02.18-04.47.36:298][697]LogModuleManager: Shutting down and abandoning module GraphEditor (138)
[2016.02.18-04.47.36:298][697]LogModuleManager: Shutting down and abandoning module ClassViewer (137)
[2016.02.18-04.47.36:298][697]LogModuleManager: Shutting down and abandoning module Toolbox (136)
[2016.02.18-04.47.36:298][697]LogModuleManager: Shutting down and abandoning module ModuleUI (135)
[2016.02.18-04.47.36:298][697]LogModuleManager: Shutting down and abandoning module MovieSceneTools (134)
[2016.02.18-04.47.36:299][697]LogModuleManager: Shutting down and abandoning module OutputLog (133)
[2016.02.18-04.47.36:299][697]LogModuleManager: Shutting down and abandoning module GammaUI (132)
[2016.02.18-04.47.36:299][697]LogModuleManager: Shutting down and abandoning module Documentation (131)
[2016.02.18-04.47.36:299][697]LogModuleManager: Shutting down and abandoning module GameLiveStreaming (130)
[2016.02.18-04.47.36:299][697]LogModuleManager: Shutting down and abandoning module StreamingPauseRendering (129)
[2016.02.18-04.47.36:299][697]LogModuleManager: Shutting down and abandoning module AnalyticsET (128)
[2016.02.18-04.47.36:299][697]LogModuleManager: Shutting down and abandoning module Analytics (127)
[2016.02.18-04.47.36:299][697]LogModuleManager: Shutting down and abandoning module AITestSuite (126)
[2016.02.18-04.47.36:299][697]LogModuleManager: Shutting down and abandoning module GameplayDebugger (125)
[2016.02.18-04.47.36:299][697]LogModuleManager: Shutting down and abandoning module AIModule (124)
[2016.02.18-04.47.36:299][697]LogModuleManager: Shutting down and abandoning module ProfilerService (123)
[2016.02.18-04.47.36:305][697]LogModuleManager: Shutting down and abandoning module TaskGraph (122)
[2016.02.18-04.47.36:305][697]LogModuleManager: Shutting down and abandoning module SlateRemote (121)
[2016.02.18-04.47.36:305][697]LogModuleManager: Shutting down and abandoning module SteamVRController (120)
[2016.02.18-04.47.36:305][697]LogModuleManager: Shutting down and abandoning module SteamVR (119)
[2016.02.18-04.47.36:305][697]LogModuleManager: Shutting down and abandoning module ProceduralMeshComponent (118)
[2016.02.18-04.47.36:305][697]LogModuleManager: Shutting down and abandoning module OculusLibrary (117)
[2016.02.18-04.47.36:305][697]LogModuleManager: Shutting down and abandoning module OculusInput (116)
[2016.02.18-04.47.36:305][697]LogModuleManager: Shutting down and abandoning module LeapMotionController (115)
[2016.02.18-04.47.36:335][697]LogModuleManager: Shutting down and abandoning module CustomMeshComponent (114)
[2016.02.18-04.47.36:335][697]LogModuleManager: Shutting down and abandoning module CableComponent (113)
[2016.02.18-04.47.36:335][697]LogModuleManager: Shutting down and abandoning module ArchVisCharacter (112)
[2016.02.18-04.47.36:335][697]LogModuleManager: Shutting down and abandoning module MessagingDebugger (111)
[2016.02.18-04.47.36:335][697]LogModuleManager: Shutting down and abandoning module MediaPlayerEditor (110)
[2016.02.18-04.47.36:335][697]LogModuleManager: Shutting down and abandoning module HTML5Networking (109)
[2016.02.18-04.47.36:335][697]LogModuleManager: Shutting down and abandoning module SpeedTreeImporter (108)
[2016.02.18-04.47.36:335][697]LogModuleManager: Shutting down and abandoning module PluginBrowser (107)
[2016.02.18-04.47.36:335][697]LogModuleManager: Shutting down and abandoning module EpicSurvey (106)
[2016.02.18-04.47.36:335][697]LogModuleManager: Shutting down and abandoning module DesktopPlatform (105)
[2016.02.18-04.47.36:335][697]LogModuleManager: Shutting down and abandoning module VisualStudioSourceCodeAccess (104)
[2016.02.18-04.47.36:335][697]LogModuleManager: Shutting down and abandoning module UObjectPlugin (103)
[2016.02.18-04.47.36:335][697]LogModuleManager: Shutting down and abandoning module SubversionSourceControl (102)
[2016.02.18-04.47.36:335][697]LogModuleManager: Shutting down and abandoning module PerforceSourceControl (101)
[2016.02.18-04.47.36:335][697]LogModuleManager: Shutting down and abandoning module SourceControl (100)
[2016.02.18-04.47.36:335][697]LogModuleManager: Shutting down and abandoning module GitSourceControl (99)
[2016.02.18-04.47.36:335][697]LogModuleManager: Shutting down and abandoning module LightPropagationVolumeEditor (98)
[2016.02.18-04.47.36:336][697]LogModuleManager: Shutting down and abandoning module PaperTiledImporter (97)
[2016.02.18-04.47.36:336][697]LogModuleManager: Shutting down and abandoning module PaperSpriteSheetImporter (96)
[2016.02.18-04.47.36:336][697]LogModuleManager: Shutting down and abandoning module MeshPaint (95)
[2016.02.18-04.47.36:336][697]LogModuleManager: Shutting down and abandoning module SlateReflector (94)
[2016.02.18-04.47.36:336][697]LogModuleManager: Shutting down and abandoning module HotReload (93)
[2016.02.18-04.47.36:336][697]LogModuleManager: Shutting down and abandoning module MainFrame (92)
[2016.02.18-04.47.36:336][697]LogModuleManager: Shutting down and abandoning module LevelEditor (91)
[2016.02.18-04.47.36:337][697]LogModuleManager: Shutting down and abandoning module DirectoryWatcher (90)
[2016.02.18-04.47.36:338][697]LogModuleManager: Shutting down and abandoning module AssetRegistry (89)
[2016.02.18-04.47.36:413][697]LogModuleManager: Shutting down and abandoning module ContentBrowser (88)
[2016.02.18-04.47.36:414][697]LogModuleManager: Shutting down and abandoning module Paper2DEditor (87)
[2016.02.18-04.47.36:414][697]LogModuleManager: Shutting down and abandoning module UdpMessaging (86)
[2016.02.18-04.47.36:514][697]LogModuleManager: Shutting down and abandoning module LightPropagationVolumeRuntime (85)
[2016.02.18-04.47.36:514][697]LogModuleManager: Shutting down and abandoning module Paper2D (84)
[2016.02.18-04.47.36:514][697]LogModuleManager: Shutting down and abandoning module WindowsMoviePlayer (83)
[2016.02.18-04.47.36:522][697]LogModuleManager: Shutting down and abandoning module Media (82)
[2016.02.18-04.47.36:522][697]LogModuleManager: Shutting down and abandoning module WmfMedia (81)
[2016.02.18-04.47.36:523][697]LogModuleManager: Shutting down and abandoning module OnlineBlueprintSupport (80)
[2016.02.18-04.47.36:523][697]LogModuleManager: Shutting down and abandoning module GameplayTasksEditor (79)
[2016.02.18-04.47.36:523][697]LogModuleManager: Shutting down and abandoning module PropertyEditor (78)
[2016.02.18-04.47.36:523][697]LogModuleManager: Shutting down and abandoning module BehaviorTreeEditor (77)
[2016.02.18-04.47.36:523][697]LogModuleManager: Shutting down and abandoning module FunctionalTesting (76)
[2016.02.18-04.47.36:523][697]LogModuleManager: Shutting down and abandoning module CollisionAnalyzer (75)
[2016.02.18-04.47.36:523][697]LogModuleManager: Shutting down and abandoning module WorkspaceMenuStructure (74)
[2016.02.18-04.47.36:523][697]LogModuleManager: Shutting down and abandoning module MessageLog (73)
[2016.02.18-04.47.36:523][697]LogModuleManager: Shutting down and abandoning module Sequencer (72)
[2016.02.18-04.47.36:523][697]LogModuleManager: Shutting down and abandoning module AssetTools (71)
[2016.02.18-04.47.36:523][697]LogModuleManager: Shutting down and abandoning module UMGEditor (70)
[2016.02.18-04.47.36:524][697]LogModuleManager: Shutting down and abandoning module UMG (69)
[2016.02.18-04.47.36:524][697]LogModuleManager: Shutting down and abandoning module Slate (68)
[2016.02.18-04.47.36:524][697]LogModuleManager: Shutting down and abandoning module EditorStyle (67)
[2016.02.18-04.47.36:530][697]LogModuleManager: Shutting down and abandoning module SessionServices (66)
[2016.02.18-04.47.36:530][697]LogModuleManager: Shutting down and abandoning module SourceCodeAccess (65)
[2016.02.18-04.47.36:530][697]LogModuleManager: Shutting down and abandoning module HeadMountedDisplay (64)
[2016.02.18-04.47.36:530][697]LogModuleManager: Shutting down and abandoning module XAudio2 (63)
[2016.02.18-04.47.36:530][697]LogModuleManager: Shutting down and abandoning module Networking (61)
[2016.02.18-04.47.36:530][697]LogModuleManager: Shutting down and abandoning module Core (60)
[2016.02.18-04.47.36:530][697]LogModuleManager: Shutting down and abandoning module KismetCompiler (59)
[2016.02.18-04.47.36:530][697]LogModuleManager: Shutting down and abandoning module PhysXFormats (58)
[2016.02.18-04.47.36:530][697]LogModuleManager: Shutting down and abandoning module MeshUtilities (57)
[2016.02.18-04.47.36:530][697]LogModuleManager: Shutting down and abandoning module DerivedDataCache (56)
[2016.02.18-04.47.36:577][697]LogDerivedDataCache: Shutdown
[2016.02.18-04.47.36:578][697]LogModuleManager: Shutting down and abandoning module ShaderFormatOpenGL (55)
[2016.02.18-04.47.36:578][697]LogModuleManager: Shutting down and abandoning module ShaderFormatD3D (54)
[2016.02.18-04.47.36:578][697]LogModuleManager: Shutting down and abandoning module MetalShaderFormat (53)
[2016.02.18-04.47.36:578][697]LogModuleManager: Shutting down and abandoning module TextureFormatUncompressed (52)
[2016.02.18-04.47.36:578][697]LogModuleManager: Shutting down and abandoning module TextureFormatPVR (51)
[2016.02.18-04.47.36:578][697]LogModuleManager: Shutting down and abandoning module TextureFormatIntelISPCTexComp (50)
[2016.02.18-04.47.36:578][697]LogModuleManager: Shutting down and abandoning module TextureFormatDXT (49)
[2016.02.18-04.47.36:578][697]LogModuleManager: Shutting down and abandoning module ImageWrapper (48)
[2016.02.18-04.47.36:578][697]LogModuleManager: Shutting down and abandoning module TextureFormatASTC (47)
[2016.02.18-04.47.36:578][697]LogModuleManager: Shutting down and abandoning module TextureFormatAndroid (46)
[2016.02.18-04.47.36:578][697]LogModuleManager: Shutting down and abandoning module AudioFormatOpus (45)
[2016.02.18-04.47.36:578][697]LogModuleManager: Shutting down and abandoning module AudioFormatOgg (44)
[2016.02.18-04.47.36:578][697]LogModuleManager: Shutting down and abandoning module AudioFormatADPCM (43)
[2016.02.18-04.47.36:578][697]LogModuleManager: Shutting down and abandoning module LinuxTargetPlatform (42)
[2016.02.18-04.47.36:578][697]LogModuleManager: Shutting down and abandoning module LinuxServerTargetPlatform (41)
[2016.02.18-04.47.36:578][697]LogModuleManager: Shutting down and abandoning module LinuxNoEditorTargetPlatform (40)
[2016.02.18-04.47.36:578][697]LogModuleManager: Shutting down and abandoning module Messaging (39)
[2016.02.18-04.47.36:578][697]LogModuleManager: Shutting down and abandoning module IOSTargetPlatform (38)
[2016.02.18-04.47.36:578][697]LogModuleManager: Shutting down and abandoning module HTML5TargetPlatform (37)
[2016.02.18-04.47.36:578][697]LogModuleManager: Shutting down and abandoning module Android_PVRTCTargetPlatform (36)
[2016.02.18-04.47.36:578][697]LogModuleManager: Shutting down and abandoning module Android_MultiTargetPlatform (35)
[2016.02.18-04.47.36:578][697]LogModuleManager: Shutting down and abandoning module Android_ETC2TargetPlatform (34)
[2016.02.18-04.47.36:578][697]LogModuleManager: Shutting down and abandoning module Android_ETC1TargetPlatform (33)
[2016.02.18-04.47.36:578][697]LogModuleManager: Shutting down and abandoning module Android_DXTTargetPlatform (32)
[2016.02.18-04.47.36:578][697]LogModuleManager: Shutting down and abandoning module Android_ATCTargetPlatform (31)
[2016.02.18-04.47.36:578][697]LogModuleManager: Shutting down and abandoning module Android_ASTCTargetPlatform (30)
[2016.02.18-04.47.36:578][697]LogModuleManager: Shutting down and abandoning module AndroidTargetPlatform (29)
[2016.02.18-04.47.36:578][697]LogModuleManager: Shutting down and abandoning module WindowsTargetPlatform (28)
[2016.02.18-04.47.36:579][697]LogModuleManager: Shutting down and abandoning module WindowsServerTargetPlatform (27)
[2016.02.18-04.47.36:579][697]LogModuleManager: Shutting down and abandoning module WindowsNoEditorTargetPlatform (26)
[2016.02.18-04.47.36:579][697]LogModuleManager: Shutting down and abandoning module WindowsClientTargetPlatform (25)
[2016.02.18-04.47.36:579][697]LogModuleManager: Shutting down and abandoning module AllDesktopTargetPlatform (24)
[2016.02.18-04.47.36:579][697]LogModuleManager: Shutting down and abandoning module TargetPlatform (23)
[2016.02.18-04.47.36:579][697]LogModuleManager: Shutting down and abandoning module InputCore (22)
[2016.02.18-04.47.36:579][697]LogModuleManager: Shutting down and abandoning module Settings (21)
[2016.02.18-04.47.36:579][697]LogModuleManager: Shutting down and abandoning module OnlineSubsystem (19)
[2016.02.18-04.47.36:579][697]LogModuleManager: Shutting down and abandoning module HTTP (18)
[2016.02.18-04.47.38:581][697]LogModuleManager: Shutting down and abandoning module XMPP (17)
[2016.02.18-04.47.38:581][697]LogModuleManager: Shutting down and abandoning module OculusRift (16)
[2016.02.18-04.47.38:581][697]LogModuleManager: Shutting down and abandoning module ExampleDeviceProfileSelector (15)
[2016.02.18-04.47.38:581][697]LogModuleManager: Shutting down and abandoning module TextureCompressor (14)
[2016.02.18-04.47.38:581][697]LogModuleManager: Shutting down and abandoning module ShaderCore (13)
[2016.02.18-04.47.38:581][697]LogModuleManager: Shutting down and abandoning module Landscape (12)
[2016.02.18-04.47.38:581][697]LogModuleManager: Shutting down and abandoning module SlateRHIRenderer (11)
[2016.02.18-04.47.38:588][697]LogModuleManager: Shutting down and abandoning module OpenGLDrv (10)
[2016.02.18-04.47.38:588][697]LogModuleManager: Shutting down and abandoning module D3D11RHI (9)
[2016.02.18-04.47.38:588][697]LogModuleManager: Shutting down and abandoning module AnimGraphRuntime (8)
[2016.02.18-04.47.38:588][697]LogModuleManager: Shutting down and abandoning module Renderer (7)
[2016.02.18-04.47.38:588][697]LogModuleManager: Shutting down and abandoning module Engine (6)
[2016.02.18-04.47.38:588][697]LogModuleManager: Shutting down and abandoning module CoreUObject (5)
[2016.02.18-04.47.38:588][697]LogModuleManager: Shutting down and abandoning module NetworkFile (4)
[2016.02.18-04.47.38:588][697]LogModuleManager: Shutting down and abandoning module StreamingFile (3)
[2016.02.18-04.47.38:588][697]LogModuleManager: Shutting down and abandoning module SandboxFile (2)
[2016.02.18-04.47.38:588][697]LogModuleManager: Shutting down and abandoning module PakFile (1)
[2016.02.18-04.47.38:591][697]LogExit: Exiting.
[2016.02.18-04.47.38:594][697]Log file closed, 02/17/16 23:47:38
