[2016.02.18-00.46.29:020][  0]Log file open, 02/17/16 19:46:29
[2016.02.18-00.46.29:020][  0]LogInit:Display: Running engine for game: PracticeVR
[2016.02.18-00.46.29:020][  0]LogPlatformFile: Not using cached read wrapper
[2016.02.18-00.46.29:020][  0]LogInit:Display: RandInit(-1770067403) SRandInit(-1770067402).
[2016.02.18-00.46.29:020][  0]LogTaskGraph: Started task graph with 4 named threads and 7 total threads.
[2016.02.18-00.46.29:020][  0]LogStats: Stats thread started at 0.067260
[2016.02.18-00.46.29:020][  0]LogInit: Version: 4.10.3-2866931+++depot+UE4-Releases+4.10
[2016.02.18-00.46.29:020][  0]LogInit: API Version: 2758231
[2016.02.18-00.46.29:020][  0]LogInit: Compiled (64-bit): Feb 15 2016 08:20:45
[2016.02.18-00.46.29:020][  0]LogInit: Compiled with Visual C++: 19.00.23026.00
[2016.02.18-00.46.29:020][  0]LogInit: Build Configuration: Development
[2016.02.18-00.46.29:020][  0]LogInit: Branch Name: ++depot+UE4-Releases+4.10
[2016.02.18-00.46.29:020][  0]LogInit: Command line:  
[2016.02.18-00.46.29:020][  0]LogInit: Base directory: C:/Program Files (x86)/Epic Games/4.10/Engine/Binaries/Win64/
[2016.02.18-00.46.29:020][  0]LogInit: Rocket: 1
[2016.02.18-00.46.29:026][  0]LogInit: Using libcurl 7.41.0
[2016.02.18-00.46.29:026][  0]LogInit:  - built for x86_64-pc-win32
[2016.02.18-00.46.29:026][  0]LogInit:  - supports SSL with WinSSL
[2016.02.18-00.46.29:026][  0]LogInit:  - other features:
[2016.02.18-00.46.29:026][  0]LogInit:      CURL_VERSION_SSL
[2016.02.18-00.46.29:026][  0]LogInit:      CURL_VERSION_IPV6
[2016.02.18-00.46.29:026][  0]LogInit:      CURL_VERSION_ASYNCHDNS
[2016.02.18-00.46.29:026][  0]LogInit:      CURL_VERSION_LARGEFILE
[2016.02.18-00.46.29:026][  0]LogInit:      CURL_VERSION_IDN
[2016.02.18-00.46.29:026][  0]LogInit:  CurlRequestOptions (configurable via config and command line):
[2016.02.18-00.46.29:026][  0]LogInit:  - bVerifyPeer = true  - Libcurl will verify peer certificate
[2016.02.18-00.46.29:026][  0]LogInit:  - bUseHttpProxy = false  - Libcurl will NOT use HTTP proxy
[2016.02.18-00.46.29:026][  0]LogInit:  - bDontReuseConnections = false  - Libcurl will reuse connections
[2016.02.18-00.46.29:026][  0]LogInit:  - CertBundlePath = nullptr  - Libcurl will use whatever was configured at build time.
[2016.02.18-00.46.29:031][  0]LogInit: Presizing for 0 objects not considered by GC, pre-allocating 0 bytes.
[2016.02.18-00.46.29:035][  0]LogInit: Object subsystem initialized
[2016.02.18-00.46.29:036][  0]LogInit: Selected Device Profile: [Windows]
[2016.02.18-00.46.29:036][  0]LogInit: Applying CVar settings loaded from the selected device profile: [Windows]
[2016.02.18-00.46.29:043][  0]LogInit: Computer: ETC-WIN10-006
[2016.02.18-00.46.29:043][  0]LogInit: User: demo
[2016.02.18-00.46.29:043][  0]LogInit: CPU Page size=4096, Cores=4
[2016.02.18-00.46.29:043][  0]LogInit: High frequency timer resolution =3.507525 MHz
[2016.02.18-00.46.29:043][  0]LogMemory: Memory total: Physical=15.9GB (16GB approx)
[2016.02.18-00.46.29:044][  0]LogMemory: Platform Memory Stats for Windows
[2016.02.18-00.46.29:044][  0]LogMemory: Process Physical Memory: 55.95 MB used, 55.95 MB peak
[2016.02.18-00.46.29:044][  0]LogMemory: Process Virtual Memory: 56.88 MB used, 56.88 MB peak
[2016.02.18-00.46.29:044][  0]LogMemory: Physical Memory: 4382.55 MB used, 16326.10 MB total
[2016.02.18-00.46.29:044][  0]LogMemory: Virtual Memory: 378.68 MB used, 134217728.00 MB total
[2016.02.18-00.46.29:067][  0]LogTextLocalizationManager: No specific translations for ('en-US') exist, so ('en') translations will be used.
[2016.02.18-00.46.29:399][  0]LogD3D11RHI: Found D3D11 adapter 0: NVIDIA GeForce GTX 745 (Feature Level 11_0)
[2016.02.18-00.46.29:399][  0]LogD3D11RHI: Adapter has 4035MB of dedicated video memory, 0MB of dedicated system memory, and 8163MB of shared system memory, 2 output[s]
[2016.02.18-00.46.29:400][  0]LogD3D11RHI: Found D3D11 adapter 1: Microsoft Basic Render Driver (Feature Level 11_0)
[2016.02.18-00.46.29:400][  0]LogD3D11RHI: Adapter has 0MB of dedicated video memory, 0MB of dedicated system memory, and 8163MB of shared system memory, 0 output[s]
[2016.02.18-00.46.29:400][  0]LogD3D11RHI: Chosen D3D11 Adapter Id = 0
[2016.02.18-00.46.29:403][  0]LogD3D11RHI: !Direct3DDevice
[2016.02.18-00.46.29:403][  0]LogRHI: Texture pool is 1361 MB (70% of 1945 MB)
[2016.02.18-00.46.29:414][  0]LogD3D11RHI: Async texture creation enabled
[2016.02.18-00.46.29:424][  0]LogShaderCompilers: Guid format shader working directory is -23 characters bigger than the processId version (../../../../../../Users/demo/Documents/GitHub/practicevr/PracticeVR/Intermediate/Shaders/WorkingDirectory/10912/).
[2016.02.18-00.46.29:424][  0]LogShaderCompilers: Cleaned the shader compiler working directory 'C:/Users/demo/AppData/Local/Temp/UnrealShaderWorkingDir/F96BCAA54C00788C2E9269987996314F/'.
[2016.02.18-00.46.29:424][  0]LogShaderCompilers:Display: Using Local Shader Compiler.
[2016.02.18-00.46.30:040][  0]LogTemp:Display: Loaded TP AllDesktopTargetPlatform
[2016.02.18-00.46.30:044][  0]LogTemp:Display: Loaded TP WindowsClientTargetPlatform
[2016.02.18-00.46.30:048][  0]LogTemp:Display: Loaded TP WindowsNoEditorTargetPlatform
[2016.02.18-00.46.30:051][  0]LogTemp:Display: Loaded TP WindowsServerTargetPlatform
[2016.02.18-00.46.30:055][  0]LogTemp:Display: Loaded TP WindowsTargetPlatform
[2016.02.18-00.46.30:057][  0]LogTemp:Display: Loaded TP AndroidTargetPlatform
[2016.02.18-00.46.30:059][  0]LogTemp:Display: Loaded TP Android_ASTCTargetPlatform
[2016.02.18-00.46.30:062][  0]LogTemp:Display: Loaded TP Android_ATCTargetPlatform
[2016.02.18-00.46.30:064][  0]LogTemp:Display: Loaded TP Android_DXTTargetPlatform
[2016.02.18-00.46.30:066][  0]LogTemp:Display: Loaded TP Android_ETC1TargetPlatform
[2016.02.18-00.46.30:069][  0]LogTemp:Display: Loaded TP Android_ETC2TargetPlatform
[2016.02.18-00.46.30:073][  0]LogTemp:Display: Loaded TP Android_MultiTargetPlatform
[2016.02.18-00.46.30:073][  0]LogTemp:Display: Loaded TP Android_PVRTCTargetPlatform
[2016.02.18-00.46.30:074][  0]LogTemp:Display: Loaded TP HTML5TargetPlatform
[2016.02.18-00.46.30:090][  0]LogTemp:Display: Loaded TP IOSTargetPlatform
[2016.02.18-00.46.30:092][  0]LogTemp:Display: Loaded TP LinuxNoEditorTargetPlatform
[2016.02.18-00.46.30:094][  0]LogTemp:Display: Loaded TP LinuxServerTargetPlatform
[2016.02.18-00.46.30:096][  0]LogTemp:Display: Loaded TP LinuxTargetPlatform
[2016.02.18-00.46.30:096][  0]LogTargetPlatformManager:Display: Building Assets For Windows
[2016.02.18-00.46.30:157][  0]LogDerivedDataCache:Display: Max Cache Size: 512 MB
[2016.02.18-00.46.30:196][  0]LogDerivedDataCache: Loaded boot cache 0.04s 41MB C:/Users/demo/AppData/Local/UnrealEngine/4.10/DerivedDataCache/Boot.ddc.
[2016.02.18-00.46.30:196][  0]LogDerivedDataCache:Display: Loaded Boot cache: C:/Users/demo/AppData/Local/UnrealEngine/4.10/DerivedDataCache/Boot.ddc
[2016.02.18-00.46.30:196][  0]LogDerivedDataCache: FDerivedDataBackendGraph:  Pak pak cache file ../../../../../../Users/demo/Documents/GitHub/practicevr/PracticeVR/DerivedDataCache/DDC.ddp not found, will not use a pak cache.
[2016.02.18-00.46.30:196][  0]LogDerivedDataCache: Unable to find inner node Pak for hierarchical cache Hierarchy.
[2016.02.18-00.46.30:196][  0]LogDerivedDataCache: FDerivedDataBackendGraph:  CompressedPak pak cache file ../../../../../../Users/demo/Documents/GitHub/practicevr/PracticeVR/DerivedDataCache/Compressed.ddp not found, will not use a pak cache.
[2016.02.18-00.46.30:196][  0]LogDerivedDataCache: Unable to find inner node CompressedPak for hierarchical cache Hierarchy.
[2016.02.18-00.46.30:240][  0]LogDerivedDataCache:Display: Pak cache opened for reading ../../../Engine/DerivedDataCache/Compressed.ddp.
[2016.02.18-00.46.30:252][  0]LogDerivedDataCache: Using Local data cache path C:/Users/demo/AppData/Local/UnrealEngine/Common/DerivedDataCache: Writable
[2016.02.18-00.46.30:382][  0]LogInit: Selected Device Profile: [Windows]
[2016.02.18-00.46.30:384][  0]LogContentStreaming: Texture pool size is 0.000000MB
[2016.02.18-00.46.30:464][  0]LogMeshUtilities: No automatic mesh reduction module available
[2016.02.18-00.46.30:464][  0]LogMeshUtilities: No automatic mesh merging module available
[2016.02.18-00.46.30:618][  0]LogInit: WinSock: version 1.1 (2.2), MaxSocks=32767, MaxUdp=65467
[2016.02.18-00.46.31:148][  0]UdpMessaging: Initializing bridge on interface 0.0.0.0:0 to multicast group 230.0.0.1:6666.
[2016.02.18-00.46.31:279][  0]LogAssetRegistry: FAssetRegistry took 0.0115 seconds to start up
[2016.02.18-00.46.31:392][  0]SourceControl: Info Source control is disabled
[2016.02.18-00.46.31:421][  0]SourceControl: Info Source control is disabled
[2016.02.18-00.46.31:431][  0]SourceControl: Info Source control is disabled
[2016.02.18-00.46.31:438][  0]SourceControl: Info Source control is disabled
[2016.02.18-00.46.31:593][  0]LogObj: 28633 objects as part of root set at end of initial load.
[2016.02.18-00.46.31:593][  0]LogUObjectAllocator: 6099744 out of 0 bytes used by permanent object pool.
[2016.02.18-00.46.31:638][  0]LogEngine: Initializing Engine...
[2016.02.18-00.46.31:640][  0]LogHMD: Can't find Oculus library dev build: is proper Runtime installed? Version: 0.8.0.0
[2016.02.18-00.46.32:820][  0]LogHMD: SteamVR initialized.  Driver: lighthouse  Display: LHR-452284F5
[2016.02.18-00.46.32:915][  0]LogAIModule: Creating AISystem for world NewWorld
[2016.02.18-00.46.32:921][  0]LogInit: XAudio2 using 'Speakers (USB Audio Device)' : 2 channels at 44.1 kHz using 16 bits per sample (channel mask 0x3)
[2016.02.18-00.46.32:932][  0]LogInit: FAudioDevice initialized.
[2016.02.18-00.46.32:950][  0]LogDerivedDataCache: Saved boot cache 0.02s 41MB C:/Users/demo/AppData/Local/UnrealEngine/4.10/DerivedDataCache/Boot.ddc.
[2016.02.18-00.46.32:953][  0]LogInit: Texture streaming: Enabled
[2016.02.18-00.46.32:959][  0]LogAnalytics: Creating configured Analytics provider AnalyticsET
[2016.02.18-00.46.32:959][  0]LogAnalytics: [UEEditor.Rocket.Release] APIServer = http://et2.epicgames.com/ET2/. AppVersion = 4.10.3-2866931+++depot+UE4-Releases+4.10
[2016.02.18-00.46.32:959][  0]LogAnalytics: [UEEditor.Rocket.Release] SetUserId dace05c344f3165ba6907d8fb994670d|36cf517b4d86471bb12e26a25eb81198|c0875fa7-5c44-4913-af9b-c7a689be2d5a
[2016.02.18-00.46.32:959][  0]LogAnalytics: [UEEditor.Rocket.Release] AnalyticsET::StartSession
[2016.02.18-00.46.32:966][  0]LogInit: Transaction tracking system initialized
[2016.02.18-00.46.32:990][  0]BlueprintLog: New page: Editor Load
[2016.02.18-00.46.33:056][  0]LocalizationService: Info Localization service is disabled
[2016.02.18-00.46.33:113][  0]LogConsoleResponse:Display: 
[2016.02.18-00.46.33:198][  0]LogCook:Display: Done creating registry. It took  0.00s.
[2016.02.18-00.46.33:243][  0]LogFileCache: Scanning file cache for directory 'C:/Users/demo/Documents/GitHub/practicevr/PracticeVR/Content/' took 0.01s
[2016.02.18-00.46.33:243][  0]SourceControl: Info Source control is disabled
[2016.02.18-00.46.33:243][  0]Cmd: MAP LOAD FILE="../../../../../../Users/demo/Documents/GitHub/practicevr/PracticeVR/Content/StarterContent/Maps/Minimal_Default.umap" TEMPLATE=0 SHOWPROGRESS=1 FEATURELEVEL=3
[2016.02.18-00.46.33:244][  0]LightingResults: New page: Lighting Build
[2016.02.18-00.46.33:246][  0]MapCheck: New page: Map Check
[2016.02.18-00.46.33:246][  0]LightingResults: New page: Lighting Build
[2016.02.18-00.46.33:255][  0]LogParticles: Destroying 0 GPU particle simulations for FXSystem 0x000000F1DF49FB00
[2016.02.18-00.46.33:497][  0]LogAIModule: Creating AISystem for world Minimal_Default
[2016.02.18-00.46.33:502][  0]LogEditorServer: Finished looking for orphan Actors (0.000 secs)
[2016.02.18-00.46.33:503][  0]Cmd: MAP CHECKDEP NOCLEARLOG
[2016.02.18-00.46.33:536][  0]MapCheck: Info Map check complete: 0 Error(s), 0 Warning(s), took 32.978ms to complete.
[2016.02.18-00.46.33:536][  0]LogFileHelpers: Loading map 'Minimal_Default' took 0.292
[2016.02.18-00.46.33:635][  0]LogCollectionManager: Loaded 0 collections in 0.001903 seconds
[2016.02.18-00.46.33:675][  0]LogFileCache: Scanning file cache for directory 'C:/Users/demo/Documents/GitHub/practicevr/PracticeVR/Saved/Collections/' took 0.01s
[2016.02.18-00.46.33:675][  0]LogFileCache: Scanning file cache for directory 'C:/Users/demo/Documents/GitHub/practicevr/PracticeVR/Content/Developers/demo/Collections/' took 0.01s
[2016.02.18-00.46.33:675][  0]LogFileCache: Scanning file cache for directory 'C:/Users/demo/Documents/GitHub/practicevr/PracticeVR/Content/Collections/' took 0.01s
[2016.02.18-00.46.33:675][  0]LogCollectionManager: Rebuilt the GUID cache for 0 collections in 0.000001 seconds
[2016.02.18-00.46.33:680][  0]LogContentBrowser: Native class hierarchy populated in 0.0056 seconds. Added 1893 classes and 338 folders.
[2016.02.18-00.46.33:686][  0]LogContentBrowser: Native class hierarchy updated for 'WidgetCarousel' in 0.0002 seconds. Added 0 classes and 0 folders.
[2016.02.18-00.46.33:717][  0]LogContentBrowser: Native class hierarchy updated for 'AddContentDialog' in 0.0003 seconds. Added 0 classes and 0 folders.
[2016.02.18-00.46.33:721][  0]LogContentBrowser: Native class hierarchy updated for 'SceneOutliner' in 0.0003 seconds. Added 1 classes and 2 folders.
[2016.02.18-00.46.33:757][  0]LogCrashTracker: Crashtracker disabled due to settings.
[2016.02.18-00.46.33:759][  0]LogUObjectGlobals:Warning: Failed to find object 'Class None.'
[2016.02.18-00.46.33:781][  0]LogLoad: Full Startup: 5.08 seconds (BP compile: 0.03 seconds)
[2016.02.18-00.46.33:792][  0]LogOcInput: Can't find Oculus library dev build: is proper Runtime installed? Version: 0.8.0.0
[2016.02.18-00.46.33:834][  0]LogContentStreaming: Texture pool size now 400 MB
[2016.02.18-00.46.33:944][  0]LogRenderer: Reallocating scene render targets to support 924x480 (Frame:2).
[2016.02.18-00.46.34:119][  2]LogAssetRegistry: Asset discovery search completed in 2.8509 seconds
[2016.02.18-00.46.34:119][  2]LogCollectionManager: Rebuilt the object cache for 0 collections in 0.000001 seconds (found 0 objects)
[2016.02.18-00.46.34:119][  2]LogCollectionManager: Fixed up redirectors for 0 collections in 0.000024 seconds (updated 0 objects)
[2016.02.18-00.46.39:882][602]LogAIModule: Creating AISystem for world VR_Level
[2016.02.18-00.46.39:905][602]Cmd: MAP LOAD FILE="../../../../../../Users/demo/Documents/GitHub/practicevr/PracticeVR/Content/Levels/VR_Level.umap" TEMPLATE=0 SHOWPROGRESS=1 FEATURELEVEL=3
[2016.02.18-00.46.39:905][602]LightingResults: New page: Lighting Build
[2016.02.18-00.46.39:917][602]LoadErrors: New page: Loading map: VR_Level.umap
[2016.02.18-00.46.39:917][602]MapCheck: New page: Map Check
[2016.02.18-00.46.39:917][602]LightingResults: New page: Lighting Build
[2016.02.18-00.46.39:926][602]LogParticles: Destroying 0 GPU particle simulations for FXSystem 0x000000F1CEEF71A0
[2016.02.18-00.46.39:952][602]LogEditorServer: Finished looking for orphan Actors (0.000 secs)
[2016.02.18-00.46.39:972][602]Cmd: MAP CHECKDEP NOCLEARLOG
[2016.02.18-00.46.40:006][602]MapCheck: Info Map check complete: 0 Error(s), 0 Warning(s), took 34.654ms to complete.
[2016.02.18-00.46.40:006][602]LogFileHelpers: Loading map 'VR_Level' took 0.102
[2016.02.18-00.46.53:523][206]LogLinker:Warning: Asset '../../../Engine/Content/ArtTools/RenderToTexture/Macros/RenderToTextureMacros.uasset' has been saved with empty engine version. The asset will be loaded but may be incompatible.
[2016.02.18-00.46.53:823][206]LogContentBrowser: Native class hierarchy updated for 'BlueprintGraph' in 0.0005 seconds. Added 107 classes and 0 folders.
[2016.02.18-00.47.16:020][803]LogPlayLevel: PlayLevel: No blueprints needed recompiling
[2016.02.18-00.47.16:020][803]PIE: New page: PIE session: VR_Level (Feb 17, 2016, 2:47:16 PM)
[2016.02.18-00.47.16:020][803]LogPlayLevel: Creating play world package: /Game/Levels/UEDPIE_0_VR_Level
[2016.02.18-00.47.16:023][803]LogPlayLevel: PIE: StaticDuplicateObject took: (0.002511s)
[2016.02.18-00.47.16:023][803]LogAIModule: Creating AISystem for world VR_Level
[2016.02.18-00.47.16:023][803]LogPlayLevel: PIE: World Init took: (0.000688s)
[2016.02.18-00.47.16:024][803]LogPlayLevel: PIE: Created PIE world by copying editor world from /Game/Levels/VR_Level.VR_Level to /Game/Levels/UEDPIE_0_VR_Level.VR_Level (0.003417s)
[2016.02.18-00.47.16:052][803]LogInit: XAudio2 using 'Speakers (USB Audio Device)' : 2 channels at 44.1 kHz using 16 bits per sample (channel mask 0x3)
[2016.02.18-00.47.16:057][803]LogInit: FAudioDevice initialized.
[2016.02.18-00.47.16:165][803]LogWorld: Game class is 'VR_GameMode_C'
[2016.02.18-00.47.16:167][803]LogWorld: Bringing World /Game/Levels/UEDPIE_0_VR_Level.VR_Level up for play (max tick rate 0) at 2016.02.17-19.47.16
[2016.02.18-00.47.16:168][803]LogActor:Warning: GameSession /Game/Levels/UEDPIE_0_VR_Level.VR_Level:PersistentLevel.GameSession_0 has natively added scene component(s), but none of them were set as the actor's RootComponent - picking one arbitrarily
[2016.02.18-00.47.16:168][803]LogActor:Warning: GameNetworkManager /Game/Levels/UEDPIE_0_VR_Level.VR_Level:PersistentLevel.GameNetworkManager_0 has natively added scene component(s), but none of them were set as the actor's RootComponent - picking one arbitrarily
[2016.02.18-00.47.16:168][803]LogWorld: Bringing up level for play took: 0.001583
[2016.02.18-00.47.16:179][803]PIE: Info Play in editor start time for /Game/Levels/UEDPIE_0_VR_Level -0.374
[2016.02.18-00.47.16:181][803]LogRenderer: Reallocating scene render targets to support 1292x672 (Frame:257).
[2016.02.18-00.47.16:195][804]LogRenderer: Reallocating scene render targets to support 3024x1680 (Frame:258).
[2016.02.18-00.47.16:209][805]LogRenderTargetPool:Warning: r.RenderTargetPoolMin exceeded 370/350 MB (ok in editor, bad on fixed memory platform)
[2016.02.18-00.47.21:280][820]LogRenderTargetPool:Warning: r.RenderTargetPoolMin exceeded 370/350 MB (ok in editor, bad on fixed memory platform)
[2016.02.18-00.47.26:383][860]LogRenderTargetPool:Warning: r.RenderTargetPoolMin exceeded 370/350 MB (ok in editor, bad on fixed memory platform)
[2016.02.18-00.47.26:430][860]LogParticles: Destroying 0 GPU particle simulations for FXSystem 0x000000F192BCCEA0
[2016.02.18-00.47.28:568][109]MapCheck: New page: Map Check
[2016.02.18-00.47.28:592][109]Cmd: MAP REBUILD ALLVISIBLE
[2016.02.18-00.47.28:592][109]LogEditorServer: Rebuildmap Clear paths rebuilt
[2016.02.18-00.47.28:673][109]MapCheck:Warning: Warning WorldSettings_1 Hierarchical LOD System is disabled or no HLOD level settings available, unable to build LOD actors. 
[2016.02.18-00.47.28:674][109]LogStats:          STAT_HLOD_BuildClusters - 21.649 ms
[2016.02.18-00.47.28:674][109]LightingResults: New page: Lighting Build - Feb 17, 2016, 2:47:28 PM
[2016.02.18-00.47.31:449][109]LogStaticLightingSystem:Warning: No importance volume found, so the scene bounding box was used.  You can optimize your scene's quality and lighting build times by adding importance volumes.
[2016.02.18-00.47.31:449][109]LogStaticLightingSystem: Running Lightmass w/ ImmediateImport mode ENABLED
[2016.02.18-00.47.31:449][109]LogStaticLightingSystem: Running Lightmass w/ ImmediateProcess mode ENABLED
[2016.02.18-00.47.31:449][109]LogStaticLightingSystem: Running Lightmass w/ Sorting mode ENABLED
[2016.02.18-00.47.31:449][109]LogStaticLightingSystem: Running Lightmass w/ Mapping paddings ENABLED
[2016.02.18-00.47.31:449][109]LogStaticLightingSystem: Running Lightmass w/ Mapping debug paddings DISABLED
[2016.02.18-00.47.31:554][109]LogEditorBuildUtils: Build time 0:00:02
[2016.02.18-00.47.31:620][110]LogRenderTargetPool:Warning: r.RenderTargetPoolMin exceeded 416/350 MB (ok in editor, bad on fixed memory platform)
[2016.02.18-00.47.31:620][110]LogMaterial: Missing cached shader map for material FLightmassMaterialRenderer BasicShapeMaterial, compiling. 
[2016.02.18-00.47.31:624][110]LogMaterial: Missing cached shader map for material FLightmassMaterialRenderer BasicShapeMaterial, compiling. 
[2016.02.18-00.47.34:079][202]Job is a success!
[2016.02.18-00.47.34:133][203]LogTexture:Display: Building textures: HQ_Lightmap0_1 (AutoDXT)
[2016.02.18-00.47.34:156][203]LogTexture:Display: Building textures: LQ_Lightmap_1_2 (DXT1)
[2016.02.18-00.47.34:157][203]LogTexture:Display: Building textures: HQ_Lightmap1_2 (AutoDXT)
[2016.02.18-00.47.34:157][203]LogTexture:Display: Building textures: LQ_Lightmap_0_1 (DXT1)
[2016.02.18-00.47.34:176][203]LogTexture:Display: Building textures: ShadowMapTexture2D_0 (G8)
[2016.02.18-00.47.34:177][203]LogTexture:Display: Building textures: ShadowMapTexture2D_3 (G8)
[2016.02.18-00.47.34:195][203]Lightmass on ETC-WIN10-006: 752 ms total, 203 ms importing, 2 ms setup, 269 ms photons, 267 ms processing, 0 ms extra exporting [5/5 mappings]. Threads: 1.71 sec total, 280 ms processing.
[2016.02.18-00.47.34:225][203]LogStaticLightingSystem: Illumination: 5.53 sec (50 ms encoding lightmaps)
[2016.02.18-00.47.34:226][203]LogStaticLightingSystem: Lightmap texture memory:  0.1 MB (0.1 MB streaming, 0.0 MB non-streaming), 4 textures
[2016.02.18-00.47.34:226][203]LogStaticLightingSystem: Shadowmap texture memory: 0.0 MB (0.0 MB streaming, 0.0 MB non-streaming), 2 textures
[2016.02.18-00.47.34:455][204]Cmd: MAP CHECK NOTIFYRESULTS
[2016.02.18-00.47.34:456][204]MapCheck: New page: VR_Level - Feb 17, 2016, 2:47:34 PM
[2016.02.18-00.47.34:498][204]MapCheck: Info Map check complete: 0 Error(s), 0 Warning(s), took 42.568ms to complete.
[2016.02.18-00.47.39:284][768]LogPlayLevel: PlayLevel: No blueprints needed recompiling
[2016.02.18-00.47.39:284][768]PIE: New page: PIE session: VR_Level (Feb 17, 2016, 2:47:39 PM)
[2016.02.18-00.47.39:285][768]LogPlayLevel: Creating play world package: /Game/Levels/UEDPIE_0_VR_Level
[2016.02.18-00.47.39:287][768]LogPlayLevel: PIE: StaticDuplicateObject took: (0.002022s)
[2016.02.18-00.47.39:287][768]LogAIModule: Creating AISystem for world VR_Level
[2016.02.18-00.47.39:287][768]LogPlayLevel: PIE: World Init took: (0.000659s)
[2016.02.18-00.47.39:287][768]LogPlayLevel: PIE: Created PIE world by copying editor world from /Game/Levels/VR_Level.VR_Level to /Game/Levels/UEDPIE_0_VR_Level.VR_Level (0.002849s)
[2016.02.18-00.47.39:315][768]LogInit: XAudio2 using 'Speakers (USB Audio Device)' : 2 channels at 44.1 kHz using 16 bits per sample (channel mask 0x3)
[2016.02.18-00.47.39:319][768]LogInit: FAudioDevice initialized.
[2016.02.18-00.47.39:417][768]LogWorld: Game class is 'VR_GameMode_C'
[2016.02.18-00.47.39:419][768]LogWorld: Bringing World /Game/Levels/UEDPIE_0_VR_Level.VR_Level up for play (max tick rate 0) at 2016.02.17-19.47.39
[2016.02.18-00.47.39:419][768]LogActor:Warning: GameSession /Game/Levels/UEDPIE_0_VR_Level.VR_Level:PersistentLevel.GameSession_1 has natively added scene component(s), but none of them were set as the actor's RootComponent - picking one arbitrarily
[2016.02.18-00.47.39:419][768]LogActor:Warning: GameNetworkManager /Game/Levels/UEDPIE_0_VR_Level.VR_Level:PersistentLevel.GameNetworkManager_1 has natively added scene component(s), but none of them were set as the actor's RootComponent - picking one arbitrarily
[2016.02.18-00.47.39:419][768]LogWorld: Bringing up level for play took: 0.001482
[2016.02.18-00.47.39:431][768]PIE: Info Play in editor start time for /Game/Levels/UEDPIE_0_VR_Level 0.869
[2016.02.18-00.47.39:471][770]LogRenderTargetPool:Warning: r.RenderTargetPoolMin exceeded 448/350 MB (ok in editor, bad on fixed memory platform)
[2016.02.18-00.47.47:518][933]LogParticles: Destroying 0 GPU particle simulations for FXSystem 0x000000F1EA957060
[2016.02.18-00.47.47:539][934]LogRenderTargetPool:Warning: r.RenderTargetPoolMin exceeded 377/350 MB (ok in editor, bad on fixed memory platform)
[2016.02.18-00.47.53:340][156]Cmd: OBJ SAVEPACKAGE PACKAGE="/Game/Levels/VR_Level" FILE="../../../../../../Users/demo/Documents/GitHub/practicevr/PracticeVR/Content/Levels/VR_Level.umap" SILENT=true AUTOSAVING=false KEEPDIRTY=false
[2016.02.18-00.47.53:395][156]LogSavePackage: Save=25.836166ms
[2016.02.18-00.47.53:395][156]LogSavePackage: Moving '../../../../../../Users/demo/Documents/GitHub/practicevr/PracticeVR/Saved/VR_Level79B03D964EC996A283B505A44F55B422.tmp' to '../../../../../../Users/demo/Documents/GitHub/practicevr/PracticeVR/Content/Levels/VR_Level.umap'
[2016.02.18-00.47.53:397][156]LogSavePackage: Total save time: 35.649922ms
[2016.02.18-00.47.53:397][156]LogSavePackage:Display: Finished SavePackage ../../../../../../Users/demo/Documents/GitHub/practicevr/PracticeVR/Content/Levels/VR_Level.umap
[2016.02.18-00.47.53:436][158]LogRenderTargetPool:Warning: r.RenderTargetPoolMin exceeded 377/350 MB (ok in editor, bad on fixed memory platform)
[2016.02.18-00.47.53:605][178]LogTexture:Warning: Failed to stream mip data from the derived data cache for /Game/Levels/VR_Level.HQ_Lightmap1_1. Streaming mips will be recached.
[2016.02.18-00.47.53:605][178]LogTexture:Display: Building textures: HQ_Lightmap1_1 (AutoDXT)
[2016.02.18-00.47.54:775][304]LogWindowsTextInputMethodSystem:Display: IME system now deactivated.
[2016.02.18-00.47.54:952][305]Cmd: QUIT_EDITOR
[2016.02.18-00.47.55:864][305]LogExit: Preparing to exit.
[2016.02.18-00.47.56:242][305]LogExit: Editor shut down
[2016.02.18-00.47.56:243][305]LogExit: Transaction tracking system shut down
[2016.02.18-00.47.56:244][305]LogParticles: Destroying 0 GPU particle simulations for FXSystem 0x000000F1F0A48900
[2016.02.18-00.47.56:244][305]LogParticles: Destroying 0 GPU particle simulations for FXSystem 0x000000F1EA8B8C20
[2016.02.18-00.47.56:244][305]LogParticles: Destroying 0 GPU particle simulations for FXSystem 0x000000F1EB493880
[2016.02.18-00.47.56:244][305]LogParticles: Destroying 0 GPU particle simulations for FXSystem 0x000000F1F0A49940
[2016.02.18-00.47.56:245][305]LogParticles: Destroying 0 GPU particle simulations for FXSystem 0x000000F1D00404A0
[2016.02.18-00.47.56:378][305]LogExit: Object subsystem successfully closed.
[2016.02.18-00.47.56:387][305]LogD3D11RHI: Shutdown
[2016.02.18-00.47.56:387][305]LogD3D11RHI: CleanupD3DDevice
[2016.02.18-00.47.56:388][305]LogD3D11RHI: ~FD3D11DynamicRHI
[2016.02.18-00.47.56:399][305]LogModuleManager: Shutting down and abandoning module CookingStats (200)
[2016.02.18-00.47.56:399][305]LogModuleManager: Shutting down and abandoning module BlueprintGraph (199)
[2016.02.18-00.47.56:399][305]LogModuleManager: Shutting down and abandoning module CrashTracker (198)
[2016.02.18-00.47.56:399][305]LogModuleManager: Shutting down and abandoning module SceneOutliner (197)
[2016.02.18-00.47.56:399][305]LogModuleManager: Shutting down and abandoning module SuperSearch (196)
[2016.02.18-00.47.56:400][305]LogModuleManager: Shutting down and abandoning module WidgetCarousel (195)
[2016.02.18-00.47.56:400][305]LogModuleManager: Shutting down and abandoning module AddContentDialog (194)
[2016.02.18-00.47.56:400][305]LogModuleManager: Shutting down and abandoning module EditorWidgets (193)
[2016.02.18-00.47.56:400][305]LogModuleManager: Shutting down and abandoning module CollectionManager (192)
[2016.02.18-00.47.56:401][305]LogModuleManager: Shutting down and abandoning module StatsViewer (191)
[2016.02.18-00.47.56:401][305]LogModuleManager: Shutting down and abandoning module FoliageEdit (190)
[2016.02.18-00.47.56:401][305]LogModuleManager: Shutting down and abandoning module LandscapeEditor (189)
[2016.02.18-00.47.56:401][305]LogModuleManager: Shutting down and abandoning module ActorPickerMode (188)
[2016.02.18-00.47.56:401][305]LogModuleManager: Shutting down and abandoning module GeometryMode (187)
[2016.02.18-00.47.56:401][305]LogModuleManager: Shutting down and abandoning module TextureAlignMode (186)
[2016.02.18-00.47.56:401][305]LogModuleManager: Shutting down and abandoning module BspMode (185)
[2016.02.18-00.47.56:401][305]LogModuleManager: Shutting down and abandoning module PlacementMode (184)
[2016.02.18-00.47.56:401][305]LogModuleManager: Shutting down and abandoning module AutomationWorker (183)
[2016.02.18-00.47.56:401][305]LogModuleManager: Shutting down and abandoning module CharacterAI (182)
[2016.02.18-00.47.56:401][305]LogModuleManager: Shutting down and abandoning module SmartSnapping (181)
[2016.02.18-00.47.56:401][305]LogModuleManager: Shutting down and abandoning module ViewportSnapping (180)
[2016.02.18-00.47.56:401][305]LogModuleManager: Shutting down and abandoning module LogVisualizer (179)
[2016.02.18-00.47.56:401][305]LogModuleManager: Shutting down and abandoning module GameProjectGeneration (178)
[2016.02.18-00.47.56:401][305]LogModuleManager: Shutting down and abandoning module IntroTutorials (177)
[2016.02.18-00.47.56:401][305]LogModuleManager: Shutting down and abandoning module EditorLiveStreaming (176)
[2016.02.18-00.47.56:401][305]LogModuleManager: Shutting down and abandoning module IOSPlatformEditor (175)
[2016.02.18-00.47.56:401][305]LogModuleManager: Shutting down and abandoning module HTML5PlatformEditor (174)
[2016.02.18-00.47.56:401][305]LogModuleManager: Shutting down and abandoning module AndroidDeviceDetection (173)
[2016.02.18-00.47.57:136][305]LogModuleManager: Shutting down and abandoning module AndroidPlatformEditor (172)
[2016.02.18-00.47.57:136][305]LogModuleManager: Shutting down and abandoning module IOSRuntimeSettings (171)
[2016.02.18-00.47.57:136][305]LogModuleManager: Shutting down and abandoning module AndroidRuntimeSettings (170)
[2016.02.18-00.47.57:136][305]LogModuleManager: Shutting down and abandoning module MergeActors (169)
[2016.02.18-00.47.57:136][305]LogModuleManager: Shutting down and abandoning module SizeMap (168)
[2016.02.18-00.47.57:136][305]LogModuleManager: Shutting down and abandoning module TreeMap (167)
[2016.02.18-00.47.57:136][305]LogModuleManager: Shutting down and abandoning module ReferenceViewer (166)
[2016.02.18-00.47.57:136][305]LogModuleManager: Shutting down and abandoning module LocalizationService (165)
[2016.02.18-00.47.57:136][305]LogModuleManager: Shutting down and abandoning module LocalizationDashboard (164)
[2016.02.18-00.47.57:136][305]LogModuleManager: Shutting down and abandoning module HardwareTargeting (163)
[2016.02.18-00.47.57:136][305]LogModuleManager: Shutting down and abandoning module DeviceProfileEditor (162)
[2016.02.18-00.47.57:136][305]LogModuleManager: Shutting down and abandoning module UndoHistory (161)
[2016.02.18-00.47.57:136][305]LogModuleManager: Shutting down and abandoning module GameplayTagsEditor (160)
[2016.02.18-00.47.57:136][305]LogModuleManager: Shutting down and abandoning module UserFeedback (159)
[2016.02.18-00.47.57:136][305]LogModuleManager: Shutting down and abandoning module XmlParser (158)
[2016.02.18-00.47.57:136][305]LogModuleManager: Shutting down and abandoning module Blutility (157)
[2016.02.18-00.47.57:136][305]LogModuleManager: Shutting down and abandoning module ProjectTargetPlatformEditor (156)
[2016.02.18-00.47.57:137][305]LogModuleManager: Shutting down and abandoning module ProjectSettingsViewer (155)
[2016.02.18-00.47.57:137][305]LogModuleManager: Shutting down and abandoning module InputBindingEditor (154)
[2016.02.18-00.47.57:137][305]LogModuleManager: Shutting down and abandoning module EditorSettingsViewer (153)
[2016.02.18-00.47.57:137][305]LogModuleManager: Shutting down and abandoning module SettingsEditor (152)
[2016.02.18-00.47.57:137][305]LogModuleManager: Shutting down and abandoning module ProjectLauncher (151)
[2016.02.18-00.47.57:137][305]LogModuleManager: Shutting down and abandoning module SessionFrontend (150)
[2016.02.18-00.47.57:137][305]LogModuleManager: Shutting down and abandoning module ProfilerClient (149)
[2016.02.18-00.47.57:137][305]LogModuleManager: Shutting down and abandoning module TargetDeviceServices (148)
[2016.02.18-00.47.57:137][305]LogModuleManager: Shutting down and abandoning module DeviceManager (147)
[2016.02.18-00.47.57:137][305]LogModuleManager: Shutting down and abandoning module AutomationController (146)
[2016.02.18-00.47.57:137][305]LogModuleManager: Shutting down and abandoning module AutomationWindow (145)
[2016.02.18-00.47.57:137][305]LogModuleManager: Shutting down and abandoning module Layers (144)
[2016.02.18-00.47.57:137][305]LogModuleManager: Shutting down and abandoning module ComponentVisualizers (143)
[2016.02.18-00.47.57:137][305]LogModuleManager: Shutting down and abandoning module DetailCustomizations (142)
[2016.02.18-00.47.57:137][305]LogModuleManager: Shutting down and abandoning module PackagesDialog (141)
[2016.02.18-00.47.57:138][305]LogModuleManager: Shutting down and abandoning module Persona (140)
[2016.02.18-00.47.57:138][305]LogModuleManager: Shutting down and abandoning module Kismet (139)
[2016.02.18-00.47.57:138][305]LogModuleManager: Shutting down and abandoning module GraphEditor (138)
[2016.02.18-00.47.57:138][305]LogModuleManager: Shutting down and abandoning module ClassViewer (137)
[2016.02.18-00.47.57:138][305]LogModuleManager: Shutting down and abandoning module Toolbox (136)
[2016.02.18-00.47.57:138][305]LogModuleManager: Shutting down and abandoning module ModuleUI (135)
[2016.02.18-00.47.57:138][305]LogModuleManager: Shutting down and abandoning module MovieSceneTools (134)
[2016.02.18-00.47.57:138][305]LogModuleManager: Shutting down and abandoning module OutputLog (133)
[2016.02.18-00.47.57:138][305]LogModuleManager: Shutting down and abandoning module GammaUI (132)
[2016.02.18-00.47.57:138][305]LogModuleManager: Shutting down and abandoning module Documentation (131)
[2016.02.18-00.47.57:138][305]LogModuleManager: Shutting down and abandoning module GameLiveStreaming (130)
[2016.02.18-00.47.57:138][305]LogModuleManager: Shutting down and abandoning module StreamingPauseRendering (129)
[2016.02.18-00.47.57:138][305]LogModuleManager: Shutting down and abandoning module AnalyticsET (128)
[2016.02.18-00.47.57:138][305]LogModuleManager: Shutting down and abandoning module Analytics (127)
[2016.02.18-00.47.57:138][305]LogModuleManager: Shutting down and abandoning module AITestSuite (126)
[2016.02.18-00.47.57:138][305]LogModuleManager: Shutting down and abandoning module GameplayDebugger (125)
[2016.02.18-00.47.57:138][305]LogModuleManager: Shutting down and abandoning module AIModule (124)
[2016.02.18-00.47.57:138][305]LogModuleManager: Shutting down and abandoning module ProfilerService (123)
[2016.02.18-00.47.57:213][305]LogModuleManager: Shutting down and abandoning module TaskGraph (122)
[2016.02.18-00.47.57:213][305]LogModuleManager: Shutting down and abandoning module SlateRemote (121)
[2016.02.18-00.47.57:213][305]LogModuleManager: Shutting down and abandoning module SteamVRController (120)
[2016.02.18-00.47.57:213][305]LogModuleManager: Shutting down and abandoning module SteamVR (119)
[2016.02.18-00.47.57:213][305]LogModuleManager: Shutting down and abandoning module ProceduralMeshComponent (118)
[2016.02.18-00.47.57:213][305]LogModuleManager: Shutting down and abandoning module OculusLibrary (117)
[2016.02.18-00.47.57:213][305]LogModuleManager: Shutting down and abandoning module OculusInput (116)
[2016.02.18-00.47.57:213][305]LogModuleManager: Shutting down and abandoning module LeapMotionController (115)
[2016.02.18-00.47.57:229][305]LogModuleManager: Shutting down and abandoning module CustomMeshComponent (114)
[2016.02.18-00.47.57:229][305]LogModuleManager: Shutting down and abandoning module CableComponent (113)
[2016.02.18-00.47.57:229][305]LogModuleManager: Shutting down and abandoning module ArchVisCharacter (112)
[2016.02.18-00.47.57:229][305]LogModuleManager: Shutting down and abandoning module MessagingDebugger (111)
[2016.02.18-00.47.57:229][305]LogModuleManager: Shutting down and abandoning module MediaPlayerEditor (110)
[2016.02.18-00.47.57:229][305]LogModuleManager: Shutting down and abandoning module HTML5Networking (109)
[2016.02.18-00.47.57:229][305]LogModuleManager: Shutting down and abandoning module SpeedTreeImporter (108)
[2016.02.18-00.47.57:229][305]LogModuleManager: Shutting down and abandoning module PluginBrowser (107)
[2016.02.18-00.47.57:229][305]LogModuleManager: Shutting down and abandoning module EpicSurvey (106)
[2016.02.18-00.47.57:229][305]LogModuleManager: Shutting down and abandoning module DesktopPlatform (105)
[2016.02.18-00.47.57:230][305]LogModuleManager: Shutting down and abandoning module VisualStudioSourceCodeAccess (104)
[2016.02.18-00.47.57:230][305]LogModuleManager: Shutting down and abandoning module UObjectPlugin (103)
[2016.02.18-00.47.57:230][305]LogModuleManager: Shutting down and abandoning module SubversionSourceControl (102)
[2016.02.18-00.47.57:230][305]LogModuleManager: Shutting down and abandoning module PerforceSourceControl (101)
[2016.02.18-00.47.57:230][305]LogModuleManager: Shutting down and abandoning module SourceControl (100)
[2016.02.18-00.47.57:230][305]LogModuleManager: Shutting down and abandoning module GitSourceControl (99)
[2016.02.18-00.47.57:230][305]LogModuleManager: Shutting down and abandoning module LightPropagationVolumeEditor (98)
[2016.02.18-00.47.57:230][305]LogModuleManager: Shutting down and abandoning module PaperTiledImporter (97)
[2016.02.18-00.47.57:230][305]LogModuleManager: Shutting down and abandoning module PaperSpriteSheetImporter (96)
[2016.02.18-00.47.57:230][305]LogModuleManager: Shutting down and abandoning module MeshPaint (95)
[2016.02.18-00.47.57:230][305]LogModuleManager: Shutting down and abandoning module SlateReflector (94)
[2016.02.18-00.47.57:230][305]LogModuleManager: Shutting down and abandoning module HotReload (93)
[2016.02.18-00.47.57:230][305]LogModuleManager: Shutting down and abandoning module MainFrame (92)
[2016.02.18-00.47.57:230][305]LogModuleManager: Shutting down and abandoning module LevelEditor (91)
[2016.02.18-00.47.57:231][305]LogModuleManager: Shutting down and abandoning module DirectoryWatcher (90)
[2016.02.18-00.47.57:232][305]LogModuleManager: Shutting down and abandoning module AssetRegistry (89)
[2016.02.18-00.47.57:317][305]LogModuleManager: Shutting down and abandoning module ContentBrowser (88)
[2016.02.18-00.47.57:318][305]LogModuleManager: Shutting down and abandoning module Paper2DEditor (87)
[2016.02.18-00.47.57:318][305]LogModuleManager: Shutting down and abandoning module UdpMessaging (86)
[2016.02.18-00.47.57:419][305]LogModuleManager: Shutting down and abandoning module LightPropagationVolumeRuntime (85)
[2016.02.18-00.47.57:419][305]LogModuleManager: Shutting down and abandoning module Paper2D (84)
[2016.02.18-00.47.57:419][305]LogModuleManager: Shutting down and abandoning module WindowsMoviePlayer (83)
[2016.02.18-00.47.57:427][305]LogModuleManager: Shutting down and abandoning module Media (82)
[2016.02.18-00.47.57:427][305]LogModuleManager: Shutting down and abandoning module WmfMedia (81)
[2016.02.18-00.47.57:427][305]LogModuleManager: Shutting down and abandoning module OnlineBlueprintSupport (80)
[2016.02.18-00.47.57:427][305]LogModuleManager: Shutting down and abandoning module GameplayTasksEditor (79)
[2016.02.18-00.47.57:427][305]LogModuleManager: Shutting down and abandoning module PropertyEditor (78)
[2016.02.18-00.47.57:427][305]LogModuleManager: Shutting down and abandoning module BehaviorTreeEditor (77)
[2016.02.18-00.47.57:427][305]LogModuleManager: Shutting down and abandoning module FunctionalTesting (76)
[2016.02.18-00.47.57:428][305]LogModuleManager: Shutting down and abandoning module CollisionAnalyzer (75)
[2016.02.18-00.47.57:428][305]LogModuleManager: Shutting down and abandoning module WorkspaceMenuStructure (74)
[2016.02.18-00.47.57:428][305]LogModuleManager: Shutting down and abandoning module MessageLog (73)
[2016.02.18-00.47.57:428][305]LogModuleManager: Shutting down and abandoning module Sequencer (72)
[2016.02.18-00.47.57:428][305]LogModuleManager: Shutting down and abandoning module AssetTools (71)
[2016.02.18-00.47.57:428][305]LogModuleManager: Shutting down and abandoning module UMGEditor (70)
[2016.02.18-00.47.57:428][305]LogModuleManager: Shutting down and abandoning module UMG (69)
[2016.02.18-00.47.57:428][305]LogModuleManager: Shutting down and abandoning module Slate (68)
[2016.02.18-00.47.57:428][305]LogModuleManager: Shutting down and abandoning module EditorStyle (67)
[2016.02.18-00.47.57:435][305]LogModuleManager: Shutting down and abandoning module SessionServices (66)
[2016.02.18-00.47.57:435][305]LogModuleManager: Shutting down and abandoning module SourceCodeAccess (65)
[2016.02.18-00.47.57:435][305]LogModuleManager: Shutting down and abandoning module HeadMountedDisplay (64)
[2016.02.18-00.47.57:435][305]LogModuleManager: Shutting down and abandoning module XAudio2 (63)
[2016.02.18-00.47.57:435][305]LogModuleManager: Shutting down and abandoning module Networking (61)
[2016.02.18-00.47.57:435][305]LogModuleManager: Shutting down and abandoning module Core (60)
[2016.02.18-00.47.57:435][305]LogModuleManager: Shutting down and abandoning module KismetCompiler (59)
[2016.02.18-00.47.57:435][305]LogModuleManager: Shutting down and abandoning module PhysXFormats (58)
[2016.02.18-00.47.57:435][305]LogModuleManager: Shutting down and abandoning module MeshUtilities (57)
[2016.02.18-00.47.57:435][305]LogModuleManager: Shutting down and abandoning module DerivedDataCache (56)
[2016.02.18-00.47.57:827][305]LogDerivedDataCache: Shutdown
[2016.02.18-00.47.57:827][305]LogModuleManager: Shutting down and abandoning module ShaderFormatOpenGL (55)
[2016.02.18-00.47.57:827][305]LogModuleManager: Shutting down and abandoning module ShaderFormatD3D (54)
[2016.02.18-00.47.57:828][305]LogModuleManager: Shutting down and abandoning module MetalShaderFormat (53)
[2016.02.18-00.47.57:828][305]LogModuleManager: Shutting down and abandoning module TextureFormatUncompressed (52)
[2016.02.18-00.47.57:828][305]LogModuleManager: Shutting down and abandoning module TextureFormatPVR (51)
[2016.02.18-00.47.57:828][305]LogModuleManager: Shutting down and abandoning module TextureFormatIntelISPCTexComp (50)
[2016.02.18-00.47.57:828][305]LogModuleManager: Shutting down and abandoning module TextureFormatDXT (49)
[2016.02.18-00.47.57:828][305]LogModuleManager: Shutting down and abandoning module ImageWrapper (48)
[2016.02.18-00.47.57:828][305]LogModuleManager: Shutting down and abandoning module TextureFormatASTC (47)
[2016.02.18-00.47.57:828][305]LogModuleManager: Shutting down and abandoning module TextureFormatAndroid (46)
[2016.02.18-00.47.57:828][305]LogModuleManager: Shutting down and abandoning module AudioFormatOpus (45)
[2016.02.18-00.47.57:828][305]LogModuleManager: Shutting down and abandoning module AudioFormatOgg (44)
[2016.02.18-00.47.57:828][305]LogModuleManager: Shutting down and abandoning module AudioFormatADPCM (43)
[2016.02.18-00.47.57:828][305]LogModuleManager: Shutting down and abandoning module LinuxTargetPlatform (42)
[2016.02.18-00.47.57:828][305]LogModuleManager: Shutting down and abandoning module LinuxServerTargetPlatform (41)
[2016.02.18-00.47.57:828][305]LogModuleManager: Shutting down and abandoning module LinuxNoEditorTargetPlatform (40)
[2016.02.18-00.47.57:828][305]LogModuleManager: Shutting down and abandoning module Messaging (39)
[2016.02.18-00.47.57:828][305]LogModuleManager: Shutting down and abandoning module IOSTargetPlatform (38)
[2016.02.18-00.47.57:828][305]LogModuleManager: Shutting down and abandoning module HTML5TargetPlatform (37)
[2016.02.18-00.47.57:828][305]LogModuleManager: Shutting down and abandoning module Android_PVRTCTargetPlatform (36)
[2016.02.18-00.47.57:828][305]LogModuleManager: Shutting down and abandoning module Android_MultiTargetPlatform (35)
[2016.02.18-00.47.57:828][305]LogModuleManager: Shutting down and abandoning module Android_ETC2TargetPlatform (34)
[2016.02.18-00.47.57:828][305]LogModuleManager: Shutting down and abandoning module Android_ETC1TargetPlatform (33)
[2016.02.18-00.47.57:828][305]LogModuleManager: Shutting down and abandoning module Android_DXTTargetPlatform (32)
[2016.02.18-00.47.57:828][305]LogModuleManager: Shutting down and abandoning module Android_ATCTargetPlatform (31)
[2016.02.18-00.47.57:828][305]LogModuleManager: Shutting down and abandoning module Android_ASTCTargetPlatform (30)
[2016.02.18-00.47.57:828][305]LogModuleManager: Shutting down and abandoning module AndroidTargetPlatform (29)
[2016.02.18-00.47.57:828][305]LogModuleManager: Shutting down and abandoning module WindowsTargetPlatform (28)
[2016.02.18-00.47.57:828][305]LogModuleManager: Shutting down and abandoning module WindowsServerTargetPlatform (27)
[2016.02.18-00.47.57:828][305]LogModuleManager: Shutting down and abandoning module WindowsNoEditorTargetPlatform (26)
[2016.02.18-00.47.57:828][305]LogModuleManager: Shutting down and abandoning module WindowsClientTargetPlatform (25)
[2016.02.18-00.47.57:829][305]LogModuleManager: Shutting down and abandoning module AllDesktopTargetPlatform (24)
[2016.02.18-00.47.57:829][305]LogModuleManager: Shutting down and abandoning module TargetPlatform (23)
[2016.02.18-00.47.57:829][305]LogModuleManager: Shutting down and abandoning module InputCore (22)
[2016.02.18-00.47.57:829][305]LogModuleManager: Shutting down and abandoning module Settings (21)
[2016.02.18-00.47.57:829][305]LogModuleManager: Shutting down and abandoning module OnlineSubsystem (19)
[2016.02.18-00.47.57:829][305]LogModuleManager: Shutting down and abandoning module HTTP (18)
[2016.02.18-00.47.58:831][305]LogModuleManager: Shutting down and abandoning module XMPP (17)
[2016.02.18-00.47.58:831][305]LogModuleManager: Shutting down and abandoning module OculusRift (16)
[2016.02.18-00.47.58:831][305]LogModuleManager: Shutting down and abandoning module ExampleDeviceProfileSelector (15)
[2016.02.18-00.47.58:831][305]LogModuleManager: Shutting down and abandoning module TextureCompressor (14)
[2016.02.18-00.47.58:831][305]LogModuleManager: Shutting down and abandoning module ShaderCore (13)
[2016.02.18-00.47.58:831][305]LogModuleManager: Shutting down and abandoning module Landscape (12)
[2016.02.18-00.47.58:831][305]LogModuleManager: Shutting down and abandoning module SlateRHIRenderer (11)
[2016.02.18-00.47.58:831][305]LogModuleManager: Shutting down and abandoning module OpenGLDrv (10)
[2016.02.18-00.47.58:831][305]LogModuleManager: Shutting down and abandoning module D3D11RHI (9)
[2016.02.18-00.47.58:831][305]LogModuleManager: Shutting down and abandoning module AnimGraphRuntime (8)
[2016.02.18-00.47.58:831][305]LogModuleManager: Shutting down and abandoning module Renderer (7)
[2016.02.18-00.47.58:831][305]LogModuleManager: Shutting down and abandoning module Engine (6)
[2016.02.18-00.47.58:831][305]LogModuleManager: Shutting down and abandoning module CoreUObject (5)
[2016.02.18-00.47.58:831][305]LogModuleManager: Shutting down and abandoning module NetworkFile (4)
[2016.02.18-00.47.58:831][305]LogModuleManager: Shutting down and abandoning module StreamingFile (3)
[2016.02.18-00.47.58:831][305]LogModuleManager: Shutting down and abandoning module SandboxFile (2)
[2016.02.18-00.47.58:831][305]LogModuleManager: Shutting down and abandoning module PakFile (1)
[2016.02.18-00.47.58:833][305]LogExit: Exiting.
[2016.02.18-00.47.58:843][305]Log file closed, 02/17/16 19:47:58
